2017-08-22T22:21:31,091 [AWT-EventQueue-0] DEBUG dao.Impl.RecordDAOImpl - getRecordListByGroupAndDate
2017-08-22T22:21:34,331 [AWT-EventQueue-0] DEBUG dao.Impl.AbstractHibernateDAO - getAll
2017-08-22T22:21:35,240 [AWT-EventQueue-0] DEBUG view.extra.FacultyEditForm - selected faculty:Faculty [idFaculty=2, nameFaculty=Факультет инжиниринга и технологий связи]
2017-08-22T22:21:38,624 [AWT-EventQueue-0] DEBUG dao.Impl.GroupDAOImpl - getGroupListByFacultyAndEduLevel
2017-08-22T22:21:40,607 [AWT-EventQueue-0] DEBUG dao.Impl.AbstractHibernateDAO - getAll
2017-08-22T22:21:42,936 [AWT-EventQueue-0] DEBUG view.extra.GroupEditForm - selected lecturer:ст. препод. Ананич Л.Н.
2017-08-22T22:21:44,143 [AWT-EventQueue-0] DEBUG dao.Impl.GroupDAOImpl - getGroupListByFacultyAndEduLevel
2017-08-22T22:21:45,976 [AWT-EventQueue-0] DEBUG dao.Impl.AbstractHibernateDAO - getAll
2017-08-22T22:21:46,912 [AWT-EventQueue-0] DEBUG view.extra.ClassroomEditForm - selected classroom:Classroom [idClassroom=1, number=210, building=1, isReserved=false]
2017-08-22T22:21:48,807 [AWT-EventQueue-0] DEBUG dao.Impl.GroupDAOImpl - getGroupListByFacultyAndEduLevel
2017-08-22T22:21:55,924 [AWT-EventQueue-0] DEBUG dao.Impl.GroupDAOImpl - getGroupListByFacultyAndEduLevel
2017-08-22T22:21:57,060 [AWT-EventQueue-0] DEBUG dao.Impl.RecordDAOImpl - getRecordListByGroupAndDate
2017-08-22T22:21:58,561 [AWT-EventQueue-0] DEBUG view.contoller.CellTableMouseClickedEvent - selected row:1
2017-08-22T22:21:58,562 [AWT-EventQueue-0] DEBUG view.contoller.CellTableMouseClickedEvent - column:2
2017-08-22T22:21:58,562 [AWT-EventQueue-0] DEBUG view.contoller.CellTableMouseClickedEvent - selected value:null
2017-08-22T22:21:58,562 [AWT-EventQueue-0] DEBUG view.contoller.CellTableMouseClickedEvent - aPosition: colIndex: 1, rowIndex: 2
2017-08-22T22:21:58,563 [AWT-EventQueue-0] DEBUG view.contoller.CellTableMouseClickedEvent - It isn't a record:
2017-08-22T22:21:58,806 [AWT-EventQueue-0] DEBUG dao.Impl.AbstractHibernateDAO - getAll
2017-08-22T22:21:58,900 [AWT-EventQueue-0] DEBUG dao.Impl.AbstractHibernateDAO - getAll
2017-08-22T22:21:59,016 [AWT-EventQueue-0] DEBUG dao.Impl.AbstractHibernateDAO - getAll
2017-08-22T22:22:19,440 [AWT-EventQueue-0] DEBUG dao.Impl.AbstractHibernateDAO - getAll
2017-08-23T22:16:04,853 [AWT-EventQueue-0] DEBUG dao.Impl.AbstractHibernateDAO - getAll
2017-08-23T22:16:05,755 [AWT-EventQueue-0] DEBUG dao.Impl.GroupDAOImpl - getGroupListByFacultyAndEduLevel: faculty= Faculty [idFaculty=6, nameFaculty=TEST], eduLevel= 1]
2017-08-23T22:16:16,975 [AWT-EventQueue-0] DEBUG dao.Impl.GroupDAOImpl - getGroupListByFacultyAndEduLevel: faculty= Faculty [idFaculty=1, nameFaculty=Факультет электросвязи], eduLevel= 1]
2017-08-23T22:16:32,026 [AWT-EventQueue-0] DEBUG dao.Impl.GroupDAOImpl - getGroupListByFacultyAndEduLevel: faculty= Faculty [idFaculty=4, nameFaculty=Факультет повышения квалификации и переподготовки кадров], eduLevel= 1]
2017-08-23T22:18:42,311 [AWT-EventQueue-0] DEBUG dao.Impl.AbstractHibernateDAO - getAll
2017-08-23T22:18:42,913 [AWT-EventQueue-0] DEBUG dao.Impl.GroupDAOImpl - getGroupListByFacultyAndEduLevel: faculty= Faculty [idFaculty=6, nameFaculty=TEST], eduLevel= 1]
2017-08-23T22:18:42,941 [AWT-EventQueue-0] ERROR dao.Impl.GroupDAOImpl - Parameter with that position [0] did not exist
java.lang.IllegalArgumentException: Parameter with that position [0] did not exist
	at org.hibernate.jpa.spi.BaseQueryImpl.findParameterRegistration(BaseQueryImpl.java:518) ~[hibernate-entitymanager-4.3.11.Final.jar:4.3.11.Final]
	at org.hibernate.jpa.spi.BaseQueryImpl.setParameter(BaseQueryImpl.java:674) ~[hibernate-entitymanager-4.3.11.Final.jar:4.3.11.Final]
	at org.hibernate.jpa.spi.AbstractQueryImpl.setParameter(AbstractQueryImpl.java:198) ~[hibernate-entitymanager-4.3.11.Final.jar:4.3.11.Final]
	at org.hibernate.jpa.spi.AbstractQueryImpl.setParameter(AbstractQueryImpl.java:49) ~[hibernate-entitymanager-4.3.11.Final.jar:4.3.11.Final]
	at by.bsac.timetable.dao.Impl.GroupDAOImpl.getGroupListByFacultyAndEduLevel(GroupDAOImpl.java:74) [classes/:?]
	at sun.reflect.NativeMethodAccessorImpl.invoke0(Native Method) ~[?:1.8.0_112]
	at sun.reflect.NativeMethodAccessorImpl.invoke(NativeMethodAccessorImpl.java:62) ~[?:1.8.0_112]
	at sun.reflect.DelegatingMethodAccessorImpl.invoke(DelegatingMethodAccessorImpl.java:43) ~[?:1.8.0_112]
	at java.lang.reflect.Method.invoke(Method.java:498) ~[?:1.8.0_112]
	at org.springframework.aop.support.AopUtils.invokeJoinpointUsingReflection(AopUtils.java:333) [spring-aop-4.3.10.RELEASE.jar:4.3.10.RELEASE]
	at org.springframework.aop.framework.ReflectiveMethodInvocation.invokeJoinpoint(ReflectiveMethodInvocation.java:190) [spring-aop-4.3.10.RELEASE.jar:4.3.10.RELEASE]
	at org.springframework.aop.framework.ReflectiveMethodInvocation.proceed(ReflectiveMethodInvocation.java:157) [spring-aop-4.3.10.RELEASE.jar:4.3.10.RELEASE]
	at org.springframework.dao.support.PersistenceExceptionTranslationInterceptor.invoke(PersistenceExceptionTranslationInterceptor.java:136) [spring-tx-4.3.10.RELEASE.jar:4.3.10.RELEASE]
	at org.springframework.aop.framework.ReflectiveMethodInvocation.proceed(ReflectiveMethodInvocation.java:179) [spring-aop-4.3.10.RELEASE.jar:4.3.10.RELEASE]
	at org.springframework.transaction.interceptor.TransactionInterceptor$1.proceedWithInvocation(TransactionInterceptor.java:99) [spring-tx-4.3.10.RELEASE.jar:4.3.10.RELEASE]
	at org.springframework.transaction.interceptor.TransactionAspectSupport.invokeWithinTransaction(TransactionAspectSupport.java:282) [spring-tx-4.3.10.RELEASE.jar:4.3.10.RELEASE]
	at org.springframework.transaction.interceptor.TransactionInterceptor.invoke(TransactionInterceptor.java:96) [spring-tx-4.3.10.RELEASE.jar:4.3.10.RELEASE]
	at org.springframework.aop.framework.ReflectiveMethodInvocation.proceed(ReflectiveMethodInvocation.java:179) [spring-aop-4.3.10.RELEASE.jar:4.3.10.RELEASE]
	at org.springframework.aop.framework.JdkDynamicAopProxy.invoke(JdkDynamicAopProxy.java:213) [spring-aop-4.3.10.RELEASE.jar:4.3.10.RELEASE]
	at com.sun.proxy.$Proxy34.getGroupListByFacultyAndEduLevel(Unknown Source) [?:?]
	at by.bsac.timetable.service.impl.GroupServiceImpl.getGroupListByFacultyAndEduLevel(GroupServiceImpl.java:91) [classes/:?]
	at by.bsac.timetable.command.impl.get.GetGroupListByFacultyAndEduLevel.execute(GetGroupListByFacultyAndEduLevel.java:29) [classes/:?]
	at by.bsac.timetable.command.util.CommandFacade.executeCommand(CommandFacade.java:28) [classes/:?]
	at by.bsac.timetable.command.util.CommandFacade.getGenericList(CommandFacade.java:45) [classes/:?]
	at by.bsac.timetable.command.util.CommandFacade.getGroupListByFacultyAndEduLevel(CommandFacade.java:106) [classes/:?]
	at by.bsac.timetable.view.util.FormInitializer.initGroupComboBox(FormInitializer.java:260) [classes/:?]
	at by.bsac.timetable.view.util.FormInitializer.initMainForm(FormInitializer.java:56) [classes/:?]
	at by.bsac.timetable.view.MainForm.showWindow(MainForm.java:341) [classes/:?]
	at by.bsac.timetable.view.MainForm.access$0(MainForm.java:333) [classes/:?]
	at by.bsac.timetable.view.MainForm$MainFormWindowListener.windowOpened(MainForm.java:406) [classes/:?]
	at java.awt.Window.processWindowEvent(Window.java:2051) [?:1.8.0_112]
	at javax.swing.JFrame.processWindowEvent(JFrame.java:305) [?:1.8.0_112]
	at java.awt.Window.processEvent(Window.java:2013) [?:1.8.0_112]
	at java.awt.Component.dispatchEventImpl(Component.java:4889) [?:1.8.0_112]
	at java.awt.Container.dispatchEventImpl(Container.java:2294) [?:1.8.0_112]
	at java.awt.Window.dispatchEventImpl(Window.java:2746) [?:1.8.0_112]
	at java.awt.Component.dispatchEvent(Component.java:4711) [?:1.8.0_112]
	at java.awt.EventQueue.dispatchEventImpl(EventQueue.java:758) [?:1.8.0_112]
	at java.awt.EventQueue.access$500(EventQueue.java:97) [?:1.8.0_112]
	at java.awt.EventQueue$3.run(EventQueue.java:709) [?:1.8.0_112]
	at java.awt.EventQueue$3.run(EventQueue.java:703) [?:1.8.0_112]
	at java.security.AccessController.doPrivileged(Native Method) ~[?:1.8.0_112]
	at java.security.ProtectionDomain$JavaSecurityAccessImpl.doIntersectionPrivilege(ProtectionDomain.java:80) [?:1.8.0_112]
	at java.security.ProtectionDomain$JavaSecurityAccessImpl.doIntersectionPrivilege(ProtectionDomain.java:90) [?:1.8.0_112]
	at java.awt.EventQueue$4.run(EventQueue.java:731) [?:1.8.0_112]
	at java.awt.EventQueue$4.run(EventQueue.java:729) [?:1.8.0_112]
	at java.security.AccessController.doPrivileged(Native Method) ~[?:1.8.0_112]
	at java.security.ProtectionDomain$JavaSecurityAccessImpl.doIntersectionPrivilege(ProtectionDomain.java:80) [?:1.8.0_112]
	at java.awt.EventQueue.dispatchEvent(EventQueue.java:728) [?:1.8.0_112]
	at java.awt.EventDispatchThread.pumpOneEventForFilters(EventDispatchThread.java:201) [?:1.8.0_112]
	at java.awt.EventDispatchThread.pumpEventsForFilter(EventDispatchThread.java:116) [?:1.8.0_112]
	at java.awt.EventDispatchThread.pumpEventsForHierarchy(EventDispatchThread.java:105) [?:1.8.0_112]
	at java.awt.EventDispatchThread.pumpEvents(EventDispatchThread.java:101) [?:1.8.0_112]
	at java.awt.EventDispatchThread.pumpEvents(EventDispatchThread.java:93) [?:1.8.0_112]
	at java.awt.EventDispatchThread.run(EventDispatchThread.java:82) [?:1.8.0_112]
2017-08-23T22:18:42,985 [AWT-EventQueue-0] ERROR timetable.view.MainForm - by.bsac.timetable.service.exception.ServiceException: Ошибка при получении списка групп факультета для уровня образования
by.bsac.timetable.command.exception.CommandException: Ошибка при инициализации: Приложение завершилось с ошибкойby.bsac.timetable.service.exception.ServiceException: Ошибка при получении списка групп факультета для уровня образования
	at by.bsac.timetable.view.util.FormInitializer.initMainForm(FormInitializer.java:70) ~[classes/:?]
	at by.bsac.timetable.view.MainForm.showWindow(MainForm.java:341) [classes/:?]
	at by.bsac.timetable.view.MainForm.access$0(MainForm.java:333) [classes/:?]
	at by.bsac.timetable.view.MainForm$MainFormWindowListener.windowOpened(MainForm.java:406) [classes/:?]
	at java.awt.Window.processWindowEvent(Window.java:2051) [?:1.8.0_112]
	at javax.swing.JFrame.processWindowEvent(JFrame.java:305) [?:1.8.0_112]
	at java.awt.Window.processEvent(Window.java:2013) [?:1.8.0_112]
	at java.awt.Component.dispatchEventImpl(Component.java:4889) [?:1.8.0_112]
	at java.awt.Container.dispatchEventImpl(Container.java:2294) [?:1.8.0_112]
	at java.awt.Window.dispatchEventImpl(Window.java:2746) [?:1.8.0_112]
	at java.awt.Component.dispatchEvent(Component.java:4711) [?:1.8.0_112]
	at java.awt.EventQueue.dispatchEventImpl(EventQueue.java:758) [?:1.8.0_112]
	at java.awt.EventQueue.access$500(EventQueue.java:97) [?:1.8.0_112]
	at java.awt.EventQueue$3.run(EventQueue.java:709) [?:1.8.0_112]
	at java.awt.EventQueue$3.run(EventQueue.java:703) [?:1.8.0_112]
	at java.security.AccessController.doPrivileged(Native Method) ~[?:1.8.0_112]
	at java.security.ProtectionDomain$JavaSecurityAccessImpl.doIntersectionPrivilege(ProtectionDomain.java:80) [?:1.8.0_112]
	at java.security.ProtectionDomain$JavaSecurityAccessImpl.doIntersectionPrivilege(ProtectionDomain.java:90) [?:1.8.0_112]
	at java.awt.EventQueue$4.run(EventQueue.java:731) [?:1.8.0_112]
	at java.awt.EventQueue$4.run(EventQueue.java:729) [?:1.8.0_112]
	at java.security.AccessController.doPrivileged(Native Method) ~[?:1.8.0_112]
	at java.security.ProtectionDomain$JavaSecurityAccessImpl.doIntersectionPrivilege(ProtectionDomain.java:80) [?:1.8.0_112]
	at java.awt.EventQueue.dispatchEvent(EventQueue.java:728) [?:1.8.0_112]
	at java.awt.EventDispatchThread.pumpOneEventForFilters(EventDispatchThread.java:201) [?:1.8.0_112]
	at java.awt.EventDispatchThread.pumpEventsForFilter(EventDispatchThread.java:116) [?:1.8.0_112]
	at java.awt.EventDispatchThread.pumpEventsForHierarchy(EventDispatchThread.java:105) [?:1.8.0_112]
	at java.awt.EventDispatchThread.pumpEvents(EventDispatchThread.java:101) [?:1.8.0_112]
	at java.awt.EventDispatchThread.pumpEvents(EventDispatchThread.java:93) [?:1.8.0_112]
	at java.awt.EventDispatchThread.run(EventDispatchThread.java:82) [?:1.8.0_112]
Caused by: by.bsac.timetable.command.exception.CommandException: by.bsac.timetable.service.exception.ServiceException: Ошибка при получении списка групп факультета для уровня образования
	at by.bsac.timetable.command.impl.get.GetGroupListByFacultyAndEduLevel.execute(GetGroupListByFacultyAndEduLevel.java:32) ~[classes/:?]
	at by.bsac.timetable.command.util.CommandFacade.executeCommand(CommandFacade.java:28) ~[classes/:?]
	at by.bsac.timetable.command.util.CommandFacade.getGenericList(CommandFacade.java:45) ~[classes/:?]
	at by.bsac.timetable.command.util.CommandFacade.getGroupListByFacultyAndEduLevel(CommandFacade.java:106) ~[classes/:?]
	at by.bsac.timetable.view.util.FormInitializer.initGroupComboBox(FormInitializer.java:260) ~[classes/:?]
	at by.bsac.timetable.view.util.FormInitializer.initMainForm(FormInitializer.java:56) ~[classes/:?]
	... 28 more
Caused by: by.bsac.timetable.service.exception.ServiceException: Ошибка при получении списка групп факультета для уровня образования
	at by.bsac.timetable.service.impl.GroupServiceImpl.getGroupListByFacultyAndEduLevel(GroupServiceImpl.java:93) ~[classes/:?]
	at by.bsac.timetable.command.impl.get.GetGroupListByFacultyAndEduLevel.execute(GetGroupListByFacultyAndEduLevel.java:29) ~[classes/:?]
	at by.bsac.timetable.command.util.CommandFacade.executeCommand(CommandFacade.java:28) ~[classes/:?]
	at by.bsac.timetable.command.util.CommandFacade.getGenericList(CommandFacade.java:45) ~[classes/:?]
	at by.bsac.timetable.command.util.CommandFacade.getGroupListByFacultyAndEduLevel(CommandFacade.java:106) ~[classes/:?]
	at by.bsac.timetable.view.util.FormInitializer.initGroupComboBox(FormInitializer.java:260) ~[classes/:?]
	at by.bsac.timetable.view.util.FormInitializer.initMainForm(FormInitializer.java:56) ~[classes/:?]
	... 28 more
Caused by: by.bsac.timetable.dao.exception.DAOException: Parameter with that position [0] did not exist
	at by.bsac.timetable.dao.Impl.GroupDAOImpl.getGroupListByFacultyAndEduLevel(GroupDAOImpl.java:79) ~[classes/:?]
	at sun.reflect.NativeMethodAccessorImpl.invoke0(Native Method) ~[?:1.8.0_112]
	at sun.reflect.NativeMethodAccessorImpl.invoke(NativeMethodAccessorImpl.java:62) ~[?:1.8.0_112]
	at sun.reflect.DelegatingMethodAccessorImpl.invoke(DelegatingMethodAccessorImpl.java:43) ~[?:1.8.0_112]
	at java.lang.reflect.Method.invoke(Method.java:498) ~[?:1.8.0_112]
	at org.springframework.aop.support.AopUtils.invokeJoinpointUsingReflection(AopUtils.java:333) ~[spring-aop-4.3.10.RELEASE.jar:4.3.10.RELEASE]
	at org.springframework.aop.framework.ReflectiveMethodInvocation.invokeJoinpoint(ReflectiveMethodInvocation.java:190) ~[spring-aop-4.3.10.RELEASE.jar:4.3.10.RELEASE]
	at org.springframework.aop.framework.ReflectiveMethodInvocation.proceed(ReflectiveMethodInvocation.java:157) ~[spring-aop-4.3.10.RELEASE.jar:4.3.10.RELEASE]
	at org.springframework.dao.support.PersistenceExceptionTranslationInterceptor.invoke(PersistenceExceptionTranslationInterceptor.java:136) ~[spring-tx-4.3.10.RELEASE.jar:4.3.10.RELEASE]
	at org.springframework.aop.framework.ReflectiveMethodInvocation.proceed(ReflectiveMethodInvocation.java:179) ~[spring-aop-4.3.10.RELEASE.jar:4.3.10.RELEASE]
	at org.springframework.transaction.interceptor.TransactionInterceptor$1.proceedWithInvocation(TransactionInterceptor.java:99) ~[spring-tx-4.3.10.RELEASE.jar:4.3.10.RELEASE]
	at org.springframework.transaction.interceptor.TransactionAspectSupport.invokeWithinTransaction(TransactionAspectSupport.java:282) ~[spring-tx-4.3.10.RELEASE.jar:4.3.10.RELEASE]
	at org.springframework.transaction.interceptor.TransactionInterceptor.invoke(TransactionInterceptor.java:96) ~[spring-tx-4.3.10.RELEASE.jar:4.3.10.RELEASE]
	at org.springframework.aop.framework.ReflectiveMethodInvocation.proceed(ReflectiveMethodInvocation.java:179) ~[spring-aop-4.3.10.RELEASE.jar:4.3.10.RELEASE]
	at org.springframework.aop.framework.JdkDynamicAopProxy.invoke(JdkDynamicAopProxy.java:213) ~[spring-aop-4.3.10.RELEASE.jar:4.3.10.RELEASE]
	at com.sun.proxy.$Proxy34.getGroupListByFacultyAndEduLevel(Unknown Source) ~[?:?]
	at by.bsac.timetable.service.impl.GroupServiceImpl.getGroupListByFacultyAndEduLevel(GroupServiceImpl.java:91) ~[classes/:?]
	at by.bsac.timetable.command.impl.get.GetGroupListByFacultyAndEduLevel.execute(GetGroupListByFacultyAndEduLevel.java:29) ~[classes/:?]
	at by.bsac.timetable.command.util.CommandFacade.executeCommand(CommandFacade.java:28) ~[classes/:?]
	at by.bsac.timetable.command.util.CommandFacade.getGenericList(CommandFacade.java:45) ~[classes/:?]
	at by.bsac.timetable.command.util.CommandFacade.getGroupListByFacultyAndEduLevel(CommandFacade.java:106) ~[classes/:?]
	at by.bsac.timetable.view.util.FormInitializer.initGroupComboBox(FormInitializer.java:260) ~[classes/:?]
	at by.bsac.timetable.view.util.FormInitializer.initMainForm(FormInitializer.java:56) ~[classes/:?]
	... 28 more
Caused by: java.lang.IllegalArgumentException: Parameter with that position [0] did not exist
	at org.hibernate.jpa.spi.BaseQueryImpl.findParameterRegistration(BaseQueryImpl.java:518) ~[hibernate-entitymanager-4.3.11.Final.jar:4.3.11.Final]
	at org.hibernate.jpa.spi.BaseQueryImpl.setParameter(BaseQueryImpl.java:674) ~[hibernate-entitymanager-4.3.11.Final.jar:4.3.11.Final]
	at org.hibernate.jpa.spi.AbstractQueryImpl.setParameter(AbstractQueryImpl.java:198) ~[hibernate-entitymanager-4.3.11.Final.jar:4.3.11.Final]
	at org.hibernate.jpa.spi.AbstractQueryImpl.setParameter(AbstractQueryImpl.java:49) ~[hibernate-entitymanager-4.3.11.Final.jar:4.3.11.Final]
	at by.bsac.timetable.dao.Impl.GroupDAOImpl.getGroupListByFacultyAndEduLevel(GroupDAOImpl.java:74) ~[classes/:?]
	at sun.reflect.NativeMethodAccessorImpl.invoke0(Native Method) ~[?:1.8.0_112]
	at sun.reflect.NativeMethodAccessorImpl.invoke(NativeMethodAccessorImpl.java:62) ~[?:1.8.0_112]
	at sun.reflect.DelegatingMethodAccessorImpl.invoke(DelegatingMethodAccessorImpl.java:43) ~[?:1.8.0_112]
	at java.lang.reflect.Method.invoke(Method.java:498) ~[?:1.8.0_112]
	at org.springframework.aop.support.AopUtils.invokeJoinpointUsingReflection(AopUtils.java:333) ~[spring-aop-4.3.10.RELEASE.jar:4.3.10.RELEASE]
	at org.springframework.aop.framework.ReflectiveMethodInvocation.invokeJoinpoint(ReflectiveMethodInvocation.java:190) ~[spring-aop-4.3.10.RELEASE.jar:4.3.10.RELEASE]
	at org.springframework.aop.framework.ReflectiveMethodInvocation.proceed(ReflectiveMethodInvocation.java:157) ~[spring-aop-4.3.10.RELEASE.jar:4.3.10.RELEASE]
	at org.springframework.dao.support.PersistenceExceptionTranslationInterceptor.invoke(PersistenceExceptionTranslationInterceptor.java:136) ~[spring-tx-4.3.10.RELEASE.jar:4.3.10.RELEASE]
	at org.springframework.aop.framework.ReflectiveMethodInvocation.proceed(ReflectiveMethodInvocation.java:179) ~[spring-aop-4.3.10.RELEASE.jar:4.3.10.RELEASE]
	at org.springframework.transaction.interceptor.TransactionInterceptor$1.proceedWithInvocation(TransactionInterceptor.java:99) ~[spring-tx-4.3.10.RELEASE.jar:4.3.10.RELEASE]
	at org.springframework.transaction.interceptor.TransactionAspectSupport.invokeWithinTransaction(TransactionAspectSupport.java:282) ~[spring-tx-4.3.10.RELEASE.jar:4.3.10.RELEASE]
	at org.springframework.transaction.interceptor.TransactionInterceptor.invoke(TransactionInterceptor.java:96) ~[spring-tx-4.3.10.RELEASE.jar:4.3.10.RELEASE]
	at org.springframework.aop.framework.ReflectiveMethodInvocation.proceed(ReflectiveMethodInvocation.java:179) ~[spring-aop-4.3.10.RELEASE.jar:4.3.10.RELEASE]
	at org.springframework.aop.framework.JdkDynamicAopProxy.invoke(JdkDynamicAopProxy.java:213) ~[spring-aop-4.3.10.RELEASE.jar:4.3.10.RELEASE]
	at com.sun.proxy.$Proxy34.getGroupListByFacultyAndEduLevel(Unknown Source) ~[?:?]
	at by.bsac.timetable.service.impl.GroupServiceImpl.getGroupListByFacultyAndEduLevel(GroupServiceImpl.java:91) ~[classes/:?]
	at by.bsac.timetable.command.impl.get.GetGroupListByFacultyAndEduLevel.execute(GetGroupListByFacultyAndEduLevel.java:29) ~[classes/:?]
	at by.bsac.timetable.command.util.CommandFacade.executeCommand(CommandFacade.java:28) ~[classes/:?]
	at by.bsac.timetable.command.util.CommandFacade.getGenericList(CommandFacade.java:45) ~[classes/:?]
	at by.bsac.timetable.command.util.CommandFacade.getGroupListByFacultyAndEduLevel(CommandFacade.java:106) ~[classes/:?]
	at by.bsac.timetable.view.util.FormInitializer.initGroupComboBox(FormInitializer.java:260) ~[classes/:?]
	at by.bsac.timetable.view.util.FormInitializer.initMainForm(FormInitializer.java:56) ~[classes/:?]
	... 28 more
2017-08-23T22:20:33,762 [AWT-EventQueue-0] DEBUG dao.Impl.AbstractHibernateDAO - getAll
2017-08-23T22:20:34,339 [AWT-EventQueue-0] DEBUG dao.Impl.GroupDAOImpl - getGroupListByFacultyAndEduLevel: faculty= Faculty [idFaculty=6, nameFaculty=TEST], eduLevel= 1]
2017-08-23T22:20:38,027 [AWT-EventQueue-0] DEBUG dao.Impl.GroupDAOImpl - getGroupListByFacultyAndEduLevel: faculty= Faculty [idFaculty=1, nameFaculty=Факультет электросвязи], eduLevel= 1]
2017-08-23T22:20:49,128 [AWT-EventQueue-0] DEBUG dao.Impl.GroupDAOImpl - getGroupListByFacultyAndEduLevel: faculty= Faculty [idFaculty=6, nameFaculty=TEST], eduLevel= 1]
2017-08-23T22:20:50,570 [AWT-EventQueue-0] DEBUG dao.Impl.GroupDAOImpl - getGroupListByFacultyAndEduLevel: faculty= Faculty [idFaculty=3, nameFaculty=Факультет заочного и дистанционного образования], eduLevel= 1]
2017-08-23T22:20:52,407 [AWT-EventQueue-0] DEBUG dao.Impl.GroupDAOImpl - getGroupListByFacultyAndEduLevel: faculty= Faculty [idFaculty=1, nameFaculty=Факультет электросвязи], eduLevel= 1]
2017-08-23T22:23:45,684 [AWT-EventQueue-0] DEBUG dao.Impl.AbstractHibernateDAO - getAll
2017-08-23T22:23:50,174 [AWT-EventQueue-0] DEBUG view.extra.FacultyEditForm - selected faculty:Faculty [idFaculty=5, nameFaculty=Факультет довузовской подготовки]
2017-08-23T22:23:51,213 [AWT-EventQueue-0] DEBUG view.extra.FacultyEditForm - selected faculty:Faculty [idFaculty=2, nameFaculty=Факультет инжиниринга и технологий связи]
2017-08-23T22:23:52,253 [AWT-EventQueue-0] DEBUG view.extra.FacultyEditForm - selected faculty:Faculty [idFaculty=1, nameFaculty=Факультет электросвязи]
2017-08-23T22:23:53,149 [AWT-EventQueue-0] DEBUG view.extra.FacultyEditForm - selected faculty:Faculty [idFaculty=4, nameFaculty=Факультет повышения квалификации и переподготовки кадров]
2017-08-23T22:23:53,589 [AWT-EventQueue-0] DEBUG view.extra.FacultyEditForm - selected faculty:Faculty [idFaculty=2, nameFaculty=Факультет инжиниринга и технологий связи]
2017-08-23T22:23:54,037 [AWT-EventQueue-0] DEBUG view.extra.FacultyEditForm - selected faculty:Faculty [idFaculty=3, nameFaculty=Факультет заочного и дистанционного образования]
2017-08-23T22:23:54,685 [AWT-EventQueue-0] DEBUG view.extra.FacultyEditForm - selected faculty:Faculty [idFaculty=1, nameFaculty=Факультет электросвязи]
2017-08-23T22:23:56,168 [AWT-EventQueue-0] DEBUG dao.Impl.GroupDAOImpl - getGroupListByFacultyAndEduLevel: faculty= Faculty [idFaculty=6, nameFaculty=TEST], eduLevel= 1]
2017-08-23T22:23:58,655 [AWT-EventQueue-0] DEBUG dao.Impl.AbstractHibernateDAO - getAll
2017-08-23T22:23:59,590 [AWT-EventQueue-0] DEBUG view.extra.ClassroomEditForm - selected classroom:Classroom [idClassroom=26, number=123, building=1, isReserved=false]
2017-08-23T22:24:01,914 [AWT-EventQueue-0] DEBUG dao.Impl.AbstractHibernateDAO - update: Classroom [idClassroom=26, number=123, building=1, isReserved=false]
2017-08-23T22:24:01,984 [AWT-EventQueue-0] DEBUG dao.Impl.AbstractHibernateDAO - getAll
2017-08-23T22:24:05,414 [AWT-EventQueue-0] DEBUG view.extra.ClassroomEditForm - selected classroom:Classroom [idClassroom=10, number=118, building=2, isReserved=false]
2017-08-23T22:24:14,470 [AWT-EventQueue-0] DEBUG dao.Impl.GroupDAOImpl - getGroupListByFacultyAndEduLevel: faculty= Faculty [idFaculty=1, nameFaculty=Факультет электросвязи], eduLevel= 1]
2017-08-24T23:22:55,604 [main] DEBUG dao.Impl.AbstractHibernateDAO - getAll
2017-08-24T23:22:56,092 [main] ERROR dao.Impl.AbstractHibernateDAO - null
java.lang.NullPointerException: null
	at by.bsac.timetable.dao.Impl.AbstractHibernateDAO.getAll(AbstractHibernateDAO.java:69) [classes/:?]
	at dao.Impl.ChairDAOImplTest.test(ChairDAOImplTest.java:32) [test-classes/:?]
	at sun.reflect.NativeMethodAccessorImpl.invoke0(Native Method) ~[?:1.8.0_112]
	at sun.reflect.NativeMethodAccessorImpl.invoke(NativeMethodAccessorImpl.java:62) ~[?:1.8.0_112]
	at sun.reflect.DelegatingMethodAccessorImpl.invoke(DelegatingMethodAccessorImpl.java:43) ~[?:1.8.0_112]
	at java.lang.reflect.Method.invoke(Method.java:498) ~[?:1.8.0_112]
	at org.junit.runners.model.FrameworkMethod$1.runReflectiveCall(FrameworkMethod.java:50) [junit-4.12.jar:4.12]
	at org.junit.internal.runners.model.ReflectiveCallable.run(ReflectiveCallable.java:12) [junit-4.12.jar:4.12]
	at org.junit.runners.model.FrameworkMethod.invokeExplosively(FrameworkMethod.java:47) [junit-4.12.jar:4.12]
	at org.junit.internal.runners.statements.InvokeMethod.evaluate(InvokeMethod.java:17) [junit-4.12.jar:4.12]
	at org.junit.internal.runners.statements.RunBefores.evaluate(RunBefores.java:26) [junit-4.12.jar:4.12]
	at org.junit.internal.runners.statements.RunAfters.evaluate(RunAfters.java:27) [junit-4.12.jar:4.12]
	at org.junit.runners.ParentRunner.runLeaf(ParentRunner.java:325) [junit-4.12.jar:4.12]
	at org.junit.runners.BlockJUnit4ClassRunner.runChild(BlockJUnit4ClassRunner.java:78) [junit-4.12.jar:4.12]
	at org.junit.runners.BlockJUnit4ClassRunner.runChild(BlockJUnit4ClassRunner.java:57) [junit-4.12.jar:4.12]
	at org.junit.runners.ParentRunner$3.run(ParentRunner.java:290) [junit-4.12.jar:4.12]
	at org.junit.runners.ParentRunner$1.schedule(ParentRunner.java:71) [junit-4.12.jar:4.12]
	at org.junit.runners.ParentRunner.runChildren(ParentRunner.java:288) [junit-4.12.jar:4.12]
	at org.junit.runners.ParentRunner.access$000(ParentRunner.java:58) [junit-4.12.jar:4.12]
	at org.junit.runners.ParentRunner$2.evaluate(ParentRunner.java:268) [junit-4.12.jar:4.12]
	at org.junit.runners.ParentRunner.run(ParentRunner.java:363) [junit-4.12.jar:4.12]
	at org.apache.maven.surefire.junit4.JUnit4Provider.execute(JUnit4Provider.java:252) [surefire-junit4-2.12.4.jar:2.12.4]
	at org.apache.maven.surefire.junit4.JUnit4Provider.executeTestSet(JUnit4Provider.java:141) [surefire-junit4-2.12.4.jar:2.12.4]
	at org.apache.maven.surefire.junit4.JUnit4Provider.invoke(JUnit4Provider.java:112) [surefire-junit4-2.12.4.jar:2.12.4]
	at sun.reflect.NativeMethodAccessorImpl.invoke0(Native Method) ~[?:1.8.0_112]
	at sun.reflect.NativeMethodAccessorImpl.invoke(NativeMethodAccessorImpl.java:62) ~[?:1.8.0_112]
	at sun.reflect.DelegatingMethodAccessorImpl.invoke(DelegatingMethodAccessorImpl.java:43) ~[?:1.8.0_112]
	at java.lang.reflect.Method.invoke(Method.java:498) ~[?:1.8.0_112]
	at org.apache.maven.surefire.util.ReflectionUtils.invokeMethodWithArray(ReflectionUtils.java:189) [surefire-api-2.12.4.jar:2.12.4]
	at org.apache.maven.surefire.booter.ProviderFactory$ProviderProxy.invoke(ProviderFactory.java:165) [surefire-booter-2.12.4.jar:2.12.4]
	at org.apache.maven.surefire.booter.ProviderFactory.invokeProvider(ProviderFactory.java:85) [surefire-booter-2.12.4.jar:2.12.4]
	at org.apache.maven.surefire.booter.ForkedBooter.runSuitesInProcess(ForkedBooter.java:115) [surefire-booter-2.12.4.jar:2.12.4]
	at org.apache.maven.surefire.booter.ForkedBooter.main(ForkedBooter.java:75) [surefire-booter-2.12.4.jar:2.12.4]
2017-08-24T23:22:56,219 [main] DEBUG dao.Impl.AbstractHibernateDAO - add: Classroom [idClassroom=1, number=123, building=1, isReserved=false]
2017-08-24T23:22:56,235 [main] ERROR dao.Impl.AbstractHibernateDAO - null
java.lang.NullPointerException: null
	at by.bsac.timetable.dao.Impl.AbstractHibernateDAO.add(AbstractHibernateDAO.java:33) [classes/:?]
	at by.bsac.timetable.dao.Impl.ClassroomDAOImpl.add(ClassroomDAOImpl.java:11) [classes/:?]
	at dao.Impl.ClassroomDAOImplTest.test(ClassroomDAOImplTest.java:33) [test-classes/:?]
	at sun.reflect.NativeMethodAccessorImpl.invoke0(Native Method) ~[?:1.8.0_112]
	at sun.reflect.NativeMethodAccessorImpl.invoke(NativeMethodAccessorImpl.java:62) ~[?:1.8.0_112]
	at sun.reflect.DelegatingMethodAccessorImpl.invoke(DelegatingMethodAccessorImpl.java:43) ~[?:1.8.0_112]
	at java.lang.reflect.Method.invoke(Method.java:498) ~[?:1.8.0_112]
	at org.junit.runners.model.FrameworkMethod$1.runReflectiveCall(FrameworkMethod.java:50) [junit-4.12.jar:4.12]
	at org.junit.internal.runners.model.ReflectiveCallable.run(ReflectiveCallable.java:12) [junit-4.12.jar:4.12]
	at org.junit.runners.model.FrameworkMethod.invokeExplosively(FrameworkMethod.java:47) [junit-4.12.jar:4.12]
	at org.junit.internal.runners.statements.InvokeMethod.evaluate(InvokeMethod.java:17) [junit-4.12.jar:4.12]
	at org.junit.internal.runners.statements.RunBefores.evaluate(RunBefores.java:26) [junit-4.12.jar:4.12]
	at org.junit.internal.runners.statements.RunAfters.evaluate(RunAfters.java:27) [junit-4.12.jar:4.12]
	at org.junit.runners.ParentRunner.runLeaf(ParentRunner.java:325) [junit-4.12.jar:4.12]
	at org.junit.runners.BlockJUnit4ClassRunner.runChild(BlockJUnit4ClassRunner.java:78) [junit-4.12.jar:4.12]
	at org.junit.runners.BlockJUnit4ClassRunner.runChild(BlockJUnit4ClassRunner.java:57) [junit-4.12.jar:4.12]
	at org.junit.runners.ParentRunner$3.run(ParentRunner.java:290) [junit-4.12.jar:4.12]
	at org.junit.runners.ParentRunner$1.schedule(ParentRunner.java:71) [junit-4.12.jar:4.12]
	at org.junit.runners.ParentRunner.runChildren(ParentRunner.java:288) [junit-4.12.jar:4.12]
	at org.junit.runners.ParentRunner.access$000(ParentRunner.java:58) [junit-4.12.jar:4.12]
	at org.junit.runners.ParentRunner$2.evaluate(ParentRunner.java:268) [junit-4.12.jar:4.12]
	at org.junit.runners.ParentRunner.run(ParentRunner.java:363) [junit-4.12.jar:4.12]
	at org.apache.maven.surefire.junit4.JUnit4Provider.execute(JUnit4Provider.java:252) [surefire-junit4-2.12.4.jar:2.12.4]
	at org.apache.maven.surefire.junit4.JUnit4Provider.executeTestSet(JUnit4Provider.java:141) [surefire-junit4-2.12.4.jar:2.12.4]
	at org.apache.maven.surefire.junit4.JUnit4Provider.invoke(JUnit4Provider.java:112) [surefire-junit4-2.12.4.jar:2.12.4]
	at sun.reflect.NativeMethodAccessorImpl.invoke0(Native Method) ~[?:1.8.0_112]
	at sun.reflect.NativeMethodAccessorImpl.invoke(NativeMethodAccessorImpl.java:62) ~[?:1.8.0_112]
	at sun.reflect.DelegatingMethodAccessorImpl.invoke(DelegatingMethodAccessorImpl.java:43) ~[?:1.8.0_112]
	at java.lang.reflect.Method.invoke(Method.java:498) ~[?:1.8.0_112]
	at org.apache.maven.surefire.util.ReflectionUtils.invokeMethodWithArray(ReflectionUtils.java:189) [surefire-api-2.12.4.jar:2.12.4]
	at org.apache.maven.surefire.booter.ProviderFactory$ProviderProxy.invoke(ProviderFactory.java:165) [surefire-booter-2.12.4.jar:2.12.4]
	at org.apache.maven.surefire.booter.ProviderFactory.invokeProvider(ProviderFactory.java:85) [surefire-booter-2.12.4.jar:2.12.4]
	at org.apache.maven.surefire.booter.ForkedBooter.runSuitesInProcess(ForkedBooter.java:115) [surefire-booter-2.12.4.jar:2.12.4]
	at org.apache.maven.surefire.booter.ForkedBooter.main(ForkedBooter.java:75) [surefire-booter-2.12.4.jar:2.12.4]
2017-08-24T23:22:56,246 [main] DEBUG dao.Impl.AbstractHibernateDAO - getById: 1
2017-08-24T23:22:56,248 [main] ERROR dao.Impl.AbstractHibernateDAO - null
java.lang.NullPointerException: null
	at by.bsac.timetable.dao.Impl.AbstractHibernateDAO.getById(AbstractHibernateDAO.java:58) [classes/:?]
	at dao.Impl.FacultyDAOImplTest.test(FacultyDAOImplTest.java:27) [test-classes/:?]
	at sun.reflect.NativeMethodAccessorImpl.invoke0(Native Method) ~[?:1.8.0_112]
	at sun.reflect.NativeMethodAccessorImpl.invoke(NativeMethodAccessorImpl.java:62) ~[?:1.8.0_112]
	at sun.reflect.DelegatingMethodAccessorImpl.invoke(DelegatingMethodAccessorImpl.java:43) ~[?:1.8.0_112]
	at java.lang.reflect.Method.invoke(Method.java:498) ~[?:1.8.0_112]
	at org.junit.runners.model.FrameworkMethod$1.runReflectiveCall(FrameworkMethod.java:50) [junit-4.12.jar:4.12]
	at org.junit.internal.runners.model.ReflectiveCallable.run(ReflectiveCallable.java:12) [junit-4.12.jar:4.12]
	at org.junit.runners.model.FrameworkMethod.invokeExplosively(FrameworkMethod.java:47) [junit-4.12.jar:4.12]
	at org.junit.internal.runners.statements.InvokeMethod.evaluate(InvokeMethod.java:17) [junit-4.12.jar:4.12]
	at org.junit.internal.runners.statements.RunBefores.evaluate(RunBefores.java:26) [junit-4.12.jar:4.12]
	at org.junit.internal.runners.statements.RunAfters.evaluate(RunAfters.java:27) [junit-4.12.jar:4.12]
	at org.junit.runners.ParentRunner.runLeaf(ParentRunner.java:325) [junit-4.12.jar:4.12]
	at org.junit.runners.BlockJUnit4ClassRunner.runChild(BlockJUnit4ClassRunner.java:78) [junit-4.12.jar:4.12]
	at org.junit.runners.BlockJUnit4ClassRunner.runChild(BlockJUnit4ClassRunner.java:57) [junit-4.12.jar:4.12]
	at org.junit.runners.ParentRunner$3.run(ParentRunner.java:290) [junit-4.12.jar:4.12]
	at org.junit.runners.ParentRunner$1.schedule(ParentRunner.java:71) [junit-4.12.jar:4.12]
	at org.junit.runners.ParentRunner.runChildren(ParentRunner.java:288) [junit-4.12.jar:4.12]
	at org.junit.runners.ParentRunner.access$000(ParentRunner.java:58) [junit-4.12.jar:4.12]
	at org.junit.runners.ParentRunner$2.evaluate(ParentRunner.java:268) [junit-4.12.jar:4.12]
	at org.junit.runners.ParentRunner.run(ParentRunner.java:363) [junit-4.12.jar:4.12]
	at org.apache.maven.surefire.junit4.JUnit4Provider.execute(JUnit4Provider.java:252) [surefire-junit4-2.12.4.jar:2.12.4]
	at org.apache.maven.surefire.junit4.JUnit4Provider.executeTestSet(JUnit4Provider.java:141) [surefire-junit4-2.12.4.jar:2.12.4]
	at org.apache.maven.surefire.junit4.JUnit4Provider.invoke(JUnit4Provider.java:112) [surefire-junit4-2.12.4.jar:2.12.4]
	at sun.reflect.NativeMethodAccessorImpl.invoke0(Native Method) ~[?:1.8.0_112]
	at sun.reflect.NativeMethodAccessorImpl.invoke(NativeMethodAccessorImpl.java:62) ~[?:1.8.0_112]
	at sun.reflect.DelegatingMethodAccessorImpl.invoke(DelegatingMethodAccessorImpl.java:43) ~[?:1.8.0_112]
	at java.lang.reflect.Method.invoke(Method.java:498) ~[?:1.8.0_112]
	at org.apache.maven.surefire.util.ReflectionUtils.invokeMethodWithArray(ReflectionUtils.java:189) [surefire-api-2.12.4.jar:2.12.4]
	at org.apache.maven.surefire.booter.ProviderFactory$ProviderProxy.invoke(ProviderFactory.java:165) [surefire-booter-2.12.4.jar:2.12.4]
	at org.apache.maven.surefire.booter.ProviderFactory.invokeProvider(ProviderFactory.java:85) [surefire-booter-2.12.4.jar:2.12.4]
	at org.apache.maven.surefire.booter.ForkedBooter.runSuitesInProcess(ForkedBooter.java:115) [surefire-booter-2.12.4.jar:2.12.4]
	at org.apache.maven.surefire.booter.ForkedBooter.main(ForkedBooter.java:75) [surefire-booter-2.12.4.jar:2.12.4]
2017-08-24T23:22:56,295 [main] DEBUG dao.Impl.GroupDAOImpl - getGroupListByFacultyAndEduLevel: faculty= Faculty [idFaculty=1, nameFaculty=null], eduLevel= 2]
2017-08-24T23:22:56,296 [main] ERROR dao.Impl.GroupDAOImpl - null
java.lang.NullPointerException: null
	at by.bsac.timetable.dao.Impl.GroupDAOImpl.getGroupListByFacultyAndEduLevel(GroupDAOImpl.java:71) [classes/:?]
	at dao.Impl.GroupDAOImplTest.testGetGroupByFacultyAnd(GroupDAOImplTest.java:50) [test-classes/:?]
	at sun.reflect.NativeMethodAccessorImpl.invoke0(Native Method) ~[?:1.8.0_112]
	at sun.reflect.NativeMethodAccessorImpl.invoke(NativeMethodAccessorImpl.java:62) ~[?:1.8.0_112]
	at sun.reflect.DelegatingMethodAccessorImpl.invoke(DelegatingMethodAccessorImpl.java:43) ~[?:1.8.0_112]
	at java.lang.reflect.Method.invoke(Method.java:498) ~[?:1.8.0_112]
	at org.junit.runners.model.FrameworkMethod$1.runReflectiveCall(FrameworkMethod.java:50) [junit-4.12.jar:4.12]
	at org.junit.internal.runners.model.ReflectiveCallable.run(ReflectiveCallable.java:12) [junit-4.12.jar:4.12]
	at org.junit.runners.model.FrameworkMethod.invokeExplosively(FrameworkMethod.java:47) [junit-4.12.jar:4.12]
	at org.junit.internal.runners.statements.InvokeMethod.evaluate(InvokeMethod.java:17) [junit-4.12.jar:4.12]
	at org.junit.internal.runners.statements.RunBefores.evaluate(RunBefores.java:26) [junit-4.12.jar:4.12]
	at org.junit.internal.runners.statements.RunAfters.evaluate(RunAfters.java:27) [junit-4.12.jar:4.12]
	at org.junit.runners.ParentRunner.runLeaf(ParentRunner.java:325) [junit-4.12.jar:4.12]
	at org.junit.runners.BlockJUnit4ClassRunner.runChild(BlockJUnit4ClassRunner.java:78) [junit-4.12.jar:4.12]
	at org.junit.runners.BlockJUnit4ClassRunner.runChild(BlockJUnit4ClassRunner.java:57) [junit-4.12.jar:4.12]
	at org.junit.runners.ParentRunner$3.run(ParentRunner.java:290) [junit-4.12.jar:4.12]
	at org.junit.runners.ParentRunner$1.schedule(ParentRunner.java:71) [junit-4.12.jar:4.12]
	at org.junit.runners.ParentRunner.runChildren(ParentRunner.java:288) [junit-4.12.jar:4.12]
	at org.junit.runners.ParentRunner.access$000(ParentRunner.java:58) [junit-4.12.jar:4.12]
	at org.junit.runners.ParentRunner$2.evaluate(ParentRunner.java:268) [junit-4.12.jar:4.12]
	at org.junit.runners.ParentRunner.run(ParentRunner.java:363) [junit-4.12.jar:4.12]
	at org.apache.maven.surefire.junit4.JUnit4Provider.execute(JUnit4Provider.java:252) [surefire-junit4-2.12.4.jar:2.12.4]
	at org.apache.maven.surefire.junit4.JUnit4Provider.executeTestSet(JUnit4Provider.java:141) [surefire-junit4-2.12.4.jar:2.12.4]
	at org.apache.maven.surefire.junit4.JUnit4Provider.invoke(JUnit4Provider.java:112) [surefire-junit4-2.12.4.jar:2.12.4]
	at sun.reflect.NativeMethodAccessorImpl.invoke0(Native Method) ~[?:1.8.0_112]
	at sun.reflect.NativeMethodAccessorImpl.invoke(NativeMethodAccessorImpl.java:62) ~[?:1.8.0_112]
	at sun.reflect.DelegatingMethodAccessorImpl.invoke(DelegatingMethodAccessorImpl.java:43) ~[?:1.8.0_112]
	at java.lang.reflect.Method.invoke(Method.java:498) ~[?:1.8.0_112]
	at org.apache.maven.surefire.util.ReflectionUtils.invokeMethodWithArray(ReflectionUtils.java:189) [surefire-api-2.12.4.jar:2.12.4]
	at org.apache.maven.surefire.booter.ProviderFactory$ProviderProxy.invoke(ProviderFactory.java:165) [surefire-booter-2.12.4.jar:2.12.4]
	at org.apache.maven.surefire.booter.ProviderFactory.invokeProvider(ProviderFactory.java:85) [surefire-booter-2.12.4.jar:2.12.4]
	at org.apache.maven.surefire.booter.ForkedBooter.runSuitesInProcess(ForkedBooter.java:115) [surefire-booter-2.12.4.jar:2.12.4]
	at org.apache.maven.surefire.booter.ForkedBooter.main(ForkedBooter.java:75) [surefire-booter-2.12.4.jar:2.12.4]
2017-08-24T23:22:56,308 [main] ERROR dao.Impl.LecturerDAOImpl - null
java.lang.NullPointerException: null
	at by.bsac.timetable.dao.Impl.LecturerDAOImpl.getAllWithSimilarName(LecturerDAOImpl.java:54) [classes/:?]
	at dao.Impl.LecturerDAOImplTest.test(LecturerDAOImplTest.java:31) [test-classes/:?]
	at sun.reflect.NativeMethodAccessorImpl.invoke0(Native Method) ~[?:1.8.0_112]
	at sun.reflect.NativeMethodAccessorImpl.invoke(NativeMethodAccessorImpl.java:62) ~[?:1.8.0_112]
	at sun.reflect.DelegatingMethodAccessorImpl.invoke(DelegatingMethodAccessorImpl.java:43) ~[?:1.8.0_112]
	at java.lang.reflect.Method.invoke(Method.java:498) ~[?:1.8.0_112]
	at org.junit.runners.model.FrameworkMethod$1.runReflectiveCall(FrameworkMethod.java:50) [junit-4.12.jar:4.12]
	at org.junit.internal.runners.model.ReflectiveCallable.run(ReflectiveCallable.java:12) [junit-4.12.jar:4.12]
	at org.junit.runners.model.FrameworkMethod.invokeExplosively(FrameworkMethod.java:47) [junit-4.12.jar:4.12]
	at org.junit.internal.runners.statements.InvokeMethod.evaluate(InvokeMethod.java:17) [junit-4.12.jar:4.12]
	at org.junit.internal.runners.statements.RunBefores.evaluate(RunBefores.java:26) [junit-4.12.jar:4.12]
	at org.junit.internal.runners.statements.RunAfters.evaluate(RunAfters.java:27) [junit-4.12.jar:4.12]
	at org.junit.runners.ParentRunner.runLeaf(ParentRunner.java:325) [junit-4.12.jar:4.12]
	at org.junit.runners.BlockJUnit4ClassRunner.runChild(BlockJUnit4ClassRunner.java:78) [junit-4.12.jar:4.12]
	at org.junit.runners.BlockJUnit4ClassRunner.runChild(BlockJUnit4ClassRunner.java:57) [junit-4.12.jar:4.12]
	at org.junit.runners.ParentRunner$3.run(ParentRunner.java:290) [junit-4.12.jar:4.12]
	at org.junit.runners.ParentRunner$1.schedule(ParentRunner.java:71) [junit-4.12.jar:4.12]
	at org.junit.runners.ParentRunner.runChildren(ParentRunner.java:288) [junit-4.12.jar:4.12]
	at org.junit.runners.ParentRunner.access$000(ParentRunner.java:58) [junit-4.12.jar:4.12]
	at org.junit.runners.ParentRunner$2.evaluate(ParentRunner.java:268) [junit-4.12.jar:4.12]
	at org.junit.runners.ParentRunner.run(ParentRunner.java:363) [junit-4.12.jar:4.12]
	at org.apache.maven.surefire.junit4.JUnit4Provider.execute(JUnit4Provider.java:252) [surefire-junit4-2.12.4.jar:2.12.4]
	at org.apache.maven.surefire.junit4.JUnit4Provider.executeTestSet(JUnit4Provider.java:141) [surefire-junit4-2.12.4.jar:2.12.4]
	at org.apache.maven.surefire.junit4.JUnit4Provider.invoke(JUnit4Provider.java:112) [surefire-junit4-2.12.4.jar:2.12.4]
	at sun.reflect.NativeMethodAccessorImpl.invoke0(Native Method) ~[?:1.8.0_112]
	at sun.reflect.NativeMethodAccessorImpl.invoke(NativeMethodAccessorImpl.java:62) ~[?:1.8.0_112]
	at sun.reflect.DelegatingMethodAccessorImpl.invoke(DelegatingMethodAccessorImpl.java:43) ~[?:1.8.0_112]
	at java.lang.reflect.Method.invoke(Method.java:498) ~[?:1.8.0_112]
	at org.apache.maven.surefire.util.ReflectionUtils.invokeMethodWithArray(ReflectionUtils.java:189) [surefire-api-2.12.4.jar:2.12.4]
	at org.apache.maven.surefire.booter.ProviderFactory$ProviderProxy.invoke(ProviderFactory.java:165) [surefire-booter-2.12.4.jar:2.12.4]
	at org.apache.maven.surefire.booter.ProviderFactory.invokeProvider(ProviderFactory.java:85) [surefire-booter-2.12.4.jar:2.12.4]
	at org.apache.maven.surefire.booter.ForkedBooter.runSuitesInProcess(ForkedBooter.java:115) [surefire-booter-2.12.4.jar:2.12.4]
	at org.apache.maven.surefire.booter.ForkedBooter.main(ForkedBooter.java:75) [surefire-booter-2.12.4.jar:2.12.4]
2017-08-24T23:22:56,372 [main] DEBUG dao.Impl.AbstractHibernateDAO - getById: 1
2017-08-24T23:22:56,373 [main] ERROR dao.Impl.AbstractHibernateDAO - null
java.lang.NullPointerException: null
	at by.bsac.timetable.dao.Impl.AbstractHibernateDAO.getById(AbstractHibernateDAO.java:58) [classes/:?]
	at by.bsac.timetable.dao.Impl.GroupDAOImpl.getById(GroupDAOImpl.java:17) [classes/:?]
	at dao.Impl.RecordDAOImplTest.test(RecordDAOImplTest.java:45) [test-classes/:?]
	at sun.reflect.NativeMethodAccessorImpl.invoke0(Native Method) ~[?:1.8.0_112]
	at sun.reflect.NativeMethodAccessorImpl.invoke(NativeMethodAccessorImpl.java:62) ~[?:1.8.0_112]
	at sun.reflect.DelegatingMethodAccessorImpl.invoke(DelegatingMethodAccessorImpl.java:43) ~[?:1.8.0_112]
	at java.lang.reflect.Method.invoke(Method.java:498) ~[?:1.8.0_112]
	at org.junit.runners.model.FrameworkMethod$1.runReflectiveCall(FrameworkMethod.java:50) [junit-4.12.jar:4.12]
	at org.junit.internal.runners.model.ReflectiveCallable.run(ReflectiveCallable.java:12) [junit-4.12.jar:4.12]
	at org.junit.runners.model.FrameworkMethod.invokeExplosively(FrameworkMethod.java:47) [junit-4.12.jar:4.12]
	at org.junit.internal.runners.statements.InvokeMethod.evaluate(InvokeMethod.java:17) [junit-4.12.jar:4.12]
	at org.junit.internal.runners.statements.RunBefores.evaluate(RunBefores.java:26) [junit-4.12.jar:4.12]
	at org.junit.internal.runners.statements.RunAfters.evaluate(RunAfters.java:27) [junit-4.12.jar:4.12]
	at org.junit.runners.ParentRunner.runLeaf(ParentRunner.java:325) [junit-4.12.jar:4.12]
	at org.junit.runners.BlockJUnit4ClassRunner.runChild(BlockJUnit4ClassRunner.java:78) [junit-4.12.jar:4.12]
	at org.junit.runners.BlockJUnit4ClassRunner.runChild(BlockJUnit4ClassRunner.java:57) [junit-4.12.jar:4.12]
	at org.junit.runners.ParentRunner$3.run(ParentRunner.java:290) [junit-4.12.jar:4.12]
	at org.junit.runners.ParentRunner$1.schedule(ParentRunner.java:71) [junit-4.12.jar:4.12]
	at org.junit.runners.ParentRunner.runChildren(ParentRunner.java:288) [junit-4.12.jar:4.12]
	at org.junit.runners.ParentRunner.access$000(ParentRunner.java:58) [junit-4.12.jar:4.12]
	at org.junit.runners.ParentRunner$2.evaluate(ParentRunner.java:268) [junit-4.12.jar:4.12]
	at org.junit.runners.ParentRunner.run(ParentRunner.java:363) [junit-4.12.jar:4.12]
	at org.apache.maven.surefire.junit4.JUnit4Provider.execute(JUnit4Provider.java:252) [surefire-junit4-2.12.4.jar:2.12.4]
	at org.apache.maven.surefire.junit4.JUnit4Provider.executeTestSet(JUnit4Provider.java:141) [surefire-junit4-2.12.4.jar:2.12.4]
	at org.apache.maven.surefire.junit4.JUnit4Provider.invoke(JUnit4Provider.java:112) [surefire-junit4-2.12.4.jar:2.12.4]
	at sun.reflect.NativeMethodAccessorImpl.invoke0(Native Method) ~[?:1.8.0_112]
	at sun.reflect.NativeMethodAccessorImpl.invoke(NativeMethodAccessorImpl.java:62) ~[?:1.8.0_112]
	at sun.reflect.DelegatingMethodAccessorImpl.invoke(DelegatingMethodAccessorImpl.java:43) ~[?:1.8.0_112]
	at java.lang.reflect.Method.invoke(Method.java:498) ~[?:1.8.0_112]
	at org.apache.maven.surefire.util.ReflectionUtils.invokeMethodWithArray(ReflectionUtils.java:189) [surefire-api-2.12.4.jar:2.12.4]
	at org.apache.maven.surefire.booter.ProviderFactory$ProviderProxy.invoke(ProviderFactory.java:165) [surefire-booter-2.12.4.jar:2.12.4]
	at org.apache.maven.surefire.booter.ProviderFactory.invokeProvider(ProviderFactory.java:85) [surefire-booter-2.12.4.jar:2.12.4]
	at org.apache.maven.surefire.booter.ForkedBooter.runSuitesInProcess(ForkedBooter.java:115) [surefire-booter-2.12.4.jar:2.12.4]
	at org.apache.maven.surefire.booter.ForkedBooter.main(ForkedBooter.java:75) [surefire-booter-2.12.4.jar:2.12.4]
2017-08-24T23:57:40,441 [main] DEBUG dao.Impl.AbstractHibernateDAO - getAll
2017-08-24T23:57:41,047 [main] ERROR dao.Impl.AbstractHibernateDAO - org.hibernate.exception.GenericJDBCException: could not prepare statement
javax.persistence.PersistenceException: org.hibernate.exception.GenericJDBCException: could not prepare statement
	at org.hibernate.jpa.spi.AbstractEntityManagerImpl.convert(AbstractEntityManagerImpl.java:1763) ~[hibernate-entitymanager-4.3.11.Final.jar:4.3.11.Final]
	at org.hibernate.jpa.spi.AbstractEntityManagerImpl.convert(AbstractEntityManagerImpl.java:1677) ~[hibernate-entitymanager-4.3.11.Final.jar:4.3.11.Final]
	at org.hibernate.jpa.internal.QueryImpl.getResultList(QueryImpl.java:458) ~[hibernate-entitymanager-4.3.11.Final.jar:4.3.11.Final]
	at by.bsac.timetable.dao.Impl.AbstractHibernateDAO.getAll(AbstractHibernateDAO.java:69) [classes/:?]
	at sun.reflect.NativeMethodAccessorImpl.invoke0(Native Method) ~[?:1.8.0_112]
	at sun.reflect.NativeMethodAccessorImpl.invoke(NativeMethodAccessorImpl.java:62) ~[?:1.8.0_112]
	at sun.reflect.DelegatingMethodAccessorImpl.invoke(DelegatingMethodAccessorImpl.java:43) ~[?:1.8.0_112]
	at java.lang.reflect.Method.invoke(Method.java:498) ~[?:1.8.0_112]
	at org.springframework.aop.support.AopUtils.invokeJoinpointUsingReflection(AopUtils.java:333) [spring-aop-4.3.10.RELEASE.jar:4.3.10.RELEASE]
	at org.springframework.aop.framework.ReflectiveMethodInvocation.invokeJoinpoint(ReflectiveMethodInvocation.java:190) [spring-aop-4.3.10.RELEASE.jar:4.3.10.RELEASE]
	at org.springframework.aop.framework.ReflectiveMethodInvocation.proceed(ReflectiveMethodInvocation.java:157) [spring-aop-4.3.10.RELEASE.jar:4.3.10.RELEASE]
	at org.springframework.dao.support.PersistenceExceptionTranslationInterceptor.invoke(PersistenceExceptionTranslationInterceptor.java:136) [spring-tx-4.3.10.RELEASE.jar:4.3.10.RELEASE]
	at org.springframework.aop.framework.ReflectiveMethodInvocation.proceed(ReflectiveMethodInvocation.java:179) [spring-aop-4.3.10.RELEASE.jar:4.3.10.RELEASE]
	at org.springframework.transaction.interceptor.TransactionInterceptor$1.proceedWithInvocation(TransactionInterceptor.java:99) [spring-tx-4.3.10.RELEASE.jar:4.3.10.RELEASE]
	at org.springframework.transaction.interceptor.TransactionAspectSupport.invokeWithinTransaction(TransactionAspectSupport.java:282) [spring-tx-4.3.10.RELEASE.jar:4.3.10.RELEASE]
	at org.springframework.transaction.interceptor.TransactionInterceptor.invoke(TransactionInterceptor.java:96) [spring-tx-4.3.10.RELEASE.jar:4.3.10.RELEASE]
	at org.springframework.aop.framework.ReflectiveMethodInvocation.proceed(ReflectiveMethodInvocation.java:179) [spring-aop-4.3.10.RELEASE.jar:4.3.10.RELEASE]
	at org.springframework.aop.framework.JdkDynamicAopProxy.invoke(JdkDynamicAopProxy.java:213) [spring-aop-4.3.10.RELEASE.jar:4.3.10.RELEASE]
	at com.sun.proxy.$Proxy41.getAll(Unknown Source) [?:?]
	at dao.Impl.ChairDAOImplTest.test(ChairDAOImplTest.java:32) [test-classes/:?]
	at sun.reflect.NativeMethodAccessorImpl.invoke0(Native Method) ~[?:1.8.0_112]
	at sun.reflect.NativeMethodAccessorImpl.invoke(NativeMethodAccessorImpl.java:62) ~[?:1.8.0_112]
	at sun.reflect.DelegatingMethodAccessorImpl.invoke(DelegatingMethodAccessorImpl.java:43) ~[?:1.8.0_112]
	at java.lang.reflect.Method.invoke(Method.java:498) ~[?:1.8.0_112]
	at org.junit.runners.model.FrameworkMethod$1.runReflectiveCall(FrameworkMethod.java:50) [junit-4.12.jar:4.12]
	at org.junit.internal.runners.model.ReflectiveCallable.run(ReflectiveCallable.java:12) [junit-4.12.jar:4.12]
	at org.junit.runners.model.FrameworkMethod.invokeExplosively(FrameworkMethod.java:47) [junit-4.12.jar:4.12]
	at org.junit.internal.runners.statements.InvokeMethod.evaluate(InvokeMethod.java:17) [junit-4.12.jar:4.12]
	at org.springframework.test.context.junit4.statements.RunBeforeTestMethodCallbacks.evaluate(RunBeforeTestMethodCallbacks.java:75) [spring-test-4.3.10.RELEASE.jar:4.3.10.RELEASE]
	at org.springframework.test.context.junit4.statements.RunAfterTestMethodCallbacks.evaluate(RunAfterTestMethodCallbacks.java:86) [spring-test-4.3.10.RELEASE.jar:4.3.10.RELEASE]
	at org.springframework.test.context.junit4.statements.SpringRepeat.evaluate(SpringRepeat.java:84) [spring-test-4.3.10.RELEASE.jar:4.3.10.RELEASE]
	at org.junit.runners.ParentRunner.runLeaf(ParentRunner.java:325) [junit-4.12.jar:4.12]
	at org.springframework.test.context.junit4.SpringJUnit4ClassRunner.runChild(SpringJUnit4ClassRunner.java:252) [spring-test-4.3.10.RELEASE.jar:4.3.10.RELEASE]
	at org.springframework.test.context.junit4.SpringJUnit4ClassRunner.runChild(SpringJUnit4ClassRunner.java:94) [spring-test-4.3.10.RELEASE.jar:4.3.10.RELEASE]
	at org.junit.runners.ParentRunner$3.run(ParentRunner.java:290) [junit-4.12.jar:4.12]
	at org.junit.runners.ParentRunner$1.schedule(ParentRunner.java:71) [junit-4.12.jar:4.12]
	at org.junit.runners.ParentRunner.runChildren(ParentRunner.java:288) [junit-4.12.jar:4.12]
	at org.junit.runners.ParentRunner.access$000(ParentRunner.java:58) [junit-4.12.jar:4.12]
	at org.junit.runners.ParentRunner$2.evaluate(ParentRunner.java:268) [junit-4.12.jar:4.12]
	at org.springframework.test.context.junit4.statements.RunBeforeTestClassCallbacks.evaluate(RunBeforeTestClassCallbacks.java:61) [spring-test-4.3.10.RELEASE.jar:4.3.10.RELEASE]
	at org.springframework.test.context.junit4.statements.RunAfterTestClassCallbacks.evaluate(RunAfterTestClassCallbacks.java:70) [spring-test-4.3.10.RELEASE.jar:4.3.10.RELEASE]
	at org.junit.runners.ParentRunner.run(ParentRunner.java:363) [junit-4.12.jar:4.12]
	at org.springframework.test.context.junit4.SpringJUnit4ClassRunner.run(SpringJUnit4ClassRunner.java:191) [spring-test-4.3.10.RELEASE.jar:4.3.10.RELEASE]
	at org.eclipse.jdt.internal.junit4.runner.JUnit4TestReference.run(JUnit4TestReference.java:86) [.cp/:?]
	at org.eclipse.jdt.internal.junit.runner.TestExecution.run(TestExecution.java:38) [.cp/:?]
	at org.eclipse.jdt.internal.junit.runner.RemoteTestRunner.runTests(RemoteTestRunner.java:459) [.cp/:?]
	at org.eclipse.jdt.internal.junit.runner.RemoteTestRunner.runTests(RemoteTestRunner.java:678) [.cp/:?]
	at org.eclipse.jdt.internal.junit.runner.RemoteTestRunner.run(RemoteTestRunner.java:382) [.cp/:?]
	at org.eclipse.jdt.internal.junit.runner.RemoteTestRunner.main(RemoteTestRunner.java:192) [.cp/:?]
Caused by: org.hibernate.exception.GenericJDBCException: could not prepare statement
	at org.hibernate.exception.internal.StandardSQLExceptionConverter.convert(StandardSQLExceptionConverter.java:54) ~[hibernate-core-4.3.11.Final.jar:4.3.11.Final]
	at org.hibernate.engine.jdbc.spi.SqlExceptionHelper.convert(SqlExceptionHelper.java:126) ~[hibernate-core-4.3.11.Final.jar:4.3.11.Final]
	at org.hibernate.engine.jdbc.internal.StatementPreparerImpl$StatementPreparationTemplate.prepareStatement(StatementPreparerImpl.java:196) ~[hibernate-core-4.3.11.Final.jar:4.3.11.Final]
	at org.hibernate.engine.jdbc.internal.StatementPreparerImpl.prepareQueryStatement(StatementPreparerImpl.java:160) ~[hibernate-core-4.3.11.Final.jar:4.3.11.Final]
	at org.hibernate.loader.Loader.prepareQueryStatement(Loader.java:1885) ~[hibernate-core-4.3.11.Final.jar:4.3.11.Final]
	at org.hibernate.loader.Loader.executeQueryStatement(Loader.java:1862) ~[hibernate-core-4.3.11.Final.jar:4.3.11.Final]
	at org.hibernate.loader.Loader.executeQueryStatement(Loader.java:1839) ~[hibernate-core-4.3.11.Final.jar:4.3.11.Final]
	at org.hibernate.loader.Loader.doQuery(Loader.java:910) ~[hibernate-core-4.3.11.Final.jar:4.3.11.Final]
	at org.hibernate.loader.Loader.doQueryAndInitializeNonLazyCollections(Loader.java:355) ~[hibernate-core-4.3.11.Final.jar:4.3.11.Final]
	at org.hibernate.loader.Loader.doList(Loader.java:2554) ~[hibernate-core-4.3.11.Final.jar:4.3.11.Final]
	at org.hibernate.loader.Loader.doList(Loader.java:2540) ~[hibernate-core-4.3.11.Final.jar:4.3.11.Final]
	at org.hibernate.loader.Loader.listIgnoreQueryCache(Loader.java:2370) ~[hibernate-core-4.3.11.Final.jar:4.3.11.Final]
	at org.hibernate.loader.Loader.list(Loader.java:2365) ~[hibernate-core-4.3.11.Final.jar:4.3.11.Final]
	at org.hibernate.loader.hql.QueryLoader.list(QueryLoader.java:497) ~[hibernate-core-4.3.11.Final.jar:4.3.11.Final]
	at org.hibernate.hql.internal.ast.QueryTranslatorImpl.list(QueryTranslatorImpl.java:387) ~[hibernate-core-4.3.11.Final.jar:4.3.11.Final]
	at org.hibernate.engine.query.spi.HQLQueryPlan.performList(HQLQueryPlan.java:236) ~[hibernate-core-4.3.11.Final.jar:4.3.11.Final]
	at org.hibernate.internal.SessionImpl.list(SessionImpl.java:1300) ~[hibernate-core-4.3.11.Final.jar:4.3.11.Final]
	at org.hibernate.internal.QueryImpl.list(QueryImpl.java:103) ~[hibernate-core-4.3.11.Final.jar:4.3.11.Final]
	at org.hibernate.jpa.internal.QueryImpl.list(QueryImpl.java:573) ~[hibernate-entitymanager-4.3.11.Final.jar:4.3.11.Final]
	at org.hibernate.jpa.internal.QueryImpl.getResultList(QueryImpl.java:449) ~[hibernate-entitymanager-4.3.11.Final.jar:4.3.11.Final]
	... 46 more
Caused by: org.h2.jdbc.JdbcSQLException: Schema "timetable" not found; SQL statement:
select chair0_.id_chair as id_chair1_1_, chair0_.name_chair as name_cha2_1_ from timetable.chair chair0_ [90079-196]
	at org.h2.message.DbException.getJdbcSQLException(DbException.java:345) ~[h2-1.4.196.jar:1.4.196]
	at org.h2.message.DbException.get(DbException.java:179) ~[h2-1.4.196.jar:1.4.196]
	at org.h2.message.DbException.get(DbException.java:155) ~[h2-1.4.196.jar:1.4.196]
	at org.h2.command.Parser.getSchema(Parser.java:688) ~[h2-1.4.196.jar:1.4.196]
	at org.h2.command.Parser.getSchema(Parser.java:694) ~[h2-1.4.196.jar:1.4.196]
	at org.h2.command.Parser.readTableFilter(Parser.java:1224) ~[h2-1.4.196.jar:1.4.196]
	at org.h2.command.Parser.parseSelectSimpleFromPart(Parser.java:1946) ~[h2-1.4.196.jar:1.4.196]
	at org.h2.command.Parser.parseSelectSimple(Parser.java:2095) ~[h2-1.4.196.jar:1.4.196]
	at org.h2.command.Parser.parseSelectSub(Parser.java:1940) ~[h2-1.4.196.jar:1.4.196]
	at org.h2.command.Parser.parseSelectUnion(Parser.java:1755) ~[h2-1.4.196.jar:1.4.196]
	at org.h2.command.Parser.parseSelect(Parser.java:1743) ~[h2-1.4.196.jar:1.4.196]
	at org.h2.command.Parser.parsePrepared(Parser.java:449) ~[h2-1.4.196.jar:1.4.196]
	at org.h2.command.Parser.parse(Parser.java:321) ~[h2-1.4.196.jar:1.4.196]
	at org.h2.command.Parser.parse(Parser.java:293) ~[h2-1.4.196.jar:1.4.196]
	at org.h2.command.Parser.prepareCommand(Parser.java:258) ~[h2-1.4.196.jar:1.4.196]
	at org.h2.engine.Session.prepareLocal(Session.java:578) ~[h2-1.4.196.jar:1.4.196]
	at org.h2.engine.Session.prepareCommand(Session.java:519) ~[h2-1.4.196.jar:1.4.196]
	at org.h2.jdbc.JdbcConnection.prepareCommand(JdbcConnection.java:1204) ~[h2-1.4.196.jar:1.4.196]
	at org.h2.jdbc.JdbcPreparedStatement.<init>(JdbcPreparedStatement.java:73) ~[h2-1.4.196.jar:1.4.196]
	at org.h2.jdbc.JdbcConnection.prepareStatement(JdbcConnection.java:288) ~[h2-1.4.196.jar:1.4.196]
	at org.hibernate.engine.jdbc.internal.StatementPreparerImpl$5.doPrepare(StatementPreparerImpl.java:162) ~[hibernate-core-4.3.11.Final.jar:4.3.11.Final]
	at org.hibernate.engine.jdbc.internal.StatementPreparerImpl$StatementPreparationTemplate.prepareStatement(StatementPreparerImpl.java:186) ~[hibernate-core-4.3.11.Final.jar:4.3.11.Final]
	at org.hibernate.engine.jdbc.internal.StatementPreparerImpl.prepareQueryStatement(StatementPreparerImpl.java:160) ~[hibernate-core-4.3.11.Final.jar:4.3.11.Final]
	at org.hibernate.loader.Loader.prepareQueryStatement(Loader.java:1885) ~[hibernate-core-4.3.11.Final.jar:4.3.11.Final]
	at org.hibernate.loader.Loader.executeQueryStatement(Loader.java:1862) ~[hibernate-core-4.3.11.Final.jar:4.3.11.Final]
	at org.hibernate.loader.Loader.executeQueryStatement(Loader.java:1839) ~[hibernate-core-4.3.11.Final.jar:4.3.11.Final]
	at org.hibernate.loader.Loader.doQuery(Loader.java:910) ~[hibernate-core-4.3.11.Final.jar:4.3.11.Final]
	at org.hibernate.loader.Loader.doQueryAndInitializeNonLazyCollections(Loader.java:355) ~[hibernate-core-4.3.11.Final.jar:4.3.11.Final]
	at org.hibernate.loader.Loader.doList(Loader.java:2554) ~[hibernate-core-4.3.11.Final.jar:4.3.11.Final]
	at org.hibernate.loader.Loader.doList(Loader.java:2540) ~[hibernate-core-4.3.11.Final.jar:4.3.11.Final]
	at org.hibernate.loader.Loader.listIgnoreQueryCache(Loader.java:2370) ~[hibernate-core-4.3.11.Final.jar:4.3.11.Final]
	at org.hibernate.loader.Loader.list(Loader.java:2365) ~[hibernate-core-4.3.11.Final.jar:4.3.11.Final]
	at org.hibernate.loader.hql.QueryLoader.list(QueryLoader.java:497) ~[hibernate-core-4.3.11.Final.jar:4.3.11.Final]
	at org.hibernate.hql.internal.ast.QueryTranslatorImpl.list(QueryTranslatorImpl.java:387) ~[hibernate-core-4.3.11.Final.jar:4.3.11.Final]
	at org.hibernate.engine.query.spi.HQLQueryPlan.performList(HQLQueryPlan.java:236) ~[hibernate-core-4.3.11.Final.jar:4.3.11.Final]
	at org.hibernate.internal.SessionImpl.list(SessionImpl.java:1300) ~[hibernate-core-4.3.11.Final.jar:4.3.11.Final]
	at org.hibernate.internal.QueryImpl.list(QueryImpl.java:103) ~[hibernate-core-4.3.11.Final.jar:4.3.11.Final]
	at org.hibernate.jpa.internal.QueryImpl.list(QueryImpl.java:573) ~[hibernate-entitymanager-4.3.11.Final.jar:4.3.11.Final]
	at org.hibernate.jpa.internal.QueryImpl.getResultList(QueryImpl.java:449) ~[hibernate-entitymanager-4.3.11.Final.jar:4.3.11.Final]
	... 46 more
