2017-08-25T00:24:10,147 [main] DEBUG dao.Impl.AbstractHibernateDAO - getAll
2017-08-25T00:24:11,014 [main] ERROR dao.Impl.AbstractHibernateDAO - org.hibernate.exception.GenericJDBCException: could not prepare statement
javax.persistence.PersistenceException: org.hibernate.exception.GenericJDBCException: could not prepare statement
	at org.hibernate.jpa.spi.AbstractEntityManagerImpl.convert(AbstractEntityManagerImpl.java:1763) ~[hibernate-entitymanager-4.3.11.Final.jar:4.3.11.Final]
	at org.hibernate.jpa.spi.AbstractEntityManagerImpl.convert(AbstractEntityManagerImpl.java:1677) ~[hibernate-entitymanager-4.3.11.Final.jar:4.3.11.Final]
	at org.hibernate.jpa.internal.QueryImpl.getResultList(QueryImpl.java:458) ~[hibernate-entitymanager-4.3.11.Final.jar:4.3.11.Final]
	at by.bsac.timetable.dao.Impl.AbstractHibernateDAO.getAll(AbstractHibernateDAO.java:71) [classes/:?]
	at sun.reflect.NativeMethodAccessorImpl.invoke0(Native Method) ~[?:1.8.0_112]
	at sun.reflect.NativeMethodAccessorImpl.invoke(NativeMethodAccessorImpl.java:62) ~[?:1.8.0_112]
	at sun.reflect.DelegatingMethodAccessorImpl.invoke(DelegatingMethodAccessorImpl.java:43) ~[?:1.8.0_112]
	at java.lang.reflect.Method.invoke(Method.java:498) ~[?:1.8.0_112]
	at org.springframework.aop.support.AopUtils.invokeJoinpointUsingReflection(AopUtils.java:333) [spring-aop-4.3.10.RELEASE.jar:4.3.10.RELEASE]
	at org.springframework.aop.framework.ReflectiveMethodInvocation.invokeJoinpoint(ReflectiveMethodInvocation.java:190) [spring-aop-4.3.10.RELEASE.jar:4.3.10.RELEASE]
	at org.springframework.aop.framework.ReflectiveMethodInvocation.proceed(ReflectiveMethodInvocation.java:157) [spring-aop-4.3.10.RELEASE.jar:4.3.10.RELEASE]
	at org.springframework.dao.support.PersistenceExceptionTranslationInterceptor.invoke(PersistenceExceptionTranslationInterceptor.java:136) [spring-tx-4.3.10.RELEASE.jar:4.3.10.RELEASE]
	at org.springframework.aop.framework.ReflectiveMethodInvocation.proceed(ReflectiveMethodInvocation.java:179) [spring-aop-4.3.10.RELEASE.jar:4.3.10.RELEASE]
	at org.springframework.transaction.interceptor.TransactionInterceptor$1.proceedWithInvocation(TransactionInterceptor.java:99) [spring-tx-4.3.10.RELEASE.jar:4.3.10.RELEASE]
	at org.springframework.transaction.interceptor.TransactionAspectSupport.invokeWithinTransaction(TransactionAspectSupport.java:282) [spring-tx-4.3.10.RELEASE.jar:4.3.10.RELEASE]
	at org.springframework.transaction.interceptor.TransactionInterceptor.invoke(TransactionInterceptor.java:96) [spring-tx-4.3.10.RELEASE.jar:4.3.10.RELEASE]
	at org.springframework.aop.framework.ReflectiveMethodInvocation.proceed(ReflectiveMethodInvocation.java:179) [spring-aop-4.3.10.RELEASE.jar:4.3.10.RELEASE]
	at org.springframework.aop.framework.JdkDynamicAopProxy.invoke(JdkDynamicAopProxy.java:213) [spring-aop-4.3.10.RELEASE.jar:4.3.10.RELEASE]
	at com.sun.proxy.$Proxy41.getAll(Unknown Source) [?:?]
	at dao.Impl.ChairDAOImplTest.test(ChairDAOImplTest.java:32) [test-classes/:?]
	at sun.reflect.NativeMethodAccessorImpl.invoke0(Native Method) ~[?:1.8.0_112]
	at sun.reflect.NativeMethodAccessorImpl.invoke(NativeMethodAccessorImpl.java:62) ~[?:1.8.0_112]
	at sun.reflect.DelegatingMethodAccessorImpl.invoke(DelegatingMethodAccessorImpl.java:43) ~[?:1.8.0_112]
	at java.lang.reflect.Method.invoke(Method.java:498) ~[?:1.8.0_112]
	at org.junit.runners.model.FrameworkMethod$1.runReflectiveCall(FrameworkMethod.java:50) [junit-4.12.jar:4.12]
	at org.junit.internal.runners.model.ReflectiveCallable.run(ReflectiveCallable.java:12) [junit-4.12.jar:4.12]
	at org.junit.runners.model.FrameworkMethod.invokeExplosively(FrameworkMethod.java:47) [junit-4.12.jar:4.12]
	at org.junit.internal.runners.statements.InvokeMethod.evaluate(InvokeMethod.java:17) [junit-4.12.jar:4.12]
	at org.springframework.test.context.junit4.statements.RunBeforeTestMethodCallbacks.evaluate(RunBeforeTestMethodCallbacks.java:75) [spring-test-4.3.10.RELEASE.jar:4.3.10.RELEASE]
	at org.springframework.test.context.junit4.statements.RunAfterTestMethodCallbacks.evaluate(RunAfterTestMethodCallbacks.java:86) [spring-test-4.3.10.RELEASE.jar:4.3.10.RELEASE]
	at org.springframework.test.context.junit4.statements.SpringRepeat.evaluate(SpringRepeat.java:84) [spring-test-4.3.10.RELEASE.jar:4.3.10.RELEASE]
	at org.junit.runners.ParentRunner.runLeaf(ParentRunner.java:325) [junit-4.12.jar:4.12]
	at org.springframework.test.context.junit4.SpringJUnit4ClassRunner.runChild(SpringJUnit4ClassRunner.java:252) [spring-test-4.3.10.RELEASE.jar:4.3.10.RELEASE]
	at org.springframework.test.context.junit4.SpringJUnit4ClassRunner.runChild(SpringJUnit4ClassRunner.java:94) [spring-test-4.3.10.RELEASE.jar:4.3.10.RELEASE]
	at org.junit.runners.ParentRunner$3.run(ParentRunner.java:290) [junit-4.12.jar:4.12]
	at org.junit.runners.ParentRunner$1.schedule(ParentRunner.java:71) [junit-4.12.jar:4.12]
	at org.junit.runners.ParentRunner.runChildren(ParentRunner.java:288) [junit-4.12.jar:4.12]
	at org.junit.runners.ParentRunner.access$000(ParentRunner.java:58) [junit-4.12.jar:4.12]
	at org.junit.runners.ParentRunner$2.evaluate(ParentRunner.java:268) [junit-4.12.jar:4.12]
	at org.springframework.test.context.junit4.statements.RunBeforeTestClassCallbacks.evaluate(RunBeforeTestClassCallbacks.java:61) [spring-test-4.3.10.RELEASE.jar:4.3.10.RELEASE]
	at org.springframework.test.context.junit4.statements.RunAfterTestClassCallbacks.evaluate(RunAfterTestClassCallbacks.java:70) [spring-test-4.3.10.RELEASE.jar:4.3.10.RELEASE]
	at org.junit.runners.ParentRunner.run(ParentRunner.java:363) [junit-4.12.jar:4.12]
	at org.springframework.test.context.junit4.SpringJUnit4ClassRunner.run(SpringJUnit4ClassRunner.java:191) [spring-test-4.3.10.RELEASE.jar:4.3.10.RELEASE]
	at org.eclipse.jdt.internal.junit4.runner.JUnit4TestReference.run(JUnit4TestReference.java:86) [.cp/:?]
	at org.eclipse.jdt.internal.junit.runner.TestExecution.run(TestExecution.java:38) [.cp/:?]
	at org.eclipse.jdt.internal.junit.runner.RemoteTestRunner.runTests(RemoteTestRunner.java:459) [.cp/:?]
	at org.eclipse.jdt.internal.junit.runner.RemoteTestRunner.runTests(RemoteTestRunner.java:678) [.cp/:?]
	at org.eclipse.jdt.internal.junit.runner.RemoteTestRunner.run(RemoteTestRunner.java:382) [.cp/:?]
	at org.eclipse.jdt.internal.junit.runner.RemoteTestRunner.main(RemoteTestRunner.java:192) [.cp/:?]
Caused by: org.hibernate.exception.GenericJDBCException: could not prepare statement
	at org.hibernate.exception.internal.StandardSQLExceptionConverter.convert(StandardSQLExceptionConverter.java:54) ~[hibernate-core-4.3.11.Final.jar:4.3.11.Final]
	at org.hibernate.engine.jdbc.spi.SqlExceptionHelper.convert(SqlExceptionHelper.java:126) ~[hibernate-core-4.3.11.Final.jar:4.3.11.Final]
	at org.hibernate.engine.jdbc.internal.StatementPreparerImpl$StatementPreparationTemplate.prepareStatement(StatementPreparerImpl.java:196) ~[hibernate-core-4.3.11.Final.jar:4.3.11.Final]
	at org.hibernate.engine.jdbc.internal.StatementPreparerImpl.prepareQueryStatement(StatementPreparerImpl.java:160) ~[hibernate-core-4.3.11.Final.jar:4.3.11.Final]
	at org.hibernate.loader.Loader.prepareQueryStatement(Loader.java:1885) ~[hibernate-core-4.3.11.Final.jar:4.3.11.Final]
	at org.hibernate.loader.Loader.executeQueryStatement(Loader.java:1862) ~[hibernate-core-4.3.11.Final.jar:4.3.11.Final]
	at org.hibernate.loader.Loader.executeQueryStatement(Loader.java:1839) ~[hibernate-core-4.3.11.Final.jar:4.3.11.Final]
	at org.hibernate.loader.Loader.doQuery(Loader.java:910) ~[hibernate-core-4.3.11.Final.jar:4.3.11.Final]
	at org.hibernate.loader.Loader.doQueryAndInitializeNonLazyCollections(Loader.java:355) ~[hibernate-core-4.3.11.Final.jar:4.3.11.Final]
	at org.hibernate.loader.Loader.doList(Loader.java:2554) ~[hibernate-core-4.3.11.Final.jar:4.3.11.Final]
	at org.hibernate.loader.Loader.doList(Loader.java:2540) ~[hibernate-core-4.3.11.Final.jar:4.3.11.Final]
	at org.hibernate.loader.Loader.listIgnoreQueryCache(Loader.java:2370) ~[hibernate-core-4.3.11.Final.jar:4.3.11.Final]
	at org.hibernate.loader.Loader.list(Loader.java:2365) ~[hibernate-core-4.3.11.Final.jar:4.3.11.Final]
	at org.hibernate.loader.hql.QueryLoader.list(QueryLoader.java:497) ~[hibernate-core-4.3.11.Final.jar:4.3.11.Final]
	at org.hibernate.hql.internal.ast.QueryTranslatorImpl.list(QueryTranslatorImpl.java:387) ~[hibernate-core-4.3.11.Final.jar:4.3.11.Final]
	at org.hibernate.engine.query.spi.HQLQueryPlan.performList(HQLQueryPlan.java:236) ~[hibernate-core-4.3.11.Final.jar:4.3.11.Final]
	at org.hibernate.internal.SessionImpl.list(SessionImpl.java:1300) ~[hibernate-core-4.3.11.Final.jar:4.3.11.Final]
	at org.hibernate.internal.QueryImpl.list(QueryImpl.java:103) ~[hibernate-core-4.3.11.Final.jar:4.3.11.Final]
	at org.hibernate.jpa.internal.QueryImpl.list(QueryImpl.java:573) ~[hibernate-entitymanager-4.3.11.Final.jar:4.3.11.Final]
	at org.hibernate.jpa.internal.QueryImpl.getResultList(QueryImpl.java:449) ~[hibernate-entitymanager-4.3.11.Final.jar:4.3.11.Final]
	... 46 more
Caused by: org.h2.jdbc.JdbcSQLException: Schema "timetable" not found; SQL statement:
select chair0_.id_chair as id_chair1_1_, chair0_.name_chair as name_cha2_1_ from timetable.chair chair0_ [90079-196]
	at org.h2.message.DbException.getJdbcSQLException(DbException.java:345) ~[h2-1.4.196.jar:1.4.196]
	at org.h2.message.DbException.get(DbException.java:179) ~[h2-1.4.196.jar:1.4.196]
	at org.h2.message.DbException.get(DbException.java:155) ~[h2-1.4.196.jar:1.4.196]
	at org.h2.command.Parser.getSchema(Parser.java:688) ~[h2-1.4.196.jar:1.4.196]
	at org.h2.command.Parser.getSchema(Parser.java:694) ~[h2-1.4.196.jar:1.4.196]
	at org.h2.command.Parser.readTableFilter(Parser.java:1224) ~[h2-1.4.196.jar:1.4.196]
	at org.h2.command.Parser.parseSelectSimpleFromPart(Parser.java:1946) ~[h2-1.4.196.jar:1.4.196]
	at org.h2.command.Parser.parseSelectSimple(Parser.java:2095) ~[h2-1.4.196.jar:1.4.196]
	at org.h2.command.Parser.parseSelectSub(Parser.java:1940) ~[h2-1.4.196.jar:1.4.196]
	at org.h2.command.Parser.parseSelectUnion(Parser.java:1755) ~[h2-1.4.196.jar:1.4.196]
	at org.h2.command.Parser.parseSelect(Parser.java:1743) ~[h2-1.4.196.jar:1.4.196]
	at org.h2.command.Parser.parsePrepared(Parser.java:449) ~[h2-1.4.196.jar:1.4.196]
	at org.h2.command.Parser.parse(Parser.java:321) ~[h2-1.4.196.jar:1.4.196]
	at org.h2.command.Parser.parse(Parser.java:293) ~[h2-1.4.196.jar:1.4.196]
	at org.h2.command.Parser.prepareCommand(Parser.java:258) ~[h2-1.4.196.jar:1.4.196]
	at org.h2.engine.Session.prepareLocal(Session.java:578) ~[h2-1.4.196.jar:1.4.196]
	at org.h2.engine.Session.prepareCommand(Session.java:519) ~[h2-1.4.196.jar:1.4.196]
	at org.h2.jdbc.JdbcConnection.prepareCommand(JdbcConnection.java:1204) ~[h2-1.4.196.jar:1.4.196]
	at org.h2.jdbc.JdbcPreparedStatement.<init>(JdbcPreparedStatement.java:73) ~[h2-1.4.196.jar:1.4.196]
	at org.h2.jdbc.JdbcConnection.prepareStatement(JdbcConnection.java:288) ~[h2-1.4.196.jar:1.4.196]
	at org.hibernate.engine.jdbc.internal.StatementPreparerImpl$5.doPrepare(StatementPreparerImpl.java:162) ~[hibernate-core-4.3.11.Final.jar:4.3.11.Final]
	at org.hibernate.engine.jdbc.internal.StatementPreparerImpl$StatementPreparationTemplate.prepareStatement(StatementPreparerImpl.java:186) ~[hibernate-core-4.3.11.Final.jar:4.3.11.Final]
	at org.hibernate.engine.jdbc.internal.StatementPreparerImpl.prepareQueryStatement(StatementPreparerImpl.java:160) ~[hibernate-core-4.3.11.Final.jar:4.3.11.Final]
	at org.hibernate.loader.Loader.prepareQueryStatement(Loader.java:1885) ~[hibernate-core-4.3.11.Final.jar:4.3.11.Final]
	at org.hibernate.loader.Loader.executeQueryStatement(Loader.java:1862) ~[hibernate-core-4.3.11.Final.jar:4.3.11.Final]
	at org.hibernate.loader.Loader.executeQueryStatement(Loader.java:1839) ~[hibernate-core-4.3.11.Final.jar:4.3.11.Final]
	at org.hibernate.loader.Loader.doQuery(Loader.java:910) ~[hibernate-core-4.3.11.Final.jar:4.3.11.Final]
	at org.hibernate.loader.Loader.doQueryAndInitializeNonLazyCollections(Loader.java:355) ~[hibernate-core-4.3.11.Final.jar:4.3.11.Final]
	at org.hibernate.loader.Loader.doList(Loader.java:2554) ~[hibernate-core-4.3.11.Final.jar:4.3.11.Final]
	at org.hibernate.loader.Loader.doList(Loader.java:2540) ~[hibernate-core-4.3.11.Final.jar:4.3.11.Final]
	at org.hibernate.loader.Loader.listIgnoreQueryCache(Loader.java:2370) ~[hibernate-core-4.3.11.Final.jar:4.3.11.Final]
	at org.hibernate.loader.Loader.list(Loader.java:2365) ~[hibernate-core-4.3.11.Final.jar:4.3.11.Final]
	at org.hibernate.loader.hql.QueryLoader.list(QueryLoader.java:497) ~[hibernate-core-4.3.11.Final.jar:4.3.11.Final]
	at org.hibernate.hql.internal.ast.QueryTranslatorImpl.list(QueryTranslatorImpl.java:387) ~[hibernate-core-4.3.11.Final.jar:4.3.11.Final]
	at org.hibernate.engine.query.spi.HQLQueryPlan.performList(HQLQueryPlan.java:236) ~[hibernate-core-4.3.11.Final.jar:4.3.11.Final]
	at org.hibernate.internal.SessionImpl.list(SessionImpl.java:1300) ~[hibernate-core-4.3.11.Final.jar:4.3.11.Final]
	at org.hibernate.internal.QueryImpl.list(QueryImpl.java:103) ~[hibernate-core-4.3.11.Final.jar:4.3.11.Final]
	at org.hibernate.jpa.internal.QueryImpl.list(QueryImpl.java:573) ~[hibernate-entitymanager-4.3.11.Final.jar:4.3.11.Final]
	at org.hibernate.jpa.internal.QueryImpl.getResultList(QueryImpl.java:449) ~[hibernate-entitymanager-4.3.11.Final.jar:4.3.11.Final]
	... 46 more
2017-08-25T00:24:44,504 [main] DEBUG dao.Impl.AbstractHibernateDAO - getAll
2017-08-25T00:24:44,976 [main] ERROR dao.Impl.AbstractHibernateDAO - org.hibernate.exception.GenericJDBCException: could not prepare statement
javax.persistence.PersistenceException: org.hibernate.exception.GenericJDBCException: could not prepare statement
	at org.hibernate.jpa.spi.AbstractEntityManagerImpl.convert(AbstractEntityManagerImpl.java:1763) ~[hibernate-entitymanager-4.3.11.Final.jar:4.3.11.Final]
	at org.hibernate.jpa.spi.AbstractEntityManagerImpl.convert(AbstractEntityManagerImpl.java:1677) ~[hibernate-entitymanager-4.3.11.Final.jar:4.3.11.Final]
	at org.hibernate.jpa.internal.QueryImpl.getResultList(QueryImpl.java:458) ~[hibernate-entitymanager-4.3.11.Final.jar:4.3.11.Final]
	at by.bsac.timetable.dao.Impl.AbstractHibernateDAO.getAll(AbstractHibernateDAO.java:71) [classes/:?]
	at sun.reflect.NativeMethodAccessorImpl.invoke0(Native Method) ~[?:1.8.0_112]
	at sun.reflect.NativeMethodAccessorImpl.invoke(NativeMethodAccessorImpl.java:62) ~[?:1.8.0_112]
	at sun.reflect.DelegatingMethodAccessorImpl.invoke(DelegatingMethodAccessorImpl.java:43) ~[?:1.8.0_112]
	at java.lang.reflect.Method.invoke(Method.java:498) ~[?:1.8.0_112]
	at org.springframework.aop.support.AopUtils.invokeJoinpointUsingReflection(AopUtils.java:333) [spring-aop-4.3.10.RELEASE.jar:4.3.10.RELEASE]
	at org.springframework.aop.framework.ReflectiveMethodInvocation.invokeJoinpoint(ReflectiveMethodInvocation.java:190) [spring-aop-4.3.10.RELEASE.jar:4.3.10.RELEASE]
	at org.springframework.aop.framework.ReflectiveMethodInvocation.proceed(ReflectiveMethodInvocation.java:157) [spring-aop-4.3.10.RELEASE.jar:4.3.10.RELEASE]
	at org.springframework.dao.support.PersistenceExceptionTranslationInterceptor.invoke(PersistenceExceptionTranslationInterceptor.java:136) [spring-tx-4.3.10.RELEASE.jar:4.3.10.RELEASE]
	at org.springframework.aop.framework.ReflectiveMethodInvocation.proceed(ReflectiveMethodInvocation.java:179) [spring-aop-4.3.10.RELEASE.jar:4.3.10.RELEASE]
	at org.springframework.transaction.interceptor.TransactionInterceptor$1.proceedWithInvocation(TransactionInterceptor.java:99) [spring-tx-4.3.10.RELEASE.jar:4.3.10.RELEASE]
	at org.springframework.transaction.interceptor.TransactionAspectSupport.invokeWithinTransaction(TransactionAspectSupport.java:282) [spring-tx-4.3.10.RELEASE.jar:4.3.10.RELEASE]
	at org.springframework.transaction.interceptor.TransactionInterceptor.invoke(TransactionInterceptor.java:96) [spring-tx-4.3.10.RELEASE.jar:4.3.10.RELEASE]
	at org.springframework.aop.framework.ReflectiveMethodInvocation.proceed(ReflectiveMethodInvocation.java:179) [spring-aop-4.3.10.RELEASE.jar:4.3.10.RELEASE]
	at org.springframework.aop.framework.JdkDynamicAopProxy.invoke(JdkDynamicAopProxy.java:213) [spring-aop-4.3.10.RELEASE.jar:4.3.10.RELEASE]
	at com.sun.proxy.$Proxy41.getAll(Unknown Source) [?:?]
	at dao.Impl.ChairDAOImplTest.test(ChairDAOImplTest.java:32) [test-classes/:?]
	at sun.reflect.NativeMethodAccessorImpl.invoke0(Native Method) ~[?:1.8.0_112]
	at sun.reflect.NativeMethodAccessorImpl.invoke(NativeMethodAccessorImpl.java:62) ~[?:1.8.0_112]
	at sun.reflect.DelegatingMethodAccessorImpl.invoke(DelegatingMethodAccessorImpl.java:43) ~[?:1.8.0_112]
	at java.lang.reflect.Method.invoke(Method.java:498) ~[?:1.8.0_112]
	at org.junit.runners.model.FrameworkMethod$1.runReflectiveCall(FrameworkMethod.java:50) [junit-4.12.jar:4.12]
	at org.junit.internal.runners.model.ReflectiveCallable.run(ReflectiveCallable.java:12) [junit-4.12.jar:4.12]
	at org.junit.runners.model.FrameworkMethod.invokeExplosively(FrameworkMethod.java:47) [junit-4.12.jar:4.12]
	at org.junit.internal.runners.statements.InvokeMethod.evaluate(InvokeMethod.java:17) [junit-4.12.jar:4.12]
	at org.springframework.test.context.junit4.statements.RunBeforeTestMethodCallbacks.evaluate(RunBeforeTestMethodCallbacks.java:75) [spring-test-4.3.10.RELEASE.jar:4.3.10.RELEASE]
	at org.springframework.test.context.junit4.statements.RunAfterTestMethodCallbacks.evaluate(RunAfterTestMethodCallbacks.java:86) [spring-test-4.3.10.RELEASE.jar:4.3.10.RELEASE]
	at org.springframework.test.context.junit4.statements.SpringRepeat.evaluate(SpringRepeat.java:84) [spring-test-4.3.10.RELEASE.jar:4.3.10.RELEASE]
	at org.junit.runners.ParentRunner.runLeaf(ParentRunner.java:325) [junit-4.12.jar:4.12]
	at org.springframework.test.context.junit4.SpringJUnit4ClassRunner.runChild(SpringJUnit4ClassRunner.java:252) [spring-test-4.3.10.RELEASE.jar:4.3.10.RELEASE]
	at org.springframework.test.context.junit4.SpringJUnit4ClassRunner.runChild(SpringJUnit4ClassRunner.java:94) [spring-test-4.3.10.RELEASE.jar:4.3.10.RELEASE]
	at org.junit.runners.ParentRunner$3.run(ParentRunner.java:290) [junit-4.12.jar:4.12]
	at org.junit.runners.ParentRunner$1.schedule(ParentRunner.java:71) [junit-4.12.jar:4.12]
	at org.junit.runners.ParentRunner.runChildren(ParentRunner.java:288) [junit-4.12.jar:4.12]
	at org.junit.runners.ParentRunner.access$000(ParentRunner.java:58) [junit-4.12.jar:4.12]
	at org.junit.runners.ParentRunner$2.evaluate(ParentRunner.java:268) [junit-4.12.jar:4.12]
	at org.springframework.test.context.junit4.statements.RunBeforeTestClassCallbacks.evaluate(RunBeforeTestClassCallbacks.java:61) [spring-test-4.3.10.RELEASE.jar:4.3.10.RELEASE]
	at org.springframework.test.context.junit4.statements.RunAfterTestClassCallbacks.evaluate(RunAfterTestClassCallbacks.java:70) [spring-test-4.3.10.RELEASE.jar:4.3.10.RELEASE]
	at org.junit.runners.ParentRunner.run(ParentRunner.java:363) [junit-4.12.jar:4.12]
	at org.springframework.test.context.junit4.SpringJUnit4ClassRunner.run(SpringJUnit4ClassRunner.java:191) [spring-test-4.3.10.RELEASE.jar:4.3.10.RELEASE]
	at org.eclipse.jdt.internal.junit4.runner.JUnit4TestReference.run(JUnit4TestReference.java:86) [.cp/:?]
	at org.eclipse.jdt.internal.junit.runner.TestExecution.run(TestExecution.java:38) [.cp/:?]
	at org.eclipse.jdt.internal.junit.runner.RemoteTestRunner.runTests(RemoteTestRunner.java:459) [.cp/:?]
	at org.eclipse.jdt.internal.junit.runner.RemoteTestRunner.runTests(RemoteTestRunner.java:678) [.cp/:?]
	at org.eclipse.jdt.internal.junit.runner.RemoteTestRunner.run(RemoteTestRunner.java:382) [.cp/:?]
	at org.eclipse.jdt.internal.junit.runner.RemoteTestRunner.main(RemoteTestRunner.java:192) [.cp/:?]
Caused by: org.hibernate.exception.GenericJDBCException: could not prepare statement
	at org.hibernate.exception.internal.StandardSQLExceptionConverter.convert(StandardSQLExceptionConverter.java:54) ~[hibernate-core-4.3.11.Final.jar:4.3.11.Final]
	at org.hibernate.engine.jdbc.spi.SqlExceptionHelper.convert(SqlExceptionHelper.java:126) ~[hibernate-core-4.3.11.Final.jar:4.3.11.Final]
	at org.hibernate.engine.jdbc.internal.StatementPreparerImpl$StatementPreparationTemplate.prepareStatement(StatementPreparerImpl.java:196) ~[hibernate-core-4.3.11.Final.jar:4.3.11.Final]
	at org.hibernate.engine.jdbc.internal.StatementPreparerImpl.prepareQueryStatement(StatementPreparerImpl.java:160) ~[hibernate-core-4.3.11.Final.jar:4.3.11.Final]
	at org.hibernate.loader.Loader.prepareQueryStatement(Loader.java:1885) ~[hibernate-core-4.3.11.Final.jar:4.3.11.Final]
	at org.hibernate.loader.Loader.executeQueryStatement(Loader.java:1862) ~[hibernate-core-4.3.11.Final.jar:4.3.11.Final]
	at org.hibernate.loader.Loader.executeQueryStatement(Loader.java:1839) ~[hibernate-core-4.3.11.Final.jar:4.3.11.Final]
	at org.hibernate.loader.Loader.doQuery(Loader.java:910) ~[hibernate-core-4.3.11.Final.jar:4.3.11.Final]
	at org.hibernate.loader.Loader.doQueryAndInitializeNonLazyCollections(Loader.java:355) ~[hibernate-core-4.3.11.Final.jar:4.3.11.Final]
	at org.hibernate.loader.Loader.doList(Loader.java:2554) ~[hibernate-core-4.3.11.Final.jar:4.3.11.Final]
	at org.hibernate.loader.Loader.doList(Loader.java:2540) ~[hibernate-core-4.3.11.Final.jar:4.3.11.Final]
	at org.hibernate.loader.Loader.listIgnoreQueryCache(Loader.java:2370) ~[hibernate-core-4.3.11.Final.jar:4.3.11.Final]
	at org.hibernate.loader.Loader.list(Loader.java:2365) ~[hibernate-core-4.3.11.Final.jar:4.3.11.Final]
	at org.hibernate.loader.hql.QueryLoader.list(QueryLoader.java:497) ~[hibernate-core-4.3.11.Final.jar:4.3.11.Final]
	at org.hibernate.hql.internal.ast.QueryTranslatorImpl.list(QueryTranslatorImpl.java:387) ~[hibernate-core-4.3.11.Final.jar:4.3.11.Final]
	at org.hibernate.engine.query.spi.HQLQueryPlan.performList(HQLQueryPlan.java:236) ~[hibernate-core-4.3.11.Final.jar:4.3.11.Final]
	at org.hibernate.internal.SessionImpl.list(SessionImpl.java:1300) ~[hibernate-core-4.3.11.Final.jar:4.3.11.Final]
	at org.hibernate.internal.QueryImpl.list(QueryImpl.java:103) ~[hibernate-core-4.3.11.Final.jar:4.3.11.Final]
	at org.hibernate.jpa.internal.QueryImpl.list(QueryImpl.java:573) ~[hibernate-entitymanager-4.3.11.Final.jar:4.3.11.Final]
	at org.hibernate.jpa.internal.QueryImpl.getResultList(QueryImpl.java:449) ~[hibernate-entitymanager-4.3.11.Final.jar:4.3.11.Final]
	... 46 more
Caused by: org.h2.jdbc.JdbcSQLException: Schema "timetable" not found; SQL statement:
select chair0_.id_chair as id_chair1_1_, chair0_.name_chair as name_cha2_1_ from timetable.chair chair0_ [90079-196]
	at org.h2.message.DbException.getJdbcSQLException(DbException.java:345) ~[h2-1.4.196.jar:1.4.196]
	at org.h2.message.DbException.get(DbException.java:179) ~[h2-1.4.196.jar:1.4.196]
	at org.h2.message.DbException.get(DbException.java:155) ~[h2-1.4.196.jar:1.4.196]
	at org.h2.command.Parser.getSchema(Parser.java:688) ~[h2-1.4.196.jar:1.4.196]
	at org.h2.command.Parser.getSchema(Parser.java:694) ~[h2-1.4.196.jar:1.4.196]
	at org.h2.command.Parser.readTableFilter(Parser.java:1224) ~[h2-1.4.196.jar:1.4.196]
	at org.h2.command.Parser.parseSelectSimpleFromPart(Parser.java:1946) ~[h2-1.4.196.jar:1.4.196]
	at org.h2.command.Parser.parseSelectSimple(Parser.java:2095) ~[h2-1.4.196.jar:1.4.196]
	at org.h2.command.Parser.parseSelectSub(Parser.java:1940) ~[h2-1.4.196.jar:1.4.196]
	at org.h2.command.Parser.parseSelectUnion(Parser.java:1755) ~[h2-1.4.196.jar:1.4.196]
	at org.h2.command.Parser.parseSelect(Parser.java:1743) ~[h2-1.4.196.jar:1.4.196]
	at org.h2.command.Parser.parsePrepared(Parser.java:449) ~[h2-1.4.196.jar:1.4.196]
	at org.h2.command.Parser.parse(Parser.java:321) ~[h2-1.4.196.jar:1.4.196]
	at org.h2.command.Parser.parse(Parser.java:293) ~[h2-1.4.196.jar:1.4.196]
	at org.h2.command.Parser.prepareCommand(Parser.java:258) ~[h2-1.4.196.jar:1.4.196]
	at org.h2.engine.Session.prepareLocal(Session.java:578) ~[h2-1.4.196.jar:1.4.196]
	at org.h2.engine.Session.prepareCommand(Session.java:519) ~[h2-1.4.196.jar:1.4.196]
	at org.h2.jdbc.JdbcConnection.prepareCommand(JdbcConnection.java:1204) ~[h2-1.4.196.jar:1.4.196]
	at org.h2.jdbc.JdbcPreparedStatement.<init>(JdbcPreparedStatement.java:73) ~[h2-1.4.196.jar:1.4.196]
	at org.h2.jdbc.JdbcConnection.prepareStatement(JdbcConnection.java:288) ~[h2-1.4.196.jar:1.4.196]
	at org.hibernate.engine.jdbc.internal.StatementPreparerImpl$5.doPrepare(StatementPreparerImpl.java:162) ~[hibernate-core-4.3.11.Final.jar:4.3.11.Final]
	at org.hibernate.engine.jdbc.internal.StatementPreparerImpl$StatementPreparationTemplate.prepareStatement(StatementPreparerImpl.java:186) ~[hibernate-core-4.3.11.Final.jar:4.3.11.Final]
	at org.hibernate.engine.jdbc.internal.StatementPreparerImpl.prepareQueryStatement(StatementPreparerImpl.java:160) ~[hibernate-core-4.3.11.Final.jar:4.3.11.Final]
	at org.hibernate.loader.Loader.prepareQueryStatement(Loader.java:1885) ~[hibernate-core-4.3.11.Final.jar:4.3.11.Final]
	at org.hibernate.loader.Loader.executeQueryStatement(Loader.java:1862) ~[hibernate-core-4.3.11.Final.jar:4.3.11.Final]
	at org.hibernate.loader.Loader.executeQueryStatement(Loader.java:1839) ~[hibernate-core-4.3.11.Final.jar:4.3.11.Final]
	at org.hibernate.loader.Loader.doQuery(Loader.java:910) ~[hibernate-core-4.3.11.Final.jar:4.3.11.Final]
	at org.hibernate.loader.Loader.doQueryAndInitializeNonLazyCollections(Loader.java:355) ~[hibernate-core-4.3.11.Final.jar:4.3.11.Final]
	at org.hibernate.loader.Loader.doList(Loader.java:2554) ~[hibernate-core-4.3.11.Final.jar:4.3.11.Final]
	at org.hibernate.loader.Loader.doList(Loader.java:2540) ~[hibernate-core-4.3.11.Final.jar:4.3.11.Final]
	at org.hibernate.loader.Loader.listIgnoreQueryCache(Loader.java:2370) ~[hibernate-core-4.3.11.Final.jar:4.3.11.Final]
	at org.hibernate.loader.Loader.list(Loader.java:2365) ~[hibernate-core-4.3.11.Final.jar:4.3.11.Final]
	at org.hibernate.loader.hql.QueryLoader.list(QueryLoader.java:497) ~[hibernate-core-4.3.11.Final.jar:4.3.11.Final]
	at org.hibernate.hql.internal.ast.QueryTranslatorImpl.list(QueryTranslatorImpl.java:387) ~[hibernate-core-4.3.11.Final.jar:4.3.11.Final]
	at org.hibernate.engine.query.spi.HQLQueryPlan.performList(HQLQueryPlan.java:236) ~[hibernate-core-4.3.11.Final.jar:4.3.11.Final]
	at org.hibernate.internal.SessionImpl.list(SessionImpl.java:1300) ~[hibernate-core-4.3.11.Final.jar:4.3.11.Final]
	at org.hibernate.internal.QueryImpl.list(QueryImpl.java:103) ~[hibernate-core-4.3.11.Final.jar:4.3.11.Final]
	at org.hibernate.jpa.internal.QueryImpl.list(QueryImpl.java:573) ~[hibernate-entitymanager-4.3.11.Final.jar:4.3.11.Final]
	at org.hibernate.jpa.internal.QueryImpl.getResultList(QueryImpl.java:449) ~[hibernate-entitymanager-4.3.11.Final.jar:4.3.11.Final]
	... 46 more
2017-08-25T00:26:08,287 [main] DEBUG dao.Impl.AbstractHibernateDAO - getAll
2017-08-25T00:26:08,778 [main] ERROR dao.Impl.AbstractHibernateDAO - org.hibernate.exception.GenericJDBCException: could not prepare statement
javax.persistence.PersistenceException: org.hibernate.exception.GenericJDBCException: could not prepare statement
	at org.hibernate.jpa.spi.AbstractEntityManagerImpl.convert(AbstractEntityManagerImpl.java:1763) ~[hibernate-entitymanager-4.3.11.Final.jar:4.3.11.Final]
	at org.hibernate.jpa.spi.AbstractEntityManagerImpl.convert(AbstractEntityManagerImpl.java:1677) ~[hibernate-entitymanager-4.3.11.Final.jar:4.3.11.Final]
	at org.hibernate.jpa.internal.QueryImpl.getResultList(QueryImpl.java:458) ~[hibernate-entitymanager-4.3.11.Final.jar:4.3.11.Final]
	at by.bsac.timetable.dao.Impl.AbstractHibernateDAO.getAll(AbstractHibernateDAO.java:71) [classes/:?]
	at sun.reflect.NativeMethodAccessorImpl.invoke0(Native Method) ~[?:1.8.0_112]
	at sun.reflect.NativeMethodAccessorImpl.invoke(NativeMethodAccessorImpl.java:62) ~[?:1.8.0_112]
	at sun.reflect.DelegatingMethodAccessorImpl.invoke(DelegatingMethodAccessorImpl.java:43) ~[?:1.8.0_112]
	at java.lang.reflect.Method.invoke(Method.java:498) ~[?:1.8.0_112]
	at org.springframework.aop.support.AopUtils.invokeJoinpointUsingReflection(AopUtils.java:333) [spring-aop-4.3.10.RELEASE.jar:4.3.10.RELEASE]
	at org.springframework.aop.framework.ReflectiveMethodInvocation.invokeJoinpoint(ReflectiveMethodInvocation.java:190) [spring-aop-4.3.10.RELEASE.jar:4.3.10.RELEASE]
	at org.springframework.aop.framework.ReflectiveMethodInvocation.proceed(ReflectiveMethodInvocation.java:157) [spring-aop-4.3.10.RELEASE.jar:4.3.10.RELEASE]
	at org.springframework.dao.support.PersistenceExceptionTranslationInterceptor.invoke(PersistenceExceptionTranslationInterceptor.java:136) [spring-tx-4.3.10.RELEASE.jar:4.3.10.RELEASE]
	at org.springframework.aop.framework.ReflectiveMethodInvocation.proceed(ReflectiveMethodInvocation.java:179) [spring-aop-4.3.10.RELEASE.jar:4.3.10.RELEASE]
	at org.springframework.transaction.interceptor.TransactionInterceptor$1.proceedWithInvocation(TransactionInterceptor.java:99) [spring-tx-4.3.10.RELEASE.jar:4.3.10.RELEASE]
	at org.springframework.transaction.interceptor.TransactionAspectSupport.invokeWithinTransaction(TransactionAspectSupport.java:282) [spring-tx-4.3.10.RELEASE.jar:4.3.10.RELEASE]
	at org.springframework.transaction.interceptor.TransactionInterceptor.invoke(TransactionInterceptor.java:96) [spring-tx-4.3.10.RELEASE.jar:4.3.10.RELEASE]
	at org.springframework.aop.framework.ReflectiveMethodInvocation.proceed(ReflectiveMethodInvocation.java:179) [spring-aop-4.3.10.RELEASE.jar:4.3.10.RELEASE]
	at org.springframework.aop.framework.JdkDynamicAopProxy.invoke(JdkDynamicAopProxy.java:213) [spring-aop-4.3.10.RELEASE.jar:4.3.10.RELEASE]
	at com.sun.proxy.$Proxy41.getAll(Unknown Source) [?:?]
	at dao.Impl.ChairDAOImplTest.test(ChairDAOImplTest.java:32) [test-classes/:?]
	at sun.reflect.NativeMethodAccessorImpl.invoke0(Native Method) ~[?:1.8.0_112]
	at sun.reflect.NativeMethodAccessorImpl.invoke(NativeMethodAccessorImpl.java:62) ~[?:1.8.0_112]
	at sun.reflect.DelegatingMethodAccessorImpl.invoke(DelegatingMethodAccessorImpl.java:43) ~[?:1.8.0_112]
	at java.lang.reflect.Method.invoke(Method.java:498) ~[?:1.8.0_112]
	at org.junit.runners.model.FrameworkMethod$1.runReflectiveCall(FrameworkMethod.java:50) [junit-4.12.jar:4.12]
	at org.junit.internal.runners.model.ReflectiveCallable.run(ReflectiveCallable.java:12) [junit-4.12.jar:4.12]
	at org.junit.runners.model.FrameworkMethod.invokeExplosively(FrameworkMethod.java:47) [junit-4.12.jar:4.12]
	at org.junit.internal.runners.statements.InvokeMethod.evaluate(InvokeMethod.java:17) [junit-4.12.jar:4.12]
	at org.springframework.test.context.junit4.statements.RunBeforeTestMethodCallbacks.evaluate(RunBeforeTestMethodCallbacks.java:75) [spring-test-4.3.10.RELEASE.jar:4.3.10.RELEASE]
	at org.springframework.test.context.junit4.statements.RunAfterTestMethodCallbacks.evaluate(RunAfterTestMethodCallbacks.java:86) [spring-test-4.3.10.RELEASE.jar:4.3.10.RELEASE]
	at org.springframework.test.context.junit4.statements.SpringRepeat.evaluate(SpringRepeat.java:84) [spring-test-4.3.10.RELEASE.jar:4.3.10.RELEASE]
	at org.junit.runners.ParentRunner.runLeaf(ParentRunner.java:325) [junit-4.12.jar:4.12]
	at org.springframework.test.context.junit4.SpringJUnit4ClassRunner.runChild(SpringJUnit4ClassRunner.java:252) [spring-test-4.3.10.RELEASE.jar:4.3.10.RELEASE]
	at org.springframework.test.context.junit4.SpringJUnit4ClassRunner.runChild(SpringJUnit4ClassRunner.java:94) [spring-test-4.3.10.RELEASE.jar:4.3.10.RELEASE]
	at org.junit.runners.ParentRunner$3.run(ParentRunner.java:290) [junit-4.12.jar:4.12]
	at org.junit.runners.ParentRunner$1.schedule(ParentRunner.java:71) [junit-4.12.jar:4.12]
	at org.junit.runners.ParentRunner.runChildren(ParentRunner.java:288) [junit-4.12.jar:4.12]
	at org.junit.runners.ParentRunner.access$000(ParentRunner.java:58) [junit-4.12.jar:4.12]
	at org.junit.runners.ParentRunner$2.evaluate(ParentRunner.java:268) [junit-4.12.jar:4.12]
	at org.springframework.test.context.junit4.statements.RunBeforeTestClassCallbacks.evaluate(RunBeforeTestClassCallbacks.java:61) [spring-test-4.3.10.RELEASE.jar:4.3.10.RELEASE]
	at org.springframework.test.context.junit4.statements.RunAfterTestClassCallbacks.evaluate(RunAfterTestClassCallbacks.java:70) [spring-test-4.3.10.RELEASE.jar:4.3.10.RELEASE]
	at org.junit.runners.ParentRunner.run(ParentRunner.java:363) [junit-4.12.jar:4.12]
	at org.springframework.test.context.junit4.SpringJUnit4ClassRunner.run(SpringJUnit4ClassRunner.java:191) [spring-test-4.3.10.RELEASE.jar:4.3.10.RELEASE]
	at org.eclipse.jdt.internal.junit4.runner.JUnit4TestReference.run(JUnit4TestReference.java:86) [.cp/:?]
	at org.eclipse.jdt.internal.junit.runner.TestExecution.run(TestExecution.java:38) [.cp/:?]
	at org.eclipse.jdt.internal.junit.runner.RemoteTestRunner.runTests(RemoteTestRunner.java:459) [.cp/:?]
	at org.eclipse.jdt.internal.junit.runner.RemoteTestRunner.runTests(RemoteTestRunner.java:678) [.cp/:?]
	at org.eclipse.jdt.internal.junit.runner.RemoteTestRunner.run(RemoteTestRunner.java:382) [.cp/:?]
	at org.eclipse.jdt.internal.junit.runner.RemoteTestRunner.main(RemoteTestRunner.java:192) [.cp/:?]
Caused by: org.hibernate.exception.GenericJDBCException: could not prepare statement
	at org.hibernate.exception.internal.StandardSQLExceptionConverter.convert(StandardSQLExceptionConverter.java:54) ~[hibernate-core-4.3.11.Final.jar:4.3.11.Final]
	at org.hibernate.engine.jdbc.spi.SqlExceptionHelper.convert(SqlExceptionHelper.java:126) ~[hibernate-core-4.3.11.Final.jar:4.3.11.Final]
	at org.hibernate.engine.jdbc.internal.StatementPreparerImpl$StatementPreparationTemplate.prepareStatement(StatementPreparerImpl.java:196) ~[hibernate-core-4.3.11.Final.jar:4.3.11.Final]
	at org.hibernate.engine.jdbc.internal.StatementPreparerImpl.prepareQueryStatement(StatementPreparerImpl.java:160) ~[hibernate-core-4.3.11.Final.jar:4.3.11.Final]
	at org.hibernate.loader.Loader.prepareQueryStatement(Loader.java:1885) ~[hibernate-core-4.3.11.Final.jar:4.3.11.Final]
	at org.hibernate.loader.Loader.executeQueryStatement(Loader.java:1862) ~[hibernate-core-4.3.11.Final.jar:4.3.11.Final]
	at org.hibernate.loader.Loader.executeQueryStatement(Loader.java:1839) ~[hibernate-core-4.3.11.Final.jar:4.3.11.Final]
	at org.hibernate.loader.Loader.doQuery(Loader.java:910) ~[hibernate-core-4.3.11.Final.jar:4.3.11.Final]
	at org.hibernate.loader.Loader.doQueryAndInitializeNonLazyCollections(Loader.java:355) ~[hibernate-core-4.3.11.Final.jar:4.3.11.Final]
	at org.hibernate.loader.Loader.doList(Loader.java:2554) ~[hibernate-core-4.3.11.Final.jar:4.3.11.Final]
	at org.hibernate.loader.Loader.doList(Loader.java:2540) ~[hibernate-core-4.3.11.Final.jar:4.3.11.Final]
	at org.hibernate.loader.Loader.listIgnoreQueryCache(Loader.java:2370) ~[hibernate-core-4.3.11.Final.jar:4.3.11.Final]
	at org.hibernate.loader.Loader.list(Loader.java:2365) ~[hibernate-core-4.3.11.Final.jar:4.3.11.Final]
	at org.hibernate.loader.hql.QueryLoader.list(QueryLoader.java:497) ~[hibernate-core-4.3.11.Final.jar:4.3.11.Final]
	at org.hibernate.hql.internal.ast.QueryTranslatorImpl.list(QueryTranslatorImpl.java:387) ~[hibernate-core-4.3.11.Final.jar:4.3.11.Final]
	at org.hibernate.engine.query.spi.HQLQueryPlan.performList(HQLQueryPlan.java:236) ~[hibernate-core-4.3.11.Final.jar:4.3.11.Final]
	at org.hibernate.internal.SessionImpl.list(SessionImpl.java:1300) ~[hibernate-core-4.3.11.Final.jar:4.3.11.Final]
	at org.hibernate.internal.QueryImpl.list(QueryImpl.java:103) ~[hibernate-core-4.3.11.Final.jar:4.3.11.Final]
	at org.hibernate.jpa.internal.QueryImpl.list(QueryImpl.java:573) ~[hibernate-entitymanager-4.3.11.Final.jar:4.3.11.Final]
	at org.hibernate.jpa.internal.QueryImpl.getResultList(QueryImpl.java:449) ~[hibernate-entitymanager-4.3.11.Final.jar:4.3.11.Final]
	... 46 more
Caused by: org.h2.jdbc.JdbcSQLException: Schema "timetable" not found; SQL statement:
select chair0_.id_chair as id_chair1_1_, chair0_.name_chair as name_cha2_1_ from timetable.chair chair0_ [90079-196]
	at org.h2.message.DbException.getJdbcSQLException(DbException.java:345) ~[h2-1.4.196.jar:1.4.196]
	at org.h2.message.DbException.get(DbException.java:179) ~[h2-1.4.196.jar:1.4.196]
	at org.h2.message.DbException.get(DbException.java:155) ~[h2-1.4.196.jar:1.4.196]
	at org.h2.command.Parser.getSchema(Parser.java:688) ~[h2-1.4.196.jar:1.4.196]
	at org.h2.command.Parser.getSchema(Parser.java:694) ~[h2-1.4.196.jar:1.4.196]
	at org.h2.command.Parser.readTableFilter(Parser.java:1224) ~[h2-1.4.196.jar:1.4.196]
	at org.h2.command.Parser.parseSelectSimpleFromPart(Parser.java:1946) ~[h2-1.4.196.jar:1.4.196]
	at org.h2.command.Parser.parseSelectSimple(Parser.java:2095) ~[h2-1.4.196.jar:1.4.196]
	at org.h2.command.Parser.parseSelectSub(Parser.java:1940) ~[h2-1.4.196.jar:1.4.196]
	at org.h2.command.Parser.parseSelectUnion(Parser.java:1755) ~[h2-1.4.196.jar:1.4.196]
	at org.h2.command.Parser.parseSelect(Parser.java:1743) ~[h2-1.4.196.jar:1.4.196]
	at org.h2.command.Parser.parsePrepared(Parser.java:449) ~[h2-1.4.196.jar:1.4.196]
	at org.h2.command.Parser.parse(Parser.java:321) ~[h2-1.4.196.jar:1.4.196]
	at org.h2.command.Parser.parse(Parser.java:293) ~[h2-1.4.196.jar:1.4.196]
	at org.h2.command.Parser.prepareCommand(Parser.java:258) ~[h2-1.4.196.jar:1.4.196]
	at org.h2.engine.Session.prepareLocal(Session.java:578) ~[h2-1.4.196.jar:1.4.196]
	at org.h2.engine.Session.prepareCommand(Session.java:519) ~[h2-1.4.196.jar:1.4.196]
	at org.h2.jdbc.JdbcConnection.prepareCommand(JdbcConnection.java:1204) ~[h2-1.4.196.jar:1.4.196]
	at org.h2.jdbc.JdbcPreparedStatement.<init>(JdbcPreparedStatement.java:73) ~[h2-1.4.196.jar:1.4.196]
	at org.h2.jdbc.JdbcConnection.prepareStatement(JdbcConnection.java:288) ~[h2-1.4.196.jar:1.4.196]
	at org.hibernate.engine.jdbc.internal.StatementPreparerImpl$5.doPrepare(StatementPreparerImpl.java:162) ~[hibernate-core-4.3.11.Final.jar:4.3.11.Final]
	at org.hibernate.engine.jdbc.internal.StatementPreparerImpl$StatementPreparationTemplate.prepareStatement(StatementPreparerImpl.java:186) ~[hibernate-core-4.3.11.Final.jar:4.3.11.Final]
	at org.hibernate.engine.jdbc.internal.StatementPreparerImpl.prepareQueryStatement(StatementPreparerImpl.java:160) ~[hibernate-core-4.3.11.Final.jar:4.3.11.Final]
	at org.hibernate.loader.Loader.prepareQueryStatement(Loader.java:1885) ~[hibernate-core-4.3.11.Final.jar:4.3.11.Final]
	at org.hibernate.loader.Loader.executeQueryStatement(Loader.java:1862) ~[hibernate-core-4.3.11.Final.jar:4.3.11.Final]
	at org.hibernate.loader.Loader.executeQueryStatement(Loader.java:1839) ~[hibernate-core-4.3.11.Final.jar:4.3.11.Final]
	at org.hibernate.loader.Loader.doQuery(Loader.java:910) ~[hibernate-core-4.3.11.Final.jar:4.3.11.Final]
	at org.hibernate.loader.Loader.doQueryAndInitializeNonLazyCollections(Loader.java:355) ~[hibernate-core-4.3.11.Final.jar:4.3.11.Final]
	at org.hibernate.loader.Loader.doList(Loader.java:2554) ~[hibernate-core-4.3.11.Final.jar:4.3.11.Final]
	at org.hibernate.loader.Loader.doList(Loader.java:2540) ~[hibernate-core-4.3.11.Final.jar:4.3.11.Final]
	at org.hibernate.loader.Loader.listIgnoreQueryCache(Loader.java:2370) ~[hibernate-core-4.3.11.Final.jar:4.3.11.Final]
	at org.hibernate.loader.Loader.list(Loader.java:2365) ~[hibernate-core-4.3.11.Final.jar:4.3.11.Final]
	at org.hibernate.loader.hql.QueryLoader.list(QueryLoader.java:497) ~[hibernate-core-4.3.11.Final.jar:4.3.11.Final]
	at org.hibernate.hql.internal.ast.QueryTranslatorImpl.list(QueryTranslatorImpl.java:387) ~[hibernate-core-4.3.11.Final.jar:4.3.11.Final]
	at org.hibernate.engine.query.spi.HQLQueryPlan.performList(HQLQueryPlan.java:236) ~[hibernate-core-4.3.11.Final.jar:4.3.11.Final]
	at org.hibernate.internal.SessionImpl.list(SessionImpl.java:1300) ~[hibernate-core-4.3.11.Final.jar:4.3.11.Final]
	at org.hibernate.internal.QueryImpl.list(QueryImpl.java:103) ~[hibernate-core-4.3.11.Final.jar:4.3.11.Final]
	at org.hibernate.jpa.internal.QueryImpl.list(QueryImpl.java:573) ~[hibernate-entitymanager-4.3.11.Final.jar:4.3.11.Final]
	at org.hibernate.jpa.internal.QueryImpl.getResultList(QueryImpl.java:449) ~[hibernate-entitymanager-4.3.11.Final.jar:4.3.11.Final]
	... 46 more
2017-08-26T14:05:04,377 [AWT-EventQueue-0] DEBUG dao.Impl.AbstractHibernateDAO - getAll
2017-08-26T14:05:06,441 [AWT-EventQueue-0] DEBUG dao.Impl.GroupDAOImpl - getGroupListByFacultyAndEduLevel: faculty= Faculty [idFaculty=6, nameFaculty=TEST], eduLevel= 1]
2017-08-26T15:04:19,944 [AWT-EventQueue-0] DEBUG dao.Impl.AbstractHibernateDAO - getAll
2017-08-26T15:04:20,525 [AWT-EventQueue-0] DEBUG dao.Impl.GroupDAOImpl - getGroupListByFacultyAndEduLevel: faculty= Faculty [idFaculty=6, nameFaculty=TEST], eduLevel= 1]
2017-08-26T18:52:48,445 [AWT-EventQueue-0] DEBUG dao.Impl.AbstractHibernateDAO - getAll
2017-08-26T18:52:49,411 [AWT-EventQueue-0] DEBUG dao.Impl.GroupDAOImpl - getGroupListByFacultyAndEduLevel: faculty= Faculty [idFaculty=6, nameFaculty=TEST], eduLevel= 1]
2017-08-26T18:52:49,554 [AWT-EventQueue-0] ERROR dao.Impl.GroupDAOImpl - org.hibernate.exception.SQLGrammarException: could not extract ResultSet
javax.persistence.PersistenceException: org.hibernate.exception.SQLGrammarException: could not extract ResultSet
	at org.hibernate.jpa.spi.AbstractEntityManagerImpl.convert(AbstractEntityManagerImpl.java:1763) ~[hibernate-entitymanager-4.3.11.Final.jar:4.3.11.Final]
	at org.hibernate.jpa.spi.AbstractEntityManagerImpl.convert(AbstractEntityManagerImpl.java:1677) ~[hibernate-entitymanager-4.3.11.Final.jar:4.3.11.Final]
	at org.hibernate.jpa.internal.QueryImpl.getResultList(QueryImpl.java:458) ~[hibernate-entitymanager-4.3.11.Final.jar:4.3.11.Final]
	at by.bsac.timetable.dao.Impl.GroupDAOImpl.getGroupListByFacultyAndEduLevel(GroupDAOImpl.java:70) [classes/:?]
	at sun.reflect.NativeMethodAccessorImpl.invoke0(Native Method) ~[?:1.8.0_112]
	at sun.reflect.NativeMethodAccessorImpl.invoke(NativeMethodAccessorImpl.java:62) ~[?:1.8.0_112]
	at sun.reflect.DelegatingMethodAccessorImpl.invoke(DelegatingMethodAccessorImpl.java:43) ~[?:1.8.0_112]
	at java.lang.reflect.Method.invoke(Method.java:498) ~[?:1.8.0_112]
	at org.springframework.aop.support.AopUtils.invokeJoinpointUsingReflection(AopUtils.java:333) [spring-aop-4.3.10.RELEASE.jar:4.3.10.RELEASE]
	at org.springframework.aop.framework.ReflectiveMethodInvocation.invokeJoinpoint(ReflectiveMethodInvocation.java:190) [spring-aop-4.3.10.RELEASE.jar:4.3.10.RELEASE]
	at org.springframework.aop.framework.ReflectiveMethodInvocation.proceed(ReflectiveMethodInvocation.java:157) [spring-aop-4.3.10.RELEASE.jar:4.3.10.RELEASE]
	at org.springframework.dao.support.PersistenceExceptionTranslationInterceptor.invoke(PersistenceExceptionTranslationInterceptor.java:136) [spring-tx-4.3.10.RELEASE.jar:4.3.10.RELEASE]
	at org.springframework.aop.framework.ReflectiveMethodInvocation.proceed(ReflectiveMethodInvocation.java:179) [spring-aop-4.3.10.RELEASE.jar:4.3.10.RELEASE]
	at org.springframework.transaction.interceptor.TransactionInterceptor$1.proceedWithInvocation(TransactionInterceptor.java:99) [spring-tx-4.3.10.RELEASE.jar:4.3.10.RELEASE]
	at org.springframework.transaction.interceptor.TransactionAspectSupport.invokeWithinTransaction(TransactionAspectSupport.java:282) [spring-tx-4.3.10.RELEASE.jar:4.3.10.RELEASE]
	at org.springframework.transaction.interceptor.TransactionInterceptor.invoke(TransactionInterceptor.java:96) [spring-tx-4.3.10.RELEASE.jar:4.3.10.RELEASE]
	at org.springframework.aop.framework.ReflectiveMethodInvocation.proceed(ReflectiveMethodInvocation.java:179) [spring-aop-4.3.10.RELEASE.jar:4.3.10.RELEASE]
	at org.springframework.aop.framework.JdkDynamicAopProxy.invoke(JdkDynamicAopProxy.java:213) [spring-aop-4.3.10.RELEASE.jar:4.3.10.RELEASE]
	at com.sun.proxy.$Proxy34.getGroupListByFacultyAndEduLevel(Unknown Source) [?:?]
	at by.bsac.timetable.service.impl.GroupServiceImpl.getGroupListByFacultyAndEduLevel(GroupServiceImpl.java:91) [classes/:?]
	at by.bsac.timetable.command.impl.get.GetGroupListByFacultyAndEduLevel.execute(GetGroupListByFacultyAndEduLevel.java:29) [classes/:?]
	at by.bsac.timetable.command.util.CommandFacade.executeCommand(CommandFacade.java:28) [classes/:?]
	at by.bsac.timetable.command.util.CommandFacade.getGenericList(CommandFacade.java:45) [classes/:?]
	at by.bsac.timetable.command.util.CommandFacade.getGroupListByFacultyAndEduLevel(CommandFacade.java:106) [classes/:?]
	at by.bsac.timetable.view.util.FormInitializer.initGroupComboBox(FormInitializer.java:260) [classes/:?]
	at by.bsac.timetable.view.util.FormInitializer.initMainForm(FormInitializer.java:56) [classes/:?]
	at by.bsac.timetable.view.MainForm.showWindow(MainForm.java:341) [classes/:?]
	at by.bsac.timetable.view.MainForm.access$0(MainForm.java:333) [classes/:?]
	at by.bsac.timetable.view.MainForm$MainFormWindowListener.windowOpened(MainForm.java:406) [classes/:?]
	at java.awt.Window.processWindowEvent(Window.java:2051) [?:1.8.0_112]
	at javax.swing.JFrame.processWindowEvent(JFrame.java:305) [?:1.8.0_112]
	at java.awt.Window.processEvent(Window.java:2013) [?:1.8.0_112]
	at java.awt.Component.dispatchEventImpl(Component.java:4889) [?:1.8.0_112]
	at java.awt.Container.dispatchEventImpl(Container.java:2294) [?:1.8.0_112]
	at java.awt.Window.dispatchEventImpl(Window.java:2746) [?:1.8.0_112]
	at java.awt.Component.dispatchEvent(Component.java:4711) [?:1.8.0_112]
	at java.awt.EventQueue.dispatchEventImpl(EventQueue.java:758) [?:1.8.0_112]
	at java.awt.EventQueue.access$500(EventQueue.java:97) [?:1.8.0_112]
	at java.awt.EventQueue$3.run(EventQueue.java:709) [?:1.8.0_112]
	at java.awt.EventQueue$3.run(EventQueue.java:703) [?:1.8.0_112]
	at java.security.AccessController.doPrivileged(Native Method) ~[?:1.8.0_112]
	at java.security.ProtectionDomain$JavaSecurityAccessImpl.doIntersectionPrivilege(ProtectionDomain.java:80) [?:1.8.0_112]
	at java.security.ProtectionDomain$JavaSecurityAccessImpl.doIntersectionPrivilege(ProtectionDomain.java:90) [?:1.8.0_112]
	at java.awt.EventQueue$4.run(EventQueue.java:731) [?:1.8.0_112]
	at java.awt.EventQueue$4.run(EventQueue.java:729) [?:1.8.0_112]
	at java.security.AccessController.doPrivileged(Native Method) ~[?:1.8.0_112]
	at java.security.ProtectionDomain$JavaSecurityAccessImpl.doIntersectionPrivilege(ProtectionDomain.java:80) [?:1.8.0_112]
	at java.awt.EventQueue.dispatchEvent(EventQueue.java:728) [?:1.8.0_112]
	at java.awt.EventDispatchThread.pumpOneEventForFilters(EventDispatchThread.java:201) [?:1.8.0_112]
	at java.awt.EventDispatchThread.pumpEventsForFilter(EventDispatchThread.java:116) [?:1.8.0_112]
	at java.awt.EventDispatchThread.pumpEventsForHierarchy(EventDispatchThread.java:105) [?:1.8.0_112]
	at java.awt.EventDispatchThread.pumpEvents(EventDispatchThread.java:101) [?:1.8.0_112]
	at java.awt.EventDispatchThread.pumpEvents(EventDispatchThread.java:93) [?:1.8.0_112]
	at java.awt.EventDispatchThread.run(EventDispatchThread.java:82) [?:1.8.0_112]
Caused by: org.hibernate.exception.SQLGrammarException: could not extract ResultSet
	at org.hibernate.exception.internal.SQLExceptionTypeDelegate.convert(SQLExceptionTypeDelegate.java:80) ~[hibernate-core-4.3.11.Final.jar:4.3.11.Final]
	at org.hibernate.exception.internal.StandardSQLExceptionConverter.convert(StandardSQLExceptionConverter.java:49) ~[hibernate-core-4.3.11.Final.jar:4.3.11.Final]
	at org.hibernate.engine.jdbc.spi.SqlExceptionHelper.convert(SqlExceptionHelper.java:126) ~[hibernate-core-4.3.11.Final.jar:4.3.11.Final]
	at org.hibernate.engine.jdbc.spi.SqlExceptionHelper.convert(SqlExceptionHelper.java:112) ~[hibernate-core-4.3.11.Final.jar:4.3.11.Final]
	at org.hibernate.engine.jdbc.internal.ResultSetReturnImpl.extract(ResultSetReturnImpl.java:91) ~[hibernate-core-4.3.11.Final.jar:4.3.11.Final]
	at org.hibernate.loader.Loader.getResultSet(Loader.java:2066) ~[hibernate-core-4.3.11.Final.jar:4.3.11.Final]
	at org.hibernate.loader.Loader.executeQueryStatement(Loader.java:1863) ~[hibernate-core-4.3.11.Final.jar:4.3.11.Final]
	at org.hibernate.loader.Loader.executeQueryStatement(Loader.java:1839) ~[hibernate-core-4.3.11.Final.jar:4.3.11.Final]
	at org.hibernate.loader.Loader.doQuery(Loader.java:910) ~[hibernate-core-4.3.11.Final.jar:4.3.11.Final]
	at org.hibernate.loader.Loader.doQueryAndInitializeNonLazyCollections(Loader.java:355) ~[hibernate-core-4.3.11.Final.jar:4.3.11.Final]
	at org.hibernate.loader.Loader.doList(Loader.java:2554) ~[hibernate-core-4.3.11.Final.jar:4.3.11.Final]
	at org.hibernate.loader.Loader.doList(Loader.java:2540) ~[hibernate-core-4.3.11.Final.jar:4.3.11.Final]
	at org.hibernate.loader.Loader.listIgnoreQueryCache(Loader.java:2370) ~[hibernate-core-4.3.11.Final.jar:4.3.11.Final]
	at org.hibernate.loader.Loader.list(Loader.java:2365) ~[hibernate-core-4.3.11.Final.jar:4.3.11.Final]
	at org.hibernate.loader.hql.QueryLoader.list(QueryLoader.java:497) ~[hibernate-core-4.3.11.Final.jar:4.3.11.Final]
	at org.hibernate.hql.internal.ast.QueryTranslatorImpl.list(QueryTranslatorImpl.java:387) ~[hibernate-core-4.3.11.Final.jar:4.3.11.Final]
	at org.hibernate.engine.query.spi.HQLQueryPlan.performList(HQLQueryPlan.java:236) ~[hibernate-core-4.3.11.Final.jar:4.3.11.Final]
	at org.hibernate.internal.SessionImpl.list(SessionImpl.java:1300) ~[hibernate-core-4.3.11.Final.jar:4.3.11.Final]
	at org.hibernate.internal.QueryImpl.list(QueryImpl.java:103) ~[hibernate-core-4.3.11.Final.jar:4.3.11.Final]
	at org.hibernate.jpa.internal.QueryImpl.list(QueryImpl.java:573) ~[hibernate-entitymanager-4.3.11.Final.jar:4.3.11.Final]
	at org.hibernate.jpa.internal.QueryImpl.getResultList(QueryImpl.java:449) ~[hibernate-entitymanager-4.3.11.Final.jar:4.3.11.Final]
	... 51 more
Caused by: com.mysql.jdbc.exceptions.jdbc4.MySQLSyntaxErrorException: You have an error in your SQL syntax; check the manual that corresponds to your MySQL server version for the right syntax to use near 'group group0_ where group0_.id_faculty=6 and group0_.edu_level=1' at line 1
	at sun.reflect.NativeConstructorAccessorImpl.newInstance0(Native Method) ~[?:1.8.0_112]
	at sun.reflect.NativeConstructorAccessorImpl.newInstance(NativeConstructorAccessorImpl.java:62) ~[?:1.8.0_112]
	at sun.reflect.DelegatingConstructorAccessorImpl.newInstance(DelegatingConstructorAccessorImpl.java:45) ~[?:1.8.0_112]
	at java.lang.reflect.Constructor.newInstance(Constructor.java:423) ~[?:1.8.0_112]
	at com.mysql.jdbc.Util.handleNewInstance(Util.java:411) ~[mysql-connector-java-5.1.23.jar:?]
	at com.mysql.jdbc.Util.getInstance(Util.java:386) ~[mysql-connector-java-5.1.23.jar:?]
	at com.mysql.jdbc.SQLError.createSQLException(SQLError.java:1053) ~[mysql-connector-java-5.1.23.jar:?]
	at com.mysql.jdbc.MysqlIO.checkErrorPacket(MysqlIO.java:4120) ~[mysql-connector-java-5.1.23.jar:?]
	at com.mysql.jdbc.MysqlIO.checkErrorPacket(MysqlIO.java:4052) ~[mysql-connector-java-5.1.23.jar:?]
	at com.mysql.jdbc.MysqlIO.sendCommand(MysqlIO.java:2503) ~[mysql-connector-java-5.1.23.jar:?]
	at com.mysql.jdbc.MysqlIO.sqlQueryDirect(MysqlIO.java:2664) ~[mysql-connector-java-5.1.23.jar:?]
	at com.mysql.jdbc.ConnectionImpl.execSQL(ConnectionImpl.java:2794) ~[mysql-connector-java-5.1.23.jar:?]
	at com.mysql.jdbc.PreparedStatement.executeInternal(PreparedStatement.java:2155) ~[mysql-connector-java-5.1.23.jar:?]
	at com.mysql.jdbc.PreparedStatement.executeQuery(PreparedStatement.java:2322) ~[mysql-connector-java-5.1.23.jar:?]
	at org.hibernate.engine.jdbc.internal.ResultSetReturnImpl.extract(ResultSetReturnImpl.java:82) ~[hibernate-core-4.3.11.Final.jar:4.3.11.Final]
	at org.hibernate.loader.Loader.getResultSet(Loader.java:2066) ~[hibernate-core-4.3.11.Final.jar:4.3.11.Final]
	at org.hibernate.loader.Loader.executeQueryStatement(Loader.java:1863) ~[hibernate-core-4.3.11.Final.jar:4.3.11.Final]
	at org.hibernate.loader.Loader.executeQueryStatement(Loader.java:1839) ~[hibernate-core-4.3.11.Final.jar:4.3.11.Final]
	at org.hibernate.loader.Loader.doQuery(Loader.java:910) ~[hibernate-core-4.3.11.Final.jar:4.3.11.Final]
	at org.hibernate.loader.Loader.doQueryAndInitializeNonLazyCollections(Loader.java:355) ~[hibernate-core-4.3.11.Final.jar:4.3.11.Final]
	at org.hibernate.loader.Loader.doList(Loader.java:2554) ~[hibernate-core-4.3.11.Final.jar:4.3.11.Final]
	at org.hibernate.loader.Loader.doList(Loader.java:2540) ~[hibernate-core-4.3.11.Final.jar:4.3.11.Final]
	at org.hibernate.loader.Loader.listIgnoreQueryCache(Loader.java:2370) ~[hibernate-core-4.3.11.Final.jar:4.3.11.Final]
	at org.hibernate.loader.Loader.list(Loader.java:2365) ~[hibernate-core-4.3.11.Final.jar:4.3.11.Final]
	at org.hibernate.loader.hql.QueryLoader.list(QueryLoader.java:497) ~[hibernate-core-4.3.11.Final.jar:4.3.11.Final]
	at org.hibernate.hql.internal.ast.QueryTranslatorImpl.list(QueryTranslatorImpl.java:387) ~[hibernate-core-4.3.11.Final.jar:4.3.11.Final]
	at org.hibernate.engine.query.spi.HQLQueryPlan.performList(HQLQueryPlan.java:236) ~[hibernate-core-4.3.11.Final.jar:4.3.11.Final]
	at org.hibernate.internal.SessionImpl.list(SessionImpl.java:1300) ~[hibernate-core-4.3.11.Final.jar:4.3.11.Final]
	at org.hibernate.internal.QueryImpl.list(QueryImpl.java:103) ~[hibernate-core-4.3.11.Final.jar:4.3.11.Final]
	at org.hibernate.jpa.internal.QueryImpl.list(QueryImpl.java:573) ~[hibernate-entitymanager-4.3.11.Final.jar:4.3.11.Final]
	at org.hibernate.jpa.internal.QueryImpl.getResultList(QueryImpl.java:449) ~[hibernate-entitymanager-4.3.11.Final.jar:4.3.11.Final]
	... 51 more
