2017-08-15T21:33:21,633 [main] DEBUG secure.spi.JaccIntegrator - Skipping JACC integration as it was not enabled
2017-08-15T21:33:21,669 [main] DEBUG hibernate.internal.SessionFactoryImpl - Instantiated session factory
2017-08-15T21:33:21,781 [main] INFO schema.internal.SchemaCreatorImpl - HHH000476: Executing import script 'org.hibernate.tool.schema.internal.exec.ScriptSourceInputNonExistentImpl@67ab1c47'
2017-08-15T21:33:21,785 [main] DEBUG platform.internal.JtaPlatformInitiator - No JtaPlatform was specified, checking resolver
2017-08-15T21:33:21,788 [main] DEBUG platform.internal.JtaPlatformResolverInitiator - No JtaPlatformResolver was specified, using default [org.hibernate.engine.transaction.jta.platform.internal.StandardJtaPlatformResolver]
2017-08-15T21:33:21,808 [main] DEBUG platform.internal.StandardJtaPlatformResolver - Could not resolve JtaPlatform, using default [org.hibernate.engine.transaction.jta.platform.internal.NoJtaPlatform]
2017-08-15T21:33:21,811 [main] DEBUG query.spi.NamedQueryRepository - Checking 0 named HQL queries
2017-08-15T21:33:21,811 [main] DEBUG query.spi.NamedQueryRepository - Checking 0 named SQL queries
2017-08-15T21:33:21,816 [main] DEBUG hibernate.internal.SessionFactoryRegistry - Initializing SessionFactoryRegistry : org.hibernate.internal.SessionFactoryRegistry@53812a9b
2017-08-15T21:33:21,820 [main] DEBUG hibernate.internal.SessionFactoryRegistry - Registering SessionFactory: 32ff404c-0ee0-43a8-be5d-fb0e00c83e38 (<unnamed>)
2017-08-15T21:33:21,821 [main] DEBUG hibernate.internal.SessionFactoryRegistry - Not binding SessionFactory to JNDI, no JNDI name configured
2017-08-15T21:33:21,821 [main] DEBUG integrator.internal.IntegratorServiceImpl - Adding Integrator [org.hibernate.cfg.beanvalidation.BeanValidationIntegrator].
2017-08-15T21:33:21,821 [main] DEBUG integrator.internal.IntegratorServiceImpl - Adding Integrator [org.hibernate.secure.spi.JaccIntegrator].
2017-08-15T21:33:21,822 [main] DEBUG integrator.internal.IntegratorServiceImpl - Adding Integrator [org.hibernate.cache.internal.CollectionCacheInvalidator].
2017-08-15T21:33:21,835 [main] DEBUG internal.stax.LocalXmlResourceResolver - Interpreting public/system identifier : [null] - [hibernate-configuration-3.0.dtd]
2017-08-15T21:33:21,837 [main] DEBUG cfgxml.internal.JaxbCfgProcessor - cfg.xml document did not define namespaces; wrapping in custom event reader to introduce namespace information
2017-08-15T21:33:21,933 [main] DEBUG integrator.internal.IntegratorServiceImpl - Adding Integrator [org.hibernate.cfg.beanvalidation.BeanValidationIntegrator].
2017-08-15T21:33:21,933 [main] DEBUG integrator.internal.IntegratorServiceImpl - Adding Integrator [org.hibernate.secure.spi.JaccIntegrator].
2017-08-15T21:33:21,934 [main] DEBUG integrator.internal.IntegratorServiceImpl - Adding Integrator [org.hibernate.cache.internal.CollectionCacheInvalidator].
2017-08-15T21:33:21,948 [main] DEBUG service.spi.ServiceBinding - Overriding existing service binding [org.hibernate.secure.spi.JaccService]
2017-08-15T21:33:21,949 [main] DEBUG hibernate.cfg.Configuration - Building session factory using provided StandardServiceRegistry
2017-08-15T21:33:21,950 [main] DEBUG cache.internal.RegionFactoryInitiator - Cache region factory : org.hibernate.cache.internal.NoCachingRegionFactory
2017-08-15T21:33:21,959 [main] DEBUG hibernate.type.BasicTypeRegistry - Adding type registration boolean -> org.hibernate.type.BooleanType@3738449f
2017-08-15T21:33:21,959 [main] DEBUG hibernate.type.BasicTypeRegistry - Adding type registration boolean -> org.hibernate.type.BooleanType@3738449f
2017-08-15T21:33:21,960 [main] DEBUG hibernate.type.BasicTypeRegistry - Adding type registration java.lang.Boolean -> org.hibernate.type.BooleanType@3738449f
2017-08-15T21:33:21,960 [main] DEBUG hibernate.type.BasicTypeRegistry - Adding type registration numeric_boolean -> org.hibernate.type.NumericBooleanType@1eb5174b
2017-08-15T21:33:21,962 [main] DEBUG hibernate.type.BasicTypeRegistry - Adding type registration true_false -> org.hibernate.type.TrueFalseType@2bfc268b
2017-08-15T21:33:21,962 [main] DEBUG hibernate.type.BasicTypeRegistry - Adding type registration yes_no -> org.hibernate.type.YesNoType@41e1e210
2017-08-15T21:33:21,964 [main] DEBUG hibernate.type.BasicTypeRegistry - Adding type registration byte -> org.hibernate.type.ByteType@272ed83b
2017-08-15T21:33:21,964 [main] DEBUG hibernate.type.BasicTypeRegistry - Adding type registration byte -> org.hibernate.type.ByteType@272ed83b
2017-08-15T21:33:21,965 [main] DEBUG hibernate.type.BasicTypeRegistry - Adding type registration java.lang.Byte -> org.hibernate.type.ByteType@272ed83b
2017-08-15T21:33:21,965 [main] DEBUG hibernate.type.BasicTypeRegistry - Adding type registration character -> org.hibernate.type.CharacterType@66498326
2017-08-15T21:33:21,968 [main] DEBUG hibernate.type.BasicTypeRegistry - Adding type registration char -> org.hibernate.type.CharacterType@66498326
2017-08-15T21:33:21,969 [main] DEBUG hibernate.type.BasicTypeRegistry - Adding type registration java.lang.Character -> org.hibernate.type.CharacterType@66498326
2017-08-15T21:33:21,970 [main] DEBUG hibernate.type.BasicTypeRegistry - Adding type registration short -> org.hibernate.type.ShortType@1613674b
2017-08-15T21:33:21,970 [main] DEBUG hibernate.type.BasicTypeRegistry - Adding type registration short -> org.hibernate.type.ShortType@1613674b
2017-08-15T21:33:21,970 [main] DEBUG hibernate.type.BasicTypeRegistry - Adding type registration java.lang.Short -> org.hibernate.type.ShortType@1613674b
2017-08-15T21:33:21,971 [main] DEBUG hibernate.type.BasicTypeRegistry - Adding type registration integer -> org.hibernate.type.IntegerType@34f5090e
2017-08-15T21:33:21,971 [main] DEBUG hibernate.type.BasicTypeRegistry - Adding type registration int -> org.hibernate.type.IntegerType@34f5090e
2017-08-15T21:33:21,971 [main] DEBUG hibernate.type.BasicTypeRegistry - Adding type registration java.lang.Integer -> org.hibernate.type.IntegerType@34f5090e
2017-08-15T21:33:21,971 [main] DEBUG hibernate.type.BasicTypeRegistry - Adding type registration long -> org.hibernate.type.LongType@702b8b12
2017-08-15T21:33:21,972 [main] DEBUG hibernate.type.BasicTypeRegistry - Adding type registration long -> org.hibernate.type.LongType@702b8b12
2017-08-15T21:33:21,972 [main] DEBUG hibernate.type.BasicTypeRegistry - Adding type registration java.lang.Long -> org.hibernate.type.LongType@702b8b12
2017-08-15T21:33:21,972 [main] DEBUG hibernate.type.BasicTypeRegistry - Adding type registration float -> org.hibernate.type.FloatType@48974e45
2017-08-15T21:33:21,972 [main] DEBUG hibernate.type.BasicTypeRegistry - Adding type registration float -> org.hibernate.type.FloatType@48974e45
2017-08-15T21:33:21,973 [main] DEBUG hibernate.type.BasicTypeRegistry - Adding type registration java.lang.Float -> org.hibernate.type.FloatType@48974e45
2017-08-15T21:33:21,973 [main] DEBUG hibernate.type.BasicTypeRegistry - Adding type registration double -> org.hibernate.type.DoubleType@20f5239f
2017-08-15T21:33:21,973 [main] DEBUG hibernate.type.BasicTypeRegistry - Adding type registration double -> org.hibernate.type.DoubleType@20f5239f
2017-08-15T21:33:21,973 [main] DEBUG hibernate.type.BasicTypeRegistry - Adding type registration java.lang.Double -> org.hibernate.type.DoubleType@20f5239f
2017-08-15T21:33:21,973 [main] DEBUG hibernate.type.BasicTypeRegistry - Adding type registration big_decimal -> org.hibernate.type.BigDecimalType@446293d
2017-08-15T21:33:21,974 [main] DEBUG hibernate.type.BasicTypeRegistry - Adding type registration java.math.BigDecimal -> org.hibernate.type.BigDecimalType@446293d
2017-08-15T21:33:21,974 [main] DEBUG hibernate.type.BasicTypeRegistry - Adding type registration big_integer -> org.hibernate.type.BigIntegerType@15aab8c6
2017-08-15T21:33:21,974 [main] DEBUG hibernate.type.BasicTypeRegistry - Adding type registration java.math.BigInteger -> org.hibernate.type.BigIntegerType@15aab8c6
2017-08-15T21:33:21,974 [main] DEBUG hibernate.type.BasicTypeRegistry - Adding type registration string -> org.hibernate.type.StringType@6babf3bf
2017-08-15T21:33:21,975 [main] DEBUG hibernate.type.BasicTypeRegistry - Adding type registration java.lang.String -> org.hibernate.type.StringType@6babf3bf
2017-08-15T21:33:21,975 [main] DEBUG hibernate.type.BasicTypeRegistry - Adding type registration nstring -> org.hibernate.type.StringNVarcharType@3fb1549b
2017-08-15T21:33:21,975 [main] DEBUG hibernate.type.BasicTypeRegistry - Adding type registration ncharacter -> org.hibernate.type.CharacterNCharType@2053d869
2017-08-15T21:33:21,976 [main] DEBUG hibernate.type.BasicTypeRegistry - Adding type registration url -> org.hibernate.type.UrlType@3c73951
2017-08-15T21:33:21,976 [main] DEBUG hibernate.type.BasicTypeRegistry - Adding type registration java.net.URL -> org.hibernate.type.UrlType@3c73951
2017-08-15T21:33:21,976 [main] DEBUG hibernate.type.BasicTypeRegistry - Adding type registration Duration -> org.hibernate.type.DurationType@10d307f1
2017-08-15T21:33:21,976 [main] DEBUG hibernate.type.BasicTypeRegistry - Adding type registration java.time.Duration -> org.hibernate.type.DurationType@10d307f1
2017-08-15T21:33:21,977 [main] DEBUG hibernate.type.BasicTypeRegistry - Adding type registration Instant -> org.hibernate.type.InstantType@3bf9ce3e
2017-08-15T21:33:21,977 [main] DEBUG hibernate.type.BasicTypeRegistry - Adding type registration java.time.Instant -> org.hibernate.type.InstantType@3bf9ce3e
2017-08-15T21:33:21,977 [main] DEBUG hibernate.type.BasicTypeRegistry - Adding type registration LocalDateTime -> org.hibernate.type.LocalDateTimeType@53fdffa1
2017-08-15T21:33:21,978 [main] DEBUG hibernate.type.BasicTypeRegistry - Adding type registration java.time.LocalDateTime -> org.hibernate.type.LocalDateTimeType@53fdffa1
2017-08-15T21:33:21,981 [main] DEBUG hibernate.type.BasicTypeRegistry - Adding type registration LocalDate -> org.hibernate.type.LocalDateType@47faa49c
2017-08-15T21:33:21,982 [main] DEBUG hibernate.type.BasicTypeRegistry - Adding type registration java.time.LocalDate -> org.hibernate.type.LocalDateType@47faa49c
2017-08-15T21:33:21,983 [main] DEBUG hibernate.type.BasicTypeRegistry - Adding type registration LocalTime -> org.hibernate.type.LocalTimeType@2b91004a
2017-08-15T21:33:21,983 [main] DEBUG hibernate.type.BasicTypeRegistry - Adding type registration java.time.LocalTime -> org.hibernate.type.LocalTimeType@2b91004a
2017-08-15T21:33:21,987 [main] DEBUG hibernate.type.BasicTypeRegistry - Adding type registration OffsetDateTime -> org.hibernate.type.OffsetDateTimeType@7205765b
2017-08-15T21:33:21,988 [main] DEBUG hibernate.type.BasicTypeRegistry - Adding type registration java.time.OffsetDateTime -> org.hibernate.type.OffsetDateTimeType@7205765b
2017-08-15T21:33:21,988 [main] DEBUG hibernate.type.BasicTypeRegistry - Adding type registration OffsetTime -> org.hibernate.type.OffsetTimeType@3f6b0be5
2017-08-15T21:33:21,989 [main] DEBUG hibernate.type.BasicTypeRegistry - Adding type registration java.time.OffsetTime -> org.hibernate.type.OffsetTimeType@3f6b0be5
2017-08-15T21:33:21,992 [main] DEBUG hibernate.type.BasicTypeRegistry - Adding type registration ZonedDateTime -> org.hibernate.type.ZonedDateTimeType@543588e6
2017-08-15T21:33:21,993 [main] DEBUG hibernate.type.BasicTypeRegistry - Adding type registration java.time.ZonedDateTime -> org.hibernate.type.ZonedDateTimeType@543588e6
2017-08-15T21:33:21,994 [main] DEBUG hibernate.type.BasicTypeRegistry - Adding type registration date -> org.hibernate.type.DateType@7bd4937b
2017-08-15T21:33:21,994 [main] DEBUG hibernate.type.BasicTypeRegistry - Adding type registration java.sql.Date -> org.hibernate.type.DateType@7bd4937b
2017-08-15T21:33:21,994 [main] DEBUG hibernate.type.BasicTypeRegistry - Adding type registration time -> org.hibernate.type.TimeType@741a8937
2017-08-15T21:33:21,994 [main] DEBUG hibernate.type.BasicTypeRegistry - Adding type registration java.sql.Time -> org.hibernate.type.TimeType@741a8937
2017-08-15T21:33:21,995 [main] DEBUG hibernate.type.BasicTypeRegistry - Adding type registration timestamp -> org.hibernate.type.TimestampType@bae7dc0
2017-08-15T21:33:21,995 [main] DEBUG hibernate.type.BasicTypeRegistry - Adding type registration java.sql.Timestamp -> org.hibernate.type.TimestampType@bae7dc0
2017-08-15T21:33:21,995 [main] DEBUG hibernate.type.BasicTypeRegistry - Adding type registration java.util.Date -> org.hibernate.type.TimestampType@bae7dc0
2017-08-15T21:33:21,995 [main] DEBUG hibernate.type.BasicTypeRegistry - Adding type registration dbtimestamp -> org.hibernate.type.DbTimestampType@1b2abca6
2017-08-15T21:33:21,996 [main] DEBUG hibernate.type.BasicTypeRegistry - Adding type registration calendar -> org.hibernate.type.CalendarType@342c38f8
2017-08-15T21:33:21,997 [main] DEBUG hibernate.type.BasicTypeRegistry - Adding type registration java.util.Calendar -> org.hibernate.type.CalendarType@342c38f8
2017-08-15T21:33:21,997 [main] DEBUG hibernate.type.BasicTypeRegistry - Adding type registration java.util.GregorianCalendar -> org.hibernate.type.CalendarType@342c38f8
2017-08-15T21:33:21,998 [main] DEBUG hibernate.type.BasicTypeRegistry - Adding type registration calendar_date -> org.hibernate.type.CalendarDateType@485966cc
2017-08-15T21:33:21,998 [main] DEBUG hibernate.type.BasicTypeRegistry - Adding type registration locale -> org.hibernate.type.LocaleType@7c711375
2017-08-15T21:33:21,998 [main] DEBUG hibernate.type.BasicTypeRegistry - Adding type registration java.util.Locale -> org.hibernate.type.LocaleType@7c711375
2017-08-15T21:33:21,998 [main] DEBUG hibernate.type.BasicTypeRegistry - Adding type registration currency -> org.hibernate.type.CurrencyType@6e0f5f7f
2017-08-15T21:33:21,998 [main] DEBUG hibernate.type.BasicTypeRegistry - Adding type registration java.util.Currency -> org.hibernate.type.CurrencyType@6e0f5f7f
2017-08-15T21:33:21,998 [main] DEBUG hibernate.type.BasicTypeRegistry - Adding type registration timezone -> org.hibernate.type.TimeZoneType@3c7f66c4
2017-08-15T21:33:21,999 [main] DEBUG hibernate.type.BasicTypeRegistry - Adding type registration java.util.TimeZone -> org.hibernate.type.TimeZoneType@3c7f66c4
2017-08-15T21:33:21,999 [main] DEBUG hibernate.type.BasicTypeRegistry - Adding type registration class -> org.hibernate.type.ClassType@ffaa6af
2017-08-15T21:33:21,999 [main] DEBUG hibernate.type.BasicTypeRegistry - Adding type registration java.lang.Class -> org.hibernate.type.ClassType@ffaa6af
2017-08-15T21:33:21,999 [main] DEBUG hibernate.type.BasicTypeRegistry - Adding type registration uuid-binary -> org.hibernate.type.UUIDBinaryType@32502377
2017-08-15T21:33:21,999 [main] DEBUG hibernate.type.BasicTypeRegistry - Adding type registration java.util.UUID -> org.hibernate.type.UUIDBinaryType@32502377
2017-08-15T21:33:22,000 [main] DEBUG hibernate.type.BasicTypeRegistry - Adding type registration uuid-char -> org.hibernate.type.UUIDCharType@66f57048
2017-08-15T21:33:22,000 [main] DEBUG hibernate.type.BasicTypeRegistry - Adding type registration binary -> org.hibernate.type.BinaryType@437da279
2017-08-15T21:33:22,000 [main] DEBUG hibernate.type.BasicTypeRegistry - Adding type registration byte[] -> org.hibernate.type.BinaryType@437da279
2017-08-15T21:33:22,000 [main] DEBUG hibernate.type.BasicTypeRegistry - Adding type registration [B -> org.hibernate.type.BinaryType@437da279
2017-08-15T21:33:22,000 [main] DEBUG hibernate.type.BasicTypeRegistry - Adding type registration wrapper-binary -> org.hibernate.type.WrapperBinaryType@290222c1
2017-08-15T21:33:22,000 [main] DEBUG hibernate.type.BasicTypeRegistry - Adding type registration Byte[] -> org.hibernate.type.WrapperBinaryType@290222c1
2017-08-15T21:33:22,001 [main] DEBUG hibernate.type.BasicTypeRegistry - Adding type registration [Ljava.lang.Byte; -> org.hibernate.type.WrapperBinaryType@290222c1
2017-08-15T21:33:22,001 [main] DEBUG hibernate.type.BasicTypeRegistry - Adding type registration row_version -> org.hibernate.type.RowVersionType@27462a88
2017-08-15T21:33:22,001 [main] DEBUG hibernate.type.BasicTypeRegistry - Adding type registration image -> org.hibernate.type.ImageType@201a4587
2017-08-15T21:33:22,001 [main] DEBUG hibernate.type.BasicTypeRegistry - Adding type registration characters -> org.hibernate.type.CharArrayType@47d9a273
2017-08-15T21:33:22,001 [main] DEBUG hibernate.type.BasicTypeRegistry - Adding type registration char[] -> org.hibernate.type.CharArrayType@47d9a273
2017-08-15T21:33:22,002 [main] DEBUG hibernate.type.BasicTypeRegistry - Adding type registration [C -> org.hibernate.type.CharArrayType@47d9a273
2017-08-15T21:33:22,002 [main] DEBUG hibernate.type.BasicTypeRegistry - Adding type registration wrapper-characters -> org.hibernate.type.CharacterArrayType@2dc54ad4
2017-08-15T21:33:22,002 [main] DEBUG hibernate.type.BasicTypeRegistry - Adding type registration [Ljava.lang.Character; -> org.hibernate.type.CharacterArrayType@2dc54ad4
2017-08-15T21:33:22,002 [main] DEBUG hibernate.type.BasicTypeRegistry - Adding type registration Character[] -> org.hibernate.type.CharacterArrayType@2dc54ad4
2017-08-15T21:33:22,003 [main] DEBUG hibernate.type.BasicTypeRegistry - Adding type registration text -> org.hibernate.type.TextType@428640fa
2017-08-15T21:33:22,003 [main] DEBUG hibernate.type.BasicTypeRegistry - Adding type registration ntext -> org.hibernate.type.NTextType@4efac082
2017-08-15T21:33:22,003 [main] DEBUG hibernate.type.BasicTypeRegistry - Adding type registration blob -> org.hibernate.type.BlobType@121314f7
2017-08-15T21:33:22,003 [main] DEBUG hibernate.type.BasicTypeRegistry - Adding type registration java.sql.Blob -> org.hibernate.type.BlobType@121314f7
2017-08-15T21:33:22,003 [main] DEBUG hibernate.type.BasicTypeRegistry - Adding type registration materialized_blob -> org.hibernate.type.MaterializedBlobType@576d5deb
2017-08-15T21:33:22,004 [main] DEBUG hibernate.type.BasicTypeRegistry - Adding type registration clob -> org.hibernate.type.ClobType@41a0aa7d
2017-08-15T21:33:22,004 [main] DEBUG hibernate.type.BasicTypeRegistry - Adding type registration java.sql.Clob -> org.hibernate.type.ClobType@41a0aa7d
2017-08-15T21:33:22,004 [main] DEBUG hibernate.type.BasicTypeRegistry - Adding type registration nclob -> org.hibernate.type.NClobType@d86a6f
2017-08-15T21:33:22,004 [main] DEBUG hibernate.type.BasicTypeRegistry - Adding type registration java.sql.NClob -> org.hibernate.type.NClobType@d86a6f
2017-08-15T21:33:22,004 [main] DEBUG hibernate.type.BasicTypeRegistry - Adding type registration materialized_clob -> org.hibernate.type.MaterializedClobType@3646a422
2017-08-15T21:33:22,005 [main] DEBUG hibernate.type.BasicTypeRegistry - Adding type registration materialized_nclob -> org.hibernate.type.MaterializedNClobType@2e385cce
2017-08-15T21:33:22,005 [main] DEBUG hibernate.type.BasicTypeRegistry - Adding type registration serializable -> org.hibernate.type.SerializableType@26d9b808
2017-08-15T21:33:22,005 [main] DEBUG hibernate.type.BasicTypeRegistry - Adding type registration object -> org.hibernate.type.ObjectType@1530c739
2017-08-15T21:33:22,005 [main] DEBUG hibernate.type.BasicTypeRegistry - Adding type registration java.lang.Object -> org.hibernate.type.ObjectType@1530c739
2017-08-15T21:33:22,005 [main] DEBUG hibernate.type.BasicTypeRegistry - Adding type registration imm_date -> org.hibernate.type.AdaptedImmutableType@79da1ec0
2017-08-15T21:33:22,005 [main] DEBUG hibernate.type.BasicTypeRegistry - Adding type registration imm_time -> org.hibernate.type.AdaptedImmutableType@19fb8826
2017-08-15T21:33:22,006 [main] DEBUG hibernate.type.BasicTypeRegistry - Adding type registration imm_timestamp -> org.hibernate.type.AdaptedImmutableType@192d74fb
2017-08-15T21:33:22,006 [main] DEBUG hibernate.type.BasicTypeRegistry - Adding type registration imm_dbtimestamp -> org.hibernate.type.AdaptedImmutableType@4bef0fe3
2017-08-15T21:33:22,006 [main] DEBUG hibernate.type.BasicTypeRegistry - Adding type registration imm_calendar -> org.hibernate.type.AdaptedImmutableType@62ea3440
2017-08-15T21:33:22,006 [main] DEBUG hibernate.type.BasicTypeRegistry - Adding type registration imm_calendar_date -> org.hibernate.type.AdaptedImmutableType@27953a83
2017-08-15T21:33:22,007 [main] DEBUG hibernate.type.BasicTypeRegistry - Adding type registration imm_binary -> org.hibernate.type.AdaptedImmutableType@556d0826
2017-08-15T21:33:22,007 [main] DEBUG hibernate.type.BasicTypeRegistry - Adding type registration imm_serializable -> org.hibernate.type.AdaptedImmutableType@66ce957f
2017-08-15T21:33:22,007 [main] WARN orm.connections.pooling - HHH10001002: Using Hibernate built-in connection pool (not for production use!)
2017-08-15T21:33:22,008 [main] INFO orm.connections.pooling - HHH10001005: using driver [org.hsqldb.jdbcDriver] at URL [jdbc:hsqldb:mem:DBNAME]
2017-08-15T21:33:22,008 [main] INFO orm.connections.pooling - HHH10001001: Connection properties: {user=sa, password=}
2017-08-15T21:33:22,008 [main] INFO orm.connections.pooling - HHH10001003: Autocommit mode: false
2017-08-15T21:33:22,008 [main] DEBUG connections.internal.DriverManagerConnectionProviderImpl - Initializing Connection pool with 1 Connections
2017-08-15T21:33:22,009 [main] INFO connections.internal.DriverManagerConnectionProviderImpl - HHH000115: Hibernate connection pool size: 1 (min=1)
2017-08-15T21:33:22,010 [main] DEBUG env.internal.JdbcEnvironmentInitiator - Database ->
       name : HSQL Database Engine
    version : 2.4.0
      major : 2
      minor : 4
2017-08-15T21:33:22,011 [main] DEBUG env.internal.JdbcEnvironmentInitiator - Driver ->
       name : HSQL Database Engine Driver
    version : 2.4.0
      major : 2
      minor : 4
2017-08-15T21:33:22,011 [main] DEBUG env.internal.JdbcEnvironmentInitiator - JDBC version : 4.2
2017-08-15T21:33:22,011 [main] INFO hibernate.dialect.Dialect - HHH000400: Using dialect: org.hibernate.dialect.HSQLDialect
2017-08-15T21:33:22,016 [main] DEBUG env.spi.IdentifierHelperBuilder - JDBC driver metadata reported database stores quoted identifiers in neither upper, lower nor mixed case
2017-08-15T21:33:22,021 [main] DEBUG factory.internal.DefaultIdentifierGeneratorFactory - Registering IdentifierGenerator strategy [uuid2] -> [org.hibernate.id.UUIDGenerator]
2017-08-15T21:33:22,022 [main] DEBUG factory.internal.DefaultIdentifierGeneratorFactory - Registering IdentifierGenerator strategy [guid] -> [org.hibernate.id.GUIDGenerator]
2017-08-15T21:33:22,022 [main] DEBUG factory.internal.DefaultIdentifierGeneratorFactory - Registering IdentifierGenerator strategy [uuid] -> [org.hibernate.id.UUIDHexGenerator]
2017-08-15T21:33:22,022 [main] DEBUG factory.internal.DefaultIdentifierGeneratorFactory - Registering IdentifierGenerator strategy [uuid.hex] -> [org.hibernate.id.UUIDHexGenerator]
2017-08-15T21:33:22,022 [main] DEBUG factory.internal.DefaultIdentifierGeneratorFactory - Registering IdentifierGenerator strategy [assigned] -> [org.hibernate.id.Assigned]
2017-08-15T21:33:22,023 [main] DEBUG factory.internal.DefaultIdentifierGeneratorFactory - Registering IdentifierGenerator strategy [identity] -> [org.hibernate.id.IdentityGenerator]
2017-08-15T21:33:22,023 [main] DEBUG factory.internal.DefaultIdentifierGeneratorFactory - Registering IdentifierGenerator strategy [select] -> [org.hibernate.id.SelectGenerator]
2017-08-15T21:33:22,023 [main] DEBUG factory.internal.DefaultIdentifierGeneratorFactory - Registering IdentifierGenerator strategy [sequence] -> [org.hibernate.id.enhanced.SequenceStyleGenerator]
2017-08-15T21:33:22,023 [main] DEBUG factory.internal.DefaultIdentifierGeneratorFactory - Registering IdentifierGenerator strategy [seqhilo] -> [org.hibernate.id.SequenceHiLoGenerator]
2017-08-15T21:33:22,023 [main] DEBUG factory.internal.DefaultIdentifierGeneratorFactory - Registering IdentifierGenerator strategy [increment] -> [org.hibernate.id.IncrementGenerator]
2017-08-15T21:33:22,023 [main] DEBUG factory.internal.DefaultIdentifierGeneratorFactory - Registering IdentifierGenerator strategy [foreign] -> [org.hibernate.id.ForeignGenerator]
2017-08-15T21:33:22,024 [main] DEBUG factory.internal.DefaultIdentifierGeneratorFactory - Registering IdentifierGenerator strategy [sequence-identity] -> [org.hibernate.id.SequenceIdentityGenerator]
2017-08-15T21:33:22,024 [main] DEBUG factory.internal.DefaultIdentifierGeneratorFactory - Registering IdentifierGenerator strategy [enhanced-sequence] -> [org.hibernate.id.enhanced.SequenceStyleGenerator]
2017-08-15T21:33:22,024 [main] DEBUG factory.internal.DefaultIdentifierGeneratorFactory - Registering IdentifierGenerator strategy [enhanced-table] -> [org.hibernate.id.enhanced.TableGenerator]
2017-08-15T21:33:22,025 [main] DEBUG model.relational.Namespace - Created database namespace [logicalName=Name{catalog=null, schema=timetable}, physicalName=Name{catalog=null, schema=timetable}]
2017-08-15T21:33:22,032 [main] DEBUG hibernate.internal.SessionFactoryImpl - Building session factory
2017-08-15T21:33:22,032 [main] DEBUG hibernate.cfg.Settings - SessionFactory name : null
2017-08-15T21:33:22,033 [main] DEBUG hibernate.cfg.Settings - Automatic flush during beforeCompletion(): enabled
2017-08-15T21:33:22,033 [main] DEBUG hibernate.cfg.Settings - Automatic session close at end of transaction: disabled
2017-08-15T21:33:22,033 [main] DEBUG hibernate.cfg.Settings - Statistics: disabled
2017-08-15T21:33:22,033 [main] DEBUG hibernate.cfg.Settings - Deleted entity synthetic identifier rollback: disabled
2017-08-15T21:33:22,033 [main] DEBUG hibernate.cfg.Settings - Default entity-mode: pojo
2017-08-15T21:33:22,034 [main] DEBUG hibernate.cfg.Settings - Check Nullability in Core (should be disabled when Bean Validation is on): enabled
2017-08-15T21:33:22,034 [main] DEBUG hibernate.cfg.Settings - Allow initialization of lazy state outside session : disabled
2017-08-15T21:33:22,034 [main] DEBUG hibernate.cfg.Settings - Using BatchFetchStyle : LEGACY
2017-08-15T21:33:22,034 [main] DEBUG hibernate.cfg.Settings - Default batch fetch size: -1
2017-08-15T21:33:22,034 [main] DEBUG hibernate.cfg.Settings - Maximum outer join fetch depth: null
2017-08-15T21:33:22,035 [main] DEBUG hibernate.cfg.Settings - Default null ordering: NONE
2017-08-15T21:33:22,035 [main] DEBUG hibernate.cfg.Settings - Order SQL updates by primary key: disabled
2017-08-15T21:33:22,035 [main] DEBUG hibernate.cfg.Settings - Order SQL inserts for batching: disabled
2017-08-15T21:33:22,035 [main] DEBUG hibernate.cfg.Settings - multi-tenancy strategy : NONE
2017-08-15T21:33:22,035 [main] DEBUG hibernate.cfg.Settings - JTA Track by Thread: enabled
2017-08-15T21:33:22,035 [main] DEBUG hibernate.cfg.Settings - Query language substitutions: {}
2017-08-15T21:33:22,036 [main] DEBUG hibernate.cfg.Settings - JPA query language strict compliance: disabled
2017-08-15T21:33:22,036 [main] DEBUG hibernate.cfg.Settings - Named query checking : enabled
2017-08-15T21:33:22,037 [main] DEBUG hibernate.cfg.Settings - Second-level cache: disabled
2017-08-15T21:33:22,037 [main] DEBUG hibernate.cfg.Settings - Second-level query cache: disabled
2017-08-15T21:33:22,037 [main] DEBUG hibernate.cfg.Settings - Second-level query cache factory: org.hibernate.cache.internal.StandardQueryCacheFactory@5cde6747
2017-08-15T21:33:22,037 [main] DEBUG hibernate.cfg.Settings - Second-level cache region prefix: null
2017-08-15T21:33:22,037 [main] DEBUG hibernate.cfg.Settings - Optimize second-level cache for minimal puts: disabled
2017-08-15T21:33:22,038 [main] DEBUG hibernate.cfg.Settings - Structured second-level cache entries: disabled
2017-08-15T21:33:22,038 [main] DEBUG hibernate.cfg.Settings - Second-level cache direct-reference entries: disabled
2017-08-15T21:33:22,038 [main] DEBUG hibernate.cfg.Settings - Automatic eviction of collection cache: disabled
2017-08-15T21:33:22,038 [main] DEBUG hibernate.cfg.Settings - JDBC batch size: 15
2017-08-15T21:33:22,038 [main] DEBUG hibernate.cfg.Settings - JDBC batch updates for versioned data: enabled
2017-08-15T21:33:22,038 [main] DEBUG hibernate.cfg.Settings - Scrollable result sets: enabled
2017-08-15T21:33:22,039 [main] DEBUG hibernate.cfg.Settings - Wrap result sets: disabled
2017-08-15T21:33:22,039 [main] DEBUG hibernate.cfg.Settings - JDBC3 getGeneratedKeys(): enabled
2017-08-15T21:33:22,039 [main] DEBUG hibernate.cfg.Settings - JDBC result set fetch size: null
2017-08-15T21:33:22,039 [main] DEBUG hibernate.cfg.Settings - Connection release mode: AFTER_TRANSACTION
2017-08-15T21:33:22,039 [main] DEBUG hibernate.cfg.Settings - Generate SQL with comments: disabled
2017-08-15T21:33:22,044 [main] DEBUG hibernate.internal.SessionFactoryImpl - Session factory constructed with filter configurations : {}
2017-08-15T21:33:22,045 [main] DEBUG hibernate.internal.SessionFactoryImpl - Instantiating session factory with properties: {sun.desktop=windows, awt.toolkit=sun.awt.windows.WToolkit, dialect=org.hibernate.dialect.HSQLDialect, file.encoding.pkg=sun.io, java.specification.version=1.8, sun.cpu.isalist=amd64, sun.jnu.encoding=Cp1251, hibernate.dialect=org.hibernate.dialect.HSQLDialect, java.class.path=D:\work\java\tt\target\test-classes;D:\work\java\tt\target\classes;D:\work\java\timetable\jdatepicker-1.3.4.jar;D:\work\java\timetable\multiSpanCellTable.jar;C:\Users\hello\.m2\repository\org\hibernate\hibernate-core\5.2.10.Final\hibernate-core-5.2.10.Final.jar;C:\Users\hello\.m2\repository\org\jboss\logging\jboss-logging\3.3.0.Final\jboss-logging-3.3.0.Final.jar;C:\Users\hello\.m2\repository\org\hibernate\javax\persistence\hibernate-jpa-2.1-api\1.0.0.Final\hibernate-jpa-2.1-api-1.0.0.Final.jar;C:\Users\hello\.m2\repository\org\javassist\javassist\3.20.0-GA\javassist-3.20.0-GA.jar;C:\Users\hello\.m2\repository\antlr\antlr\2.7.7\antlr-2.7.7.jar;C:\Users\hello\.m2\repository\org\jboss\spec\javax\transaction\jboss-transaction-api_1.2_spec\1.0.1.Final\jboss-transaction-api_1.2_spec-1.0.1.Final.jar;C:\Users\hello\.m2\repository\org\jboss\jandex\2.0.3.Final\jandex-2.0.3.Final.jar;C:\Users\hello\.m2\repository\com\fasterxml\classmate\1.3.0\classmate-1.3.0.jar;C:\Users\hello\.m2\repository\dom4j\dom4j\1.6.1\dom4j-1.6.1.jar;C:\Users\hello\.m2\repository\org\hibernate\common\hibernate-commons-annotations\5.0.1.Final\hibernate-commons-annotations-5.0.1.Final.jar;C:\Users\hello\.m2\repository\org\hibernate\hibernate-entitymanager\5.2.10.Final\hibernate-entitymanager-5.2.10.Final.jar;C:\Users\hello\.m2\repository\net\bytebuddy\byte-buddy\1.6.6\byte-buddy-1.6.6.jar;C:\Users\hello\.m2\repository\mysql\mysql-connector-java\5.1.23\mysql-connector-java-5.1.23.jar;C:\Users\hello\.m2\repository\org\apache\logging\log4j\log4j-core\2.8.2\log4j-core-2.8.2.jar;C:\Users\hello\.m2\repository\org\apache\logging\log4j\log4j-api\2.8.2\log4j-api-2.8.2.jar;C:\Users\hello\.m2\repository\org\dbunit\dbunit\2.5.3\dbunit-2.5.3.jar;C:\Users\hello\.m2\repository\org\slf4j\slf4j-api\1.7.21\slf4j-api-1.7.21.jar;C:\Users\hello\.m2\repository\commons-collections\commons-collections\3.2.2\commons-collections-3.2.2.jar;C:\Users\hello\.m2\repository\org\apache\poi\poi-ooxml\3.14\poi-ooxml-3.14.jar;C:\Users\hello\.m2\repository\org\apache\poi\poi\3.14\poi-3.14.jar;C:\Users\hello\.m2\repository\commons-codec\commons-codec\1.10\commons-codec-1.10.jar;C:\Users\hello\.m2\repository\org\apache\poi\poi-ooxml-schemas\3.14\poi-ooxml-schemas-3.14.jar;C:\Users\hello\.m2\repository\org\apache\xmlbeans\xmlbeans\2.6.0\xmlbeans-2.6.0.jar;C:\Users\hello\.m2\repository\stax\stax-api\1.0.1\stax-api-1.0.1.jar;C:\Users\hello\.m2\repository\com\github\virtuald\curvesapi\1.03\curvesapi-1.03.jar;C:\Users\hello\.m2\repository\org\hsqldb\hsqldb\2.4.0\hsqldb-2.4.0.jar;C:\Users\hello\.m2\repository\junit\junit\4.12\junit-4.12.jar;C:\Users\hello\.m2\repository\org\hamcrest\hamcrest-core\1.3\hamcrest-core-1.3.jar;/C:/Users/hello/eclipse/jee-neon/eclipse/configuration/org.eclipse.osgi/390/0/.cp/;/C:/Users/hello/eclipse/jee-neon/eclipse/configuration/org.eclipse.osgi/389/0/.cp/, java.vm.vendor=Oracle Corporation, sun.arch.data.model=64, hbm2ddl.auto=create-drop, user.variant=, java.vendor.url=http://java.oracle.com/, user.timezone=Europe/Minsk, user.country.format=BY, os.name=Windows 8.1, java.vm.specification.version=1.8, sun.java.launcher=SUN_STANDARD, user.country=US, sun.boot.library.path=C:\Program Files\Java\jdk1.8.0_112\jre\bin, sun.java.command=org.eclipse.jdt.internal.junit.runner.RemoteTestRunner -version 3 -port 52351 -testLoaderClass org.eclipse.jdt.internal.junit4.runner.JUnit4TestLoader -loaderpluginname org.eclipse.jdt.junit4.runtime -classNames by.bsac.timetable.dao.impl.RecordDAOImplTest, sun.cpu.endian=little, user.home=C:\Users\hello, user.language=en, java.specification.vendor=Oracle Corporation, java.home=C:\Program Files\Java\jdk1.8.0_112\jre, file.separator=\, line.separator=
, java.vm.specification.vendor=Oracle Corporation, java.specification.name=Java Platform API Specification, java.awt.graphicsenv=sun.awt.Win32GraphicsEnvironment, sun.boot.class.path=C:\Program Files\Java\jdk1.8.0_112\jre\lib\resources.jar;C:\Program Files\Java\jdk1.8.0_112\jre\lib\rt.jar;C:\Program Files\Java\jdk1.8.0_112\jre\lib\sunrsasign.jar;C:\Program Files\Java\jdk1.8.0_112\jre\lib\jsse.jar;C:\Program Files\Java\jdk1.8.0_112\jre\lib\jce.jar;C:\Program Files\Java\jdk1.8.0_112\jre\lib\charsets.jar;C:\Program Files\Java\jdk1.8.0_112\jre\lib\jfr.jar;C:\Program Files\Java\jdk1.8.0_112\jre\classes, hibernate.hbm2ddl.auto=create-drop, user.script=, connection.password=, sun.management.compiler=HotSpot 64-Bit Tiered Compilers, java.runtime.version=1.8.0_112-b15, user.name=hello, hibernate.cache.use_query_cache=false, path.separator=;, hibernate.connection.username=sa, os.version=6.3, java.endorsed.dirs=C:\Program Files\Java\jdk1.8.0_112\jre\lib\endorsed, java.runtime.name=Java(TM) SE Runtime Environment, hibernate.connection.url=jdbc:hsqldb:mem:DBNAME, connection.pool_size=1, file.encoding=UTF-8, java.vm.name=Java HotSpot(TM) 64-Bit Server VM, hibernate.show_sql=true, hibernate.connection.driver_class=org.hsqldb.jdbcDriver, java.vendor.url.bug=http://bugreport.sun.com/bugreport/, java.io.tmpdir=C:\Users\hello\AppData\Local\Temp\, java.version=1.8.0_112, user.dir=D:\work\java\tt, os.arch=amd64, connection.username=sa, java.vm.specification.name=Java Virtual Machine Specification, hibernate.default_schema=timetable, user.language.format=be, hibernate.connection.password=****, java.awt.printerjob=sun.awt.windows.WPrinterJob, sun.os.patch.level=, connection.driver_class=org.hsqldb.jdbcDriver, hibernate.boot.CfgXmlAccessService.key=org.hibernate.boot.cfgxml.spi.LoadedConfig@25748410, hibernate.cache.use_second_level_cache=false, java.library.path=C:\Program Files\Java\jdk1.8.0_112\bin;C:\Windows\Sun\Java\bin;C:\Windows\system32;C:\Windows;C:/Program Files/Java/jre1.8.0_131/bin/server;C:/Program Files/Java/jre1.8.0_131/bin;C:/Program Files/Java/jre1.8.0_131/lib/amd64;C:\ProgramData\Oracle\Java\javapath;C:\Program Files\Broadcom\Broadcom 802.11;C:\Windows\system32;C:\Windows;C:\Windows\System32\Wbem;C:\Windows\System32\WindowsPowerShell\v1.0\;C:\Program Files (x86)\ATI Technologies\ATI.ACE\Core-Static;C:\Program Files\Java\jdk1.8.0_112\bin;D:\FCIV\;C:\Program Files (x86)\Skype\Phone\;C:\Program Files\PuTTY\;C:\Program Files (x86)\Nmap;C:\Users\hello\AppData\Local\atom\bin;C:\Users\hello\Desktop;;., java.vendor=Oracle Corporation, java.vm.info=mixed mode, java.vm.version=25.112-b15, hibernate.bytecode.use_reflection_optimizer=false, sun.io.unicode.encoding=UnicodeLittle, java.ext.dirs=C:\Program Files\Java\jdk1.8.0_112\jre\lib\ext;C:\Windows\Sun\Java\lib\ext, hibernate.connection.pool_size=1, connection.url=jdbc:hsqldb:mem:DBNAME, java.class.version=52.0}
2017-08-15T21:33:22,050 [main] DEBUG secure.spi.JaccIntegrator - Skipping JACC integration as it was not enabled
2017-08-15T21:33:22,050 [main] DEBUG hibernate.internal.SessionFactoryImpl - Instantiated session factory
2017-08-15T21:33:22,053 [main] INFO schema.internal.SchemaCreatorImpl - HHH000476: Executing import script 'org.hibernate.tool.schema.internal.exec.ScriptSourceInputNonExistentImpl@67ab1c47'
2017-08-15T21:33:22,053 [main] DEBUG platform.internal.JtaPlatformInitiator - No JtaPlatform was specified, checking resolver
2017-08-15T21:33:22,053 [main] DEBUG platform.internal.JtaPlatformResolverInitiator - No JtaPlatformResolver was specified, using default [org.hibernate.engine.transaction.jta.platform.internal.StandardJtaPlatformResolver]
2017-08-15T21:33:22,068 [main] DEBUG platform.internal.StandardJtaPlatformResolver - Could not resolve JtaPlatform, using default [org.hibernate.engine.transaction.jta.platform.internal.NoJtaPlatform]
2017-08-15T21:33:22,069 [main] DEBUG query.spi.NamedQueryRepository - Checking 0 named HQL queries
2017-08-15T21:33:22,069 [main] DEBUG query.spi.NamedQueryRepository - Checking 0 named SQL queries
2017-08-15T21:33:22,070 [main] DEBUG hibernate.internal.SessionFactoryRegistry - Registering SessionFactory: bf671399-6334-4fb5-8340-bec1eea9afd2 (<unnamed>)
2017-08-15T21:33:22,071 [main] DEBUG hibernate.internal.SessionFactoryRegistry - Not binding SessionFactory to JNDI, no JNDI name configured
2017-08-15T21:33:22,093 [main] INFO dao.util.HSQLServerUtil - Configured the HSQLDB server...
2017-08-15T21:33:22,337 [main] INFO dao.util.HSQLServerUtil - HSQLDB server started on port 9001...
2017-08-15T21:33:22,497 [main] DEBUG stat.internal.StatisticsInitiator - Statistics initialized [enabled=false]
2017-08-15T21:33:22,512 [main] DEBUG transaction.internal.TransactionImpl - begin
2017-08-15T21:33:22,517 [main] DEBUG transaction.internal.TransactionImpl - rolling back
2017-08-15T21:33:22,517 [main] DEBUG jdbc.internal.LogicalConnectionManagedImpl - Initiating JDBC connection release from afterTransaction
2017-08-15T21:33:22,518 [main] DEBUG jdbc.internal.LogicalConnectionManagedImpl - Initiating JDBC connection release from afterTransaction
2017-08-15T21:33:22,521 [main] ERROR dao.Impl.AbstractHibernateDAO - Unknown entity: by.bsac.timetable.hibernateFiles.entity.Faculty
org.hibernate.MappingException: Unknown entity: by.bsac.timetable.hibernateFiles.entity.Faculty
	at org.hibernate.metamodel.internal.MetamodelImpl.entityPersister(MetamodelImpl.java:620) ~[hibernate-core-5.2.10.Final.jar:5.2.10.Final]
	at org.hibernate.internal.SessionImpl.getEntityPersister(SessionImpl.java:1634) ~[hibernate-core-5.2.10.Final.jar:5.2.10.Final]
	at org.hibernate.event.internal.AbstractSaveEventListener.saveWithGeneratedId(AbstractSaveEventListener.java:104) ~[hibernate-core-5.2.10.Final.jar:5.2.10.Final]
	at org.hibernate.event.internal.DefaultSaveOrUpdateEventListener.saveWithGeneratedOrRequestedId(DefaultSaveOrUpdateEventListener.java:192) ~[hibernate-core-5.2.10.Final.jar:5.2.10.Final]
	at org.hibernate.event.internal.DefaultSaveEventListener.saveWithGeneratedOrRequestedId(DefaultSaveEventListener.java:38) ~[hibernate-core-5.2.10.Final.jar:5.2.10.Final]
	at org.hibernate.event.internal.DefaultSaveOrUpdateEventListener.entityIsTransient(DefaultSaveOrUpdateEventListener.java:177) ~[hibernate-core-5.2.10.Final.jar:5.2.10.Final]
	at org.hibernate.event.internal.DefaultSaveEventListener.performSaveOrUpdate(DefaultSaveEventListener.java:32) ~[hibernate-core-5.2.10.Final.jar:5.2.10.Final]
	at org.hibernate.event.internal.DefaultSaveOrUpdateEventListener.onSaveOrUpdate(DefaultSaveOrUpdateEventListener.java:73) ~[hibernate-core-5.2.10.Final.jar:5.2.10.Final]
	at org.hibernate.internal.SessionImpl.fireSave(SessionImpl.java:689) ~[hibernate-core-5.2.10.Final.jar:5.2.10.Final]
	at org.hibernate.internal.SessionImpl.save(SessionImpl.java:681) ~[hibernate-core-5.2.10.Final.jar:5.2.10.Final]
	at org.hibernate.internal.SessionImpl.save(SessionImpl.java:676) ~[hibernate-core-5.2.10.Final.jar:5.2.10.Final]
	at by.bsac.timetable.dao.Impl.AbstractHibernateDAO.add(AbstractHibernateDAO.java:30) [classes/:?]
	at by.bsac.timetable.dao.Impl.FacultyDAOImpl.add(FacultyDAOImpl.java:1) [classes/:?]
	at by.bsac.timetable.dao.impl.RecordDAOImplTest.test(RecordDAOImplTest.java:63) [test-classes/:?]
	at sun.reflect.NativeMethodAccessorImpl.invoke0(Native Method) ~[?:1.8.0_112]
	at sun.reflect.NativeMethodAccessorImpl.invoke(NativeMethodAccessorImpl.java:62) ~[?:1.8.0_112]
	at sun.reflect.DelegatingMethodAccessorImpl.invoke(DelegatingMethodAccessorImpl.java:43) ~[?:1.8.0_112]
	at java.lang.reflect.Method.invoke(Method.java:498) ~[?:1.8.0_112]
	at org.junit.runners.model.FrameworkMethod$1.runReflectiveCall(FrameworkMethod.java:50) [junit-4.12.jar:4.12]
	at org.junit.internal.runners.model.ReflectiveCallable.run(ReflectiveCallable.java:12) [junit-4.12.jar:4.12]
	at org.junit.runners.model.FrameworkMethod.invokeExplosively(FrameworkMethod.java:47) [junit-4.12.jar:4.12]
	at org.junit.internal.runners.statements.InvokeMethod.evaluate(InvokeMethod.java:17) [junit-4.12.jar:4.12]
	at org.junit.internal.runners.statements.RunBefores.evaluate(RunBefores.java:26) [junit-4.12.jar:4.12]
	at org.junit.internal.runners.statements.RunAfters.evaluate(RunAfters.java:27) [junit-4.12.jar:4.12]
	at org.junit.runners.ParentRunner.runLeaf(ParentRunner.java:325) [junit-4.12.jar:4.12]
	at org.junit.runners.BlockJUnit4ClassRunner.runChild(BlockJUnit4ClassRunner.java:78) [junit-4.12.jar:4.12]
	at org.junit.runners.BlockJUnit4ClassRunner.runChild(BlockJUnit4ClassRunner.java:57) [junit-4.12.jar:4.12]
	at org.junit.runners.ParentRunner$3.run(ParentRunner.java:290) [junit-4.12.jar:4.12]
	at org.junit.runners.ParentRunner$1.schedule(ParentRunner.java:71) [junit-4.12.jar:4.12]
	at org.junit.runners.ParentRunner.runChildren(ParentRunner.java:288) [junit-4.12.jar:4.12]
	at org.junit.runners.ParentRunner.access$000(ParentRunner.java:58) [junit-4.12.jar:4.12]
	at org.junit.runners.ParentRunner$2.evaluate(ParentRunner.java:268) [junit-4.12.jar:4.12]
	at org.junit.runners.ParentRunner.run(ParentRunner.java:363) [junit-4.12.jar:4.12]
	at org.eclipse.jdt.internal.junit4.runner.JUnit4TestReference.run(JUnit4TestReference.java:86) [.cp/:?]
	at org.eclipse.jdt.internal.junit.runner.TestExecution.run(TestExecution.java:38) [.cp/:?]
	at org.eclipse.jdt.internal.junit.runner.RemoteTestRunner.runTests(RemoteTestRunner.java:459) [.cp/:?]
	at org.eclipse.jdt.internal.junit.runner.RemoteTestRunner.runTests(RemoteTestRunner.java:678) [.cp/:?]
	at org.eclipse.jdt.internal.junit.runner.RemoteTestRunner.run(RemoteTestRunner.java:382) [.cp/:?]
	at org.eclipse.jdt.internal.junit.runner.RemoteTestRunner.main(RemoteTestRunner.java:192) [.cp/:?]
2017-08-15T21:33:22,532 [main] INFO dao.util.HSQLServerUtil - HSQLDB server shutting down...
2017-08-15T21:33:22,533 [main] INFO dao.util.HSQLServerUtil - HSQLDB server shutting down... done
2017-08-15T21:34:02,412 [main] DEBUG org.jboss.logging - Logging Provider: org.jboss.logging.Log4j2LoggerProvider
2017-08-15T21:34:02,513 [main] DEBUG integrator.internal.IntegratorServiceImpl - Adding Integrator [org.hibernate.cfg.beanvalidation.BeanValidationIntegrator].
2017-08-15T21:34:02,518 [main] DEBUG integrator.internal.IntegratorServiceImpl - Adding Integrator [org.hibernate.secure.spi.JaccIntegrator].
2017-08-15T21:34:02,528 [main] DEBUG integrator.internal.IntegratorServiceImpl - Adding Integrator [org.hibernate.cache.internal.CollectionCacheInvalidator].
2017-08-15T21:34:02,850 [main] INFO org.hibernate.Version - HHH000412: Hibernate Core {5.2.10.Final}
2017-08-15T21:34:02,855 [main] INFO hibernate.cfg.Environment - HHH000206: hibernate.properties not found
2017-08-15T21:34:02,918 [main] DEBUG internal.stax.LocalXmlResourceResolver - Interpreting public/system identifier : [null] - [hibernate-configuration-3.0.dtd]
2017-08-15T21:34:02,925 [main] DEBUG cfgxml.internal.JaxbCfgProcessor - cfg.xml document did not define namespaces; wrapping in custom event reader to introduce namespace information
2017-08-15T21:34:03,318 [main] DEBUG integrator.internal.IntegratorServiceImpl - Adding Integrator [org.hibernate.cfg.beanvalidation.BeanValidationIntegrator].
2017-08-15T21:34:03,319 [main] DEBUG integrator.internal.IntegratorServiceImpl - Adding Integrator [org.hibernate.secure.spi.JaccIntegrator].
2017-08-15T21:34:03,320 [main] DEBUG integrator.internal.IntegratorServiceImpl - Adding Integrator [org.hibernate.cache.internal.CollectionCacheInvalidator].
2017-08-15T21:34:03,342 [main] DEBUG service.spi.ServiceBinding - Overriding existing service binding [org.hibernate.secure.spi.JaccService]
2017-08-15T21:34:03,343 [main] DEBUG hibernate.cfg.Configuration - Building session factory using provided StandardServiceRegistry
2017-08-15T21:34:03,374 [main] DEBUG cache.internal.RegionFactoryInitiator - Cache region factory : org.hibernate.cache.internal.NoCachingRegionFactory
2017-08-15T21:34:03,389 [main] INFO annotations.common.Version - HCANN000001: Hibernate Commons Annotations {5.0.1.Final}
2017-08-15T21:34:03,432 [main] DEBUG hibernate.type.BasicTypeRegistry - Adding type registration boolean -> org.hibernate.type.BooleanType@11bd0f3b
2017-08-15T21:34:03,433 [main] DEBUG hibernate.type.BasicTypeRegistry - Adding type registration boolean -> org.hibernate.type.BooleanType@11bd0f3b
2017-08-15T21:34:03,433 [main] DEBUG hibernate.type.BasicTypeRegistry - Adding type registration java.lang.Boolean -> org.hibernate.type.BooleanType@11bd0f3b
2017-08-15T21:34:03,436 [main] DEBUG hibernate.type.BasicTypeRegistry - Adding type registration numeric_boolean -> org.hibernate.type.NumericBooleanType@72cde7cc
2017-08-15T21:34:03,438 [main] DEBUG hibernate.type.BasicTypeRegistry - Adding type registration true_false -> org.hibernate.type.TrueFalseType@29e495ff
2017-08-15T21:34:03,442 [main] DEBUG hibernate.type.BasicTypeRegistry - Adding type registration yes_no -> org.hibernate.type.YesNoType@4944252c
2017-08-15T21:34:03,446 [main] DEBUG hibernate.type.BasicTypeRegistry - Adding type registration byte -> org.hibernate.type.ByteType@120f102b
2017-08-15T21:34:03,447 [main] DEBUG hibernate.type.BasicTypeRegistry - Adding type registration byte -> org.hibernate.type.ByteType@120f102b
2017-08-15T21:34:03,447 [main] DEBUG hibernate.type.BasicTypeRegistry - Adding type registration java.lang.Byte -> org.hibernate.type.ByteType@120f102b
2017-08-15T21:34:03,449 [main] DEBUG hibernate.type.BasicTypeRegistry - Adding type registration character -> org.hibernate.type.CharacterType@1e6454ec
2017-08-15T21:34:03,450 [main] DEBUG hibernate.type.BasicTypeRegistry - Adding type registration char -> org.hibernate.type.CharacterType@1e6454ec
2017-08-15T21:34:03,450 [main] DEBUG hibernate.type.BasicTypeRegistry - Adding type registration java.lang.Character -> org.hibernate.type.CharacterType@1e6454ec
2017-08-15T21:34:03,453 [main] DEBUG hibernate.type.BasicTypeRegistry - Adding type registration short -> org.hibernate.type.ShortType@4e096385
2017-08-15T21:34:03,454 [main] DEBUG hibernate.type.BasicTypeRegistry - Adding type registration short -> org.hibernate.type.ShortType@4e096385
2017-08-15T21:34:03,454 [main] DEBUG hibernate.type.BasicTypeRegistry - Adding type registration java.lang.Short -> org.hibernate.type.ShortType@4e096385
2017-08-15T21:34:03,457 [main] DEBUG hibernate.type.BasicTypeRegistry - Adding type registration integer -> org.hibernate.type.IntegerType@a2431d0
2017-08-15T21:34:03,459 [main] DEBUG hibernate.type.BasicTypeRegistry - Adding type registration int -> org.hibernate.type.IntegerType@a2431d0
2017-08-15T21:34:03,459 [main] DEBUG hibernate.type.BasicTypeRegistry - Adding type registration java.lang.Integer -> org.hibernate.type.IntegerType@a2431d0
2017-08-15T21:34:03,462 [main] DEBUG hibernate.type.BasicTypeRegistry - Adding type registration long -> org.hibernate.type.LongType@49912c99
2017-08-15T21:34:03,463 [main] DEBUG hibernate.type.BasicTypeRegistry - Adding type registration long -> org.hibernate.type.LongType@49912c99
2017-08-15T21:34:03,464 [main] DEBUG hibernate.type.BasicTypeRegistry - Adding type registration java.lang.Long -> org.hibernate.type.LongType@49912c99
2017-08-15T21:34:03,467 [main] DEBUG hibernate.type.BasicTypeRegistry - Adding type registration float -> org.hibernate.type.FloatType@6c130c45
2017-08-15T21:34:03,467 [main] DEBUG hibernate.type.BasicTypeRegistry - Adding type registration float -> org.hibernate.type.FloatType@6c130c45
2017-08-15T21:34:03,468 [main] DEBUG hibernate.type.BasicTypeRegistry - Adding type registration java.lang.Float -> org.hibernate.type.FloatType@6c130c45
2017-08-15T21:34:03,471 [main] DEBUG hibernate.type.BasicTypeRegistry - Adding type registration double -> org.hibernate.type.DoubleType@6bedbc4d
2017-08-15T21:34:03,471 [main] DEBUG hibernate.type.BasicTypeRegistry - Adding type registration double -> org.hibernate.type.DoubleType@6bedbc4d
2017-08-15T21:34:03,471 [main] DEBUG hibernate.type.BasicTypeRegistry - Adding type registration java.lang.Double -> org.hibernate.type.DoubleType@6bedbc4d
2017-08-15T21:34:03,475 [main] DEBUG hibernate.type.BasicTypeRegistry - Adding type registration big_decimal -> org.hibernate.type.BigDecimalType@793be5ca
2017-08-15T21:34:03,476 [main] DEBUG hibernate.type.BasicTypeRegistry - Adding type registration java.math.BigDecimal -> org.hibernate.type.BigDecimalType@793be5ca
2017-08-15T21:34:03,478 [main] DEBUG hibernate.type.BasicTypeRegistry - Adding type registration big_integer -> org.hibernate.type.BigIntegerType@4de4b452
2017-08-15T21:34:03,479 [main] DEBUG hibernate.type.BasicTypeRegistry - Adding type registration java.math.BigInteger -> org.hibernate.type.BigIntegerType@4de4b452
2017-08-15T21:34:03,482 [main] DEBUG hibernate.type.BasicTypeRegistry - Adding type registration string -> org.hibernate.type.StringType@7ea9e1e2
2017-08-15T21:34:03,482 [main] DEBUG hibernate.type.BasicTypeRegistry - Adding type registration java.lang.String -> org.hibernate.type.StringType@7ea9e1e2
2017-08-15T21:34:03,485 [main] DEBUG hibernate.type.BasicTypeRegistry - Adding type registration nstring -> org.hibernate.type.StringNVarcharType@4d02f94e
2017-08-15T21:34:03,488 [main] DEBUG hibernate.type.BasicTypeRegistry - Adding type registration ncharacter -> org.hibernate.type.CharacterNCharType@14555e0a
2017-08-15T21:34:03,493 [main] DEBUG hibernate.type.BasicTypeRegistry - Adding type registration url -> org.hibernate.type.UrlType@6f46426d
2017-08-15T21:34:03,495 [main] DEBUG hibernate.type.BasicTypeRegistry - Adding type registration java.net.URL -> org.hibernate.type.UrlType@6f46426d
2017-08-15T21:34:03,499 [main] DEBUG hibernate.type.BasicTypeRegistry - Adding type registration Duration -> org.hibernate.type.DurationType@3e84448c
2017-08-15T21:34:03,500 [main] DEBUG hibernate.type.BasicTypeRegistry - Adding type registration java.time.Duration -> org.hibernate.type.DurationType@3e84448c
2017-08-15T21:34:03,535 [main] DEBUG hibernate.type.BasicTypeRegistry - Adding type registration Instant -> org.hibernate.type.InstantType@71def8f8
2017-08-15T21:34:03,536 [main] DEBUG hibernate.type.BasicTypeRegistry - Adding type registration java.time.Instant -> org.hibernate.type.InstantType@71def8f8
