2017-08-20T10:45:45,635 [main] DEBUG dao.Impl.AbstractHibernateDAO - getAll
2017-08-20T10:46:34,426 [main] DEBUG dao.Impl.AbstractHibernateDAO - getAll
2017-08-20T10:48:12,393 [main] DEBUG dao.Impl.AbstractHibernateDAO - getAll
2017-08-20T10:48:43,100 [main] DEBUG dao.Impl.AbstractHibernateDAO - getAll
2017-08-20T10:49:49,056 [main] DEBUG dao.Impl.AbstractHibernateDAO - getAll
2017-08-20T10:50:01,892 [main] DEBUG dao.Impl.AbstractHibernateDAO - add
2017-08-20T10:50:05,452 [main] DEBUG dao.Impl.AbstractHibernateDAO - getAll
2017-08-20T11:13:35,437 [main] DEBUG dao.Impl.AbstractHibernateDAO - add
2017-08-20T11:13:35,961 [main] ERROR dao.Impl.AbstractHibernateDAO - could not execute statement
org.hibernate.exception.ConstraintViolationException: could not execute statement
	at org.hibernate.exception.internal.SQLExceptionTypeDelegate.convert(SQLExceptionTypeDelegate.java:72) ~[hibernate-core-4.3.11.Final.jar:4.3.11.Final]
	at org.hibernate.exception.internal.StandardSQLExceptionConverter.convert(StandardSQLExceptionConverter.java:49) ~[hibernate-core-4.3.11.Final.jar:4.3.11.Final]
	at org.hibernate.engine.jdbc.spi.SqlExceptionHelper.convert(SqlExceptionHelper.java:126) ~[hibernate-core-4.3.11.Final.jar:4.3.11.Final]
	at org.hibernate.engine.jdbc.spi.SqlExceptionHelper.convert(SqlExceptionHelper.java:112) ~[hibernate-core-4.3.11.Final.jar:4.3.11.Final]
	at org.hibernate.engine.jdbc.internal.ResultSetReturnImpl.executeUpdate(ResultSetReturnImpl.java:211) ~[hibernate-core-4.3.11.Final.jar:4.3.11.Final]
	at org.hibernate.id.IdentityGenerator$GetGeneratedKeysDelegate.executeAndExtract(IdentityGenerator.java:96) ~[hibernate-core-4.3.11.Final.jar:4.3.11.Final]
	at org.hibernate.id.insert.AbstractReturningDelegate.performInsert(AbstractReturningDelegate.java:58) ~[hibernate-core-4.3.11.Final.jar:4.3.11.Final]
	at org.hibernate.persister.entity.AbstractEntityPersister.insert(AbstractEntityPersister.java:3032) ~[hibernate-core-4.3.11.Final.jar:4.3.11.Final]
	at org.hibernate.persister.entity.AbstractEntityPersister.insert(AbstractEntityPersister.java:3558) ~[hibernate-core-4.3.11.Final.jar:4.3.11.Final]
	at org.hibernate.action.internal.EntityIdentityInsertAction.execute(EntityIdentityInsertAction.java:98) ~[hibernate-core-4.3.11.Final.jar:4.3.11.Final]
	at org.hibernate.engine.spi.ActionQueue.execute(ActionQueue.java:492) ~[hibernate-core-4.3.11.Final.jar:4.3.11.Final]
	at org.hibernate.engine.spi.ActionQueue.addResolvedEntityInsertAction(ActionQueue.java:197) ~[hibernate-core-4.3.11.Final.jar:4.3.11.Final]
	at org.hibernate.engine.spi.ActionQueue.addInsertAction(ActionQueue.java:181) ~[hibernate-core-4.3.11.Final.jar:4.3.11.Final]
	at org.hibernate.engine.spi.ActionQueue.addAction(ActionQueue.java:216) ~[hibernate-core-4.3.11.Final.jar:4.3.11.Final]
	at org.hibernate.event.internal.AbstractSaveEventListener.addInsertAction(AbstractSaveEventListener.java:334) ~[hibernate-core-4.3.11.Final.jar:4.3.11.Final]
	at org.hibernate.event.internal.AbstractSaveEventListener.performSaveOrReplicate(AbstractSaveEventListener.java:289) ~[hibernate-core-4.3.11.Final.jar:4.3.11.Final]
	at org.hibernate.event.internal.AbstractSaveEventListener.performSave(AbstractSaveEventListener.java:195) ~[hibernate-core-4.3.11.Final.jar:4.3.11.Final]
	at org.hibernate.event.internal.AbstractSaveEventListener.saveWithGeneratedId(AbstractSaveEventListener.java:126) ~[hibernate-core-4.3.11.Final.jar:4.3.11.Final]
	at org.hibernate.event.internal.DefaultSaveOrUpdateEventListener.saveWithGeneratedOrRequestedId(DefaultSaveOrUpdateEventListener.java:209) ~[hibernate-core-4.3.11.Final.jar:4.3.11.Final]
	at org.hibernate.event.internal.DefaultSaveEventListener.saveWithGeneratedOrRequestedId(DefaultSaveEventListener.java:55) ~[hibernate-core-4.3.11.Final.jar:4.3.11.Final]
	at org.hibernate.event.internal.DefaultSaveOrUpdateEventListener.entityIsTransient(DefaultSaveOrUpdateEventListener.java:194) ~[hibernate-core-4.3.11.Final.jar:4.3.11.Final]
	at org.hibernate.event.internal.DefaultSaveEventListener.performSaveOrUpdate(DefaultSaveEventListener.java:49) ~[hibernate-core-4.3.11.Final.jar:4.3.11.Final]
	at org.hibernate.event.internal.DefaultSaveOrUpdateEventListener.onSaveOrUpdate(DefaultSaveOrUpdateEventListener.java:90) ~[hibernate-core-4.3.11.Final.jar:4.3.11.Final]
	at org.hibernate.internal.SessionImpl.fireSave(SessionImpl.java:715) ~[hibernate-core-4.3.11.Final.jar:4.3.11.Final]
	at org.hibernate.internal.SessionImpl.save(SessionImpl.java:707) ~[hibernate-core-4.3.11.Final.jar:4.3.11.Final]
	at org.hibernate.internal.SessionImpl.save(SessionImpl.java:702) ~[hibernate-core-4.3.11.Final.jar:4.3.11.Final]
	at by.bsac.timetable.dao.Impl.AbstractHibernateDAO.add(AbstractHibernateDAO.java:31) [classes/:?]
	at by.bsac.timetable.dao.Impl.FacultyDAOImpl.add(FacultyDAOImpl.java:1) [classes/:?]
	at by.bsac.timetable.dao.impl.RecordDAOImplTest.test(RecordDAOImplTest.java:56) [test-classes/:?]
	at sun.reflect.NativeMethodAccessorImpl.invoke0(Native Method) ~[?:1.8.0_112]
	at sun.reflect.NativeMethodAccessorImpl.invoke(NativeMethodAccessorImpl.java:62) ~[?:1.8.0_112]
	at sun.reflect.DelegatingMethodAccessorImpl.invoke(DelegatingMethodAccessorImpl.java:43) ~[?:1.8.0_112]
	at java.lang.reflect.Method.invoke(Method.java:498) ~[?:1.8.0_112]
	at org.junit.runners.model.FrameworkMethod$1.runReflectiveCall(FrameworkMethod.java:50) [junit-4.12.jar:4.12]
	at org.junit.internal.runners.model.ReflectiveCallable.run(ReflectiveCallable.java:12) [junit-4.12.jar:4.12]
	at org.junit.runners.model.FrameworkMethod.invokeExplosively(FrameworkMethod.java:47) [junit-4.12.jar:4.12]
	at org.junit.internal.runners.statements.InvokeMethod.evaluate(InvokeMethod.java:17) [junit-4.12.jar:4.12]
	at org.junit.internal.runners.statements.RunBefores.evaluate(RunBefores.java:26) [junit-4.12.jar:4.12]
	at org.junit.internal.runners.statements.RunAfters.evaluate(RunAfters.java:27) [junit-4.12.jar:4.12]
	at org.junit.runners.ParentRunner.runLeaf(ParentRunner.java:325) [junit-4.12.jar:4.12]
	at org.junit.runners.BlockJUnit4ClassRunner.runChild(BlockJUnit4ClassRunner.java:78) [junit-4.12.jar:4.12]
	at org.junit.runners.BlockJUnit4ClassRunner.runChild(BlockJUnit4ClassRunner.java:57) [junit-4.12.jar:4.12]
	at org.junit.runners.ParentRunner$3.run(ParentRunner.java:290) [junit-4.12.jar:4.12]
	at org.junit.runners.ParentRunner$1.schedule(ParentRunner.java:71) [junit-4.12.jar:4.12]
	at org.junit.runners.ParentRunner.runChildren(ParentRunner.java:288) [junit-4.12.jar:4.12]
	at org.junit.runners.ParentRunner.access$000(ParentRunner.java:58) [junit-4.12.jar:4.12]
	at org.junit.runners.ParentRunner$2.evaluate(ParentRunner.java:268) [junit-4.12.jar:4.12]
	at org.junit.runners.ParentRunner.run(ParentRunner.java:363) [junit-4.12.jar:4.12]
	at org.eclipse.jdt.internal.junit4.runner.JUnit4TestReference.run(JUnit4TestReference.java:86) [.cp/:?]
	at org.eclipse.jdt.internal.junit.runner.TestExecution.run(TestExecution.java:38) [.cp/:?]
	at org.eclipse.jdt.internal.junit.runner.RemoteTestRunner.runTests(RemoteTestRunner.java:459) [.cp/:?]
	at org.eclipse.jdt.internal.junit.runner.RemoteTestRunner.runTests(RemoteTestRunner.java:678) [.cp/:?]
	at org.eclipse.jdt.internal.junit.runner.RemoteTestRunner.run(RemoteTestRunner.java:382) [.cp/:?]
	at org.eclipse.jdt.internal.junit.runner.RemoteTestRunner.main(RemoteTestRunner.java:192) [.cp/:?]
Caused by: com.mysql.jdbc.exceptions.jdbc4.MySQLIntegrityConstraintViolationException: Duplicate entry 'TEST' for key 'name_faculty_UNIQUE'
	at sun.reflect.NativeConstructorAccessorImpl.newInstance0(Native Method) ~[?:1.8.0_112]
	at sun.reflect.NativeConstructorAccessorImpl.newInstance(NativeConstructorAccessorImpl.java:62) ~[?:1.8.0_112]
	at sun.reflect.DelegatingConstructorAccessorImpl.newInstance(DelegatingConstructorAccessorImpl.java:45) ~[?:1.8.0_112]
	at java.lang.reflect.Constructor.newInstance(Constructor.java:423) ~[?:1.8.0_112]
	at com.mysql.jdbc.Util.handleNewInstance(Util.java:411) ~[mysql-connector-java-5.1.23.jar:?]
	at com.mysql.jdbc.Util.getInstance(Util.java:386) ~[mysql-connector-java-5.1.23.jar:?]
	at com.mysql.jdbc.SQLError.createSQLException(SQLError.java:1040) ~[mysql-connector-java-5.1.23.jar:?]
	at com.mysql.jdbc.MysqlIO.checkErrorPacket(MysqlIO.java:4120) ~[mysql-connector-java-5.1.23.jar:?]
	at com.mysql.jdbc.MysqlIO.checkErrorPacket(MysqlIO.java:4052) ~[mysql-connector-java-5.1.23.jar:?]
	at com.mysql.jdbc.MysqlIO.sendCommand(MysqlIO.java:2503) ~[mysql-connector-java-5.1.23.jar:?]
	at com.mysql.jdbc.MysqlIO.sqlQueryDirect(MysqlIO.java:2664) ~[mysql-connector-java-5.1.23.jar:?]
	at com.mysql.jdbc.ConnectionImpl.execSQL(ConnectionImpl.java:2794) ~[mysql-connector-java-5.1.23.jar:?]
	at com.mysql.jdbc.PreparedStatement.executeInternal(PreparedStatement.java:2155) ~[mysql-connector-java-5.1.23.jar:?]
	at com.mysql.jdbc.PreparedStatement.executeUpdate(PreparedStatement.java:2458) ~[mysql-connector-java-5.1.23.jar:?]
	at com.mysql.jdbc.PreparedStatement.executeUpdate(PreparedStatement.java:2375) ~[mysql-connector-java-5.1.23.jar:?]
	at com.mysql.jdbc.PreparedStatement.executeUpdate(PreparedStatement.java:2359) ~[mysql-connector-java-5.1.23.jar:?]
	at org.hibernate.engine.jdbc.internal.ResultSetReturnImpl.executeUpdate(ResultSetReturnImpl.java:208) ~[hibernate-core-4.3.11.Final.jar:4.3.11.Final]
	... 49 more
2017-08-20T21:51:21,356 [AWT-EventQueue-0] DEBUG dao.Impl.AbstractHibernateDAO - getAll
2017-08-20T21:51:27,680 [AWT-EventQueue-0] DEBUG dao.Impl.AbstractHibernateDAO - getAll
2017-08-20T22:07:29,398 [AWT-EventQueue-0] DEBUG dao.Impl.AbstractHibernateDAO - getAll
2017-08-20T23:04:56,308 [AWT-EventQueue-0] DEBUG dao.Impl.AbstractHibernateDAO - getAll
2017-08-20T23:05:00,979 [AWT-EventQueue-0] DEBUG dao.Impl.GroupDAOImpl - getGroupListByFacultyAndEduLevel
2017-08-20T23:05:04,836 [AWT-EventQueue-0] DEBUG dao.Impl.GroupDAOImpl - getGroupListByFacultyAndEduLevel
2017-08-20T23:05:06,190 [AWT-EventQueue-0] DEBUG dao.Impl.GroupDAOImpl - getGroupListByFacultyAndEduLevel
2017-08-20T23:05:08,506 [AWT-EventQueue-0] DEBUG dao.Impl.AbstractHibernateDAO - getAll
2017-08-20T23:05:10,103 [AWT-EventQueue-0] DEBUG view.extra.ChairEditForm - selected char:Chair [idChair=3, nameChair=Кафедра здорового образа жизни]
2017-08-20T23:05:11,070 [AWT-EventQueue-0] DEBUG dao.Impl.GroupDAOImpl - getGroupListByFacultyAndEduLevel
2017-08-20T23:05:14,507 [AWT-EventQueue-0] DEBUG dao.Impl.GroupDAOImpl - getGroupListByFacultyAndEduLevel
2017-08-20T23:05:16,652 [AWT-EventQueue-0] DEBUG dao.Impl.RecordDAOImpl - getRecordListByGroupAndDate
