2017-08-15T21:34:03,539 [main] DEBUG hibernate.type.BasicTypeRegistry - Adding type registration LocalDateTime -> org.hibernate.type.LocalDateTimeType@32ee6fee
2017-08-15T21:34:03,568 [main] DEBUG hibernate.type.BasicTypeRegistry - Adding type registration java.time.LocalDateTime -> org.hibernate.type.LocalDateTimeType@32ee6fee
2017-08-15T21:34:03,572 [main] DEBUG hibernate.type.BasicTypeRegistry - Adding type registration LocalDate -> org.hibernate.type.LocalDateType@169e6180
2017-08-15T21:34:03,572 [main] DEBUG hibernate.type.BasicTypeRegistry - Adding type registration java.time.LocalDate -> org.hibernate.type.LocalDateType@169e6180
2017-08-15T21:34:03,576 [main] DEBUG hibernate.type.BasicTypeRegistry - Adding type registration LocalTime -> org.hibernate.type.LocalTimeType@3f6b0be5
2017-08-15T21:34:03,577 [main] DEBUG hibernate.type.BasicTypeRegistry - Adding type registration java.time.LocalTime -> org.hibernate.type.LocalTimeType@3f6b0be5
2017-08-15T21:34:03,580 [main] DEBUG hibernate.type.BasicTypeRegistry - Adding type registration OffsetDateTime -> org.hibernate.type.OffsetDateTimeType@a530d0a
2017-08-15T21:34:03,580 [main] DEBUG hibernate.type.BasicTypeRegistry - Adding type registration java.time.OffsetDateTime -> org.hibernate.type.OffsetDateTimeType@a530d0a
2017-08-15T21:34:03,583 [main] DEBUG hibernate.type.BasicTypeRegistry - Adding type registration OffsetTime -> org.hibernate.type.OffsetTimeType@614ca7df
2017-08-15T21:34:03,584 [main] DEBUG hibernate.type.BasicTypeRegistry - Adding type registration java.time.OffsetTime -> org.hibernate.type.OffsetTimeType@614ca7df
2017-08-15T21:34:03,593 [main] DEBUG hibernate.type.BasicTypeRegistry - Adding type registration ZonedDateTime -> org.hibernate.type.ZonedDateTimeType@58d75e99
2017-08-15T21:34:03,594 [main] DEBUG hibernate.type.BasicTypeRegistry - Adding type registration java.time.ZonedDateTime -> org.hibernate.type.ZonedDateTimeType@58d75e99
2017-08-15T21:34:03,597 [main] DEBUG hibernate.type.BasicTypeRegistry - Adding type registration date -> org.hibernate.type.DateType@bae7dc0
2017-08-15T21:34:03,598 [main] DEBUG hibernate.type.BasicTypeRegistry - Adding type registration java.sql.Date -> org.hibernate.type.DateType@bae7dc0
2017-08-15T21:34:03,601 [main] DEBUG hibernate.type.BasicTypeRegistry - Adding type registration time -> org.hibernate.type.TimeType@2ed2d9cb
2017-08-15T21:34:03,601 [main] DEBUG hibernate.type.BasicTypeRegistry - Adding type registration java.sql.Time -> org.hibernate.type.TimeType@2ed2d9cb
2017-08-15T21:34:03,607 [main] DEBUG hibernate.type.BasicTypeRegistry - Adding type registration timestamp -> org.hibernate.type.TimestampType@5d0a1059
2017-08-15T21:34:03,607 [main] DEBUG hibernate.type.BasicTypeRegistry - Adding type registration java.sql.Timestamp -> org.hibernate.type.TimestampType@5d0a1059
2017-08-15T21:34:03,607 [main] DEBUG hibernate.type.BasicTypeRegistry - Adding type registration java.util.Date -> org.hibernate.type.TimestampType@5d0a1059
2017-08-15T21:34:03,614 [main] DEBUG hibernate.type.BasicTypeRegistry - Adding type registration dbtimestamp -> org.hibernate.type.DbTimestampType@54bff557
2017-08-15T21:34:03,617 [main] DEBUG hibernate.type.BasicTypeRegistry - Adding type registration calendar -> org.hibernate.type.CalendarType@5b03b9fe
2017-08-15T21:34:03,617 [main] DEBUG hibernate.type.BasicTypeRegistry - Adding type registration java.util.Calendar -> org.hibernate.type.CalendarType@5b03b9fe
2017-08-15T21:34:03,617 [main] DEBUG hibernate.type.BasicTypeRegistry - Adding type registration java.util.GregorianCalendar -> org.hibernate.type.CalendarType@5b03b9fe
2017-08-15T21:34:03,620 [main] DEBUG hibernate.type.BasicTypeRegistry - Adding type registration calendar_date -> org.hibernate.type.CalendarDateType@6e0f5f7f
2017-08-15T21:34:03,622 [main] DEBUG hibernate.type.BasicTypeRegistry - Adding type registration locale -> org.hibernate.type.LocaleType@3c7f66c4
2017-08-15T21:34:03,623 [main] DEBUG hibernate.type.BasicTypeRegistry - Adding type registration java.util.Locale -> org.hibernate.type.LocaleType@3c7f66c4
2017-08-15T21:34:03,626 [main] DEBUG hibernate.type.BasicTypeRegistry - Adding type registration currency -> org.hibernate.type.CurrencyType@ffaa6af
2017-08-15T21:34:03,627 [main] DEBUG hibernate.type.BasicTypeRegistry - Adding type registration java.util.Currency -> org.hibernate.type.CurrencyType@ffaa6af
2017-08-15T21:34:03,629 [main] DEBUG hibernate.type.BasicTypeRegistry - Adding type registration timezone -> org.hibernate.type.TimeZoneType@1de5f259
2017-08-15T21:34:03,630 [main] DEBUG hibernate.type.BasicTypeRegistry - Adding type registration java.util.TimeZone -> org.hibernate.type.TimeZoneType@1de5f259
2017-08-15T21:34:03,633 [main] DEBUG hibernate.type.BasicTypeRegistry - Adding type registration class -> org.hibernate.type.ClassType@2c1b194a
2017-08-15T21:34:03,634 [main] DEBUG hibernate.type.BasicTypeRegistry - Adding type registration java.lang.Class -> org.hibernate.type.ClassType@2c1b194a
2017-08-15T21:34:03,637 [main] DEBUG hibernate.type.BasicTypeRegistry - Adding type registration uuid-binary -> org.hibernate.type.UUIDBinaryType@1e1a0406
2017-08-15T21:34:03,638 [main] DEBUG hibernate.type.BasicTypeRegistry - Adding type registration java.util.UUID -> org.hibernate.type.UUIDBinaryType@1e1a0406
2017-08-15T21:34:03,640 [main] DEBUG hibernate.type.BasicTypeRegistry - Adding type registration uuid-char -> org.hibernate.type.UUIDCharType@290222c1
2017-08-15T21:34:03,643 [main] DEBUG hibernate.type.BasicTypeRegistry - Adding type registration binary -> org.hibernate.type.BinaryType@27462a88
2017-08-15T21:34:03,644 [main] DEBUG hibernate.type.BasicTypeRegistry - Adding type registration byte[] -> org.hibernate.type.BinaryType@27462a88
2017-08-15T21:34:03,644 [main] DEBUG hibernate.type.BasicTypeRegistry - Adding type registration [B -> org.hibernate.type.BinaryType@27462a88
2017-08-15T21:34:03,647 [main] DEBUG hibernate.type.BasicTypeRegistry - Adding type registration wrapper-binary -> org.hibernate.type.WrapperBinaryType@201a4587
2017-08-15T21:34:03,647 [main] DEBUG hibernate.type.BasicTypeRegistry - Adding type registration Byte[] -> org.hibernate.type.WrapperBinaryType@201a4587
2017-08-15T21:34:03,648 [main] DEBUG hibernate.type.BasicTypeRegistry - Adding type registration [Ljava.lang.Byte; -> org.hibernate.type.WrapperBinaryType@201a4587
2017-08-15T21:34:03,651 [main] DEBUG hibernate.type.BasicTypeRegistry - Adding type registration row_version -> org.hibernate.type.RowVersionType@47d9a273
2017-08-15T21:34:03,653 [main] DEBUG hibernate.type.BasicTypeRegistry - Adding type registration image -> org.hibernate.type.ImageType@2dc54ad4
2017-08-15T21:34:03,656 [main] DEBUG hibernate.type.BasicTypeRegistry - Adding type registration characters -> org.hibernate.type.CharArrayType@428640fa
2017-08-15T21:34:03,657 [main] DEBUG hibernate.type.BasicTypeRegistry - Adding type registration char[] -> org.hibernate.type.CharArrayType@428640fa
2017-08-15T21:34:03,659 [main] DEBUG hibernate.type.BasicTypeRegistry - Adding type registration [C -> org.hibernate.type.CharArrayType@428640fa
2017-08-15T21:34:03,663 [main] DEBUG hibernate.type.BasicTypeRegistry - Adding type registration wrapper-characters -> org.hibernate.type.CharacterArrayType@4efac082
2017-08-15T21:34:03,663 [main] DEBUG hibernate.type.BasicTypeRegistry - Adding type registration [Ljava.lang.Character; -> org.hibernate.type.CharacterArrayType@4efac082
2017-08-15T21:34:03,664 [main] DEBUG hibernate.type.BasicTypeRegistry - Adding type registration Character[] -> org.hibernate.type.CharacterArrayType@4efac082
2017-08-15T21:34:03,666 [main] DEBUG hibernate.type.BasicTypeRegistry - Adding type registration text -> org.hibernate.type.TextType@506ae4d4
2017-08-15T21:34:03,668 [main] DEBUG hibernate.type.BasicTypeRegistry - Adding type registration ntext -> org.hibernate.type.NTextType@52b1beb6
2017-08-15T21:34:03,680 [main] DEBUG hibernate.type.BasicTypeRegistry - Adding type registration blob -> org.hibernate.type.BlobType@51c668e3
2017-08-15T21:34:03,681 [main] DEBUG hibernate.type.BasicTypeRegistry - Adding type registration java.sql.Blob -> org.hibernate.type.BlobType@51c668e3
2017-08-15T21:34:03,683 [main] DEBUG hibernate.type.BasicTypeRegistry - Adding type registration materialized_blob -> org.hibernate.type.MaterializedBlobType@52719fb6
2017-08-15T21:34:03,698 [main] DEBUG hibernate.type.BasicTypeRegistry - Adding type registration clob -> org.hibernate.type.ClobType@20140db9
2017-08-15T21:34:03,699 [main] DEBUG hibernate.type.BasicTypeRegistry - Adding type registration java.sql.Clob -> org.hibernate.type.ClobType@20140db9
2017-08-15T21:34:03,705 [main] DEBUG hibernate.type.BasicTypeRegistry - Adding type registration nclob -> org.hibernate.type.NClobType@46cdf8bd
2017-08-15T21:34:03,705 [main] DEBUG hibernate.type.BasicTypeRegistry - Adding type registration java.sql.NClob -> org.hibernate.type.NClobType@46cdf8bd
2017-08-15T21:34:03,706 [main] DEBUG hibernate.type.BasicTypeRegistry - Adding type registration materialized_clob -> org.hibernate.type.MaterializedClobType@26d9b808
2017-08-15T21:34:03,708 [main] DEBUG hibernate.type.BasicTypeRegistry - Adding type registration materialized_nclob -> org.hibernate.type.MaterializedNClobType@7526515b
2017-08-15T21:34:03,711 [main] DEBUG hibernate.type.BasicTypeRegistry - Adding type registration serializable -> org.hibernate.type.SerializableType@6e6f2380
2017-08-15T21:34:03,718 [main] DEBUG hibernate.type.BasicTypeRegistry - Adding type registration object -> org.hibernate.type.ObjectType@2cf3d63b
2017-08-15T21:34:03,718 [main] DEBUG hibernate.type.BasicTypeRegistry - Adding type registration java.lang.Object -> org.hibernate.type.ObjectType@2cf3d63b
2017-08-15T21:34:03,720 [main] DEBUG hibernate.type.BasicTypeRegistry - Adding type registration imm_date -> org.hibernate.type.AdaptedImmutableType@173ed316
2017-08-15T21:34:03,720 [main] DEBUG hibernate.type.BasicTypeRegistry - Adding type registration imm_time -> org.hibernate.type.AdaptedImmutableType@25ce9dc4
2017-08-15T21:34:03,720 [main] DEBUG hibernate.type.BasicTypeRegistry - Adding type registration imm_timestamp -> org.hibernate.type.AdaptedImmutableType@74ea2410
2017-08-15T21:34:03,720 [main] DEBUG hibernate.type.BasicTypeRegistry - Adding type registration imm_dbtimestamp -> org.hibernate.type.AdaptedImmutableType@17f62e33
2017-08-15T21:34:03,721 [main] DEBUG hibernate.type.BasicTypeRegistry - Adding type registration imm_calendar -> org.hibernate.type.AdaptedImmutableType@76b1e9b8
2017-08-15T21:34:03,721 [main] DEBUG hibernate.type.BasicTypeRegistry - Adding type registration imm_calendar_date -> org.hibernate.type.AdaptedImmutableType@27406a17
2017-08-15T21:34:03,721 [main] DEBUG hibernate.type.BasicTypeRegistry - Adding type registration imm_binary -> org.hibernate.type.AdaptedImmutableType@2af004b
2017-08-15T21:34:03,722 [main] DEBUG hibernate.type.BasicTypeRegistry - Adding type registration imm_serializable -> org.hibernate.type.AdaptedImmutableType@248e319b
2017-08-15T21:34:03,747 [main] WARN orm.connections.pooling - HHH10001002: Using Hibernate built-in connection pool (not for production use!)
2017-08-15T21:34:03,769 [main] INFO orm.connections.pooling - HHH10001005: using driver [org.hsqldb.jdbcDriver] at URL [jdbc:hsqldb:mem:DBNAME]
2017-08-15T21:34:03,770 [main] INFO orm.connections.pooling - HHH10001001: Connection properties: {user=sa, password=}
2017-08-15T21:34:03,771 [main] INFO orm.connections.pooling - HHH10001003: Autocommit mode: false
2017-08-15T21:34:03,779 [main] DEBUG connections.internal.DriverManagerConnectionProviderImpl - Initializing Connection pool with 1 Connections
2017-08-15T21:34:03,780 [main] INFO connections.internal.DriverManagerConnectionProviderImpl - HHH000115: Hibernate connection pool size: 1 (min=1)
2017-08-15T21:34:04,439 [main] DEBUG env.internal.JdbcEnvironmentInitiator - Database ->
       name : HSQL Database Engine
    version : 2.4.0
      major : 2
      minor : 4
2017-08-15T21:34:04,439 [main] DEBUG env.internal.JdbcEnvironmentInitiator - Driver ->
       name : HSQL Database Engine Driver
    version : 2.4.0
      major : 2
      minor : 4
2017-08-15T21:34:04,440 [main] DEBUG env.internal.JdbcEnvironmentInitiator - JDBC version : 4.2
2017-08-15T21:34:04,465 [main] INFO hibernate.dialect.Dialect - HHH000400: Using dialect: org.hibernate.dialect.HSQLDialect
2017-08-15T21:34:04,525 [main] DEBUG env.spi.IdentifierHelperBuilder - JDBC driver metadata reported database stores quoted identifiers in neither upper, lower nor mixed case
2017-08-15T21:34:04,805 [main] DEBUG factory.internal.DefaultIdentifierGeneratorFactory - Registering IdentifierGenerator strategy [uuid2] -> [org.hibernate.id.UUIDGenerator]
2017-08-15T21:34:04,806 [main] DEBUG factory.internal.DefaultIdentifierGeneratorFactory - Registering IdentifierGenerator strategy [guid] -> [org.hibernate.id.GUIDGenerator]
2017-08-15T21:34:04,807 [main] DEBUG factory.internal.DefaultIdentifierGeneratorFactory - Registering IdentifierGenerator strategy [uuid] -> [org.hibernate.id.UUIDHexGenerator]
2017-08-15T21:34:04,807 [main] DEBUG factory.internal.DefaultIdentifierGeneratorFactory - Registering IdentifierGenerator strategy [uuid.hex] -> [org.hibernate.id.UUIDHexGenerator]
2017-08-15T21:34:04,808 [main] DEBUG factory.internal.DefaultIdentifierGeneratorFactory - Registering IdentifierGenerator strategy [assigned] -> [org.hibernate.id.Assigned]
2017-08-15T21:34:04,811 [main] DEBUG factory.internal.DefaultIdentifierGeneratorFactory - Registering IdentifierGenerator strategy [identity] -> [org.hibernate.id.IdentityGenerator]
2017-08-15T21:34:04,812 [main] DEBUG factory.internal.DefaultIdentifierGeneratorFactory - Registering IdentifierGenerator strategy [select] -> [org.hibernate.id.SelectGenerator]
2017-08-15T21:34:04,815 [main] DEBUG factory.internal.DefaultIdentifierGeneratorFactory - Registering IdentifierGenerator strategy [sequence] -> [org.hibernate.id.enhanced.SequenceStyleGenerator]
2017-08-15T21:34:04,817 [main] DEBUG factory.internal.DefaultIdentifierGeneratorFactory - Registering IdentifierGenerator strategy [seqhilo] -> [org.hibernate.id.SequenceHiLoGenerator]
2017-08-15T21:34:04,819 [main] DEBUG factory.internal.DefaultIdentifierGeneratorFactory - Registering IdentifierGenerator strategy [increment] -> [org.hibernate.id.IncrementGenerator]
2017-08-15T21:34:04,820 [main] DEBUG factory.internal.DefaultIdentifierGeneratorFactory - Registering IdentifierGenerator strategy [foreign] -> [org.hibernate.id.ForeignGenerator]
2017-08-15T21:34:04,822 [main] DEBUG factory.internal.DefaultIdentifierGeneratorFactory - Registering IdentifierGenerator strategy [sequence-identity] -> [org.hibernate.id.SequenceIdentityGenerator]
2017-08-15T21:34:04,822 [main] DEBUG factory.internal.DefaultIdentifierGeneratorFactory - Registering IdentifierGenerator strategy [enhanced-sequence] -> [org.hibernate.id.enhanced.SequenceStyleGenerator]
2017-08-15T21:34:04,824 [main] DEBUG factory.internal.DefaultIdentifierGeneratorFactory - Registering IdentifierGenerator strategy [enhanced-table] -> [org.hibernate.id.enhanced.TableGenerator]
2017-08-15T21:34:04,900 [main] DEBUG model.relational.Namespace - Created database namespace [logicalName=Name{catalog=null, schema=timetable}, physicalName=Name{catalog=null, schema=timetable}]
2017-08-15T21:34:05,042 [main] DEBUG hibernate.internal.SessionFactoryImpl - Building session factory
2017-08-15T21:34:05,046 [main] DEBUG hibernate.cfg.Settings - SessionFactory name : null
2017-08-15T21:34:05,046 [main] DEBUG hibernate.cfg.Settings - Automatic flush during beforeCompletion(): enabled
2017-08-15T21:34:05,047 [main] DEBUG hibernate.cfg.Settings - Automatic session close at end of transaction: disabled
2017-08-15T21:34:05,047 [main] DEBUG hibernate.cfg.Settings - Statistics: disabled
2017-08-15T21:34:05,048 [main] DEBUG hibernate.cfg.Settings - Deleted entity synthetic identifier rollback: disabled
2017-08-15T21:34:05,048 [main] DEBUG hibernate.cfg.Settings - Default entity-mode: pojo
2017-08-15T21:34:05,049 [main] DEBUG hibernate.cfg.Settings - Check Nullability in Core (should be disabled when Bean Validation is on): enabled
2017-08-15T21:34:05,052 [main] DEBUG hibernate.cfg.Settings - Allow initialization of lazy state outside session : disabled
2017-08-15T21:34:05,053 [main] DEBUG hibernate.cfg.Settings - Using BatchFetchStyle : LEGACY
2017-08-15T21:34:05,054 [main] DEBUG hibernate.cfg.Settings - Default batch fetch size: -1
2017-08-15T21:34:05,055 [main] DEBUG hibernate.cfg.Settings - Maximum outer join fetch depth: null
2017-08-15T21:34:05,056 [main] DEBUG hibernate.cfg.Settings - Default null ordering: NONE
2017-08-15T21:34:05,057 [main] DEBUG hibernate.cfg.Settings - Order SQL updates by primary key: disabled
2017-08-15T21:34:05,058 [main] DEBUG hibernate.cfg.Settings - Order SQL inserts for batching: disabled
2017-08-15T21:34:05,059 [main] DEBUG hibernate.cfg.Settings - multi-tenancy strategy : NONE
2017-08-15T21:34:05,060 [main] DEBUG hibernate.cfg.Settings - JTA Track by Thread: enabled
2017-08-15T21:34:05,061 [main] DEBUG hibernate.cfg.Settings - Query language substitutions: {}
2017-08-15T21:34:05,062 [main] DEBUG hibernate.cfg.Settings - JPA query language strict compliance: disabled
2017-08-15T21:34:05,062 [main] DEBUG hibernate.cfg.Settings - Named query checking : enabled
2017-08-15T21:34:05,063 [main] DEBUG hibernate.cfg.Settings - Second-level cache: disabled
2017-08-15T21:34:05,064 [main] DEBUG hibernate.cfg.Settings - Second-level query cache: disabled
2017-08-15T21:34:05,065 [main] DEBUG hibernate.cfg.Settings - Second-level query cache factory: org.hibernate.cache.internal.StandardQueryCacheFactory@68be8808
2017-08-15T21:34:05,066 [main] DEBUG hibernate.cfg.Settings - Second-level cache region prefix: null
2017-08-15T21:34:05,066 [main] DEBUG hibernate.cfg.Settings - Optimize second-level cache for minimal puts: disabled
2017-08-15T21:34:05,068 [main] DEBUG hibernate.cfg.Settings - Structured second-level cache entries: disabled
2017-08-15T21:34:05,069 [main] DEBUG hibernate.cfg.Settings - Second-level cache direct-reference entries: disabled
2017-08-15T21:34:05,070 [main] DEBUG hibernate.cfg.Settings - Automatic eviction of collection cache: disabled
2017-08-15T21:34:05,070 [main] DEBUG hibernate.cfg.Settings - JDBC batch size: 15
2017-08-15T21:34:05,070 [main] DEBUG hibernate.cfg.Settings - JDBC batch updates for versioned data: enabled
2017-08-15T21:34:05,071 [main] DEBUG hibernate.cfg.Settings - Scrollable result sets: enabled
2017-08-15T21:34:05,072 [main] DEBUG hibernate.cfg.Settings - Wrap result sets: disabled
2017-08-15T21:34:05,072 [main] DEBUG hibernate.cfg.Settings - JDBC3 getGeneratedKeys(): enabled
2017-08-15T21:34:05,073 [main] DEBUG hibernate.cfg.Settings - JDBC result set fetch size: null
2017-08-15T21:34:05,073 [main] DEBUG hibernate.cfg.Settings - Connection release mode: AFTER_TRANSACTION
2017-08-15T21:34:05,073 [main] DEBUG hibernate.cfg.Settings - Generate SQL with comments: disabled
2017-08-15T21:34:05,258 [main] DEBUG hibernate.internal.SessionFactoryImpl - Session factory constructed with filter configurations : {}
2017-08-15T21:34:05,259 [main] DEBUG hibernate.internal.SessionFactoryImpl - Instantiating session factory with properties: {sun.desktop=windows, awt.toolkit=sun.awt.windows.WToolkit, dialect=org.hibernate.dialect.HSQLDialect, file.encoding.pkg=sun.io, java.specification.version=1.8, sun.cpu.isalist=amd64, sun.jnu.encoding=Cp1251, hibernate.dialect=org.hibernate.dialect.HSQLDialect, java.class.path=D:\work\java\tt\target\test-classes;D:\work\java\tt\target\classes;D:\work\java\timetable\jdatepicker-1.3.4.jar;D:\work\java\timetable\multiSpanCellTable.jar;C:\Users\hello\.m2\repository\org\hibernate\hibernate-core\5.2.10.Final\hibernate-core-5.2.10.Final.jar;C:\Users\hello\.m2\repository\org\jboss\logging\jboss-logging\3.3.0.Final\jboss-logging-3.3.0.Final.jar;C:\Users\hello\.m2\repository\org\hibernate\javax\persistence\hibernate-jpa-2.1-api\1.0.0.Final\hibernate-jpa-2.1-api-1.0.0.Final.jar;C:\Users\hello\.m2\repository\org\javassist\javassist\3.20.0-GA\javassist-3.20.0-GA.jar;C:\Users\hello\.m2\repository\antlr\antlr\2.7.7\antlr-2.7.7.jar;C:\Users\hello\.m2\repository\org\jboss\spec\javax\transaction\jboss-transaction-api_1.2_spec\1.0.1.Final\jboss-transaction-api_1.2_spec-1.0.1.Final.jar;C:\Users\hello\.m2\repository\org\jboss\jandex\2.0.3.Final\jandex-2.0.3.Final.jar;C:\Users\hello\.m2\repository\com\fasterxml\classmate\1.3.0\classmate-1.3.0.jar;C:\Users\hello\.m2\repository\dom4j\dom4j\1.6.1\dom4j-1.6.1.jar;C:\Users\hello\.m2\repository\org\hibernate\common\hibernate-commons-annotations\5.0.1.Final\hibernate-commons-annotations-5.0.1.Final.jar;C:\Users\hello\.m2\repository\org\hibernate\hibernate-entitymanager\5.2.10.Final\hibernate-entitymanager-5.2.10.Final.jar;C:\Users\hello\.m2\repository\net\bytebuddy\byte-buddy\1.6.6\byte-buddy-1.6.6.jar;C:\Users\hello\.m2\repository\mysql\mysql-connector-java\5.1.23\mysql-connector-java-5.1.23.jar;C:\Users\hello\.m2\repository\org\apache\logging\log4j\log4j-core\2.8.2\log4j-core-2.8.2.jar;C:\Users\hello\.m2\repository\org\apache\logging\log4j\log4j-api\2.8.2\log4j-api-2.8.2.jar;C:\Users\hello\.m2\repository\org\dbunit\dbunit\2.5.3\dbunit-2.5.3.jar;C:\Users\hello\.m2\repository\org\slf4j\slf4j-api\1.7.21\slf4j-api-1.7.21.jar;C:\Users\hello\.m2\repository\commons-collections\commons-collections\3.2.2\commons-collections-3.2.2.jar;C:\Users\hello\.m2\repository\org\apache\poi\poi-ooxml\3.14\poi-ooxml-3.14.jar;C:\Users\hello\.m2\repository\org\apache\poi\poi\3.14\poi-3.14.jar;C:\Users\hello\.m2\repository\commons-codec\commons-codec\1.10\commons-codec-1.10.jar;C:\Users\hello\.m2\repository\org\apache\poi\poi-ooxml-schemas\3.14\poi-ooxml-schemas-3.14.jar;C:\Users\hello\.m2\repository\org\apache\xmlbeans\xmlbeans\2.6.0\xmlbeans-2.6.0.jar;C:\Users\hello\.m2\repository\stax\stax-api\1.0.1\stax-api-1.0.1.jar;C:\Users\hello\.m2\repository\com\github\virtuald\curvesapi\1.03\curvesapi-1.03.jar;C:\Users\hello\.m2\repository\org\hsqldb\hsqldb\2.4.0\hsqldb-2.4.0.jar;C:\Users\hello\.m2\repository\junit\junit\4.12\junit-4.12.jar;C:\Users\hello\.m2\repository\org\hamcrest\hamcrest-core\1.3\hamcrest-core-1.3.jar;/C:/Users/hello/eclipse/jee-neon/eclipse/configuration/org.eclipse.osgi/390/0/.cp/;/C:/Users/hello/eclipse/jee-neon/eclipse/configuration/org.eclipse.osgi/389/0/.cp/, java.vm.vendor=Oracle Corporation, sun.arch.data.model=64, hbm2ddl.auto=create-drop, user.variant=, java.vendor.url=http://java.oracle.com/, user.timezone=Europe/Minsk, user.country.format=BY, os.name=Windows 8.1, java.vm.specification.version=1.8, sun.java.launcher=SUN_STANDARD, user.country=US, sun.boot.library.path=C:\Program Files\Java\jdk1.8.0_112\jre\bin, sun.java.command=org.eclipse.jdt.internal.junit.runner.RemoteTestRunner -version 3 -port 52353 -testLoaderClass org.eclipse.jdt.internal.junit4.runner.JUnit4TestLoader -loaderpluginname org.eclipse.jdt.junit4.runtime -classNames by.bsac.timetable.dao.impl.RecordDAOImplTest, sun.cpu.endian=little, user.home=C:\Users\hello, user.language=en, java.specification.vendor=Oracle Corporation, java.home=C:\Program Files\Java\jdk1.8.0_112\jre, file.separator=\, line.separator=
, java.vm.specification.vendor=Oracle Corporation, java.specification.name=Java Platform API Specification, java.awt.graphicsenv=sun.awt.Win32GraphicsEnvironment, sun.boot.class.path=C:\Program Files\Java\jdk1.8.0_112\jre\lib\resources.jar;C:\Program Files\Java\jdk1.8.0_112\jre\lib\rt.jar;C:\Program Files\Java\jdk1.8.0_112\jre\lib\sunrsasign.jar;C:\Program Files\Java\jdk1.8.0_112\jre\lib\jsse.jar;C:\Program Files\Java\jdk1.8.0_112\jre\lib\jce.jar;C:\Program Files\Java\jdk1.8.0_112\jre\lib\charsets.jar;C:\Program Files\Java\jdk1.8.0_112\jre\lib\jfr.jar;C:\Program Files\Java\jdk1.8.0_112\jre\classes, hibernate.hbm2ddl.auto=create-drop, user.script=, connection.password=, sun.management.compiler=HotSpot 64-Bit Tiered Compilers, java.runtime.version=1.8.0_112-b15, user.name=hello, hibernate.cache.use_query_cache=false, path.separator=;, hibernate.connection.username=sa, os.version=6.3, java.endorsed.dirs=C:\Program Files\Java\jdk1.8.0_112\jre\lib\endorsed, java.runtime.name=Java(TM) SE Runtime Environment, hibernate.connection.url=jdbc:hsqldb:mem:DBNAME, connection.pool_size=1, file.encoding=UTF-8, java.vm.name=Java HotSpot(TM) 64-Bit Server VM, hibernate.show_sql=true, hibernate.connection.driver_class=org.hsqldb.jdbcDriver, java.vendor.url.bug=http://bugreport.sun.com/bugreport/, java.io.tmpdir=C:\Users\hello\AppData\Local\Temp\, java.version=1.8.0_112, user.dir=D:\work\java\tt, os.arch=amd64, connection.username=sa, java.vm.specification.name=Java Virtual Machine Specification, hibernate.default_schema=timetable, user.language.format=be, hibernate.connection.password=****, java.awt.printerjob=sun.awt.windows.WPrinterJob, sun.os.patch.level=, connection.driver_class=org.hsqldb.jdbcDriver, hibernate.boot.CfgXmlAccessService.key=org.hibernate.boot.cfgxml.spi.LoadedConfig@2b5f4d54, hibernate.cache.use_second_level_cache=false, java.library.path=C:\Program Files\Java\jdk1.8.0_112\bin;C:\Windows\Sun\Java\bin;C:\Windows\system32;C:\Windows;C:/Program Files/Java/jre1.8.0_131/bin/server;C:/Program Files/Java/jre1.8.0_131/bin;C:/Program Files/Java/jre1.8.0_131/lib/amd64;C:\ProgramData\Oracle\Java\javapath;C:\Program Files\Broadcom\Broadcom 802.11;C:\Windows\system32;C:\Windows;C:\Windows\System32\Wbem;C:\Windows\System32\WindowsPowerShell\v1.0\;C:\Program Files (x86)\ATI Technologies\ATI.ACE\Core-Static;C:\Program Files\Java\jdk1.8.0_112\bin;D:\FCIV\;C:\Program Files (x86)\Skype\Phone\;C:\Program Files\PuTTY\;C:\Program Files (x86)\Nmap;C:\Users\hello\AppData\Local\atom\bin;C:\Users\hello\Desktop;;., java.vendor=Oracle Corporation, java.vm.info=mixed mode, java.vm.version=25.112-b15, hibernate.bytecode.use_reflection_optimizer=false, sun.io.unicode.encoding=UnicodeLittle, java.ext.dirs=C:\Program Files\Java\jdk1.8.0_112\jre\lib\ext;C:\Windows\Sun\Java\lib\ext, hibernate.connection.pool_size=1, connection.url=jdbc:hsqldb:mem:DBNAME, java.class.version=52.0}
2017-08-15T21:34:05,292 [main] DEBUG secure.spi.JaccIntegrator - Skipping JACC integration as it was not enabled
2017-08-15T21:34:05,312 [main] DEBUG hibernate.internal.SessionFactoryImpl - Instantiated session factory
2017-08-15T21:34:05,425 [main] INFO schema.internal.SchemaCreatorImpl - HHH000476: Executing import script 'org.hibernate.tool.schema.internal.exec.ScriptSourceInputNonExistentImpl@15cafec7'
2017-08-15T21:34:05,436 [main] DEBUG platform.internal.JtaPlatformInitiator - No JtaPlatform was specified, checking resolver
2017-08-15T21:34:05,437 [main] DEBUG platform.internal.JtaPlatformResolverInitiator - No JtaPlatformResolver was specified, using default [org.hibernate.engine.transaction.jta.platform.internal.StandardJtaPlatformResolver]
2017-08-15T21:34:05,452 [main] DEBUG platform.internal.StandardJtaPlatformResolver - Could not resolve JtaPlatform, using default [org.hibernate.engine.transaction.jta.platform.internal.NoJtaPlatform]
2017-08-15T21:34:05,455 [main] DEBUG query.spi.NamedQueryRepository - Checking 0 named HQL queries
2017-08-15T21:34:05,456 [main] DEBUG query.spi.NamedQueryRepository - Checking 0 named SQL queries
2017-08-15T21:34:05,461 [main] DEBUG hibernate.internal.SessionFactoryRegistry - Initializing SessionFactoryRegistry : org.hibernate.internal.SessionFactoryRegistry@18230356
2017-08-15T21:34:05,466 [main] DEBUG hibernate.internal.SessionFactoryRegistry - Registering SessionFactory: 6775342d-0c9b-4408-b2a0-a72d53e36a83 (<unnamed>)
2017-08-15T21:34:05,467 [main] DEBUG hibernate.internal.SessionFactoryRegistry - Not binding SessionFactory to JNDI, no JNDI name configured
2017-08-15T21:34:05,468 [main] DEBUG integrator.internal.IntegratorServiceImpl - Adding Integrator [org.hibernate.cfg.beanvalidation.BeanValidationIntegrator].
2017-08-15T21:34:05,468 [main] DEBUG integrator.internal.IntegratorServiceImpl - Adding Integrator [org.hibernate.secure.spi.JaccIntegrator].
2017-08-15T21:34:05,469 [main] DEBUG integrator.internal.IntegratorServiceImpl - Adding Integrator [org.hibernate.cache.internal.CollectionCacheInvalidator].
2017-08-15T21:34:05,489 [main] DEBUG internal.stax.LocalXmlResourceResolver - Interpreting public/system identifier : [null] - [hibernate-configuration-3.0.dtd]
2017-08-15T21:34:05,490 [main] DEBUG cfgxml.internal.JaxbCfgProcessor - cfg.xml document did not define namespaces; wrapping in custom event reader to introduce namespace information
2017-08-15T21:34:05,589 [main] DEBUG integrator.internal.IntegratorServiceImpl - Adding Integrator [org.hibernate.cfg.beanvalidation.BeanValidationIntegrator].
2017-08-15T21:34:05,589 [main] DEBUG integrator.internal.IntegratorServiceImpl - Adding Integrator [org.hibernate.secure.spi.JaccIntegrator].
2017-08-15T21:34:05,590 [main] DEBUG integrator.internal.IntegratorServiceImpl - Adding Integrator [org.hibernate.cache.internal.CollectionCacheInvalidator].
2017-08-15T21:34:05,602 [main] DEBUG service.spi.ServiceBinding - Overriding existing service binding [org.hibernate.secure.spi.JaccService]
2017-08-15T21:34:05,603 [main] DEBUG hibernate.cfg.Configuration - Building session factory using provided StandardServiceRegistry
2017-08-15T21:34:05,603 [main] DEBUG cache.internal.RegionFactoryInitiator - Cache region factory : org.hibernate.cache.internal.NoCachingRegionFactory
2017-08-15T21:34:05,608 [main] DEBUG hibernate.type.BasicTypeRegistry - Adding type registration boolean -> org.hibernate.type.BooleanType@11bd0f3b
2017-08-15T21:34:05,608 [main] DEBUG hibernate.type.BasicTypeRegistry - Adding type registration boolean -> org.hibernate.type.BooleanType@11bd0f3b
2017-08-15T21:34:05,608 [main] DEBUG hibernate.type.BasicTypeRegistry - Adding type registration java.lang.Boolean -> org.hibernate.type.BooleanType@11bd0f3b
2017-08-15T21:34:05,609 [main] DEBUG hibernate.type.BasicTypeRegistry - Adding type registration numeric_boolean -> org.hibernate.type.NumericBooleanType@72cde7cc
2017-08-15T21:34:05,609 [main] DEBUG hibernate.type.BasicTypeRegistry - Adding type registration true_false -> org.hibernate.type.TrueFalseType@29e495ff
2017-08-15T21:34:05,609 [main] DEBUG hibernate.type.BasicTypeRegistry - Adding type registration yes_no -> org.hibernate.type.YesNoType@4944252c
2017-08-15T21:34:05,609 [main] DEBUG hibernate.type.BasicTypeRegistry - Adding type registration byte -> org.hibernate.type.ByteType@120f102b
2017-08-15T21:34:05,609 [main] DEBUG hibernate.type.BasicTypeRegistry - Adding type registration byte -> org.hibernate.type.ByteType@120f102b
2017-08-15T21:34:05,610 [main] DEBUG hibernate.type.BasicTypeRegistry - Adding type registration java.lang.Byte -> org.hibernate.type.ByteType@120f102b
2017-08-15T21:34:05,610 [main] DEBUG hibernate.type.BasicTypeRegistry - Adding type registration character -> org.hibernate.type.CharacterType@1e6454ec
2017-08-15T21:34:05,610 [main] DEBUG hibernate.type.BasicTypeRegistry - Adding type registration char -> org.hibernate.type.CharacterType@1e6454ec
2017-08-15T21:34:05,610 [main] DEBUG hibernate.type.BasicTypeRegistry - Adding type registration java.lang.Character -> org.hibernate.type.CharacterType@1e6454ec
2017-08-15T21:34:05,611 [main] DEBUG hibernate.type.BasicTypeRegistry - Adding type registration short -> org.hibernate.type.ShortType@4e096385
2017-08-15T21:34:05,611 [main] DEBUG hibernate.type.BasicTypeRegistry - Adding type registration short -> org.hibernate.type.ShortType@4e096385
2017-08-15T21:34:05,611 [main] DEBUG hibernate.type.BasicTypeRegistry - Adding type registration java.lang.Short -> org.hibernate.type.ShortType@4e096385
2017-08-15T21:34:05,612 [main] DEBUG hibernate.type.BasicTypeRegistry - Adding type registration integer -> org.hibernate.type.IntegerType@a2431d0
2017-08-15T21:34:05,612 [main] DEBUG hibernate.type.BasicTypeRegistry - Adding type registration int -> org.hibernate.type.IntegerType@a2431d0
2017-08-15T21:34:05,613 [main] DEBUG hibernate.type.BasicTypeRegistry - Adding type registration java.lang.Integer -> org.hibernate.type.IntegerType@a2431d0
2017-08-15T21:34:05,616 [main] DEBUG hibernate.type.BasicTypeRegistry - Adding type registration long -> org.hibernate.type.LongType@49912c99
2017-08-15T21:34:05,617 [main] DEBUG hibernate.type.BasicTypeRegistry - Adding type registration long -> org.hibernate.type.LongType@49912c99
2017-08-15T21:34:05,619 [main] DEBUG hibernate.type.BasicTypeRegistry - Adding type registration java.lang.Long -> org.hibernate.type.LongType@49912c99
2017-08-15T21:34:05,620 [main] DEBUG hibernate.type.BasicTypeRegistry - Adding type registration float -> org.hibernate.type.FloatType@6c130c45
2017-08-15T21:34:05,620 [main] DEBUG hibernate.type.BasicTypeRegistry - Adding type registration float -> org.hibernate.type.FloatType@6c130c45
2017-08-15T21:34:05,621 [main] DEBUG hibernate.type.BasicTypeRegistry - Adding type registration java.lang.Float -> org.hibernate.type.FloatType@6c130c45
2017-08-15T21:34:05,621 [main] DEBUG hibernate.type.BasicTypeRegistry - Adding type registration double -> org.hibernate.type.DoubleType@6bedbc4d
2017-08-15T21:34:05,621 [main] DEBUG hibernate.type.BasicTypeRegistry - Adding type registration double -> org.hibernate.type.DoubleType@6bedbc4d
2017-08-15T21:34:05,622 [main] DEBUG hibernate.type.BasicTypeRegistry - Adding type registration java.lang.Double -> org.hibernate.type.DoubleType@6bedbc4d
2017-08-15T21:34:05,623 [main] DEBUG hibernate.type.BasicTypeRegistry - Adding type registration big_decimal -> org.hibernate.type.BigDecimalType@793be5ca
2017-08-15T21:34:05,623 [main] DEBUG hibernate.type.BasicTypeRegistry - Adding type registration java.math.BigDecimal -> org.hibernate.type.BigDecimalType@793be5ca
2017-08-15T21:34:05,624 [main] DEBUG hibernate.type.BasicTypeRegistry - Adding type registration big_integer -> org.hibernate.type.BigIntegerType@4de4b452
2017-08-15T21:34:05,624 [main] DEBUG hibernate.type.BasicTypeRegistry - Adding type registration java.math.BigInteger -> org.hibernate.type.BigIntegerType@4de4b452
2017-08-15T21:34:05,624 [main] DEBUG hibernate.type.BasicTypeRegistry - Adding type registration string -> org.hibernate.type.StringType@7ea9e1e2
2017-08-15T21:34:05,624 [main] DEBUG hibernate.type.BasicTypeRegistry - Adding type registration java.lang.String -> org.hibernate.type.StringType@7ea9e1e2
2017-08-15T21:34:05,625 [main] DEBUG hibernate.type.BasicTypeRegistry - Adding type registration nstring -> org.hibernate.type.StringNVarcharType@4d02f94e
2017-08-15T21:34:05,625 [main] DEBUG hibernate.type.BasicTypeRegistry - Adding type registration ncharacter -> org.hibernate.type.CharacterNCharType@14555e0a
2017-08-15T21:34:05,625 [main] DEBUG hibernate.type.BasicTypeRegistry - Adding type registration url -> org.hibernate.type.UrlType@6f46426d
2017-08-15T21:34:05,626 [main] DEBUG hibernate.type.BasicTypeRegistry - Adding type registration java.net.URL -> org.hibernate.type.UrlType@6f46426d
2017-08-15T21:34:05,626 [main] DEBUG hibernate.type.BasicTypeRegistry - Adding type registration Duration -> org.hibernate.type.DurationType@3e84448c
2017-08-15T21:34:05,626 [main] DEBUG hibernate.type.BasicTypeRegistry - Adding type registration java.time.Duration -> org.hibernate.type.DurationType@3e84448c
2017-08-15T21:34:05,626 [main] DEBUG hibernate.type.BasicTypeRegistry - Adding type registration Instant -> org.hibernate.type.InstantType@71def8f8
2017-08-15T21:34:05,627 [main] DEBUG hibernate.type.BasicTypeRegistry - Adding type registration java.time.Instant -> org.hibernate.type.InstantType@71def8f8
2017-08-15T21:34:05,627 [main] DEBUG hibernate.type.BasicTypeRegistry - Adding type registration LocalDateTime -> org.hibernate.type.LocalDateTimeType@32ee6fee
2017-08-15T21:34:05,627 [main] DEBUG hibernate.type.BasicTypeRegistry - Adding type registration java.time.LocalDateTime -> org.hibernate.type.LocalDateTimeType@32ee6fee
2017-08-15T21:34:05,628 [main] DEBUG hibernate.type.BasicTypeRegistry - Adding type registration LocalDate -> org.hibernate.type.LocalDateType@169e6180
2017-08-15T21:34:05,628 [main] DEBUG hibernate.type.BasicTypeRegistry - Adding type registration java.time.LocalDate -> org.hibernate.type.LocalDateType@169e6180
2017-08-15T21:34:05,628 [main] DEBUG hibernate.type.BasicTypeRegistry - Adding type registration LocalTime -> org.hibernate.type.LocalTimeType@3f6b0be5
2017-08-15T21:34:05,629 [main] DEBUG hibernate.type.BasicTypeRegistry - Adding type registration java.time.LocalTime -> org.hibernate.type.LocalTimeType@3f6b0be5
2017-08-15T21:34:05,629 [main] DEBUG hibernate.type.BasicTypeRegistry - Adding type registration OffsetDateTime -> org.hibernate.type.OffsetDateTimeType@a530d0a
2017-08-15T21:34:05,630 [main] DEBUG hibernate.type.BasicTypeRegistry - Adding type registration java.time.OffsetDateTime -> org.hibernate.type.OffsetDateTimeType@a530d0a
2017-08-15T21:34:05,633 [main] DEBUG hibernate.type.BasicTypeRegistry - Adding type registration OffsetTime -> org.hibernate.type.OffsetTimeType@614ca7df
2017-08-15T21:34:05,633 [main] DEBUG hibernate.type.BasicTypeRegistry - Adding type registration java.time.OffsetTime -> org.hibernate.type.OffsetTimeType@614ca7df
2017-08-15T21:34:05,634 [main] DEBUG hibernate.type.BasicTypeRegistry - Adding type registration ZonedDateTime -> org.hibernate.type.ZonedDateTimeType@58d75e99
2017-08-15T21:34:05,634 [main] DEBUG hibernate.type.BasicTypeRegistry - Adding type registration java.time.ZonedDateTime -> org.hibernate.type.ZonedDateTimeType@58d75e99
2017-08-15T21:34:05,634 [main] DEBUG hibernate.type.BasicTypeRegistry - Adding type registration date -> org.hibernate.type.DateType@bae7dc0
2017-08-15T21:34:05,635 [main] DEBUG hibernate.type.BasicTypeRegistry - Adding type registration java.sql.Date -> org.hibernate.type.DateType@bae7dc0
2017-08-15T21:34:05,635 [main] DEBUG hibernate.type.BasicTypeRegistry - Adding type registration time -> org.hibernate.type.TimeType@2ed2d9cb
2017-08-15T21:34:05,635 [main] DEBUG hibernate.type.BasicTypeRegistry - Adding type registration java.sql.Time -> org.hibernate.type.TimeType@2ed2d9cb
2017-08-15T21:34:05,635 [main] DEBUG hibernate.type.BasicTypeRegistry - Adding type registration timestamp -> org.hibernate.type.TimestampType@5d0a1059
2017-08-15T21:34:05,635 [main] DEBUG hibernate.type.BasicTypeRegistry - Adding type registration java.sql.Timestamp -> org.hibernate.type.TimestampType@5d0a1059
2017-08-15T21:34:05,635 [main] DEBUG hibernate.type.BasicTypeRegistry - Adding type registration java.util.Date -> org.hibernate.type.TimestampType@5d0a1059
2017-08-15T21:34:05,636 [main] DEBUG hibernate.type.BasicTypeRegistry - Adding type registration dbtimestamp -> org.hibernate.type.DbTimestampType@54bff557
2017-08-15T21:34:05,636 [main] DEBUG hibernate.type.BasicTypeRegistry - Adding type registration calendar -> org.hibernate.type.CalendarType@5b03b9fe
2017-08-15T21:34:05,636 [main] DEBUG hibernate.type.BasicTypeRegistry - Adding type registration java.util.Calendar -> org.hibernate.type.CalendarType@5b03b9fe
2017-08-15T21:34:05,636 [main] DEBUG hibernate.type.BasicTypeRegistry - Adding type registration java.util.GregorianCalendar -> org.hibernate.type.CalendarType@5b03b9fe
2017-08-15T21:34:05,637 [main] DEBUG hibernate.type.BasicTypeRegistry - Adding type registration calendar_date -> org.hibernate.type.CalendarDateType@6e0f5f7f
2017-08-15T21:34:05,637 [main] DEBUG hibernate.type.BasicTypeRegistry - Adding type registration locale -> org.hibernate.type.LocaleType@3c7f66c4
2017-08-15T21:34:05,637 [main] DEBUG hibernate.type.BasicTypeRegistry - Adding type registration java.util.Locale -> org.hibernate.type.LocaleType@3c7f66c4
2017-08-15T21:34:05,637 [main] DEBUG hibernate.type.BasicTypeRegistry - Adding type registration currency -> org.hibernate.type.CurrencyType@ffaa6af
2017-08-15T21:34:05,637 [main] DEBUG hibernate.type.BasicTypeRegistry - Adding type registration java.util.Currency -> org.hibernate.type.CurrencyType@ffaa6af
2017-08-15T21:34:05,637 [main] DEBUG hibernate.type.BasicTypeRegistry - Adding type registration timezone -> org.hibernate.type.TimeZoneType@1de5f259
2017-08-15T21:34:05,638 [main] DEBUG hibernate.type.BasicTypeRegistry - Adding type registration java.util.TimeZone -> org.hibernate.type.TimeZoneType@1de5f259
2017-08-15T21:34:05,638 [main] DEBUG hibernate.type.BasicTypeRegistry - Adding type registration class -> org.hibernate.type.ClassType@2c1b194a
2017-08-15T21:34:05,638 [main] DEBUG hibernate.type.BasicTypeRegistry - Adding type registration java.lang.Class -> org.hibernate.type.ClassType@2c1b194a
2017-08-15T21:34:05,638 [main] DEBUG hibernate.type.BasicTypeRegistry - Adding type registration uuid-binary -> org.hibernate.type.UUIDBinaryType@1e1a0406
2017-08-15T21:34:05,638 [main] DEBUG hibernate.type.BasicTypeRegistry - Adding type registration java.util.UUID -> org.hibernate.type.UUIDBinaryType@1e1a0406
2017-08-15T21:34:05,639 [main] DEBUG hibernate.type.BasicTypeRegistry - Adding type registration uuid-char -> org.hibernate.type.UUIDCharType@290222c1
2017-08-15T21:34:05,639 [main] DEBUG hibernate.type.BasicTypeRegistry - Adding type registration binary -> org.hibernate.type.BinaryType@27462a88
2017-08-15T21:34:05,639 [main] DEBUG hibernate.type.BasicTypeRegistry - Adding type registration byte[] -> org.hibernate.type.BinaryType@27462a88
2017-08-15T21:34:05,639 [main] DEBUG hibernate.type.BasicTypeRegistry - Adding type registration [B -> org.hibernate.type.BinaryType@27462a88
2017-08-15T21:34:05,639 [main] DEBUG hibernate.type.BasicTypeRegistry - Adding type registration wrapper-binary -> org.hibernate.type.WrapperBinaryType@201a4587
2017-08-15T21:34:05,640 [main] DEBUG hibernate.type.BasicTypeRegistry - Adding type registration Byte[] -> org.hibernate.type.WrapperBinaryType@201a4587
2017-08-15T21:34:05,640 [main] DEBUG hibernate.type.BasicTypeRegistry - Adding type registration [Ljava.lang.Byte; -> org.hibernate.type.WrapperBinaryType@201a4587
2017-08-15T21:34:05,640 [main] DEBUG hibernate.type.BasicTypeRegistry - Adding type registration row_version -> org.hibernate.type.RowVersionType@47d9a273
2017-08-15T21:34:05,640 [main] DEBUG hibernate.type.BasicTypeRegistry - Adding type registration image -> org.hibernate.type.ImageType@2dc54ad4
2017-08-15T21:34:05,640 [main] DEBUG hibernate.type.BasicTypeRegistry - Adding type registration characters -> org.hibernate.type.CharArrayType@428640fa
2017-08-15T21:34:05,641 [main] DEBUG hibernate.type.BasicTypeRegistry - Adding type registration char[] -> org.hibernate.type.CharArrayType@428640fa
2017-08-15T21:34:05,641 [main] DEBUG hibernate.type.BasicTypeRegistry - Adding type registration [C -> org.hibernate.type.CharArrayType@428640fa
2017-08-15T21:34:05,641 [main] DEBUG hibernate.type.BasicTypeRegistry - Adding type registration wrapper-characters -> org.hibernate.type.CharacterArrayType@4efac082
2017-08-15T21:34:05,641 [main] DEBUG hibernate.type.BasicTypeRegistry - Adding type registration [Ljava.lang.Character; -> org.hibernate.type.CharacterArrayType@4efac082
2017-08-15T21:34:05,641 [main] DEBUG hibernate.type.BasicTypeRegistry - Adding type registration Character[] -> org.hibernate.type.CharacterArrayType@4efac082
2017-08-15T21:34:05,642 [main] DEBUG hibernate.type.BasicTypeRegistry - Adding type registration text -> org.hibernate.type.TextType@506ae4d4
2017-08-15T21:34:05,642 [main] DEBUG hibernate.type.BasicTypeRegistry - Adding type registration ntext -> org.hibernate.type.NTextType@52b1beb6
2017-08-15T21:34:05,642 [main] DEBUG hibernate.type.BasicTypeRegistry - Adding type registration blob -> org.hibernate.type.BlobType@51c668e3
2017-08-15T21:34:05,642 [main] DEBUG hibernate.type.BasicTypeRegistry - Adding type registration java.sql.Blob -> org.hibernate.type.BlobType@51c668e3
2017-08-15T21:34:05,642 [main] DEBUG hibernate.type.BasicTypeRegistry - Adding type registration materialized_blob -> org.hibernate.type.MaterializedBlobType@52719fb6
2017-08-15T21:34:05,643 [main] DEBUG hibernate.type.BasicTypeRegistry - Adding type registration clob -> org.hibernate.type.ClobType@20140db9
2017-08-15T21:34:05,643 [main] DEBUG hibernate.type.BasicTypeRegistry - Adding type registration java.sql.Clob -> org.hibernate.type.ClobType@20140db9
2017-08-15T21:34:05,643 [main] DEBUG hibernate.type.BasicTypeRegistry - Adding type registration nclob -> org.hibernate.type.NClobType@46cdf8bd
2017-08-15T21:34:05,643 [main] DEBUG hibernate.type.BasicTypeRegistry - Adding type registration java.sql.NClob -> org.hibernate.type.NClobType@46cdf8bd
2017-08-15T21:34:05,643 [main] DEBUG hibernate.type.BasicTypeRegistry - Adding type registration materialized_clob -> org.hibernate.type.MaterializedClobType@26d9b808
2017-08-15T21:34:05,644 [main] DEBUG hibernate.type.BasicTypeRegistry - Adding type registration materialized_nclob -> org.hibernate.type.MaterializedNClobType@7526515b
2017-08-15T21:34:05,644 [main] DEBUG hibernate.type.BasicTypeRegistry - Adding type registration serializable -> org.hibernate.type.SerializableType@6e6f2380
2017-08-15T21:34:05,644 [main] DEBUG hibernate.type.BasicTypeRegistry - Adding type registration object -> org.hibernate.type.ObjectType@2cf3d63b
2017-08-15T21:34:05,644 [main] DEBUG hibernate.type.BasicTypeRegistry - Adding type registration java.lang.Object -> org.hibernate.type.ObjectType@2cf3d63b
2017-08-15T21:34:05,644 [main] DEBUG hibernate.type.BasicTypeRegistry - Adding type registration imm_date -> org.hibernate.type.AdaptedImmutableType@62ea3440
2017-08-15T21:34:05,645 [main] DEBUG hibernate.type.BasicTypeRegistry - Adding type registration imm_time -> org.hibernate.type.AdaptedImmutableType@27953a83
2017-08-15T21:34:05,645 [main] DEBUG hibernate.type.BasicTypeRegistry - Adding type registration imm_timestamp -> org.hibernate.type.AdaptedImmutableType@556d0826
2017-08-15T21:34:05,645 [main] DEBUG hibernate.type.BasicTypeRegistry - Adding type registration imm_dbtimestamp -> org.hibernate.type.AdaptedImmutableType@66ce957f
2017-08-15T21:34:05,645 [main] DEBUG hibernate.type.BasicTypeRegistry - Adding type registration imm_calendar -> org.hibernate.type.AdaptedImmutableType@55b5f5d2
2017-08-15T21:34:05,645 [main] DEBUG hibernate.type.BasicTypeRegistry - Adding type registration imm_calendar_date -> org.hibernate.type.AdaptedImmutableType@5bfa8cc5
2017-08-15T21:34:05,646 [main] DEBUG hibernate.type.BasicTypeRegistry - Adding type registration imm_binary -> org.hibernate.type.AdaptedImmutableType@666b83a4
2017-08-15T21:34:05,646 [main] DEBUG hibernate.type.BasicTypeRegistry - Adding type registration imm_serializable -> org.hibernate.type.AdaptedImmutableType@749c877b
2017-08-15T21:34:05,646 [main] WARN orm.connections.pooling - HHH10001002: Using Hibernate built-in connection pool (not for production use!)
2017-08-15T21:34:05,647 [main] INFO orm.connections.pooling - HHH10001005: using driver [org.hsqldb.jdbcDriver] at URL [jdbc:hsqldb:mem:DBNAME]
2017-08-15T21:34:05,648 [main] INFO orm.connections.pooling - HHH10001001: Connection properties: {user=sa, password=}
2017-08-15T21:34:05,648 [main] INFO orm.connections.pooling - HHH10001003: Autocommit mode: false
2017-08-15T21:34:05,648 [main] DEBUG connections.internal.DriverManagerConnectionProviderImpl - Initializing Connection pool with 1 Connections
2017-08-15T21:34:05,648 [main] INFO connections.internal.DriverManagerConnectionProviderImpl - HHH000115: Hibernate connection pool size: 1 (min=1)
2017-08-15T21:34:05,650 [main] DEBUG env.internal.JdbcEnvironmentInitiator - Database ->
       name : HSQL Database Engine
    version : 2.4.0
      major : 2
      minor : 4
2017-08-15T21:34:05,651 [main] DEBUG env.internal.JdbcEnvironmentInitiator - Driver ->
       name : HSQL Database Engine Driver
    version : 2.4.0
      major : 2
      minor : 4
2017-08-15T21:34:05,651 [main] DEBUG env.internal.JdbcEnvironmentInitiator - JDBC version : 4.2
2017-08-15T21:34:05,652 [main] INFO hibernate.dialect.Dialect - HHH000400: Using dialect: org.hibernate.dialect.HSQLDialect
2017-08-15T21:34:05,656 [main] DEBUG env.spi.IdentifierHelperBuilder - JDBC driver metadata reported database stores quoted identifiers in neither upper, lower nor mixed case
2017-08-15T21:34:05,662 [main] DEBUG factory.internal.DefaultIdentifierGeneratorFactory - Registering IdentifierGenerator strategy [uuid2] -> [org.hibernate.id.UUIDGenerator]
2017-08-15T21:34:05,662 [main] DEBUG factory.internal.DefaultIdentifierGeneratorFactory - Registering IdentifierGenerator strategy [guid] -> [org.hibernate.id.GUIDGenerator]
2017-08-15T21:34:05,663 [main] DEBUG factory.internal.DefaultIdentifierGeneratorFactory - Registering IdentifierGenerator strategy [uuid] -> [org.hibernate.id.UUIDHexGenerator]
2017-08-15T21:34:05,663 [main] DEBUG factory.internal.DefaultIdentifierGeneratorFactory - Registering IdentifierGenerator strategy [uuid.hex] -> [org.hibernate.id.UUIDHexGenerator]
2017-08-15T21:34:05,663 [main] DEBUG factory.internal.DefaultIdentifierGeneratorFactory - Registering IdentifierGenerator strategy [assigned] -> [org.hibernate.id.Assigned]
2017-08-15T21:34:05,664 [main] DEBUG factory.internal.DefaultIdentifierGeneratorFactory - Registering IdentifierGenerator strategy [identity] -> [org.hibernate.id.IdentityGenerator]
2017-08-15T21:34:05,665 [main] DEBUG factory.internal.DefaultIdentifierGeneratorFactory - Registering IdentifierGenerator strategy [select] -> [org.hibernate.id.SelectGenerator]
2017-08-15T21:34:05,665 [main] DEBUG factory.internal.DefaultIdentifierGeneratorFactory - Registering IdentifierGenerator strategy [sequence] -> [org.hibernate.id.enhanced.SequenceStyleGenerator]
2017-08-15T21:34:05,665 [main] DEBUG factory.internal.DefaultIdentifierGeneratorFactory - Registering IdentifierGenerator strategy [seqhilo] -> [org.hibernate.id.SequenceHiLoGenerator]
2017-08-15T21:34:05,665 [main] DEBUG factory.internal.DefaultIdentifierGeneratorFactory - Registering IdentifierGenerator strategy [increment] -> [org.hibernate.id.IncrementGenerator]
2017-08-15T21:34:05,665 [main] DEBUG factory.internal.DefaultIdentifierGeneratorFactory - Registering IdentifierGenerator strategy [foreign] -> [org.hibernate.id.ForeignGenerator]
2017-08-15T21:34:05,666 [main] DEBUG factory.internal.DefaultIdentifierGeneratorFactory - Registering IdentifierGenerator strategy [sequence-identity] -> [org.hibernate.id.SequenceIdentityGenerator]
2017-08-15T21:34:05,667 [main] DEBUG factory.internal.DefaultIdentifierGeneratorFactory - Registering IdentifierGenerator strategy [enhanced-sequence] -> [org.hibernate.id.enhanced.SequenceStyleGenerator]
2017-08-15T21:34:05,667 [main] DEBUG factory.internal.DefaultIdentifierGeneratorFactory - Registering IdentifierGenerator strategy [enhanced-table] -> [org.hibernate.id.enhanced.TableGenerator]
2017-08-15T21:34:05,668 [main] DEBUG model.relational.Namespace - Created database namespace [logicalName=Name{catalog=null, schema=timetable}, physicalName=Name{catalog=null, schema=timetable}]
