2017-08-15T21:34:05,676 [main] DEBUG hibernate.internal.SessionFactoryImpl - Building session factory
2017-08-15T21:34:05,691 [main] DEBUG hibernate.cfg.Settings - SessionFactory name : null
2017-08-15T21:34:05,691 [main] DEBUG hibernate.cfg.Settings - Automatic flush during beforeCompletion(): enabled
2017-08-15T21:34:05,692 [main] DEBUG hibernate.cfg.Settings - Automatic session close at end of transaction: disabled
2017-08-15T21:34:05,692 [main] DEBUG hibernate.cfg.Settings - Statistics: disabled
2017-08-15T21:34:05,692 [main] DEBUG hibernate.cfg.Settings - Deleted entity synthetic identifier rollback: disabled
2017-08-15T21:34:05,692 [main] DEBUG hibernate.cfg.Settings - Default entity-mode: pojo
2017-08-15T21:34:05,692 [main] DEBUG hibernate.cfg.Settings - Check Nullability in Core (should be disabled when Bean Validation is on): enabled
2017-08-15T21:34:05,693 [main] DEBUG hibernate.cfg.Settings - Allow initialization of lazy state outside session : disabled
2017-08-15T21:34:05,693 [main] DEBUG hibernate.cfg.Settings - Using BatchFetchStyle : LEGACY
2017-08-15T21:34:05,693 [main] DEBUG hibernate.cfg.Settings - Default batch fetch size: -1
2017-08-15T21:34:05,693 [main] DEBUG hibernate.cfg.Settings - Maximum outer join fetch depth: null
2017-08-15T21:34:05,693 [main] DEBUG hibernate.cfg.Settings - Default null ordering: NONE
2017-08-15T21:34:05,693 [main] DEBUG hibernate.cfg.Settings - Order SQL updates by primary key: disabled
2017-08-15T21:34:05,693 [main] DEBUG hibernate.cfg.Settings - Order SQL inserts for batching: disabled
2017-08-15T21:34:05,694 [main] DEBUG hibernate.cfg.Settings - multi-tenancy strategy : NONE
2017-08-15T21:34:05,694 [main] DEBUG hibernate.cfg.Settings - JTA Track by Thread: enabled
2017-08-15T21:34:05,694 [main] DEBUG hibernate.cfg.Settings - Query language substitutions: {}
2017-08-15T21:34:05,694 [main] DEBUG hibernate.cfg.Settings - JPA query language strict compliance: disabled
2017-08-15T21:34:05,694 [main] DEBUG hibernate.cfg.Settings - Named query checking : enabled
2017-08-15T21:34:05,694 [main] DEBUG hibernate.cfg.Settings - Second-level cache: disabled
2017-08-15T21:34:05,694 [main] DEBUG hibernate.cfg.Settings - Second-level query cache: disabled
2017-08-15T21:34:05,695 [main] DEBUG hibernate.cfg.Settings - Second-level query cache factory: org.hibernate.cache.internal.StandardQueryCacheFactory@68be8808
2017-08-15T21:34:05,695 [main] DEBUG hibernate.cfg.Settings - Second-level cache region prefix: null
2017-08-15T21:34:05,695 [main] DEBUG hibernate.cfg.Settings - Optimize second-level cache for minimal puts: disabled
2017-08-15T21:34:05,695 [main] DEBUG hibernate.cfg.Settings - Structured second-level cache entries: disabled
2017-08-15T21:34:05,695 [main] DEBUG hibernate.cfg.Settings - Second-level cache direct-reference entries: disabled
2017-08-15T21:34:05,695 [main] DEBUG hibernate.cfg.Settings - Automatic eviction of collection cache: disabled
2017-08-15T21:34:05,695 [main] DEBUG hibernate.cfg.Settings - JDBC batch size: 15
2017-08-15T21:34:05,695 [main] DEBUG hibernate.cfg.Settings - JDBC batch updates for versioned data: enabled
2017-08-15T21:34:05,696 [main] DEBUG hibernate.cfg.Settings - Scrollable result sets: enabled
2017-08-15T21:34:05,696 [main] DEBUG hibernate.cfg.Settings - Wrap result sets: disabled
2017-08-15T21:34:05,696 [main] DEBUG hibernate.cfg.Settings - JDBC3 getGeneratedKeys(): enabled
2017-08-15T21:34:05,696 [main] DEBUG hibernate.cfg.Settings - JDBC result set fetch size: null
2017-08-15T21:34:05,696 [main] DEBUG hibernate.cfg.Settings - Connection release mode: AFTER_TRANSACTION
2017-08-15T21:34:05,696 [main] DEBUG hibernate.cfg.Settings - Generate SQL with comments: disabled
2017-08-15T21:34:05,700 [main] DEBUG hibernate.internal.SessionFactoryImpl - Session factory constructed with filter configurations : {}
2017-08-15T21:34:05,700 [main] DEBUG hibernate.internal.SessionFactoryImpl - Instantiating session factory with properties: {sun.desktop=windows, awt.toolkit=sun.awt.windows.WToolkit, dialect=org.hibernate.dialect.HSQLDialect, file.encoding.pkg=sun.io, java.specification.version=1.8, sun.cpu.isalist=amd64, sun.jnu.encoding=Cp1251, hibernate.dialect=org.hibernate.dialect.HSQLDialect, java.class.path=D:\work\java\tt\target\test-classes;D:\work\java\tt\target\classes;D:\work\java\timetable\jdatepicker-1.3.4.jar;D:\work\java\timetable\multiSpanCellTable.jar;C:\Users\hello\.m2\repository\org\hibernate\hibernate-core\5.2.10.Final\hibernate-core-5.2.10.Final.jar;C:\Users\hello\.m2\repository\org\jboss\logging\jboss-logging\3.3.0.Final\jboss-logging-3.3.0.Final.jar;C:\Users\hello\.m2\repository\org\hibernate\javax\persistence\hibernate-jpa-2.1-api\1.0.0.Final\hibernate-jpa-2.1-api-1.0.0.Final.jar;C:\Users\hello\.m2\repository\org\javassist\javassist\3.20.0-GA\javassist-3.20.0-GA.jar;C:\Users\hello\.m2\repository\antlr\antlr\2.7.7\antlr-2.7.7.jar;C:\Users\hello\.m2\repository\org\jboss\spec\javax\transaction\jboss-transaction-api_1.2_spec\1.0.1.Final\jboss-transaction-api_1.2_spec-1.0.1.Final.jar;C:\Users\hello\.m2\repository\org\jboss\jandex\2.0.3.Final\jandex-2.0.3.Final.jar;C:\Users\hello\.m2\repository\com\fasterxml\classmate\1.3.0\classmate-1.3.0.jar;C:\Users\hello\.m2\repository\dom4j\dom4j\1.6.1\dom4j-1.6.1.jar;C:\Users\hello\.m2\repository\org\hibernate\common\hibernate-commons-annotations\5.0.1.Final\hibernate-commons-annotations-5.0.1.Final.jar;C:\Users\hello\.m2\repository\org\hibernate\hibernate-entitymanager\5.2.10.Final\hibernate-entitymanager-5.2.10.Final.jar;C:\Users\hello\.m2\repository\net\bytebuddy\byte-buddy\1.6.6\byte-buddy-1.6.6.jar;C:\Users\hello\.m2\repository\mysql\mysql-connector-java\5.1.23\mysql-connector-java-5.1.23.jar;C:\Users\hello\.m2\repository\org\apache\logging\log4j\log4j-core\2.8.2\log4j-core-2.8.2.jar;C:\Users\hello\.m2\repository\org\apache\logging\log4j\log4j-api\2.8.2\log4j-api-2.8.2.jar;C:\Users\hello\.m2\repository\org\dbunit\dbunit\2.5.3\dbunit-2.5.3.jar;C:\Users\hello\.m2\repository\org\slf4j\slf4j-api\1.7.21\slf4j-api-1.7.21.jar;C:\Users\hello\.m2\repository\commons-collections\commons-collections\3.2.2\commons-collections-3.2.2.jar;C:\Users\hello\.m2\repository\org\apache\poi\poi-ooxml\3.14\poi-ooxml-3.14.jar;C:\Users\hello\.m2\repository\org\apache\poi\poi\3.14\poi-3.14.jar;C:\Users\hello\.m2\repository\commons-codec\commons-codec\1.10\commons-codec-1.10.jar;C:\Users\hello\.m2\repository\org\apache\poi\poi-ooxml-schemas\3.14\poi-ooxml-schemas-3.14.jar;C:\Users\hello\.m2\repository\org\apache\xmlbeans\xmlbeans\2.6.0\xmlbeans-2.6.0.jar;C:\Users\hello\.m2\repository\stax\stax-api\1.0.1\stax-api-1.0.1.jar;C:\Users\hello\.m2\repository\com\github\virtuald\curvesapi\1.03\curvesapi-1.03.jar;C:\Users\hello\.m2\repository\org\hsqldb\hsqldb\2.4.0\hsqldb-2.4.0.jar;C:\Users\hello\.m2\repository\junit\junit\4.12\junit-4.12.jar;C:\Users\hello\.m2\repository\org\hamcrest\hamcrest-core\1.3\hamcrest-core-1.3.jar;/C:/Users/hello/eclipse/jee-neon/eclipse/configuration/org.eclipse.osgi/390/0/.cp/;/C:/Users/hello/eclipse/jee-neon/eclipse/configuration/org.eclipse.osgi/389/0/.cp/, java.vm.vendor=Oracle Corporation, sun.arch.data.model=64, hbm2ddl.auto=create-drop, user.variant=, java.vendor.url=http://java.oracle.com/, user.timezone=Europe/Minsk, user.country.format=BY, os.name=Windows 8.1, java.vm.specification.version=1.8, sun.java.launcher=SUN_STANDARD, user.country=US, sun.boot.library.path=C:\Program Files\Java\jdk1.8.0_112\jre\bin, sun.java.command=org.eclipse.jdt.internal.junit.runner.RemoteTestRunner -version 3 -port 52353 -testLoaderClass org.eclipse.jdt.internal.junit4.runner.JUnit4TestLoader -loaderpluginname org.eclipse.jdt.junit4.runtime -classNames by.bsac.timetable.dao.impl.RecordDAOImplTest, sun.cpu.endian=little, user.home=C:\Users\hello, user.language=en, java.specification.vendor=Oracle Corporation, java.home=C:\Program Files\Java\jdk1.8.0_112\jre, file.separator=\, line.separator=
, java.vm.specification.vendor=Oracle Corporation, java.specification.name=Java Platform API Specification, java.awt.graphicsenv=sun.awt.Win32GraphicsEnvironment, sun.boot.class.path=C:\Program Files\Java\jdk1.8.0_112\jre\lib\resources.jar;C:\Program Files\Java\jdk1.8.0_112\jre\lib\rt.jar;C:\Program Files\Java\jdk1.8.0_112\jre\lib\sunrsasign.jar;C:\Program Files\Java\jdk1.8.0_112\jre\lib\jsse.jar;C:\Program Files\Java\jdk1.8.0_112\jre\lib\jce.jar;C:\Program Files\Java\jdk1.8.0_112\jre\lib\charsets.jar;C:\Program Files\Java\jdk1.8.0_112\jre\lib\jfr.jar;C:\Program Files\Java\jdk1.8.0_112\jre\classes, hibernate.hbm2ddl.auto=create-drop, user.script=, connection.password=, sun.management.compiler=HotSpot 64-Bit Tiered Compilers, java.runtime.version=1.8.0_112-b15, user.name=hello, hibernate.cache.use_query_cache=false, path.separator=;, hibernate.connection.username=sa, os.version=6.3, java.endorsed.dirs=C:\Program Files\Java\jdk1.8.0_112\jre\lib\endorsed, java.runtime.name=Java(TM) SE Runtime Environment, hibernate.connection.url=jdbc:hsqldb:mem:DBNAME, connection.pool_size=1, file.encoding=UTF-8, java.vm.name=Java HotSpot(TM) 64-Bit Server VM, hibernate.show_sql=true, hibernate.connection.driver_class=org.hsqldb.jdbcDriver, java.vendor.url.bug=http://bugreport.sun.com/bugreport/, java.io.tmpdir=C:\Users\hello\AppData\Local\Temp\, java.version=1.8.0_112, user.dir=D:\work\java\tt, os.arch=amd64, connection.username=sa, java.vm.specification.name=Java Virtual Machine Specification, hibernate.default_schema=timetable, user.language.format=be, hibernate.connection.password=****, java.awt.printerjob=sun.awt.windows.WPrinterJob, sun.os.patch.level=, connection.driver_class=org.hsqldb.jdbcDriver, hibernate.boot.CfgXmlAccessService.key=org.hibernate.boot.cfgxml.spi.LoadedConfig@5ad10c1a, hibernate.cache.use_second_level_cache=false, java.library.path=C:\Program Files\Java\jdk1.8.0_112\bin;C:\Windows\Sun\Java\bin;C:\Windows\system32;C:\Windows;C:/Program Files/Java/jre1.8.0_131/bin/server;C:/Program Files/Java/jre1.8.0_131/bin;C:/Program Files/Java/jre1.8.0_131/lib/amd64;C:\ProgramData\Oracle\Java\javapath;C:\Program Files\Broadcom\Broadcom 802.11;C:\Windows\system32;C:\Windows;C:\Windows\System32\Wbem;C:\Windows\System32\WindowsPowerShell\v1.0\;C:\Program Files (x86)\ATI Technologies\ATI.ACE\Core-Static;C:\Program Files\Java\jdk1.8.0_112\bin;D:\FCIV\;C:\Program Files (x86)\Skype\Phone\;C:\Program Files\PuTTY\;C:\Program Files (x86)\Nmap;C:\Users\hello\AppData\Local\atom\bin;C:\Users\hello\Desktop;;., java.vendor=Oracle Corporation, java.vm.info=mixed mode, java.vm.version=25.112-b15, hibernate.bytecode.use_reflection_optimizer=false, sun.io.unicode.encoding=UnicodeLittle, java.ext.dirs=C:\Program Files\Java\jdk1.8.0_112\jre\lib\ext;C:\Windows\Sun\Java\lib\ext, hibernate.connection.pool_size=1, connection.url=jdbc:hsqldb:mem:DBNAME, java.class.version=52.0}
2017-08-15T21:34:05,703 [main] DEBUG secure.spi.JaccIntegrator - Skipping JACC integration as it was not enabled
2017-08-15T21:34:05,704 [main] DEBUG hibernate.internal.SessionFactoryImpl - Instantiated session factory
2017-08-15T21:34:05,706 [main] INFO schema.internal.SchemaCreatorImpl - HHH000476: Executing import script 'org.hibernate.tool.schema.internal.exec.ScriptSourceInputNonExistentImpl@15cafec7'
2017-08-15T21:34:05,706 [main] DEBUG platform.internal.JtaPlatformInitiator - No JtaPlatform was specified, checking resolver
2017-08-15T21:34:05,706 [main] DEBUG platform.internal.JtaPlatformResolverInitiator - No JtaPlatformResolver was specified, using default [org.hibernate.engine.transaction.jta.platform.internal.StandardJtaPlatformResolver]
2017-08-15T21:34:05,720 [main] DEBUG platform.internal.StandardJtaPlatformResolver - Could not resolve JtaPlatform, using default [org.hibernate.engine.transaction.jta.platform.internal.NoJtaPlatform]
2017-08-15T21:34:05,720 [main] DEBUG query.spi.NamedQueryRepository - Checking 0 named HQL queries
2017-08-15T21:34:05,720 [main] DEBUG query.spi.NamedQueryRepository - Checking 0 named SQL queries
2017-08-15T21:34:05,721 [main] DEBUG hibernate.internal.SessionFactoryRegistry - Registering SessionFactory: d97cfcc7-0bb3-42af-9fc9-d013010abf6c (<unnamed>)
2017-08-15T21:34:05,721 [main] DEBUG hibernate.internal.SessionFactoryRegistry - Not binding SessionFactory to JNDI, no JNDI name configured
2017-08-15T21:34:05,743 [main] INFO dao.util.HSQLServerUtil - Configured the HSQLDB server...
2017-08-15T21:34:05,970 [main] INFO dao.util.HSQLServerUtil - HSQLDB server started on port 9001...
2017-08-15T21:34:06,115 [main] DEBUG stat.internal.StatisticsInitiator - Statistics initialized [enabled=false]
2017-08-15T21:34:06,132 [main] DEBUG transaction.internal.TransactionImpl - begin
2017-08-15T21:34:06,138 [main] DEBUG transaction.internal.TransactionImpl - rolling back
2017-08-15T21:34:06,139 [main] DEBUG jdbc.internal.LogicalConnectionManagedImpl - Initiating JDBC connection release from afterTransaction
2017-08-15T21:34:06,139 [main] DEBUG jdbc.internal.LogicalConnectionManagedImpl - Initiating JDBC connection release from afterTransaction
2017-08-15T21:34:06,144 [main] ERROR dao.Impl.AbstractHibernateDAO - Unknown entity: by.bsac.timetable.hibernateFiles.entity.Faculty
org.hibernate.MappingException: Unknown entity: by.bsac.timetable.hibernateFiles.entity.Faculty
	at org.hibernate.metamodel.internal.MetamodelImpl.entityPersister(MetamodelImpl.java:620) ~[hibernate-core-5.2.10.Final.jar:5.2.10.Final]
	at org.hibernate.internal.SessionImpl.getEntityPersister(SessionImpl.java:1634) ~[hibernate-core-5.2.10.Final.jar:5.2.10.Final]
	at org.hibernate.event.internal.AbstractSaveEventListener.saveWithGeneratedId(AbstractSaveEventListener.java:104) ~[hibernate-core-5.2.10.Final.jar:5.2.10.Final]
	at org.hibernate.event.internal.DefaultSaveOrUpdateEventListener.saveWithGeneratedOrRequestedId(DefaultSaveOrUpdateEventListener.java:192) ~[hibernate-core-5.2.10.Final.jar:5.2.10.Final]
	at org.hibernate.event.internal.DefaultSaveEventListener.saveWithGeneratedOrRequestedId(DefaultSaveEventListener.java:38) ~[hibernate-core-5.2.10.Final.jar:5.2.10.Final]
	at org.hibernate.event.internal.DefaultSaveOrUpdateEventListener.entityIsTransient(DefaultSaveOrUpdateEventListener.java:177) ~[hibernate-core-5.2.10.Final.jar:5.2.10.Final]
	at org.hibernate.event.internal.DefaultSaveEventListener.performSaveOrUpdate(DefaultSaveEventListener.java:32) ~[hibernate-core-5.2.10.Final.jar:5.2.10.Final]
	at org.hibernate.event.internal.DefaultSaveOrUpdateEventListener.onSaveOrUpdate(DefaultSaveOrUpdateEventListener.java:73) ~[hibernate-core-5.2.10.Final.jar:5.2.10.Final]
	at org.hibernate.internal.SessionImpl.fireSave(SessionImpl.java:689) ~[hibernate-core-5.2.10.Final.jar:5.2.10.Final]
	at org.hibernate.internal.SessionImpl.save(SessionImpl.java:681) ~[hibernate-core-5.2.10.Final.jar:5.2.10.Final]
	at org.hibernate.internal.SessionImpl.save(SessionImpl.java:676) ~[hibernate-core-5.2.10.Final.jar:5.2.10.Final]
	at by.bsac.timetable.dao.Impl.AbstractHibernateDAO.add(AbstractHibernateDAO.java:30) [classes/:?]
	at by.bsac.timetable.dao.Impl.FacultyDAOImpl.add(FacultyDAOImpl.java:1) [classes/:?]
	at by.bsac.timetable.dao.impl.RecordDAOImplTest.test(RecordDAOImplTest.java:63) [test-classes/:?]
	at sun.reflect.NativeMethodAccessorImpl.invoke0(Native Method) ~[?:1.8.0_112]
	at sun.reflect.NativeMethodAccessorImpl.invoke(NativeMethodAccessorImpl.java:62) ~[?:1.8.0_112]
	at sun.reflect.DelegatingMethodAccessorImpl.invoke(DelegatingMethodAccessorImpl.java:43) ~[?:1.8.0_112]
	at java.lang.reflect.Method.invoke(Method.java:498) ~[?:1.8.0_112]
	at org.junit.runners.model.FrameworkMethod$1.runReflectiveCall(FrameworkMethod.java:50) [junit-4.12.jar:4.12]
	at org.junit.internal.runners.model.ReflectiveCallable.run(ReflectiveCallable.java:12) [junit-4.12.jar:4.12]
	at org.junit.runners.model.FrameworkMethod.invokeExplosively(FrameworkMethod.java:47) [junit-4.12.jar:4.12]
	at org.junit.internal.runners.statements.InvokeMethod.evaluate(InvokeMethod.java:17) [junit-4.12.jar:4.12]
	at org.junit.internal.runners.statements.RunBefores.evaluate(RunBefores.java:26) [junit-4.12.jar:4.12]
	at org.junit.internal.runners.statements.RunAfters.evaluate(RunAfters.java:27) [junit-4.12.jar:4.12]
	at org.junit.runners.ParentRunner.runLeaf(ParentRunner.java:325) [junit-4.12.jar:4.12]
	at org.junit.runners.BlockJUnit4ClassRunner.runChild(BlockJUnit4ClassRunner.java:78) [junit-4.12.jar:4.12]
	at org.junit.runners.BlockJUnit4ClassRunner.runChild(BlockJUnit4ClassRunner.java:57) [junit-4.12.jar:4.12]
	at org.junit.runners.ParentRunner$3.run(ParentRunner.java:290) [junit-4.12.jar:4.12]
	at org.junit.runners.ParentRunner$1.schedule(ParentRunner.java:71) [junit-4.12.jar:4.12]
	at org.junit.runners.ParentRunner.runChildren(ParentRunner.java:288) [junit-4.12.jar:4.12]
	at org.junit.runners.ParentRunner.access$000(ParentRunner.java:58) [junit-4.12.jar:4.12]
	at org.junit.runners.ParentRunner$2.evaluate(ParentRunner.java:268) [junit-4.12.jar:4.12]
	at org.junit.runners.ParentRunner.run(ParentRunner.java:363) [junit-4.12.jar:4.12]
	at org.eclipse.jdt.internal.junit4.runner.JUnit4TestReference.run(JUnit4TestReference.java:86) [.cp/:?]
	at org.eclipse.jdt.internal.junit.runner.TestExecution.run(TestExecution.java:38) [.cp/:?]
	at org.eclipse.jdt.internal.junit.runner.RemoteTestRunner.runTests(RemoteTestRunner.java:459) [.cp/:?]
	at org.eclipse.jdt.internal.junit.runner.RemoteTestRunner.runTests(RemoteTestRunner.java:678) [.cp/:?]
	at org.eclipse.jdt.internal.junit.runner.RemoteTestRunner.run(RemoteTestRunner.java:382) [.cp/:?]
	at org.eclipse.jdt.internal.junit.runner.RemoteTestRunner.main(RemoteTestRunner.java:192) [.cp/:?]
2017-08-15T21:34:06,156 [main] INFO dao.util.HSQLServerUtil - HSQLDB server shutting down...
2017-08-15T21:34:06,157 [main] INFO dao.util.HSQLServerUtil - HSQLDB server shutting down... done
2017-08-15T21:35:03,351 [main] INFO dao.util.HSQLServerUtil - HSQLDB server shutting down...
2017-08-15T21:35:55,203 [main] INFO dao.util.HSQLServerUtil - Configured the HSQLDB server...
2017-08-15T21:35:55,453 [main] INFO dao.util.HSQLServerUtil - HSQLDB server started on port 9001...
2017-08-15T21:35:55,703 [main] ERROR dao.Impl.AbstractHibernateDAO - could not prepare statement
org.hibernate.exception.SQLGrammarException: could not prepare statement
	at org.hibernate.exception.internal.SQLExceptionTypeDelegate.convert(SQLExceptionTypeDelegate.java:80) ~[hibernate-core-4.3.11.Final.jar:4.3.11.Final]
	at org.hibernate.exception.internal.StandardSQLExceptionConverter.convert(StandardSQLExceptionConverter.java:49) ~[hibernate-core-4.3.11.Final.jar:4.3.11.Final]
	at org.hibernate.engine.jdbc.spi.SqlExceptionHelper.convert(SqlExceptionHelper.java:126) ~[hibernate-core-4.3.11.Final.jar:4.3.11.Final]
	at org.hibernate.engine.jdbc.internal.StatementPreparerImpl$StatementPreparationTemplate.prepareStatement(StatementPreparerImpl.java:196) ~[hibernate-core-4.3.11.Final.jar:4.3.11.Final]
	at org.hibernate.engine.jdbc.internal.StatementPreparerImpl.prepareStatement(StatementPreparerImpl.java:122) ~[hibernate-core-4.3.11.Final.jar:4.3.11.Final]
	at org.hibernate.id.IdentityGenerator$GetGeneratedKeysDelegate.prepare(IdentityGenerator.java:89) ~[hibernate-core-4.3.11.Final.jar:4.3.11.Final]
	at org.hibernate.id.insert.AbstractReturningDelegate.performInsert(AbstractReturningDelegate.java:55) ~[hibernate-core-4.3.11.Final.jar:4.3.11.Final]
	at org.hibernate.persister.entity.AbstractEntityPersister.insert(AbstractEntityPersister.java:3032) ~[hibernate-core-4.3.11.Final.jar:4.3.11.Final]
	at org.hibernate.persister.entity.AbstractEntityPersister.insert(AbstractEntityPersister.java:3558) ~[hibernate-core-4.3.11.Final.jar:4.3.11.Final]
	at org.hibernate.action.internal.EntityIdentityInsertAction.execute(EntityIdentityInsertAction.java:98) ~[hibernate-core-4.3.11.Final.jar:4.3.11.Final]
	at org.hibernate.engine.spi.ActionQueue.execute(ActionQueue.java:492) ~[hibernate-core-4.3.11.Final.jar:4.3.11.Final]
	at org.hibernate.engine.spi.ActionQueue.addResolvedEntityInsertAction(ActionQueue.java:197) ~[hibernate-core-4.3.11.Final.jar:4.3.11.Final]
	at org.hibernate.engine.spi.ActionQueue.addInsertAction(ActionQueue.java:181) ~[hibernate-core-4.3.11.Final.jar:4.3.11.Final]
	at org.hibernate.engine.spi.ActionQueue.addAction(ActionQueue.java:216) ~[hibernate-core-4.3.11.Final.jar:4.3.11.Final]
	at org.hibernate.event.internal.AbstractSaveEventListener.addInsertAction(AbstractSaveEventListener.java:334) ~[hibernate-core-4.3.11.Final.jar:4.3.11.Final]
	at org.hibernate.event.internal.AbstractSaveEventListener.performSaveOrReplicate(AbstractSaveEventListener.java:289) ~[hibernate-core-4.3.11.Final.jar:4.3.11.Final]
	at org.hibernate.event.internal.AbstractSaveEventListener.performSave(AbstractSaveEventListener.java:195) ~[hibernate-core-4.3.11.Final.jar:4.3.11.Final]
	at org.hibernate.event.internal.AbstractSaveEventListener.saveWithGeneratedId(AbstractSaveEventListener.java:126) ~[hibernate-core-4.3.11.Final.jar:4.3.11.Final]
	at org.hibernate.event.internal.DefaultSaveOrUpdateEventListener.saveWithGeneratedOrRequestedId(DefaultSaveOrUpdateEventListener.java:209) ~[hibernate-core-4.3.11.Final.jar:4.3.11.Final]
	at org.hibernate.event.internal.DefaultSaveEventListener.saveWithGeneratedOrRequestedId(DefaultSaveEventListener.java:55) ~[hibernate-core-4.3.11.Final.jar:4.3.11.Final]
	at org.hibernate.event.internal.DefaultSaveOrUpdateEventListener.entityIsTransient(DefaultSaveOrUpdateEventListener.java:194) ~[hibernate-core-4.3.11.Final.jar:4.3.11.Final]
	at org.hibernate.event.internal.DefaultSaveEventListener.performSaveOrUpdate(DefaultSaveEventListener.java:49) ~[hibernate-core-4.3.11.Final.jar:4.3.11.Final]
	at org.hibernate.event.internal.DefaultSaveOrUpdateEventListener.onSaveOrUpdate(DefaultSaveOrUpdateEventListener.java:90) ~[hibernate-core-4.3.11.Final.jar:4.3.11.Final]
	at org.hibernate.internal.SessionImpl.fireSave(SessionImpl.java:715) ~[hibernate-core-4.3.11.Final.jar:4.3.11.Final]
	at org.hibernate.internal.SessionImpl.save(SessionImpl.java:707) ~[hibernate-core-4.3.11.Final.jar:4.3.11.Final]
	at org.hibernate.internal.SessionImpl.save(SessionImpl.java:702) ~[hibernate-core-4.3.11.Final.jar:4.3.11.Final]
	at by.bsac.timetable.dao.Impl.AbstractHibernateDAO.add(AbstractHibernateDAO.java:30) [classes/:?]
	at by.bsac.timetable.dao.Impl.FacultyDAOImpl.add(FacultyDAOImpl.java:1) [classes/:?]
	at by.bsac.timetable.dao.impl.RecordDAOImplTest.test(RecordDAOImplTest.java:63) [test-classes/:?]
	at sun.reflect.NativeMethodAccessorImpl.invoke0(Native Method) ~[?:1.8.0_112]
	at sun.reflect.NativeMethodAccessorImpl.invoke(NativeMethodAccessorImpl.java:62) ~[?:1.8.0_112]
	at sun.reflect.DelegatingMethodAccessorImpl.invoke(DelegatingMethodAccessorImpl.java:43) ~[?:1.8.0_112]
	at java.lang.reflect.Method.invoke(Method.java:498) ~[?:1.8.0_112]
	at org.junit.runners.model.FrameworkMethod$1.runReflectiveCall(FrameworkMethod.java:50) [junit-4.12.jar:4.12]
	at org.junit.internal.runners.model.ReflectiveCallable.run(ReflectiveCallable.java:12) [junit-4.12.jar:4.12]
	at org.junit.runners.model.FrameworkMethod.invokeExplosively(FrameworkMethod.java:47) [junit-4.12.jar:4.12]
	at org.junit.internal.runners.statements.InvokeMethod.evaluate(InvokeMethod.java:17) [junit-4.12.jar:4.12]
	at org.junit.internal.runners.statements.RunBefores.evaluate(RunBefores.java:26) [junit-4.12.jar:4.12]
	at org.junit.internal.runners.statements.RunAfters.evaluate(RunAfters.java:27) [junit-4.12.jar:4.12]
	at org.junit.runners.ParentRunner.runLeaf(ParentRunner.java:325) [junit-4.12.jar:4.12]
	at org.junit.runners.BlockJUnit4ClassRunner.runChild(BlockJUnit4ClassRunner.java:78) [junit-4.12.jar:4.12]
	at org.junit.runners.BlockJUnit4ClassRunner.runChild(BlockJUnit4ClassRunner.java:57) [junit-4.12.jar:4.12]
	at org.junit.runners.ParentRunner$3.run(ParentRunner.java:290) [junit-4.12.jar:4.12]
	at org.junit.runners.ParentRunner$1.schedule(ParentRunner.java:71) [junit-4.12.jar:4.12]
	at org.junit.runners.ParentRunner.runChildren(ParentRunner.java:288) [junit-4.12.jar:4.12]
	at org.junit.runners.ParentRunner.access$000(ParentRunner.java:58) [junit-4.12.jar:4.12]
	at org.junit.runners.ParentRunner$2.evaluate(ParentRunner.java:268) [junit-4.12.jar:4.12]
	at org.junit.runners.ParentRunner.run(ParentRunner.java:363) [junit-4.12.jar:4.12]
	at org.eclipse.jdt.internal.junit4.runner.JUnit4TestReference.run(JUnit4TestReference.java:86) [.cp/:?]
	at org.eclipse.jdt.internal.junit.runner.TestExecution.run(TestExecution.java:38) [.cp/:?]
	at org.eclipse.jdt.internal.junit.runner.RemoteTestRunner.runTests(RemoteTestRunner.java:459) [.cp/:?]
	at org.eclipse.jdt.internal.junit.runner.RemoteTestRunner.runTests(RemoteTestRunner.java:678) [.cp/:?]
	at org.eclipse.jdt.internal.junit.runner.RemoteTestRunner.run(RemoteTestRunner.java:382) [.cp/:?]
	at org.eclipse.jdt.internal.junit.runner.RemoteTestRunner.main(RemoteTestRunner.java:192) [.cp/:?]
Caused by: java.sql.SQLSyntaxErrorException: user lacks privilege or object not found: FACULTY in statement [insert into timetable.faculty (id_faculty, name_faculty) values (default, ?)]
	at org.hsqldb.jdbc.JDBCUtil.sqlException(Unknown Source) ~[hsqldb-2.4.0.jar:2.4.0]
	at org.hsqldb.jdbc.JDBCUtil.sqlException(Unknown Source) ~[hsqldb-2.4.0.jar:2.4.0]
	at org.hsqldb.jdbc.JDBCPreparedStatement.<init>(Unknown Source) ~[hsqldb-2.4.0.jar:2.4.0]
	at org.hsqldb.jdbc.JDBCConnection.prepareStatement(Unknown Source) ~[hsqldb-2.4.0.jar:2.4.0]
	at org.hibernate.engine.jdbc.internal.StatementPreparerImpl$2.doPrepare(StatementPreparerImpl.java:124) ~[hibernate-core-4.3.11.Final.jar:4.3.11.Final]
	at org.hibernate.engine.jdbc.internal.StatementPreparerImpl$StatementPreparationTemplate.prepareStatement(StatementPreparerImpl.java:186) ~[hibernate-core-4.3.11.Final.jar:4.3.11.Final]
	... 50 more
Caused by: org.hsqldb.HsqlException: user lacks privilege or object not found: FACULTY
	at org.hsqldb.error.Error.error(Unknown Source) ~[hsqldb-2.4.0.jar:2.4.0]
	at org.hsqldb.error.Error.error(Unknown Source) ~[hsqldb-2.4.0.jar:2.4.0]
	at org.hsqldb.ParserDQL.readTableName(Unknown Source) ~[hsqldb-2.4.0.jar:2.4.0]
	at org.hsqldb.ParserDQL.readRangeVariableForDataChange(Unknown Source) ~[hsqldb-2.4.0.jar:2.4.0]
	at org.hsqldb.ParserDML.compileInsertStatement(Unknown Source) ~[hsqldb-2.4.0.jar:2.4.0]
	at org.hsqldb.ParserCommand.compilePart(Unknown Source) ~[hsqldb-2.4.0.jar:2.4.0]
	at org.hsqldb.ParserCommand.compileStatement(Unknown Source) ~[hsqldb-2.4.0.jar:2.4.0]
	at org.hsqldb.Session.compileStatement(Unknown Source) ~[hsqldb-2.4.0.jar:2.4.0]
	at org.hsqldb.StatementManager.compile(Unknown Source) ~[hsqldb-2.4.0.jar:2.4.0]
	at org.hsqldb.Session.execute(Unknown Source) ~[hsqldb-2.4.0.jar:2.4.0]
	at org.hsqldb.jdbc.JDBCPreparedStatement.<init>(Unknown Source) ~[hsqldb-2.4.0.jar:2.4.0]
	at org.hsqldb.jdbc.JDBCConnection.prepareStatement(Unknown Source) ~[hsqldb-2.4.0.jar:2.4.0]
	at org.hibernate.engine.jdbc.internal.StatementPreparerImpl$2.doPrepare(StatementPreparerImpl.java:124) ~[hibernate-core-4.3.11.Final.jar:4.3.11.Final]
	at org.hibernate.engine.jdbc.internal.StatementPreparerImpl$StatementPreparationTemplate.prepareStatement(StatementPreparerImpl.java:186) ~[hibernate-core-4.3.11.Final.jar:4.3.11.Final]
	... 50 more
2017-08-15T21:35:55,723 [main] INFO dao.util.HSQLServerUtil - HSQLDB server shutting down...
2017-08-15T21:35:55,725 [main] INFO dao.util.HSQLServerUtil - HSQLDB server shutting down... done
2017-08-15T21:42:46,030 [main] ERROR dao.Impl.AbstractHibernateDAO - could not prepare statement
org.hibernate.exception.GenericJDBCException: could not prepare statement
	at org.hibernate.exception.internal.StandardSQLExceptionConverter.convert(StandardSQLExceptionConverter.java:54) ~[hibernate-core-4.3.11.Final.jar:4.3.11.Final]
	at org.hibernate.engine.jdbc.spi.SqlExceptionHelper.convert(SqlExceptionHelper.java:126) ~[hibernate-core-4.3.11.Final.jar:4.3.11.Final]
	at org.hibernate.engine.jdbc.internal.StatementPreparerImpl$StatementPreparationTemplate.prepareStatement(StatementPreparerImpl.java:196) ~[hibernate-core-4.3.11.Final.jar:4.3.11.Final]
	at org.hibernate.engine.jdbc.internal.StatementPreparerImpl.prepareStatement(StatementPreparerImpl.java:122) ~[hibernate-core-4.3.11.Final.jar:4.3.11.Final]
	at org.hibernate.id.IdentityGenerator$GetGeneratedKeysDelegate.prepare(IdentityGenerator.java:89) ~[hibernate-core-4.3.11.Final.jar:4.3.11.Final]
	at org.hibernate.id.insert.AbstractReturningDelegate.performInsert(AbstractReturningDelegate.java:55) ~[hibernate-core-4.3.11.Final.jar:4.3.11.Final]
	at org.hibernate.persister.entity.AbstractEntityPersister.insert(AbstractEntityPersister.java:3032) ~[hibernate-core-4.3.11.Final.jar:4.3.11.Final]
	at org.hibernate.persister.entity.AbstractEntityPersister.insert(AbstractEntityPersister.java:3558) ~[hibernate-core-4.3.11.Final.jar:4.3.11.Final]
	at org.hibernate.action.internal.EntityIdentityInsertAction.execute(EntityIdentityInsertAction.java:98) ~[hibernate-core-4.3.11.Final.jar:4.3.11.Final]
	at org.hibernate.engine.spi.ActionQueue.execute(ActionQueue.java:492) ~[hibernate-core-4.3.11.Final.jar:4.3.11.Final]
	at org.hibernate.engine.spi.ActionQueue.addResolvedEntityInsertAction(ActionQueue.java:197) ~[hibernate-core-4.3.11.Final.jar:4.3.11.Final]
	at org.hibernate.engine.spi.ActionQueue.addInsertAction(ActionQueue.java:181) ~[hibernate-core-4.3.11.Final.jar:4.3.11.Final]
	at org.hibernate.engine.spi.ActionQueue.addAction(ActionQueue.java:216) ~[hibernate-core-4.3.11.Final.jar:4.3.11.Final]
	at org.hibernate.event.internal.AbstractSaveEventListener.addInsertAction(AbstractSaveEventListener.java:334) ~[hibernate-core-4.3.11.Final.jar:4.3.11.Final]
	at org.hibernate.event.internal.AbstractSaveEventListener.performSaveOrReplicate(AbstractSaveEventListener.java:289) ~[hibernate-core-4.3.11.Final.jar:4.3.11.Final]
	at org.hibernate.event.internal.AbstractSaveEventListener.performSave(AbstractSaveEventListener.java:195) ~[hibernate-core-4.3.11.Final.jar:4.3.11.Final]
	at org.hibernate.event.internal.AbstractSaveEventListener.saveWithGeneratedId(AbstractSaveEventListener.java:126) ~[hibernate-core-4.3.11.Final.jar:4.3.11.Final]
	at org.hibernate.event.internal.DefaultSaveOrUpdateEventListener.saveWithGeneratedOrRequestedId(DefaultSaveOrUpdateEventListener.java:209) ~[hibernate-core-4.3.11.Final.jar:4.3.11.Final]
	at org.hibernate.event.internal.DefaultSaveEventListener.saveWithGeneratedOrRequestedId(DefaultSaveEventListener.java:55) ~[hibernate-core-4.3.11.Final.jar:4.3.11.Final]
	at org.hibernate.event.internal.DefaultSaveOrUpdateEventListener.entityIsTransient(DefaultSaveOrUpdateEventListener.java:194) ~[hibernate-core-4.3.11.Final.jar:4.3.11.Final]
	at org.hibernate.event.internal.DefaultSaveEventListener.performSaveOrUpdate(DefaultSaveEventListener.java:49) ~[hibernate-core-4.3.11.Final.jar:4.3.11.Final]
	at org.hibernate.event.internal.DefaultSaveOrUpdateEventListener.onSaveOrUpdate(DefaultSaveOrUpdateEventListener.java:90) ~[hibernate-core-4.3.11.Final.jar:4.3.11.Final]
	at org.hibernate.internal.SessionImpl.fireSave(SessionImpl.java:715) ~[hibernate-core-4.3.11.Final.jar:4.3.11.Final]
	at org.hibernate.internal.SessionImpl.save(SessionImpl.java:707) ~[hibernate-core-4.3.11.Final.jar:4.3.11.Final]
	at org.hibernate.internal.SessionImpl.save(SessionImpl.java:702) ~[hibernate-core-4.3.11.Final.jar:4.3.11.Final]
	at by.bsac.timetable.dao.Impl.AbstractHibernateDAO.add(AbstractHibernateDAO.java:30) [classes/:?]
	at by.bsac.timetable.dao.Impl.FacultyDAOImpl.add(FacultyDAOImpl.java:1) [classes/:?]
	at by.bsac.timetable.dao.impl.RecordDAOImplTest.test(RecordDAOImplTest.java:63) [test-classes/:?]
	at sun.reflect.NativeMethodAccessorImpl.invoke0(Native Method) ~[?:1.8.0_112]
	at sun.reflect.NativeMethodAccessorImpl.invoke(NativeMethodAccessorImpl.java:62) ~[?:1.8.0_112]
	at sun.reflect.DelegatingMethodAccessorImpl.invoke(DelegatingMethodAccessorImpl.java:43) ~[?:1.8.0_112]
	at java.lang.reflect.Method.invoke(Method.java:498) ~[?:1.8.0_112]
	at org.junit.runners.model.FrameworkMethod$1.runReflectiveCall(FrameworkMethod.java:50) [junit-4.12.jar:4.12]
	at org.junit.internal.runners.model.ReflectiveCallable.run(ReflectiveCallable.java:12) [junit-4.12.jar:4.12]
	at org.junit.runners.model.FrameworkMethod.invokeExplosively(FrameworkMethod.java:47) [junit-4.12.jar:4.12]
	at org.junit.internal.runners.statements.InvokeMethod.evaluate(InvokeMethod.java:17) [junit-4.12.jar:4.12]
	at org.junit.internal.runners.statements.RunBefores.evaluate(RunBefores.java:26) [junit-4.12.jar:4.12]
	at org.junit.internal.runners.statements.RunAfters.evaluate(RunAfters.java:27) [junit-4.12.jar:4.12]
	at org.junit.runners.ParentRunner.runLeaf(ParentRunner.java:325) [junit-4.12.jar:4.12]
	at org.junit.runners.BlockJUnit4ClassRunner.runChild(BlockJUnit4ClassRunner.java:78) [junit-4.12.jar:4.12]
	at org.junit.runners.BlockJUnit4ClassRunner.runChild(BlockJUnit4ClassRunner.java:57) [junit-4.12.jar:4.12]
	at org.junit.runners.ParentRunner$3.run(ParentRunner.java:290) [junit-4.12.jar:4.12]
	at org.junit.runners.ParentRunner$1.schedule(ParentRunner.java:71) [junit-4.12.jar:4.12]
	at org.junit.runners.ParentRunner.runChildren(ParentRunner.java:288) [junit-4.12.jar:4.12]
	at org.junit.runners.ParentRunner.access$000(ParentRunner.java:58) [junit-4.12.jar:4.12]
	at org.junit.runners.ParentRunner$2.evaluate(ParentRunner.java:268) [junit-4.12.jar:4.12]
	at org.junit.runners.ParentRunner.run(ParentRunner.java:363) [junit-4.12.jar:4.12]
	at org.eclipse.jdt.internal.junit4.runner.JUnit4TestReference.run(JUnit4TestReference.java:86) [.cp/:?]
	at org.eclipse.jdt.internal.junit.runner.TestExecution.run(TestExecution.java:38) [.cp/:?]
	at org.eclipse.jdt.internal.junit.runner.RemoteTestRunner.runTests(RemoteTestRunner.java:459) [.cp/:?]
	at org.eclipse.jdt.internal.junit.runner.RemoteTestRunner.runTests(RemoteTestRunner.java:678) [.cp/:?]
	at org.eclipse.jdt.internal.junit.runner.RemoteTestRunner.run(RemoteTestRunner.java:382) [.cp/:?]
	at org.eclipse.jdt.internal.junit.runner.RemoteTestRunner.main(RemoteTestRunner.java:192) [.cp/:?]
Caused by: org.h2.jdbc.JdbcSQLException: Schema "TIMETABLE" not found; SQL statement:
insert into timetable.faculty (id_faculty, name_faculty) values (null, ?) [90079-196]
	at org.h2.message.DbException.getJdbcSQLException(DbException.java:345) ~[h2-1.4.196.jar:1.4.196]
	at org.h2.message.DbException.get(DbException.java:179) ~[h2-1.4.196.jar:1.4.196]
	at org.h2.message.DbException.get(DbException.java:155) ~[h2-1.4.196.jar:1.4.196]
	at org.h2.command.Parser.getSchema(Parser.java:688) ~[h2-1.4.196.jar:1.4.196]
	at org.h2.command.Parser.getSchema(Parser.java:694) ~[h2-1.4.196.jar:1.4.196]
	at org.h2.command.Parser.readTableOrView(Parser.java:5535) ~[h2-1.4.196.jar:1.4.196]
	at org.h2.command.Parser.readTableOrView(Parser.java:5529) ~[h2-1.4.196.jar:1.4.196]
	at org.h2.command.Parser.parseInsert(Parser.java:1062) ~[h2-1.4.196.jar:1.4.196]
	at org.h2.command.Parser.parsePrepared(Parser.java:417) ~[h2-1.4.196.jar:1.4.196]
	at org.h2.command.Parser.parse(Parser.java:321) ~[h2-1.4.196.jar:1.4.196]
	at org.h2.command.Parser.parse(Parser.java:293) ~[h2-1.4.196.jar:1.4.196]
	at org.h2.command.Parser.prepareCommand(Parser.java:258) ~[h2-1.4.196.jar:1.4.196]
	at org.h2.engine.Session.prepareLocal(Session.java:578) ~[h2-1.4.196.jar:1.4.196]
	at org.h2.engine.Session.prepareCommand(Session.java:519) ~[h2-1.4.196.jar:1.4.196]
	at org.h2.jdbc.JdbcConnection.prepareCommand(JdbcConnection.java:1204) ~[h2-1.4.196.jar:1.4.196]
	at org.h2.jdbc.JdbcPreparedStatement.<init>(JdbcPreparedStatement.java:73) ~[h2-1.4.196.jar:1.4.196]
	at org.h2.jdbc.JdbcConnection.prepareStatement(JdbcConnection.java:288) ~[h2-1.4.196.jar:1.4.196]
	at org.h2.jdbc.JdbcConnection.prepareStatement(JdbcConnection.java:1138) ~[h2-1.4.196.jar:1.4.196]
	at org.hibernate.engine.jdbc.internal.StatementPreparerImpl$2.doPrepare(StatementPreparerImpl.java:124) ~[hibernate-core-4.3.11.Final.jar:4.3.11.Final]
	at org.hibernate.engine.jdbc.internal.StatementPreparerImpl$StatementPreparationTemplate.prepareStatement(StatementPreparerImpl.java:186) ~[hibernate-core-4.3.11.Final.jar:4.3.11.Final]
	... 50 more
2017-08-15T21:42:46,128 [main] INFO dao.util.HSQLServerUtil - HSQLDB server shutting down...
2017-08-15T21:43:36,332 [main] ERROR dao.Impl.AbstractHibernateDAO - could not prepare statement
org.hibernate.exception.GenericJDBCException: could not prepare statement
	at org.hibernate.exception.internal.StandardSQLExceptionConverter.convert(StandardSQLExceptionConverter.java:54) ~[hibernate-core-4.3.11.Final.jar:4.3.11.Final]
	at org.hibernate.engine.jdbc.spi.SqlExceptionHelper.convert(SqlExceptionHelper.java:126) ~[hibernate-core-4.3.11.Final.jar:4.3.11.Final]
	at org.hibernate.engine.jdbc.internal.StatementPreparerImpl$StatementPreparationTemplate.prepareStatement(StatementPreparerImpl.java:196) ~[hibernate-core-4.3.11.Final.jar:4.3.11.Final]
	at org.hibernate.engine.jdbc.internal.StatementPreparerImpl.prepareStatement(StatementPreparerImpl.java:122) ~[hibernate-core-4.3.11.Final.jar:4.3.11.Final]
	at org.hibernate.id.IdentityGenerator$GetGeneratedKeysDelegate.prepare(IdentityGenerator.java:89) ~[hibernate-core-4.3.11.Final.jar:4.3.11.Final]
	at org.hibernate.id.insert.AbstractReturningDelegate.performInsert(AbstractReturningDelegate.java:55) ~[hibernate-core-4.3.11.Final.jar:4.3.11.Final]
	at org.hibernate.persister.entity.AbstractEntityPersister.insert(AbstractEntityPersister.java:3032) ~[hibernate-core-4.3.11.Final.jar:4.3.11.Final]
	at org.hibernate.persister.entity.AbstractEntityPersister.insert(AbstractEntityPersister.java:3558) ~[hibernate-core-4.3.11.Final.jar:4.3.11.Final]
	at org.hibernate.action.internal.EntityIdentityInsertAction.execute(EntityIdentityInsertAction.java:98) ~[hibernate-core-4.3.11.Final.jar:4.3.11.Final]
	at org.hibernate.engine.spi.ActionQueue.execute(ActionQueue.java:492) ~[hibernate-core-4.3.11.Final.jar:4.3.11.Final]
	at org.hibernate.engine.spi.ActionQueue.addResolvedEntityInsertAction(ActionQueue.java:197) ~[hibernate-core-4.3.11.Final.jar:4.3.11.Final]
	at org.hibernate.engine.spi.ActionQueue.addInsertAction(ActionQueue.java:181) ~[hibernate-core-4.3.11.Final.jar:4.3.11.Final]
	at org.hibernate.engine.spi.ActionQueue.addAction(ActionQueue.java:216) ~[hibernate-core-4.3.11.Final.jar:4.3.11.Final]
	at org.hibernate.event.internal.AbstractSaveEventListener.addInsertAction(AbstractSaveEventListener.java:334) ~[hibernate-core-4.3.11.Final.jar:4.3.11.Final]
	at org.hibernate.event.internal.AbstractSaveEventListener.performSaveOrReplicate(AbstractSaveEventListener.java:289) ~[hibernate-core-4.3.11.Final.jar:4.3.11.Final]
	at org.hibernate.event.internal.AbstractSaveEventListener.performSave(AbstractSaveEventListener.java:195) ~[hibernate-core-4.3.11.Final.jar:4.3.11.Final]
	at org.hibernate.event.internal.AbstractSaveEventListener.saveWithGeneratedId(AbstractSaveEventListener.java:126) ~[hibernate-core-4.3.11.Final.jar:4.3.11.Final]
	at org.hibernate.event.internal.DefaultSaveOrUpdateEventListener.saveWithGeneratedOrRequestedId(DefaultSaveOrUpdateEventListener.java:209) ~[hibernate-core-4.3.11.Final.jar:4.3.11.Final]
	at org.hibernate.event.internal.DefaultSaveEventListener.saveWithGeneratedOrRequestedId(DefaultSaveEventListener.java:55) ~[hibernate-core-4.3.11.Final.jar:4.3.11.Final]
	at org.hibernate.event.internal.DefaultSaveOrUpdateEventListener.entityIsTransient(DefaultSaveOrUpdateEventListener.java:194) ~[hibernate-core-4.3.11.Final.jar:4.3.11.Final]
	at org.hibernate.event.internal.DefaultSaveEventListener.performSaveOrUpdate(DefaultSaveEventListener.java:49) ~[hibernate-core-4.3.11.Final.jar:4.3.11.Final]
	at org.hibernate.event.internal.DefaultSaveOrUpdateEventListener.onSaveOrUpdate(DefaultSaveOrUpdateEventListener.java:90) ~[hibernate-core-4.3.11.Final.jar:4.3.11.Final]
	at org.hibernate.internal.SessionImpl.fireSave(SessionImpl.java:715) ~[hibernate-core-4.3.11.Final.jar:4.3.11.Final]
	at org.hibernate.internal.SessionImpl.save(SessionImpl.java:707) ~[hibernate-core-4.3.11.Final.jar:4.3.11.Final]
	at org.hibernate.internal.SessionImpl.save(SessionImpl.java:702) ~[hibernate-core-4.3.11.Final.jar:4.3.11.Final]
	at by.bsac.timetable.dao.Impl.AbstractHibernateDAO.add(AbstractHibernateDAO.java:30) [classes/:?]
	at by.bsac.timetable.dao.Impl.FacultyDAOImpl.add(FacultyDAOImpl.java:1) [classes/:?]
	at by.bsac.timetable.dao.impl.RecordDAOImplTest.test(RecordDAOImplTest.java:63) [test-classes/:?]
	at sun.reflect.NativeMethodAccessorImpl.invoke0(Native Method) ~[?:1.8.0_112]
	at sun.reflect.NativeMethodAccessorImpl.invoke(NativeMethodAccessorImpl.java:62) ~[?:1.8.0_112]
	at sun.reflect.DelegatingMethodAccessorImpl.invoke(DelegatingMethodAccessorImpl.java:43) ~[?:1.8.0_112]
	at java.lang.reflect.Method.invoke(Method.java:498) ~[?:1.8.0_112]
	at org.junit.runners.model.FrameworkMethod$1.runReflectiveCall(FrameworkMethod.java:50) [junit-4.12.jar:4.12]
	at org.junit.internal.runners.model.ReflectiveCallable.run(ReflectiveCallable.java:12) [junit-4.12.jar:4.12]
	at org.junit.runners.model.FrameworkMethod.invokeExplosively(FrameworkMethod.java:47) [junit-4.12.jar:4.12]
	at org.junit.internal.runners.statements.InvokeMethod.evaluate(InvokeMethod.java:17) [junit-4.12.jar:4.12]
	at org.junit.internal.runners.statements.RunBefores.evaluate(RunBefores.java:26) [junit-4.12.jar:4.12]
	at org.junit.internal.runners.statements.RunAfters.evaluate(RunAfters.java:27) [junit-4.12.jar:4.12]
	at org.junit.runners.ParentRunner.runLeaf(ParentRunner.java:325) [junit-4.12.jar:4.12]
	at org.junit.runners.BlockJUnit4ClassRunner.runChild(BlockJUnit4ClassRunner.java:78) [junit-4.12.jar:4.12]
	at org.junit.runners.BlockJUnit4ClassRunner.runChild(BlockJUnit4ClassRunner.java:57) [junit-4.12.jar:4.12]
	at org.junit.runners.ParentRunner$3.run(ParentRunner.java:290) [junit-4.12.jar:4.12]
	at org.junit.runners.ParentRunner$1.schedule(ParentRunner.java:71) [junit-4.12.jar:4.12]
	at org.junit.runners.ParentRunner.runChildren(ParentRunner.java:288) [junit-4.12.jar:4.12]
	at org.junit.runners.ParentRunner.access$000(ParentRunner.java:58) [junit-4.12.jar:4.12]
	at org.junit.runners.ParentRunner$2.evaluate(ParentRunner.java:268) [junit-4.12.jar:4.12]
	at org.junit.runners.ParentRunner.run(ParentRunner.java:363) [junit-4.12.jar:4.12]
	at org.eclipse.jdt.internal.junit4.runner.JUnit4TestReference.run(JUnit4TestReference.java:86) [.cp/:?]
	at org.eclipse.jdt.internal.junit.runner.TestExecution.run(TestExecution.java:38) [.cp/:?]
	at org.eclipse.jdt.internal.junit.runner.RemoteTestRunner.runTests(RemoteTestRunner.java:459) [.cp/:?]
	at org.eclipse.jdt.internal.junit.runner.RemoteTestRunner.runTests(RemoteTestRunner.java:678) [.cp/:?]
	at org.eclipse.jdt.internal.junit.runner.RemoteTestRunner.run(RemoteTestRunner.java:382) [.cp/:?]
	at org.eclipse.jdt.internal.junit.runner.RemoteTestRunner.main(RemoteTestRunner.java:192) [.cp/:?]
Caused by: org.h2.jdbc.JdbcSQLException: Schema "TIMETABLE" not found; SQL statement:
insert into timetable.faculty (id_faculty, name_faculty) values (null, ?) [90079-196]
	at org.h2.message.DbException.getJdbcSQLException(DbException.java:345) ~[h2-1.4.196.jar:1.4.196]
	at org.h2.message.DbException.get(DbException.java:179) ~[h2-1.4.196.jar:1.4.196]
	at org.h2.message.DbException.get(DbException.java:155) ~[h2-1.4.196.jar:1.4.196]
	at org.h2.command.Parser.getSchema(Parser.java:688) ~[h2-1.4.196.jar:1.4.196]
	at org.h2.command.Parser.getSchema(Parser.java:694) ~[h2-1.4.196.jar:1.4.196]
	at org.h2.command.Parser.readTableOrView(Parser.java:5535) ~[h2-1.4.196.jar:1.4.196]
	at org.h2.command.Parser.readTableOrView(Parser.java:5529) ~[h2-1.4.196.jar:1.4.196]
	at org.h2.command.Parser.parseInsert(Parser.java:1062) ~[h2-1.4.196.jar:1.4.196]
	at org.h2.command.Parser.parsePrepared(Parser.java:417) ~[h2-1.4.196.jar:1.4.196]
	at org.h2.command.Parser.parse(Parser.java:321) ~[h2-1.4.196.jar:1.4.196]
	at org.h2.command.Parser.parse(Parser.java:293) ~[h2-1.4.196.jar:1.4.196]
	at org.h2.command.Parser.prepareCommand(Parser.java:258) ~[h2-1.4.196.jar:1.4.196]
	at org.h2.engine.Session.prepareLocal(Session.java:578) ~[h2-1.4.196.jar:1.4.196]
	at org.h2.engine.Session.prepareCommand(Session.java:519) ~[h2-1.4.196.jar:1.4.196]
	at org.h2.jdbc.JdbcConnection.prepareCommand(JdbcConnection.java:1204) ~[h2-1.4.196.jar:1.4.196]
	at org.h2.jdbc.JdbcPreparedStatement.<init>(JdbcPreparedStatement.java:73) ~[h2-1.4.196.jar:1.4.196]
	at org.h2.jdbc.JdbcConnection.prepareStatement(JdbcConnection.java:288) ~[h2-1.4.196.jar:1.4.196]
	at org.h2.jdbc.JdbcConnection.prepareStatement(JdbcConnection.java:1138) ~[h2-1.4.196.jar:1.4.196]
	at org.hibernate.engine.jdbc.internal.StatementPreparerImpl$2.doPrepare(StatementPreparerImpl.java:124) ~[hibernate-core-4.3.11.Final.jar:4.3.11.Final]
	at org.hibernate.engine.jdbc.internal.StatementPreparerImpl$StatementPreparationTemplate.prepareStatement(StatementPreparerImpl.java:186) ~[hibernate-core-4.3.11.Final.jar:4.3.11.Final]
	... 50 more
2017-08-15T22:18:05,029 [main] ERROR dao.Impl.AbstractHibernateDAO - could not prepare statement
org.hibernate.exception.GenericJDBCException: could not prepare statement
	at org.hibernate.exception.internal.StandardSQLExceptionConverter.convert(StandardSQLExceptionConverter.java:54) ~[hibernate-core-4.3.11.Final.jar:4.3.11.Final]
	at org.hibernate.engine.jdbc.spi.SqlExceptionHelper.convert(SqlExceptionHelper.java:126) ~[hibernate-core-4.3.11.Final.jar:4.3.11.Final]
	at org.hibernate.engine.jdbc.internal.StatementPreparerImpl$StatementPreparationTemplate.prepareStatement(StatementPreparerImpl.java:196) ~[hibernate-core-4.3.11.Final.jar:4.3.11.Final]
	at org.hibernate.engine.jdbc.internal.StatementPreparerImpl.prepareStatement(StatementPreparerImpl.java:122) ~[hibernate-core-4.3.11.Final.jar:4.3.11.Final]
	at org.hibernate.id.IdentityGenerator$GetGeneratedKeysDelegate.prepare(IdentityGenerator.java:89) ~[hibernate-core-4.3.11.Final.jar:4.3.11.Final]
	at org.hibernate.id.insert.AbstractReturningDelegate.performInsert(AbstractReturningDelegate.java:55) ~[hibernate-core-4.3.11.Final.jar:4.3.11.Final]
	at org.hibernate.persister.entity.AbstractEntityPersister.insert(AbstractEntityPersister.java:3032) ~[hibernate-core-4.3.11.Final.jar:4.3.11.Final]
	at org.hibernate.persister.entity.AbstractEntityPersister.insert(AbstractEntityPersister.java:3558) ~[hibernate-core-4.3.11.Final.jar:4.3.11.Final]
	at org.hibernate.action.internal.EntityIdentityInsertAction.execute(EntityIdentityInsertAction.java:98) ~[hibernate-core-4.3.11.Final.jar:4.3.11.Final]
	at org.hibernate.engine.spi.ActionQueue.execute(ActionQueue.java:492) ~[hibernate-core-4.3.11.Final.jar:4.3.11.Final]
	at org.hibernate.engine.spi.ActionQueue.addResolvedEntityInsertAction(ActionQueue.java:197) ~[hibernate-core-4.3.11.Final.jar:4.3.11.Final]
	at org.hibernate.engine.spi.ActionQueue.addInsertAction(ActionQueue.java:181) ~[hibernate-core-4.3.11.Final.jar:4.3.11.Final]
	at org.hibernate.engine.spi.ActionQueue.addAction(ActionQueue.java:216) ~[hibernate-core-4.3.11.Final.jar:4.3.11.Final]
	at org.hibernate.event.internal.AbstractSaveEventListener.addInsertAction(AbstractSaveEventListener.java:334) ~[hibernate-core-4.3.11.Final.jar:4.3.11.Final]
	at org.hibernate.event.internal.AbstractSaveEventListener.performSaveOrReplicate(AbstractSaveEventListener.java:289) ~[hibernate-core-4.3.11.Final.jar:4.3.11.Final]
	at org.hibernate.event.internal.AbstractSaveEventListener.performSave(AbstractSaveEventListener.java:195) ~[hibernate-core-4.3.11.Final.jar:4.3.11.Final]
	at org.hibernate.event.internal.AbstractSaveEventListener.saveWithGeneratedId(AbstractSaveEventListener.java:126) ~[hibernate-core-4.3.11.Final.jar:4.3.11.Final]
	at org.hibernate.event.internal.DefaultSaveOrUpdateEventListener.saveWithGeneratedOrRequestedId(DefaultSaveOrUpdateEventListener.java:209) ~[hibernate-core-4.3.11.Final.jar:4.3.11.Final]
	at org.hibernate.event.internal.DefaultSaveEventListener.saveWithGeneratedOrRequestedId(DefaultSaveEventListener.java:55) ~[hibernate-core-4.3.11.Final.jar:4.3.11.Final]
	at org.hibernate.event.internal.DefaultSaveOrUpdateEventListener.entityIsTransient(DefaultSaveOrUpdateEventListener.java:194) ~[hibernate-core-4.3.11.Final.jar:4.3.11.Final]
	at org.hibernate.event.internal.DefaultSaveEventListener.performSaveOrUpdate(DefaultSaveEventListener.java:49) ~[hibernate-core-4.3.11.Final.jar:4.3.11.Final]
	at org.hibernate.event.internal.DefaultSaveOrUpdateEventListener.onSaveOrUpdate(DefaultSaveOrUpdateEventListener.java:90) ~[hibernate-core-4.3.11.Final.jar:4.3.11.Final]
	at org.hibernate.internal.SessionImpl.fireSave(SessionImpl.java:715) ~[hibernate-core-4.3.11.Final.jar:4.3.11.Final]
	at org.hibernate.internal.SessionImpl.save(SessionImpl.java:707) ~[hibernate-core-4.3.11.Final.jar:4.3.11.Final]
	at org.hibernate.internal.SessionImpl.save(SessionImpl.java:702) ~[hibernate-core-4.3.11.Final.jar:4.3.11.Final]
	at by.bsac.timetable.dao.Impl.AbstractHibernateDAO.add(AbstractHibernateDAO.java:30) [classes/:?]
	at by.bsac.timetable.dao.Impl.FacultyDAOImpl.add(FacultyDAOImpl.java:1) [classes/:?]
	at by.bsac.timetable.dao.impl.RecordDAOImplTest.test(RecordDAOImplTest.java:55) [test-classes/:?]
	at sun.reflect.NativeMethodAccessorImpl.invoke0(Native Method) ~[?:1.8.0_112]
	at sun.reflect.NativeMethodAccessorImpl.invoke(NativeMethodAccessorImpl.java:62) ~[?:1.8.0_112]
	at sun.reflect.DelegatingMethodAccessorImpl.invoke(DelegatingMethodAccessorImpl.java:43) ~[?:1.8.0_112]
	at java.lang.reflect.Method.invoke(Method.java:498) ~[?:1.8.0_112]
	at org.junit.runners.model.FrameworkMethod$1.runReflectiveCall(FrameworkMethod.java:50) [junit-4.12.jar:4.12]
	at org.junit.internal.runners.model.ReflectiveCallable.run(ReflectiveCallable.java:12) [junit-4.12.jar:4.12]
	at org.junit.runners.model.FrameworkMethod.invokeExplosively(FrameworkMethod.java:47) [junit-4.12.jar:4.12]
	at org.junit.internal.runners.statements.InvokeMethod.evaluate(InvokeMethod.java:17) [junit-4.12.jar:4.12]
	at org.junit.internal.runners.statements.RunBefores.evaluate(RunBefores.java:26) [junit-4.12.jar:4.12]
	at org.junit.internal.runners.statements.RunAfters.evaluate(RunAfters.java:27) [junit-4.12.jar:4.12]
	at org.junit.runners.ParentRunner.runLeaf(ParentRunner.java:325) [junit-4.12.jar:4.12]
	at org.junit.runners.BlockJUnit4ClassRunner.runChild(BlockJUnit4ClassRunner.java:78) [junit-4.12.jar:4.12]
	at org.junit.runners.BlockJUnit4ClassRunner.runChild(BlockJUnit4ClassRunner.java:57) [junit-4.12.jar:4.12]
	at org.junit.runners.ParentRunner$3.run(ParentRunner.java:290) [junit-4.12.jar:4.12]
	at org.junit.runners.ParentRunner$1.schedule(ParentRunner.java:71) [junit-4.12.jar:4.12]
	at org.junit.runners.ParentRunner.runChildren(ParentRunner.java:288) [junit-4.12.jar:4.12]
	at org.junit.runners.ParentRunner.access$000(ParentRunner.java:58) [junit-4.12.jar:4.12]
	at org.junit.runners.ParentRunner$2.evaluate(ParentRunner.java:268) [junit-4.12.jar:4.12]
	at org.junit.runners.ParentRunner.run(ParentRunner.java:363) [junit-4.12.jar:4.12]
	at org.eclipse.jdt.internal.junit4.runner.JUnit4TestReference.run(JUnit4TestReference.java:86) [.cp/:?]
	at org.eclipse.jdt.internal.junit.runner.TestExecution.run(TestExecution.java:38) [.cp/:?]
	at org.eclipse.jdt.internal.junit.runner.RemoteTestRunner.runTests(RemoteTestRunner.java:459) [.cp/:?]
	at org.eclipse.jdt.internal.junit.runner.RemoteTestRunner.runTests(RemoteTestRunner.java:678) [.cp/:?]
	at org.eclipse.jdt.internal.junit.runner.RemoteTestRunner.run(RemoteTestRunner.java:382) [.cp/:?]
	at org.eclipse.jdt.internal.junit.runner.RemoteTestRunner.main(RemoteTestRunner.java:192) [.cp/:?]
Caused by: org.h2.jdbc.JdbcSQLException: Schema "TIMETABLE" not found; SQL statement:
insert into timetable.faculty (id_faculty, name_faculty) values (null, ?) [90079-196]
	at org.h2.message.DbException.getJdbcSQLException(DbException.java:345) ~[h2-1.4.196.jar:1.4.196]
	at org.h2.message.DbException.get(DbException.java:179) ~[h2-1.4.196.jar:1.4.196]
	at org.h2.message.DbException.get(DbException.java:155) ~[h2-1.4.196.jar:1.4.196]
	at org.h2.command.Parser.getSchema(Parser.java:688) ~[h2-1.4.196.jar:1.4.196]
	at org.h2.command.Parser.getSchema(Parser.java:694) ~[h2-1.4.196.jar:1.4.196]
	at org.h2.command.Parser.readTableOrView(Parser.java:5535) ~[h2-1.4.196.jar:1.4.196]
	at org.h2.command.Parser.readTableOrView(Parser.java:5529) ~[h2-1.4.196.jar:1.4.196]
	at org.h2.command.Parser.parseInsert(Parser.java:1062) ~[h2-1.4.196.jar:1.4.196]
	at org.h2.command.Parser.parsePrepared(Parser.java:417) ~[h2-1.4.196.jar:1.4.196]
	at org.h2.command.Parser.parse(Parser.java:321) ~[h2-1.4.196.jar:1.4.196]
	at org.h2.command.Parser.parse(Parser.java:293) ~[h2-1.4.196.jar:1.4.196]
	at org.h2.command.Parser.prepareCommand(Parser.java:258) ~[h2-1.4.196.jar:1.4.196]
	at org.h2.engine.Session.prepareLocal(Session.java:578) ~[h2-1.4.196.jar:1.4.196]
	at org.h2.engine.Session.prepareCommand(Session.java:519) ~[h2-1.4.196.jar:1.4.196]
	at org.h2.jdbc.JdbcConnection.prepareCommand(JdbcConnection.java:1204) ~[h2-1.4.196.jar:1.4.196]
	at org.h2.jdbc.JdbcPreparedStatement.<init>(JdbcPreparedStatement.java:73) ~[h2-1.4.196.jar:1.4.196]
	at org.h2.jdbc.JdbcConnection.prepareStatement(JdbcConnection.java:288) ~[h2-1.4.196.jar:1.4.196]
	at org.h2.jdbc.JdbcConnection.prepareStatement(JdbcConnection.java:1138) ~[h2-1.4.196.jar:1.4.196]
	at org.hibernate.engine.jdbc.internal.StatementPreparerImpl$2.doPrepare(StatementPreparerImpl.java:124) ~[hibernate-core-4.3.11.Final.jar:4.3.11.Final]
	at org.hibernate.engine.jdbc.internal.StatementPreparerImpl$StatementPreparationTemplate.prepareStatement(StatementPreparerImpl.java:186) ~[hibernate-core-4.3.11.Final.jar:4.3.11.Final]
	... 50 more
