2017-08-15T22:24:03,269 [main] ERROR dao.Impl.AbstractHibernateDAO - could not prepare statement
org.hibernate.exception.GenericJDBCException: could not prepare statement
	at org.hibernate.exception.internal.StandardSQLExceptionConverter.convert(StandardSQLExceptionConverter.java:54) ~[hibernate-core-4.3.11.Final.jar:4.3.11.Final]
	at org.hibernate.engine.jdbc.spi.SqlExceptionHelper.convert(SqlExceptionHelper.java:126) ~[hibernate-core-4.3.11.Final.jar:4.3.11.Final]
	at org.hibernate.engine.jdbc.internal.StatementPreparerImpl$StatementPreparationTemplate.prepareStatement(StatementPreparerImpl.java:196) ~[hibernate-core-4.3.11.Final.jar:4.3.11.Final]
	at org.hibernate.engine.jdbc.internal.StatementPreparerImpl.prepareStatement(StatementPreparerImpl.java:122) ~[hibernate-core-4.3.11.Final.jar:4.3.11.Final]
	at org.hibernate.id.IdentityGenerator$GetGeneratedKeysDelegate.prepare(IdentityGenerator.java:89) ~[hibernate-core-4.3.11.Final.jar:4.3.11.Final]
	at org.hibernate.id.insert.AbstractReturningDelegate.performInsert(AbstractReturningDelegate.java:55) ~[hibernate-core-4.3.11.Final.jar:4.3.11.Final]
	at org.hibernate.persister.entity.AbstractEntityPersister.insert(AbstractEntityPersister.java:3032) ~[hibernate-core-4.3.11.Final.jar:4.3.11.Final]
	at org.hibernate.persister.entity.AbstractEntityPersister.insert(AbstractEntityPersister.java:3558) ~[hibernate-core-4.3.11.Final.jar:4.3.11.Final]
	at org.hibernate.action.internal.EntityIdentityInsertAction.execute(EntityIdentityInsertAction.java:98) ~[hibernate-core-4.3.11.Final.jar:4.3.11.Final]
	at org.hibernate.engine.spi.ActionQueue.execute(ActionQueue.java:492) ~[hibernate-core-4.3.11.Final.jar:4.3.11.Final]
	at org.hibernate.engine.spi.ActionQueue.addResolvedEntityInsertAction(ActionQueue.java:197) ~[hibernate-core-4.3.11.Final.jar:4.3.11.Final]
	at org.hibernate.engine.spi.ActionQueue.addInsertAction(ActionQueue.java:181) ~[hibernate-core-4.3.11.Final.jar:4.3.11.Final]
	at org.hibernate.engine.spi.ActionQueue.addAction(ActionQueue.java:216) ~[hibernate-core-4.3.11.Final.jar:4.3.11.Final]
	at org.hibernate.event.internal.AbstractSaveEventListener.addInsertAction(AbstractSaveEventListener.java:334) ~[hibernate-core-4.3.11.Final.jar:4.3.11.Final]
	at org.hibernate.event.internal.AbstractSaveEventListener.performSaveOrReplicate(AbstractSaveEventListener.java:289) ~[hibernate-core-4.3.11.Final.jar:4.3.11.Final]
	at org.hibernate.event.internal.AbstractSaveEventListener.performSave(AbstractSaveEventListener.java:195) ~[hibernate-core-4.3.11.Final.jar:4.3.11.Final]
	at org.hibernate.event.internal.AbstractSaveEventListener.saveWithGeneratedId(AbstractSaveEventListener.java:126) ~[hibernate-core-4.3.11.Final.jar:4.3.11.Final]
	at org.hibernate.event.internal.DefaultSaveOrUpdateEventListener.saveWithGeneratedOrRequestedId(DefaultSaveOrUpdateEventListener.java:209) ~[hibernate-core-4.3.11.Final.jar:4.3.11.Final]
	at org.hibernate.event.internal.DefaultSaveEventListener.saveWithGeneratedOrRequestedId(DefaultSaveEventListener.java:55) ~[hibernate-core-4.3.11.Final.jar:4.3.11.Final]
	at org.hibernate.event.internal.DefaultSaveOrUpdateEventListener.entityIsTransient(DefaultSaveOrUpdateEventListener.java:194) ~[hibernate-core-4.3.11.Final.jar:4.3.11.Final]
	at org.hibernate.event.internal.DefaultSaveEventListener.performSaveOrUpdate(DefaultSaveEventListener.java:49) ~[hibernate-core-4.3.11.Final.jar:4.3.11.Final]
	at org.hibernate.event.internal.DefaultSaveOrUpdateEventListener.onSaveOrUpdate(DefaultSaveOrUpdateEventListener.java:90) ~[hibernate-core-4.3.11.Final.jar:4.3.11.Final]
	at org.hibernate.internal.SessionImpl.fireSave(SessionImpl.java:715) ~[hibernate-core-4.3.11.Final.jar:4.3.11.Final]
	at org.hibernate.internal.SessionImpl.save(SessionImpl.java:707) ~[hibernate-core-4.3.11.Final.jar:4.3.11.Final]
	at org.hibernate.internal.SessionImpl.save(SessionImpl.java:702) ~[hibernate-core-4.3.11.Final.jar:4.3.11.Final]
	at by.bsac.timetable.dao.Impl.AbstractHibernateDAO.add(AbstractHibernateDAO.java:30) [classes/:?]
	at by.bsac.timetable.dao.Impl.FacultyDAOImpl.add(FacultyDAOImpl.java:1) [classes/:?]
	at by.bsac.timetable.dao.impl.RecordDAOImplTest.test(RecordDAOImplTest.java:55) [test-classes/:?]
	at sun.reflect.NativeMethodAccessorImpl.invoke0(Native Method) ~[?:1.8.0_112]
	at sun.reflect.NativeMethodAccessorImpl.invoke(NativeMethodAccessorImpl.java:62) ~[?:1.8.0_112]
	at sun.reflect.DelegatingMethodAccessorImpl.invoke(DelegatingMethodAccessorImpl.java:43) ~[?:1.8.0_112]
	at java.lang.reflect.Method.invoke(Method.java:498) ~[?:1.8.0_112]
	at org.junit.runners.model.FrameworkMethod$1.runReflectiveCall(FrameworkMethod.java:50) [junit-4.12.jar:4.12]
	at org.junit.internal.runners.model.ReflectiveCallable.run(ReflectiveCallable.java:12) [junit-4.12.jar:4.12]
	at org.junit.runners.model.FrameworkMethod.invokeExplosively(FrameworkMethod.java:47) [junit-4.12.jar:4.12]
	at org.junit.internal.runners.statements.InvokeMethod.evaluate(InvokeMethod.java:17) [junit-4.12.jar:4.12]
	at org.junit.internal.runners.statements.RunBefores.evaluate(RunBefores.java:26) [junit-4.12.jar:4.12]
	at org.junit.internal.runners.statements.RunAfters.evaluate(RunAfters.java:27) [junit-4.12.jar:4.12]
	at org.junit.runners.ParentRunner.runLeaf(ParentRunner.java:325) [junit-4.12.jar:4.12]
	at org.junit.runners.BlockJUnit4ClassRunner.runChild(BlockJUnit4ClassRunner.java:78) [junit-4.12.jar:4.12]
	at org.junit.runners.BlockJUnit4ClassRunner.runChild(BlockJUnit4ClassRunner.java:57) [junit-4.12.jar:4.12]
	at org.junit.runners.ParentRunner$3.run(ParentRunner.java:290) [junit-4.12.jar:4.12]
	at org.junit.runners.ParentRunner$1.schedule(ParentRunner.java:71) [junit-4.12.jar:4.12]
	at org.junit.runners.ParentRunner.runChildren(ParentRunner.java:288) [junit-4.12.jar:4.12]
	at org.junit.runners.ParentRunner.access$000(ParentRunner.java:58) [junit-4.12.jar:4.12]
	at org.junit.runners.ParentRunner$2.evaluate(ParentRunner.java:268) [junit-4.12.jar:4.12]
	at org.junit.runners.ParentRunner.run(ParentRunner.java:363) [junit-4.12.jar:4.12]
	at org.eclipse.jdt.internal.junit4.runner.JUnit4TestReference.run(JUnit4TestReference.java:86) [.cp/:?]
	at org.eclipse.jdt.internal.junit.runner.TestExecution.run(TestExecution.java:38) [.cp/:?]
	at org.eclipse.jdt.internal.junit.runner.RemoteTestRunner.runTests(RemoteTestRunner.java:459) [.cp/:?]
	at org.eclipse.jdt.internal.junit.runner.RemoteTestRunner.runTests(RemoteTestRunner.java:678) [.cp/:?]
	at org.eclipse.jdt.internal.junit.runner.RemoteTestRunner.run(RemoteTestRunner.java:382) [.cp/:?]
	at org.eclipse.jdt.internal.junit.runner.RemoteTestRunner.main(RemoteTestRunner.java:192) [.cp/:?]
Caused by: org.h2.jdbc.JdbcSQLException: Schema "TIMETABLE" not found; SQL statement:
insert into timetable.faculty (id_faculty, name_faculty) values (null, ?) [90079-196]
	at org.h2.message.DbException.getJdbcSQLException(DbException.java:345) ~[h2-1.4.196.jar:1.4.196]
	at org.h2.message.DbException.get(DbException.java:179) ~[h2-1.4.196.jar:1.4.196]
	at org.h2.message.DbException.get(DbException.java:155) ~[h2-1.4.196.jar:1.4.196]
	at org.h2.command.Parser.getSchema(Parser.java:688) ~[h2-1.4.196.jar:1.4.196]
	at org.h2.command.Parser.getSchema(Parser.java:694) ~[h2-1.4.196.jar:1.4.196]
	at org.h2.command.Parser.readTableOrView(Parser.java:5535) ~[h2-1.4.196.jar:1.4.196]
	at org.h2.command.Parser.readTableOrView(Parser.java:5529) ~[h2-1.4.196.jar:1.4.196]
	at org.h2.command.Parser.parseInsert(Parser.java:1062) ~[h2-1.4.196.jar:1.4.196]
	at org.h2.command.Parser.parsePrepared(Parser.java:417) ~[h2-1.4.196.jar:1.4.196]
	at org.h2.command.Parser.parse(Parser.java:321) ~[h2-1.4.196.jar:1.4.196]
	at org.h2.command.Parser.parse(Parser.java:293) ~[h2-1.4.196.jar:1.4.196]
	at org.h2.command.Parser.prepareCommand(Parser.java:258) ~[h2-1.4.196.jar:1.4.196]
	at org.h2.engine.Session.prepareLocal(Session.java:578) ~[h2-1.4.196.jar:1.4.196]
	at org.h2.engine.Session.prepareCommand(Session.java:519) ~[h2-1.4.196.jar:1.4.196]
	at org.h2.jdbc.JdbcConnection.prepareCommand(JdbcConnection.java:1204) ~[h2-1.4.196.jar:1.4.196]
	at org.h2.jdbc.JdbcPreparedStatement.<init>(JdbcPreparedStatement.java:73) ~[h2-1.4.196.jar:1.4.196]
	at org.h2.jdbc.JdbcConnection.prepareStatement(JdbcConnection.java:288) ~[h2-1.4.196.jar:1.4.196]
	at org.h2.jdbc.JdbcConnection.prepareStatement(JdbcConnection.java:1138) ~[h2-1.4.196.jar:1.4.196]
	at org.hibernate.engine.jdbc.internal.StatementPreparerImpl$2.doPrepare(StatementPreparerImpl.java:124) ~[hibernate-core-4.3.11.Final.jar:4.3.11.Final]
	at org.hibernate.engine.jdbc.internal.StatementPreparerImpl$StatementPreparationTemplate.prepareStatement(StatementPreparerImpl.java:186) ~[hibernate-core-4.3.11.Final.jar:4.3.11.Final]
	... 50 more
2017-08-15T22:24:58,713 [main] ERROR dao.Impl.AbstractHibernateDAO - could not prepare statement
org.hibernate.exception.GenericJDBCException: could not prepare statement
	at org.hibernate.exception.internal.StandardSQLExceptionConverter.convert(StandardSQLExceptionConverter.java:54) ~[hibernate-core-4.3.11.Final.jar:4.3.11.Final]
	at org.hibernate.engine.jdbc.spi.SqlExceptionHelper.convert(SqlExceptionHelper.java:126) ~[hibernate-core-4.3.11.Final.jar:4.3.11.Final]
	at org.hibernate.engine.jdbc.internal.StatementPreparerImpl$StatementPreparationTemplate.prepareStatement(StatementPreparerImpl.java:196) ~[hibernate-core-4.3.11.Final.jar:4.3.11.Final]
	at org.hibernate.engine.jdbc.internal.StatementPreparerImpl.prepareStatement(StatementPreparerImpl.java:122) ~[hibernate-core-4.3.11.Final.jar:4.3.11.Final]
	at org.hibernate.id.IdentityGenerator$GetGeneratedKeysDelegate.prepare(IdentityGenerator.java:89) ~[hibernate-core-4.3.11.Final.jar:4.3.11.Final]
	at org.hibernate.id.insert.AbstractReturningDelegate.performInsert(AbstractReturningDelegate.java:55) ~[hibernate-core-4.3.11.Final.jar:4.3.11.Final]
	at org.hibernate.persister.entity.AbstractEntityPersister.insert(AbstractEntityPersister.java:3032) ~[hibernate-core-4.3.11.Final.jar:4.3.11.Final]
	at org.hibernate.persister.entity.AbstractEntityPersister.insert(AbstractEntityPersister.java:3558) ~[hibernate-core-4.3.11.Final.jar:4.3.11.Final]
	at org.hibernate.action.internal.EntityIdentityInsertAction.execute(EntityIdentityInsertAction.java:98) ~[hibernate-core-4.3.11.Final.jar:4.3.11.Final]
	at org.hibernate.engine.spi.ActionQueue.execute(ActionQueue.java:492) ~[hibernate-core-4.3.11.Final.jar:4.3.11.Final]
	at org.hibernate.engine.spi.ActionQueue.addResolvedEntityInsertAction(ActionQueue.java:197) ~[hibernate-core-4.3.11.Final.jar:4.3.11.Final]
	at org.hibernate.engine.spi.ActionQueue.addInsertAction(ActionQueue.java:181) ~[hibernate-core-4.3.11.Final.jar:4.3.11.Final]
	at org.hibernate.engine.spi.ActionQueue.addAction(ActionQueue.java:216) ~[hibernate-core-4.3.11.Final.jar:4.3.11.Final]
	at org.hibernate.event.internal.AbstractSaveEventListener.addInsertAction(AbstractSaveEventListener.java:334) ~[hibernate-core-4.3.11.Final.jar:4.3.11.Final]
	at org.hibernate.event.internal.AbstractSaveEventListener.performSaveOrReplicate(AbstractSaveEventListener.java:289) ~[hibernate-core-4.3.11.Final.jar:4.3.11.Final]
	at org.hibernate.event.internal.AbstractSaveEventListener.performSave(AbstractSaveEventListener.java:195) ~[hibernate-core-4.3.11.Final.jar:4.3.11.Final]
	at org.hibernate.event.internal.AbstractSaveEventListener.saveWithGeneratedId(AbstractSaveEventListener.java:126) ~[hibernate-core-4.3.11.Final.jar:4.3.11.Final]
	at org.hibernate.event.internal.DefaultSaveOrUpdateEventListener.saveWithGeneratedOrRequestedId(DefaultSaveOrUpdateEventListener.java:209) ~[hibernate-core-4.3.11.Final.jar:4.3.11.Final]
	at org.hibernate.event.internal.DefaultSaveEventListener.saveWithGeneratedOrRequestedId(DefaultSaveEventListener.java:55) ~[hibernate-core-4.3.11.Final.jar:4.3.11.Final]
	at org.hibernate.event.internal.DefaultSaveOrUpdateEventListener.entityIsTransient(DefaultSaveOrUpdateEventListener.java:194) ~[hibernate-core-4.3.11.Final.jar:4.3.11.Final]
	at org.hibernate.event.internal.DefaultSaveEventListener.performSaveOrUpdate(DefaultSaveEventListener.java:49) ~[hibernate-core-4.3.11.Final.jar:4.3.11.Final]
	at org.hibernate.event.internal.DefaultSaveOrUpdateEventListener.onSaveOrUpdate(DefaultSaveOrUpdateEventListener.java:90) ~[hibernate-core-4.3.11.Final.jar:4.3.11.Final]
	at org.hibernate.internal.SessionImpl.fireSave(SessionImpl.java:715) ~[hibernate-core-4.3.11.Final.jar:4.3.11.Final]
	at org.hibernate.internal.SessionImpl.save(SessionImpl.java:707) ~[hibernate-core-4.3.11.Final.jar:4.3.11.Final]
	at org.hibernate.internal.SessionImpl.save(SessionImpl.java:702) ~[hibernate-core-4.3.11.Final.jar:4.3.11.Final]
	at by.bsac.timetable.dao.Impl.AbstractHibernateDAO.add(AbstractHibernateDAO.java:30) [classes/:?]
	at by.bsac.timetable.dao.Impl.FacultyDAOImpl.add(FacultyDAOImpl.java:1) [classes/:?]
	at by.bsac.timetable.dao.impl.RecordDAOImplTest.test(RecordDAOImplTest.java:55) [test-classes/:?]
	at sun.reflect.NativeMethodAccessorImpl.invoke0(Native Method) ~[?:1.8.0_112]
	at sun.reflect.NativeMethodAccessorImpl.invoke(NativeMethodAccessorImpl.java:62) ~[?:1.8.0_112]
	at sun.reflect.DelegatingMethodAccessorImpl.invoke(DelegatingMethodAccessorImpl.java:43) ~[?:1.8.0_112]
	at java.lang.reflect.Method.invoke(Method.java:498) ~[?:1.8.0_112]
	at org.junit.runners.model.FrameworkMethod$1.runReflectiveCall(FrameworkMethod.java:50) [junit-4.12.jar:4.12]
	at org.junit.internal.runners.model.ReflectiveCallable.run(ReflectiveCallable.java:12) [junit-4.12.jar:4.12]
	at org.junit.runners.model.FrameworkMethod.invokeExplosively(FrameworkMethod.java:47) [junit-4.12.jar:4.12]
	at org.junit.internal.runners.statements.InvokeMethod.evaluate(InvokeMethod.java:17) [junit-4.12.jar:4.12]
	at org.junit.internal.runners.statements.RunBefores.evaluate(RunBefores.java:26) [junit-4.12.jar:4.12]
	at org.junit.internal.runners.statements.RunAfters.evaluate(RunAfters.java:27) [junit-4.12.jar:4.12]
	at org.junit.runners.ParentRunner.runLeaf(ParentRunner.java:325) [junit-4.12.jar:4.12]
	at org.junit.runners.BlockJUnit4ClassRunner.runChild(BlockJUnit4ClassRunner.java:78) [junit-4.12.jar:4.12]
	at org.junit.runners.BlockJUnit4ClassRunner.runChild(BlockJUnit4ClassRunner.java:57) [junit-4.12.jar:4.12]
	at org.junit.runners.ParentRunner$3.run(ParentRunner.java:290) [junit-4.12.jar:4.12]
	at org.junit.runners.ParentRunner$1.schedule(ParentRunner.java:71) [junit-4.12.jar:4.12]
	at org.junit.runners.ParentRunner.runChildren(ParentRunner.java:288) [junit-4.12.jar:4.12]
	at org.junit.runners.ParentRunner.access$000(ParentRunner.java:58) [junit-4.12.jar:4.12]
	at org.junit.runners.ParentRunner$2.evaluate(ParentRunner.java:268) [junit-4.12.jar:4.12]
	at org.junit.runners.ParentRunner.run(ParentRunner.java:363) [junit-4.12.jar:4.12]
	at org.eclipse.jdt.internal.junit4.runner.JUnit4TestReference.run(JUnit4TestReference.java:86) [.cp/:?]
	at org.eclipse.jdt.internal.junit.runner.TestExecution.run(TestExecution.java:38) [.cp/:?]
	at org.eclipse.jdt.internal.junit.runner.RemoteTestRunner.runTests(RemoteTestRunner.java:459) [.cp/:?]
	at org.eclipse.jdt.internal.junit.runner.RemoteTestRunner.runTests(RemoteTestRunner.java:678) [.cp/:?]
	at org.eclipse.jdt.internal.junit.runner.RemoteTestRunner.run(RemoteTestRunner.java:382) [.cp/:?]
	at org.eclipse.jdt.internal.junit.runner.RemoteTestRunner.main(RemoteTestRunner.java:192) [.cp/:?]
Caused by: org.h2.jdbc.JdbcSQLException: Schema "TIMETABLE" not found; SQL statement:
insert into timetable.faculty (id_faculty, name_faculty) values (null, ?) [90079-196]
	at org.h2.message.DbException.getJdbcSQLException(DbException.java:345) ~[h2-1.4.196.jar:1.4.196]
	at org.h2.message.DbException.get(DbException.java:179) ~[h2-1.4.196.jar:1.4.196]
	at org.h2.message.DbException.get(DbException.java:155) ~[h2-1.4.196.jar:1.4.196]
	at org.h2.command.Parser.getSchema(Parser.java:688) ~[h2-1.4.196.jar:1.4.196]
	at org.h2.command.Parser.getSchema(Parser.java:694) ~[h2-1.4.196.jar:1.4.196]
	at org.h2.command.Parser.readTableOrView(Parser.java:5535) ~[h2-1.4.196.jar:1.4.196]
	at org.h2.command.Parser.readTableOrView(Parser.java:5529) ~[h2-1.4.196.jar:1.4.196]
	at org.h2.command.Parser.parseInsert(Parser.java:1062) ~[h2-1.4.196.jar:1.4.196]
	at org.h2.command.Parser.parsePrepared(Parser.java:417) ~[h2-1.4.196.jar:1.4.196]
	at org.h2.command.Parser.parse(Parser.java:321) ~[h2-1.4.196.jar:1.4.196]
	at org.h2.command.Parser.parse(Parser.java:293) ~[h2-1.4.196.jar:1.4.196]
	at org.h2.command.Parser.prepareCommand(Parser.java:258) ~[h2-1.4.196.jar:1.4.196]
	at org.h2.engine.Session.prepareLocal(Session.java:578) ~[h2-1.4.196.jar:1.4.196]
	at org.h2.engine.Session.prepareCommand(Session.java:519) ~[h2-1.4.196.jar:1.4.196]
	at org.h2.jdbc.JdbcConnection.prepareCommand(JdbcConnection.java:1204) ~[h2-1.4.196.jar:1.4.196]
	at org.h2.jdbc.JdbcPreparedStatement.<init>(JdbcPreparedStatement.java:73) ~[h2-1.4.196.jar:1.4.196]
	at org.h2.jdbc.JdbcConnection.prepareStatement(JdbcConnection.java:288) ~[h2-1.4.196.jar:1.4.196]
	at org.h2.jdbc.JdbcConnection.prepareStatement(JdbcConnection.java:1138) ~[h2-1.4.196.jar:1.4.196]
	at org.hibernate.engine.jdbc.internal.StatementPreparerImpl$2.doPrepare(StatementPreparerImpl.java:124) ~[hibernate-core-4.3.11.Final.jar:4.3.11.Final]
	at org.hibernate.engine.jdbc.internal.StatementPreparerImpl$StatementPreparationTemplate.prepareStatement(StatementPreparerImpl.java:186) ~[hibernate-core-4.3.11.Final.jar:4.3.11.Final]
	... 50 more
2017-08-15T22:44:46,831 [AWT-EventQueue-0] DEBUG dao.Impl.AbstractHibernateDAO - getAll
2017-08-15T22:47:04,462 [AWT-EventQueue-0] DEBUG dao.Impl.AbstractHibernateDAO - getAll
2017-08-15T22:47:04,690 [AWT-EventQueue-0] DEBUG dao.Impl.GroupDAOImpl - getGroupListByFacultyAndEduLevel
2017-08-15T22:47:09,648 [AWT-EventQueue-0] DEBUG dao.Impl.GroupDAOImpl - getGroupListByFacultyAndEduLevel
2017-08-15T22:50:05,768 [AWT-EventQueue-0] DEBUG dao.Impl.AbstractHibernateDAO - getAll
2017-08-15T22:50:05,972 [AWT-EventQueue-0] DEBUG dao.Impl.GroupDAOImpl - getGroupListByFacultyAndEduLevel
2017-08-15T22:50:08,956 [AWT-EventQueue-0] DEBUG dao.Impl.GroupDAOImpl - getGroupListByFacultyAndEduLevel
2017-08-15T22:50:11,533 [AWT-EventQueue-0] DEBUG dao.Impl.RecordDAOImpl - getRecordListByGroupAndDate
2017-08-15T22:50:35,365 [AWT-EventQueue-0] DEBUG dao.Impl.RecordDAOImpl - getRecordListByGroupAndDate
2017-08-15T22:50:38,870 [AWT-EventQueue-0] DEBUG dao.Impl.RecordDAOImpl - getRecordListByGroupAndDate
2017-08-15T22:50:41,651 [AWT-EventQueue-0] DEBUG dao.Impl.RecordDAOImpl - getRecordListByGroupAndDate
2017-08-15T22:50:45,005 [AWT-EventQueue-0] DEBUG dao.Impl.GroupDAOImpl - getGroupListByFacultyAndEduLevel
2017-08-15T22:50:46,818 [AWT-EventQueue-0] DEBUG dao.Impl.GroupDAOImpl - getGroupListByFacultyAndEduLevel
2017-08-15T22:50:48,304 [AWT-EventQueue-0] DEBUG dao.Impl.GroupDAOImpl - getGroupListByFacultyAndEduLevel
2017-08-15T22:50:49,489 [AWT-EventQueue-0] DEBUG dao.Impl.GroupDAOImpl - getGroupListByFacultyAndEduLevel
2017-08-15T22:50:50,705 [AWT-EventQueue-0] DEBUG dao.Impl.RecordDAOImpl - getRecordListByGroupAndDate
2017-08-15T22:50:55,722 [AWT-EventQueue-0] DEBUG dao.Impl.RecordDAOImpl - getRecordListByGroupAndDate
2017-08-15T22:51:00,865 [AWT-EventQueue-0] DEBUG dao.Impl.RecordDAOImpl - getRecordListByGroupAndDate
2017-08-15T22:51:06,579 [AWT-EventQueue-0] DEBUG dao.Impl.AbstractHibernateDAO - getAll
2017-08-15T22:51:08,159 [AWT-EventQueue-0] DEBUG view.extra.ChairEditForm - selected char:Chair [idChair=14, nameChair=`12]
2017-08-15T22:51:11,066 [AWT-EventQueue-0] DEBUG dao.Impl.AbstractHibernateDAO - getAll
2017-08-15T22:51:11,870 [AWT-EventQueue-0] DEBUG view.extra.FacultyEditForm - selected faculty:Faculty [idFaculty=5, nameFaculty=Факультет довузовской подготовки]
2017-08-15T22:51:26,565 [AWT-EventQueue-0] DEBUG dao.Impl.RecordDAOImpl - getRecordListByGroupAndDate
2017-08-15T22:51:27,607 [AWT-EventQueue-0] DEBUG view.contoller.CellTableMouseClickedEvent - selected row:1
2017-08-15T22:51:27,607 [AWT-EventQueue-0] DEBUG view.contoller.CellTableMouseClickedEvent - column:2
2017-08-15T22:51:27,607 [AWT-EventQueue-0] DEBUG view.contoller.CellTableMouseClickedEvent - selected value:null
2017-08-15T22:51:27,608 [AWT-EventQueue-0] DEBUG view.contoller.CellTableMouseClickedEvent - aPosition: colIndex: 0, rowIndex: 1
2017-08-15T22:51:27,608 [AWT-EventQueue-0] DEBUG view.contoller.CellTableMouseClickedEvent - It isn't a record:
2017-08-15T22:51:27,906 [AWT-EventQueue-0] DEBUG dao.Impl.AbstractHibernateDAO - getAll
2017-08-15T22:51:27,967 [AWT-EventQueue-0] DEBUG dao.Impl.AbstractHibernateDAO - getAll
2017-08-15T22:51:46,698 [AWT-EventQueue-0] DEBUG dao.Impl.RecordDAOImpl - getRecordListByGroupAndDate
2017-08-15T22:52:34,253 [main] DEBUG dao.Impl.AbstractHibernateDAO - add
2017-08-15T22:52:34,526 [main] ERROR dao.Impl.AbstractHibernateDAO - could not prepare statement
org.hibernate.exception.GenericJDBCException: could not prepare statement
	at org.hibernate.exception.internal.StandardSQLExceptionConverter.convert(StandardSQLExceptionConverter.java:54) ~[hibernate-core-4.3.11.Final.jar:4.3.11.Final]
	at org.hibernate.engine.jdbc.spi.SqlExceptionHelper.convert(SqlExceptionHelper.java:126) ~[hibernate-core-4.3.11.Final.jar:4.3.11.Final]
	at org.hibernate.engine.jdbc.internal.StatementPreparerImpl$StatementPreparationTemplate.prepareStatement(StatementPreparerImpl.java:196) ~[hibernate-core-4.3.11.Final.jar:4.3.11.Final]
	at org.hibernate.engine.jdbc.internal.StatementPreparerImpl.prepareStatement(StatementPreparerImpl.java:122) ~[hibernate-core-4.3.11.Final.jar:4.3.11.Final]
	at org.hibernate.id.IdentityGenerator$GetGeneratedKeysDelegate.prepare(IdentityGenerator.java:89) ~[hibernate-core-4.3.11.Final.jar:4.3.11.Final]
	at org.hibernate.id.insert.AbstractReturningDelegate.performInsert(AbstractReturningDelegate.java:55) ~[hibernate-core-4.3.11.Final.jar:4.3.11.Final]
	at org.hibernate.persister.entity.AbstractEntityPersister.insert(AbstractEntityPersister.java:3032) ~[hibernate-core-4.3.11.Final.jar:4.3.11.Final]
	at org.hibernate.persister.entity.AbstractEntityPersister.insert(AbstractEntityPersister.java:3558) ~[hibernate-core-4.3.11.Final.jar:4.3.11.Final]
	at org.hibernate.action.internal.EntityIdentityInsertAction.execute(EntityIdentityInsertAction.java:98) ~[hibernate-core-4.3.11.Final.jar:4.3.11.Final]
	at org.hibernate.engine.spi.ActionQueue.execute(ActionQueue.java:492) ~[hibernate-core-4.3.11.Final.jar:4.3.11.Final]
	at org.hibernate.engine.spi.ActionQueue.addResolvedEntityInsertAction(ActionQueue.java:197) ~[hibernate-core-4.3.11.Final.jar:4.3.11.Final]
	at org.hibernate.engine.spi.ActionQueue.addInsertAction(ActionQueue.java:181) ~[hibernate-core-4.3.11.Final.jar:4.3.11.Final]
	at org.hibernate.engine.spi.ActionQueue.addAction(ActionQueue.java:216) ~[hibernate-core-4.3.11.Final.jar:4.3.11.Final]
	at org.hibernate.event.internal.AbstractSaveEventListener.addInsertAction(AbstractSaveEventListener.java:334) ~[hibernate-core-4.3.11.Final.jar:4.3.11.Final]
	at org.hibernate.event.internal.AbstractSaveEventListener.performSaveOrReplicate(AbstractSaveEventListener.java:289) ~[hibernate-core-4.3.11.Final.jar:4.3.11.Final]
	at org.hibernate.event.internal.AbstractSaveEventListener.performSave(AbstractSaveEventListener.java:195) ~[hibernate-core-4.3.11.Final.jar:4.3.11.Final]
	at org.hibernate.event.internal.AbstractSaveEventListener.saveWithGeneratedId(AbstractSaveEventListener.java:126) ~[hibernate-core-4.3.11.Final.jar:4.3.11.Final]
	at org.hibernate.event.internal.DefaultSaveOrUpdateEventListener.saveWithGeneratedOrRequestedId(DefaultSaveOrUpdateEventListener.java:209) ~[hibernate-core-4.3.11.Final.jar:4.3.11.Final]
	at org.hibernate.event.internal.DefaultSaveEventListener.saveWithGeneratedOrRequestedId(DefaultSaveEventListener.java:55) ~[hibernate-core-4.3.11.Final.jar:4.3.11.Final]
	at org.hibernate.event.internal.DefaultSaveOrUpdateEventListener.entityIsTransient(DefaultSaveOrUpdateEventListener.java:194) ~[hibernate-core-4.3.11.Final.jar:4.3.11.Final]
	at org.hibernate.event.internal.DefaultSaveEventListener.performSaveOrUpdate(DefaultSaveEventListener.java:49) ~[hibernate-core-4.3.11.Final.jar:4.3.11.Final]
	at org.hibernate.event.internal.DefaultSaveOrUpdateEventListener.onSaveOrUpdate(DefaultSaveOrUpdateEventListener.java:90) ~[hibernate-core-4.3.11.Final.jar:4.3.11.Final]
	at org.hibernate.internal.SessionImpl.fireSave(SessionImpl.java:715) ~[hibernate-core-4.3.11.Final.jar:4.3.11.Final]
	at org.hibernate.internal.SessionImpl.save(SessionImpl.java:707) ~[hibernate-core-4.3.11.Final.jar:4.3.11.Final]
	at org.hibernate.internal.SessionImpl.save(SessionImpl.java:702) ~[hibernate-core-4.3.11.Final.jar:4.3.11.Final]
	at by.bsac.timetable.dao.Impl.AbstractHibernateDAO.add(AbstractHibernateDAO.java:31) [classes/:?]
	at by.bsac.timetable.dao.Impl.FacultyDAOImpl.add(FacultyDAOImpl.java:1) [classes/:?]
	at by.bsac.timetable.dao.impl.RecordDAOImplTest.test(RecordDAOImplTest.java:55) [test-classes/:?]
	at sun.reflect.NativeMethodAccessorImpl.invoke0(Native Method) ~[?:1.8.0_112]
	at sun.reflect.NativeMethodAccessorImpl.invoke(NativeMethodAccessorImpl.java:62) ~[?:1.8.0_112]
	at sun.reflect.DelegatingMethodAccessorImpl.invoke(DelegatingMethodAccessorImpl.java:43) ~[?:1.8.0_112]
	at java.lang.reflect.Method.invoke(Method.java:498) ~[?:1.8.0_112]
	at org.junit.runners.model.FrameworkMethod$1.runReflectiveCall(FrameworkMethod.java:50) [junit-4.12.jar:4.12]
	at org.junit.internal.runners.model.ReflectiveCallable.run(ReflectiveCallable.java:12) [junit-4.12.jar:4.12]
	at org.junit.runners.model.FrameworkMethod.invokeExplosively(FrameworkMethod.java:47) [junit-4.12.jar:4.12]
	at org.junit.internal.runners.statements.InvokeMethod.evaluate(InvokeMethod.java:17) [junit-4.12.jar:4.12]
	at org.junit.internal.runners.statements.RunBefores.evaluate(RunBefores.java:26) [junit-4.12.jar:4.12]
	at org.junit.internal.runners.statements.RunAfters.evaluate(RunAfters.java:27) [junit-4.12.jar:4.12]
	at org.junit.runners.ParentRunner.runLeaf(ParentRunner.java:325) [junit-4.12.jar:4.12]
	at org.junit.runners.BlockJUnit4ClassRunner.runChild(BlockJUnit4ClassRunner.java:78) [junit-4.12.jar:4.12]
	at org.junit.runners.BlockJUnit4ClassRunner.runChild(BlockJUnit4ClassRunner.java:57) [junit-4.12.jar:4.12]
	at org.junit.runners.ParentRunner$3.run(ParentRunner.java:290) [junit-4.12.jar:4.12]
	at org.junit.runners.ParentRunner$1.schedule(ParentRunner.java:71) [junit-4.12.jar:4.12]
	at org.junit.runners.ParentRunner.runChildren(ParentRunner.java:288) [junit-4.12.jar:4.12]
	at org.junit.runners.ParentRunner.access$000(ParentRunner.java:58) [junit-4.12.jar:4.12]
	at org.junit.runners.ParentRunner$2.evaluate(ParentRunner.java:268) [junit-4.12.jar:4.12]
	at org.junit.runners.ParentRunner.run(ParentRunner.java:363) [junit-4.12.jar:4.12]
	at org.eclipse.jdt.internal.junit4.runner.JUnit4TestReference.run(JUnit4TestReference.java:86) [.cp/:?]
	at org.eclipse.jdt.internal.junit.runner.TestExecution.run(TestExecution.java:38) [.cp/:?]
	at org.eclipse.jdt.internal.junit.runner.RemoteTestRunner.runTests(RemoteTestRunner.java:459) [.cp/:?]
	at org.eclipse.jdt.internal.junit.runner.RemoteTestRunner.runTests(RemoteTestRunner.java:678) [.cp/:?]
	at org.eclipse.jdt.internal.junit.runner.RemoteTestRunner.run(RemoteTestRunner.java:382) [.cp/:?]
	at org.eclipse.jdt.internal.junit.runner.RemoteTestRunner.main(RemoteTestRunner.java:192) [.cp/:?]
Caused by: org.h2.jdbc.JdbcSQLException: Schema "TIMETABLE" not found; SQL statement:
insert into timetable.faculty (id_faculty, name_faculty) values (null, ?) [90079-196]
	at org.h2.message.DbException.getJdbcSQLException(DbException.java:345) ~[h2-1.4.196.jar:1.4.196]
	at org.h2.message.DbException.get(DbException.java:179) ~[h2-1.4.196.jar:1.4.196]
	at org.h2.message.DbException.get(DbException.java:155) ~[h2-1.4.196.jar:1.4.196]
	at org.h2.command.Parser.getSchema(Parser.java:688) ~[h2-1.4.196.jar:1.4.196]
	at org.h2.command.Parser.getSchema(Parser.java:694) ~[h2-1.4.196.jar:1.4.196]
	at org.h2.command.Parser.readTableOrView(Parser.java:5535) ~[h2-1.4.196.jar:1.4.196]
	at org.h2.command.Parser.readTableOrView(Parser.java:5529) ~[h2-1.4.196.jar:1.4.196]
	at org.h2.command.Parser.parseInsert(Parser.java:1062) ~[h2-1.4.196.jar:1.4.196]
	at org.h2.command.Parser.parsePrepared(Parser.java:417) ~[h2-1.4.196.jar:1.4.196]
	at org.h2.command.Parser.parse(Parser.java:321) ~[h2-1.4.196.jar:1.4.196]
	at org.h2.command.Parser.parse(Parser.java:293) ~[h2-1.4.196.jar:1.4.196]
	at org.h2.command.Parser.prepareCommand(Parser.java:258) ~[h2-1.4.196.jar:1.4.196]
	at org.h2.engine.Session.prepareLocal(Session.java:578) ~[h2-1.4.196.jar:1.4.196]
	at org.h2.engine.Session.prepareCommand(Session.java:519) ~[h2-1.4.196.jar:1.4.196]
	at org.h2.jdbc.JdbcConnection.prepareCommand(JdbcConnection.java:1204) ~[h2-1.4.196.jar:1.4.196]
	at org.h2.jdbc.JdbcPreparedStatement.<init>(JdbcPreparedStatement.java:73) ~[h2-1.4.196.jar:1.4.196]
	at org.h2.jdbc.JdbcConnection.prepareStatement(JdbcConnection.java:288) ~[h2-1.4.196.jar:1.4.196]
	at org.h2.jdbc.JdbcConnection.prepareStatement(JdbcConnection.java:1138) ~[h2-1.4.196.jar:1.4.196]
	at org.hibernate.engine.jdbc.internal.StatementPreparerImpl$2.doPrepare(StatementPreparerImpl.java:124) ~[hibernate-core-4.3.11.Final.jar:4.3.11.Final]
	at org.hibernate.engine.jdbc.internal.StatementPreparerImpl$StatementPreparationTemplate.prepareStatement(StatementPreparerImpl.java:186) ~[hibernate-core-4.3.11.Final.jar:4.3.11.Final]
	... 50 more
2017-08-15T22:53:40,634 [main] DEBUG dao.Impl.AbstractHibernateDAO - add
2017-08-15T22:53:40,840 [main] ERROR dao.Impl.AbstractHibernateDAO - could not prepare statement
org.hibernate.exception.GenericJDBCException: could not prepare statement
	at org.hibernate.exception.internal.StandardSQLExceptionConverter.convert(StandardSQLExceptionConverter.java:54) ~[hibernate-core-4.3.11.Final.jar:4.3.11.Final]
	at org.hibernate.engine.jdbc.spi.SqlExceptionHelper.convert(SqlExceptionHelper.java:126) ~[hibernate-core-4.3.11.Final.jar:4.3.11.Final]
	at org.hibernate.engine.jdbc.internal.StatementPreparerImpl$StatementPreparationTemplate.prepareStatement(StatementPreparerImpl.java:196) ~[hibernate-core-4.3.11.Final.jar:4.3.11.Final]
	at org.hibernate.engine.jdbc.internal.StatementPreparerImpl.prepareStatement(StatementPreparerImpl.java:122) ~[hibernate-core-4.3.11.Final.jar:4.3.11.Final]
	at org.hibernate.id.IdentityGenerator$GetGeneratedKeysDelegate.prepare(IdentityGenerator.java:89) ~[hibernate-core-4.3.11.Final.jar:4.3.11.Final]
	at org.hibernate.id.insert.AbstractReturningDelegate.performInsert(AbstractReturningDelegate.java:55) ~[hibernate-core-4.3.11.Final.jar:4.3.11.Final]
	at org.hibernate.persister.entity.AbstractEntityPersister.insert(AbstractEntityPersister.java:3032) ~[hibernate-core-4.3.11.Final.jar:4.3.11.Final]
	at org.hibernate.persister.entity.AbstractEntityPersister.insert(AbstractEntityPersister.java:3558) ~[hibernate-core-4.3.11.Final.jar:4.3.11.Final]
	at org.hibernate.action.internal.EntityIdentityInsertAction.execute(EntityIdentityInsertAction.java:98) ~[hibernate-core-4.3.11.Final.jar:4.3.11.Final]
	at org.hibernate.engine.spi.ActionQueue.execute(ActionQueue.java:492) ~[hibernate-core-4.3.11.Final.jar:4.3.11.Final]
	at org.hibernate.engine.spi.ActionQueue.addResolvedEntityInsertAction(ActionQueue.java:197) ~[hibernate-core-4.3.11.Final.jar:4.3.11.Final]
	at org.hibernate.engine.spi.ActionQueue.addInsertAction(ActionQueue.java:181) ~[hibernate-core-4.3.11.Final.jar:4.3.11.Final]
	at org.hibernate.engine.spi.ActionQueue.addAction(ActionQueue.java:216) ~[hibernate-core-4.3.11.Final.jar:4.3.11.Final]
	at org.hibernate.event.internal.AbstractSaveEventListener.addInsertAction(AbstractSaveEventListener.java:334) ~[hibernate-core-4.3.11.Final.jar:4.3.11.Final]
	at org.hibernate.event.internal.AbstractSaveEventListener.performSaveOrReplicate(AbstractSaveEventListener.java:289) ~[hibernate-core-4.3.11.Final.jar:4.3.11.Final]
	at org.hibernate.event.internal.AbstractSaveEventListener.performSave(AbstractSaveEventListener.java:195) ~[hibernate-core-4.3.11.Final.jar:4.3.11.Final]
	at org.hibernate.event.internal.AbstractSaveEventListener.saveWithGeneratedId(AbstractSaveEventListener.java:126) ~[hibernate-core-4.3.11.Final.jar:4.3.11.Final]
	at org.hibernate.event.internal.DefaultSaveOrUpdateEventListener.saveWithGeneratedOrRequestedId(DefaultSaveOrUpdateEventListener.java:209) ~[hibernate-core-4.3.11.Final.jar:4.3.11.Final]
	at org.hibernate.event.internal.DefaultSaveEventListener.saveWithGeneratedOrRequestedId(DefaultSaveEventListener.java:55) ~[hibernate-core-4.3.11.Final.jar:4.3.11.Final]
	at org.hibernate.event.internal.DefaultSaveOrUpdateEventListener.entityIsTransient(DefaultSaveOrUpdateEventListener.java:194) ~[hibernate-core-4.3.11.Final.jar:4.3.11.Final]
	at org.hibernate.event.internal.DefaultSaveEventListener.performSaveOrUpdate(DefaultSaveEventListener.java:49) ~[hibernate-core-4.3.11.Final.jar:4.3.11.Final]
	at org.hibernate.event.internal.DefaultSaveOrUpdateEventListener.onSaveOrUpdate(DefaultSaveOrUpdateEventListener.java:90) ~[hibernate-core-4.3.11.Final.jar:4.3.11.Final]
	at org.hibernate.internal.SessionImpl.fireSave(SessionImpl.java:715) ~[hibernate-core-4.3.11.Final.jar:4.3.11.Final]
	at org.hibernate.internal.SessionImpl.save(SessionImpl.java:707) ~[hibernate-core-4.3.11.Final.jar:4.3.11.Final]
	at org.hibernate.internal.SessionImpl.save(SessionImpl.java:702) ~[hibernate-core-4.3.11.Final.jar:4.3.11.Final]
	at by.bsac.timetable.dao.Impl.AbstractHibernateDAO.add(AbstractHibernateDAO.java:31) [classes/:?]
	at by.bsac.timetable.dao.Impl.FacultyDAOImpl.add(FacultyDAOImpl.java:1) [classes/:?]
	at by.bsac.timetable.dao.impl.RecordDAOImplTest.test(RecordDAOImplTest.java:55) [test-classes/:?]
	at sun.reflect.NativeMethodAccessorImpl.invoke0(Native Method) ~[?:1.8.0_112]
	at sun.reflect.NativeMethodAccessorImpl.invoke(NativeMethodAccessorImpl.java:62) ~[?:1.8.0_112]
	at sun.reflect.DelegatingMethodAccessorImpl.invoke(DelegatingMethodAccessorImpl.java:43) ~[?:1.8.0_112]
	at java.lang.reflect.Method.invoke(Method.java:498) ~[?:1.8.0_112]
	at org.junit.runners.model.FrameworkMethod$1.runReflectiveCall(FrameworkMethod.java:50) [junit-4.12.jar:4.12]
	at org.junit.internal.runners.model.ReflectiveCallable.run(ReflectiveCallable.java:12) [junit-4.12.jar:4.12]
	at org.junit.runners.model.FrameworkMethod.invokeExplosively(FrameworkMethod.java:47) [junit-4.12.jar:4.12]
	at org.junit.internal.runners.statements.InvokeMethod.evaluate(InvokeMethod.java:17) [junit-4.12.jar:4.12]
	at org.junit.internal.runners.statements.RunBefores.evaluate(RunBefores.java:26) [junit-4.12.jar:4.12]
	at org.junit.internal.runners.statements.RunAfters.evaluate(RunAfters.java:27) [junit-4.12.jar:4.12]
	at org.junit.runners.ParentRunner.runLeaf(ParentRunner.java:325) [junit-4.12.jar:4.12]
	at org.junit.runners.BlockJUnit4ClassRunner.runChild(BlockJUnit4ClassRunner.java:78) [junit-4.12.jar:4.12]
	at org.junit.runners.BlockJUnit4ClassRunner.runChild(BlockJUnit4ClassRunner.java:57) [junit-4.12.jar:4.12]
	at org.junit.runners.ParentRunner$3.run(ParentRunner.java:290) [junit-4.12.jar:4.12]
	at org.junit.runners.ParentRunner$1.schedule(ParentRunner.java:71) [junit-4.12.jar:4.12]
	at org.junit.runners.ParentRunner.runChildren(ParentRunner.java:288) [junit-4.12.jar:4.12]
	at org.junit.runners.ParentRunner.access$000(ParentRunner.java:58) [junit-4.12.jar:4.12]
	at org.junit.runners.ParentRunner$2.evaluate(ParentRunner.java:268) [junit-4.12.jar:4.12]
	at org.junit.runners.ParentRunner.run(ParentRunner.java:363) [junit-4.12.jar:4.12]
	at org.eclipse.jdt.internal.junit4.runner.JUnit4TestReference.run(JUnit4TestReference.java:86) [.cp/:?]
	at org.eclipse.jdt.internal.junit.runner.TestExecution.run(TestExecution.java:38) [.cp/:?]
	at org.eclipse.jdt.internal.junit.runner.RemoteTestRunner.runTests(RemoteTestRunner.java:459) [.cp/:?]
	at org.eclipse.jdt.internal.junit.runner.RemoteTestRunner.runTests(RemoteTestRunner.java:678) [.cp/:?]
	at org.eclipse.jdt.internal.junit.runner.RemoteTestRunner.run(RemoteTestRunner.java:382) [.cp/:?]
	at org.eclipse.jdt.internal.junit.runner.RemoteTestRunner.main(RemoteTestRunner.java:192) [.cp/:?]
Caused by: org.h2.jdbc.JdbcSQLException: Schema "TIMETABLE" not found; SQL statement:
insert into timetable.faculty (name_faculty) values (?) [90079-196]
	at org.h2.message.DbException.getJdbcSQLException(DbException.java:345) ~[h2-1.4.196.jar:1.4.196]
	at org.h2.message.DbException.get(DbException.java:179) ~[h2-1.4.196.jar:1.4.196]
	at org.h2.message.DbException.get(DbException.java:155) ~[h2-1.4.196.jar:1.4.196]
	at org.h2.command.Parser.getSchema(Parser.java:688) ~[h2-1.4.196.jar:1.4.196]
	at org.h2.command.Parser.getSchema(Parser.java:694) ~[h2-1.4.196.jar:1.4.196]
	at org.h2.command.Parser.readTableOrView(Parser.java:5535) ~[h2-1.4.196.jar:1.4.196]
	at org.h2.command.Parser.readTableOrView(Parser.java:5529) ~[h2-1.4.196.jar:1.4.196]
	at org.h2.command.Parser.parseInsert(Parser.java:1062) ~[h2-1.4.196.jar:1.4.196]
	at org.h2.command.Parser.parsePrepared(Parser.java:417) ~[h2-1.4.196.jar:1.4.196]
	at org.h2.command.Parser.parse(Parser.java:321) ~[h2-1.4.196.jar:1.4.196]
	at org.h2.command.Parser.parse(Parser.java:293) ~[h2-1.4.196.jar:1.4.196]
	at org.h2.command.Parser.prepareCommand(Parser.java:258) ~[h2-1.4.196.jar:1.4.196]
	at org.h2.engine.Session.prepareLocal(Session.java:578) ~[h2-1.4.196.jar:1.4.196]
	at org.h2.engine.Session.prepareCommand(Session.java:519) ~[h2-1.4.196.jar:1.4.196]
	at org.h2.jdbc.JdbcConnection.prepareCommand(JdbcConnection.java:1204) ~[h2-1.4.196.jar:1.4.196]
	at org.h2.jdbc.JdbcPreparedStatement.<init>(JdbcPreparedStatement.java:73) ~[h2-1.4.196.jar:1.4.196]
	at org.h2.jdbc.JdbcConnection.prepareStatement(JdbcConnection.java:288) ~[h2-1.4.196.jar:1.4.196]
	at org.h2.jdbc.JdbcConnection.prepareStatement(JdbcConnection.java:1138) ~[h2-1.4.196.jar:1.4.196]
	at org.hibernate.engine.jdbc.internal.StatementPreparerImpl$2.doPrepare(StatementPreparerImpl.java:124) ~[hibernate-core-4.3.11.Final.jar:4.3.11.Final]
	at org.hibernate.engine.jdbc.internal.StatementPreparerImpl$StatementPreparationTemplate.prepareStatement(StatementPreparerImpl.java:186) ~[hibernate-core-4.3.11.Final.jar:4.3.11.Final]
	... 50 more
2017-08-15T22:58:29,354 [main] DEBUG dao.Impl.AbstractHibernateDAO - add
2017-08-15T22:58:29,563 [main] ERROR dao.Impl.AbstractHibernateDAO - could not prepare statement
org.hibernate.exception.GenericJDBCException: could not prepare statement
	at org.hibernate.exception.internal.StandardSQLExceptionConverter.convert(StandardSQLExceptionConverter.java:54) ~[hibernate-core-4.3.11.Final.jar:4.3.11.Final]
	at org.hibernate.engine.jdbc.spi.SqlExceptionHelper.convert(SqlExceptionHelper.java:126) ~[hibernate-core-4.3.11.Final.jar:4.3.11.Final]
	at org.hibernate.engine.jdbc.internal.StatementPreparerImpl$StatementPreparationTemplate.prepareStatement(StatementPreparerImpl.java:196) ~[hibernate-core-4.3.11.Final.jar:4.3.11.Final]
	at org.hibernate.engine.jdbc.internal.StatementPreparerImpl.prepareStatement(StatementPreparerImpl.java:122) ~[hibernate-core-4.3.11.Final.jar:4.3.11.Final]
	at org.hibernate.id.IdentityGenerator$GetGeneratedKeysDelegate.prepare(IdentityGenerator.java:89) ~[hibernate-core-4.3.11.Final.jar:4.3.11.Final]
	at org.hibernate.id.insert.AbstractReturningDelegate.performInsert(AbstractReturningDelegate.java:55) ~[hibernate-core-4.3.11.Final.jar:4.3.11.Final]
	at org.hibernate.persister.entity.AbstractEntityPersister.insert(AbstractEntityPersister.java:3032) ~[hibernate-core-4.3.11.Final.jar:4.3.11.Final]
	at org.hibernate.persister.entity.AbstractEntityPersister.insert(AbstractEntityPersister.java:3558) ~[hibernate-core-4.3.11.Final.jar:4.3.11.Final]
	at org.hibernate.action.internal.EntityIdentityInsertAction.execute(EntityIdentityInsertAction.java:98) ~[hibernate-core-4.3.11.Final.jar:4.3.11.Final]
	at org.hibernate.engine.spi.ActionQueue.execute(ActionQueue.java:492) ~[hibernate-core-4.3.11.Final.jar:4.3.11.Final]
	at org.hibernate.engine.spi.ActionQueue.addResolvedEntityInsertAction(ActionQueue.java:197) ~[hibernate-core-4.3.11.Final.jar:4.3.11.Final]
	at org.hibernate.engine.spi.ActionQueue.addInsertAction(ActionQueue.java:181) ~[hibernate-core-4.3.11.Final.jar:4.3.11.Final]
	at org.hibernate.engine.spi.ActionQueue.addAction(ActionQueue.java:216) ~[hibernate-core-4.3.11.Final.jar:4.3.11.Final]
	at org.hibernate.event.internal.AbstractSaveEventListener.addInsertAction(AbstractSaveEventListener.java:334) ~[hibernate-core-4.3.11.Final.jar:4.3.11.Final]
	at org.hibernate.event.internal.AbstractSaveEventListener.performSaveOrReplicate(AbstractSaveEventListener.java:289) ~[hibernate-core-4.3.11.Final.jar:4.3.11.Final]
	at org.hibernate.event.internal.AbstractSaveEventListener.performSave(AbstractSaveEventListener.java:195) ~[hibernate-core-4.3.11.Final.jar:4.3.11.Final]
	at org.hibernate.event.internal.AbstractSaveEventListener.saveWithGeneratedId(AbstractSaveEventListener.java:126) ~[hibernate-core-4.3.11.Final.jar:4.3.11.Final]
	at org.hibernate.event.internal.DefaultSaveOrUpdateEventListener.saveWithGeneratedOrRequestedId(DefaultSaveOrUpdateEventListener.java:209) ~[hibernate-core-4.3.11.Final.jar:4.3.11.Final]
	at org.hibernate.event.internal.DefaultSaveEventListener.saveWithGeneratedOrRequestedId(DefaultSaveEventListener.java:55) ~[hibernate-core-4.3.11.Final.jar:4.3.11.Final]
	at org.hibernate.event.internal.DefaultSaveOrUpdateEventListener.entityIsTransient(DefaultSaveOrUpdateEventListener.java:194) ~[hibernate-core-4.3.11.Final.jar:4.3.11.Final]
	at org.hibernate.event.internal.DefaultSaveEventListener.performSaveOrUpdate(DefaultSaveEventListener.java:49) ~[hibernate-core-4.3.11.Final.jar:4.3.11.Final]
	at org.hibernate.event.internal.DefaultSaveOrUpdateEventListener.onSaveOrUpdate(DefaultSaveOrUpdateEventListener.java:90) ~[hibernate-core-4.3.11.Final.jar:4.3.11.Final]
	at org.hibernate.internal.SessionImpl.fireSave(SessionImpl.java:715) ~[hibernate-core-4.3.11.Final.jar:4.3.11.Final]
	at org.hibernate.internal.SessionImpl.save(SessionImpl.java:707) ~[hibernate-core-4.3.11.Final.jar:4.3.11.Final]
	at org.hibernate.internal.SessionImpl.save(SessionImpl.java:702) ~[hibernate-core-4.3.11.Final.jar:4.3.11.Final]
	at by.bsac.timetable.dao.Impl.AbstractHibernateDAO.add(AbstractHibernateDAO.java:31) [classes/:?]
	at by.bsac.timetable.dao.Impl.FacultyDAOImpl.add(FacultyDAOImpl.java:1) [classes/:?]
	at by.bsac.timetable.dao.impl.RecordDAOImplTest.test(RecordDAOImplTest.java:56) [test-classes/:?]
	at sun.reflect.NativeMethodAccessorImpl.invoke0(Native Method) ~[?:1.8.0_112]
	at sun.reflect.NativeMethodAccessorImpl.invoke(NativeMethodAccessorImpl.java:62) ~[?:1.8.0_112]
	at sun.reflect.DelegatingMethodAccessorImpl.invoke(DelegatingMethodAccessorImpl.java:43) ~[?:1.8.0_112]
	at java.lang.reflect.Method.invoke(Method.java:498) ~[?:1.8.0_112]
	at org.junit.runners.model.FrameworkMethod$1.runReflectiveCall(FrameworkMethod.java:50) [junit-4.12.jar:4.12]
	at org.junit.internal.runners.model.ReflectiveCallable.run(ReflectiveCallable.java:12) [junit-4.12.jar:4.12]
	at org.junit.runners.model.FrameworkMethod.invokeExplosively(FrameworkMethod.java:47) [junit-4.12.jar:4.12]
	at org.junit.internal.runners.statements.InvokeMethod.evaluate(InvokeMethod.java:17) [junit-4.12.jar:4.12]
	at org.junit.internal.runners.statements.RunBefores.evaluate(RunBefores.java:26) [junit-4.12.jar:4.12]
	at org.junit.internal.runners.statements.RunAfters.evaluate(RunAfters.java:27) [junit-4.12.jar:4.12]
	at org.junit.runners.ParentRunner.runLeaf(ParentRunner.java:325) [junit-4.12.jar:4.12]
	at org.junit.runners.BlockJUnit4ClassRunner.runChild(BlockJUnit4ClassRunner.java:78) [junit-4.12.jar:4.12]
	at org.junit.runners.BlockJUnit4ClassRunner.runChild(BlockJUnit4ClassRunner.java:57) [junit-4.12.jar:4.12]
	at org.junit.runners.ParentRunner$3.run(ParentRunner.java:290) [junit-4.12.jar:4.12]
	at org.junit.runners.ParentRunner$1.schedule(ParentRunner.java:71) [junit-4.12.jar:4.12]
	at org.junit.runners.ParentRunner.runChildren(ParentRunner.java:288) [junit-4.12.jar:4.12]
	at org.junit.runners.ParentRunner.access$000(ParentRunner.java:58) [junit-4.12.jar:4.12]
	at org.junit.runners.ParentRunner$2.evaluate(ParentRunner.java:268) [junit-4.12.jar:4.12]
	at org.junit.runners.ParentRunner.run(ParentRunner.java:363) [junit-4.12.jar:4.12]
	at org.eclipse.jdt.internal.junit4.runner.JUnit4TestReference.run(JUnit4TestReference.java:86) [.cp/:?]
	at org.eclipse.jdt.internal.junit.runner.TestExecution.run(TestExecution.java:38) [.cp/:?]
	at org.eclipse.jdt.internal.junit.runner.RemoteTestRunner.runTests(RemoteTestRunner.java:459) [.cp/:?]
	at org.eclipse.jdt.internal.junit.runner.RemoteTestRunner.runTests(RemoteTestRunner.java:678) [.cp/:?]
	at org.eclipse.jdt.internal.junit.runner.RemoteTestRunner.run(RemoteTestRunner.java:382) [.cp/:?]
	at org.eclipse.jdt.internal.junit.runner.RemoteTestRunner.main(RemoteTestRunner.java:192) [.cp/:?]
Caused by: org.h2.jdbc.JdbcSQLException: Schema "TIMETABLE" not found; SQL statement:
insert into timetable.faculty (id_faculty, name_faculty) values (null, ?) [90079-196]
	at org.h2.message.DbException.getJdbcSQLException(DbException.java:345) ~[h2-1.4.196.jar:1.4.196]
	at org.h2.message.DbException.get(DbException.java:179) ~[h2-1.4.196.jar:1.4.196]
	at org.h2.message.DbException.get(DbException.java:155) ~[h2-1.4.196.jar:1.4.196]
	at org.h2.command.Parser.getSchema(Parser.java:688) ~[h2-1.4.196.jar:1.4.196]
	at org.h2.command.Parser.getSchema(Parser.java:694) ~[h2-1.4.196.jar:1.4.196]
	at org.h2.command.Parser.readTableOrView(Parser.java:5535) ~[h2-1.4.196.jar:1.4.196]
	at org.h2.command.Parser.readTableOrView(Parser.java:5529) ~[h2-1.4.196.jar:1.4.196]
	at org.h2.command.Parser.parseInsert(Parser.java:1062) ~[h2-1.4.196.jar:1.4.196]
	at org.h2.command.Parser.parsePrepared(Parser.java:417) ~[h2-1.4.196.jar:1.4.196]
	at org.h2.command.Parser.parse(Parser.java:321) ~[h2-1.4.196.jar:1.4.196]
	at org.h2.command.Parser.parse(Parser.java:293) ~[h2-1.4.196.jar:1.4.196]
	at org.h2.command.Parser.prepareCommand(Parser.java:258) ~[h2-1.4.196.jar:1.4.196]
	at org.h2.engine.Session.prepareLocal(Session.java:578) ~[h2-1.4.196.jar:1.4.196]
	at org.h2.engine.Session.prepareCommand(Session.java:519) ~[h2-1.4.196.jar:1.4.196]
	at org.h2.jdbc.JdbcConnection.prepareCommand(JdbcConnection.java:1204) ~[h2-1.4.196.jar:1.4.196]
	at org.h2.jdbc.JdbcPreparedStatement.<init>(JdbcPreparedStatement.java:73) ~[h2-1.4.196.jar:1.4.196]
	at org.h2.jdbc.JdbcConnection.prepareStatement(JdbcConnection.java:288) ~[h2-1.4.196.jar:1.4.196]
	at org.h2.jdbc.JdbcConnection.prepareStatement(JdbcConnection.java:1138) ~[h2-1.4.196.jar:1.4.196]
	at org.hibernate.engine.jdbc.internal.StatementPreparerImpl$2.doPrepare(StatementPreparerImpl.java:124) ~[hibernate-core-4.3.11.Final.jar:4.3.11.Final]
	at org.hibernate.engine.jdbc.internal.StatementPreparerImpl$StatementPreparationTemplate.prepareStatement(StatementPreparerImpl.java:186) ~[hibernate-core-4.3.11.Final.jar:4.3.11.Final]
	... 50 more
2017-08-15T23:25:57,016 [main] DEBUG dao.Impl.AbstractHibernateDAO - add
2017-08-15T23:25:57,229 [main] ERROR dao.Impl.AbstractHibernateDAO - could not prepare statement
org.hibernate.exception.GenericJDBCException: could not prepare statement
	at org.hibernate.exception.internal.StandardSQLExceptionConverter.convert(StandardSQLExceptionConverter.java:54) ~[hibernate-core-4.3.11.Final.jar:4.3.11.Final]
	at org.hibernate.engine.jdbc.spi.SqlExceptionHelper.convert(SqlExceptionHelper.java:126) ~[hibernate-core-4.3.11.Final.jar:4.3.11.Final]
	at org.hibernate.engine.jdbc.internal.StatementPreparerImpl$StatementPreparationTemplate.prepareStatement(StatementPreparerImpl.java:196) ~[hibernate-core-4.3.11.Final.jar:4.3.11.Final]
	at org.hibernate.engine.jdbc.internal.StatementPreparerImpl.prepareStatement(StatementPreparerImpl.java:122) ~[hibernate-core-4.3.11.Final.jar:4.3.11.Final]
	at org.hibernate.id.IdentityGenerator$GetGeneratedKeysDelegate.prepare(IdentityGenerator.java:89) ~[hibernate-core-4.3.11.Final.jar:4.3.11.Final]
	at org.hibernate.id.insert.AbstractReturningDelegate.performInsert(AbstractReturningDelegate.java:55) ~[hibernate-core-4.3.11.Final.jar:4.3.11.Final]
	at org.hibernate.persister.entity.AbstractEntityPersister.insert(AbstractEntityPersister.java:3032) ~[hibernate-core-4.3.11.Final.jar:4.3.11.Final]
	at org.hibernate.persister.entity.AbstractEntityPersister.insert(AbstractEntityPersister.java:3558) ~[hibernate-core-4.3.11.Final.jar:4.3.11.Final]
	at org.hibernate.action.internal.EntityIdentityInsertAction.execute(EntityIdentityInsertAction.java:98) ~[hibernate-core-4.3.11.Final.jar:4.3.11.Final]
	at org.hibernate.engine.spi.ActionQueue.execute(ActionQueue.java:492) ~[hibernate-core-4.3.11.Final.jar:4.3.11.Final]
	at org.hibernate.engine.spi.ActionQueue.addResolvedEntityInsertAction(ActionQueue.java:197) ~[hibernate-core-4.3.11.Final.jar:4.3.11.Final]
	at org.hibernate.engine.spi.ActionQueue.addInsertAction(ActionQueue.java:181) ~[hibernate-core-4.3.11.Final.jar:4.3.11.Final]
	at org.hibernate.engine.spi.ActionQueue.addAction(ActionQueue.java:216) ~[hibernate-core-4.3.11.Final.jar:4.3.11.Final]
	at org.hibernate.event.internal.AbstractSaveEventListener.addInsertAction(AbstractSaveEventListener.java:334) ~[hibernate-core-4.3.11.Final.jar:4.3.11.Final]
	at org.hibernate.event.internal.AbstractSaveEventListener.performSaveOrReplicate(AbstractSaveEventListener.java:289) ~[hibernate-core-4.3.11.Final.jar:4.3.11.Final]
	at org.hibernate.event.internal.AbstractSaveEventListener.performSave(AbstractSaveEventListener.java:195) ~[hibernate-core-4.3.11.Final.jar:4.3.11.Final]
	at org.hibernate.event.internal.AbstractSaveEventListener.saveWithGeneratedId(AbstractSaveEventListener.java:126) ~[hibernate-core-4.3.11.Final.jar:4.3.11.Final]
	at org.hibernate.event.internal.DefaultSaveOrUpdateEventListener.saveWithGeneratedOrRequestedId(DefaultSaveOrUpdateEventListener.java:209) ~[hibernate-core-4.3.11.Final.jar:4.3.11.Final]
	at org.hibernate.event.internal.DefaultSaveEventListener.saveWithGeneratedOrRequestedId(DefaultSaveEventListener.java:55) ~[hibernate-core-4.3.11.Final.jar:4.3.11.Final]
	at org.hibernate.event.internal.DefaultSaveOrUpdateEventListener.entityIsTransient(DefaultSaveOrUpdateEventListener.java:194) ~[hibernate-core-4.3.11.Final.jar:4.3.11.Final]
	at org.hibernate.event.internal.DefaultSaveEventListener.performSaveOrUpdate(DefaultSaveEventListener.java:49) ~[hibernate-core-4.3.11.Final.jar:4.3.11.Final]
	at org.hibernate.event.internal.DefaultSaveOrUpdateEventListener.onSaveOrUpdate(DefaultSaveOrUpdateEventListener.java:90) ~[hibernate-core-4.3.11.Final.jar:4.3.11.Final]
	at org.hibernate.internal.SessionImpl.fireSave(SessionImpl.java:715) ~[hibernate-core-4.3.11.Final.jar:4.3.11.Final]
	at org.hibernate.internal.SessionImpl.save(SessionImpl.java:707) ~[hibernate-core-4.3.11.Final.jar:4.3.11.Final]
	at org.hibernate.internal.SessionImpl.save(SessionImpl.java:702) ~[hibernate-core-4.3.11.Final.jar:4.3.11.Final]
	at by.bsac.timetable.dao.Impl.AbstractHibernateDAO.add(AbstractHibernateDAO.java:31) [classes/:?]
	at by.bsac.timetable.dao.Impl.FacultyDAOImpl.add(FacultyDAOImpl.java:1) [classes/:?]
	at by.bsac.timetable.dao.impl.RecordDAOImplTest.test(RecordDAOImplTest.java:56) [test-classes/:?]
	at sun.reflect.NativeMethodAccessorImpl.invoke0(Native Method) ~[?:1.8.0_112]
	at sun.reflect.NativeMethodAccessorImpl.invoke(NativeMethodAccessorImpl.java:62) ~[?:1.8.0_112]
	at sun.reflect.DelegatingMethodAccessorImpl.invoke(DelegatingMethodAccessorImpl.java:43) ~[?:1.8.0_112]
	at java.lang.reflect.Method.invoke(Method.java:498) ~[?:1.8.0_112]
	at org.junit.runners.model.FrameworkMethod$1.runReflectiveCall(FrameworkMethod.java:50) [junit-4.12.jar:4.12]
	at org.junit.internal.runners.model.ReflectiveCallable.run(ReflectiveCallable.java:12) [junit-4.12.jar:4.12]
	at org.junit.runners.model.FrameworkMethod.invokeExplosively(FrameworkMethod.java:47) [junit-4.12.jar:4.12]
	at org.junit.internal.runners.statements.InvokeMethod.evaluate(InvokeMethod.java:17) [junit-4.12.jar:4.12]
	at org.junit.internal.runners.statements.RunBefores.evaluate(RunBefores.java:26) [junit-4.12.jar:4.12]
	at org.junit.internal.runners.statements.RunAfters.evaluate(RunAfters.java:27) [junit-4.12.jar:4.12]
	at org.junit.runners.ParentRunner.runLeaf(ParentRunner.java:325) [junit-4.12.jar:4.12]
	at org.junit.runners.BlockJUnit4ClassRunner.runChild(BlockJUnit4ClassRunner.java:78) [junit-4.12.jar:4.12]
	at org.junit.runners.BlockJUnit4ClassRunner.runChild(BlockJUnit4ClassRunner.java:57) [junit-4.12.jar:4.12]
	at org.junit.runners.ParentRunner$3.run(ParentRunner.java:290) [junit-4.12.jar:4.12]
	at org.junit.runners.ParentRunner$1.schedule(ParentRunner.java:71) [junit-4.12.jar:4.12]
	at org.junit.runners.ParentRunner.runChildren(ParentRunner.java:288) [junit-4.12.jar:4.12]
	at org.junit.runners.ParentRunner.access$000(ParentRunner.java:58) [junit-4.12.jar:4.12]
	at org.junit.runners.ParentRunner$2.evaluate(ParentRunner.java:268) [junit-4.12.jar:4.12]
	at org.junit.runners.ParentRunner.run(ParentRunner.java:363) [junit-4.12.jar:4.12]
	at org.eclipse.jdt.internal.junit4.runner.JUnit4TestReference.run(JUnit4TestReference.java:86) [.cp/:?]
	at org.eclipse.jdt.internal.junit.runner.TestExecution.run(TestExecution.java:38) [.cp/:?]
	at org.eclipse.jdt.internal.junit.runner.RemoteTestRunner.runTests(RemoteTestRunner.java:459) [.cp/:?]
	at org.eclipse.jdt.internal.junit.runner.RemoteTestRunner.runTests(RemoteTestRunner.java:678) [.cp/:?]
	at org.eclipse.jdt.internal.junit.runner.RemoteTestRunner.run(RemoteTestRunner.java:382) [.cp/:?]
	at org.eclipse.jdt.internal.junit.runner.RemoteTestRunner.main(RemoteTestRunner.java:192) [.cp/:?]
Caused by: org.h2.jdbc.JdbcSQLException: Schema "TIMETABLE" not found; SQL statement:
insert into timetable.faculty (id_faculty, name_faculty) values (null, ?) [90079-196]
	at org.h2.message.DbException.getJdbcSQLException(DbException.java:345) ~[h2-1.4.196.jar:1.4.196]
	at org.h2.message.DbException.get(DbException.java:179) ~[h2-1.4.196.jar:1.4.196]
	at org.h2.message.DbException.get(DbException.java:155) ~[h2-1.4.196.jar:1.4.196]
	at org.h2.command.Parser.getSchema(Parser.java:688) ~[h2-1.4.196.jar:1.4.196]
	at org.h2.command.Parser.getSchema(Parser.java:694) ~[h2-1.4.196.jar:1.4.196]
	at org.h2.command.Parser.readTableOrView(Parser.java:5535) ~[h2-1.4.196.jar:1.4.196]
	at org.h2.command.Parser.readTableOrView(Parser.java:5529) ~[h2-1.4.196.jar:1.4.196]
	at org.h2.command.Parser.parseInsert(Parser.java:1062) ~[h2-1.4.196.jar:1.4.196]
	at org.h2.command.Parser.parsePrepared(Parser.java:417) ~[h2-1.4.196.jar:1.4.196]
	at org.h2.command.Parser.parse(Parser.java:321) ~[h2-1.4.196.jar:1.4.196]
	at org.h2.command.Parser.parse(Parser.java:293) ~[h2-1.4.196.jar:1.4.196]
	at org.h2.command.Parser.prepareCommand(Parser.java:258) ~[h2-1.4.196.jar:1.4.196]
	at org.h2.engine.Session.prepareLocal(Session.java:578) ~[h2-1.4.196.jar:1.4.196]
	at org.h2.engine.Session.prepareCommand(Session.java:519) ~[h2-1.4.196.jar:1.4.196]
	at org.h2.jdbc.JdbcConnection.prepareCommand(JdbcConnection.java:1204) ~[h2-1.4.196.jar:1.4.196]
	at org.h2.jdbc.JdbcPreparedStatement.<init>(JdbcPreparedStatement.java:73) ~[h2-1.4.196.jar:1.4.196]
	at org.h2.jdbc.JdbcConnection.prepareStatement(JdbcConnection.java:288) ~[h2-1.4.196.jar:1.4.196]
	at org.h2.jdbc.JdbcConnection.prepareStatement(JdbcConnection.java:1138) ~[h2-1.4.196.jar:1.4.196]
	at org.hibernate.engine.jdbc.internal.StatementPreparerImpl$2.doPrepare(StatementPreparerImpl.java:124) ~[hibernate-core-4.3.11.Final.jar:4.3.11.Final]
	at org.hibernate.engine.jdbc.internal.StatementPreparerImpl$StatementPreparationTemplate.prepareStatement(StatementPreparerImpl.java:186) ~[hibernate-core-4.3.11.Final.jar:4.3.11.Final]
	... 50 more
