2017-08-15T21:31:59,693 [main] INFO dao.util.HSQLServerUtil - HSQLDB server shutting down...
2017-08-15T21:31:59,714 [main] INFO dao.util.HSQLServerUtil - HSQLDB server shutting down... done
2017-08-15T21:32:21,302 [main] DEBUG org.jboss.logging - Logging Provider: org.jboss.logging.Log4j2LoggerProvider
2017-08-15T21:32:21,374 [main] DEBUG integrator.internal.IntegratorServiceImpl - Adding Integrator [org.hibernate.cfg.beanvalidation.BeanValidationIntegrator].
2017-08-15T21:32:21,380 [main] DEBUG integrator.internal.IntegratorServiceImpl - Adding Integrator [org.hibernate.secure.spi.JaccIntegrator].
2017-08-15T21:32:21,389 [main] DEBUG integrator.internal.IntegratorServiceImpl - Adding Integrator [org.hibernate.cache.internal.CollectionCacheInvalidator].
2017-08-15T21:32:21,724 [main] INFO org.hibernate.Version - HHH000412: Hibernate Core {5.2.10.Final}
2017-08-15T21:32:21,730 [main] INFO hibernate.cfg.Environment - HHH000206: hibernate.properties not found
2017-08-15T21:32:21,817 [main] DEBUG internal.stax.LocalXmlResourceResolver - Interpreting public/system identifier : [null] - [hibernate-configuration-3.0.dtd]
2017-08-15T21:32:21,825 [main] DEBUG cfgxml.internal.JaxbCfgProcessor - cfg.xml document did not define namespaces; wrapping in custom event reader to introduce namespace information
2017-08-15T21:32:22,257 [main] DEBUG integrator.internal.IntegratorServiceImpl - Adding Integrator [org.hibernate.cfg.beanvalidation.BeanValidationIntegrator].
2017-08-15T21:32:22,257 [main] DEBUG integrator.internal.IntegratorServiceImpl - Adding Integrator [org.hibernate.secure.spi.JaccIntegrator].
2017-08-15T21:32:22,257 [main] DEBUG integrator.internal.IntegratorServiceImpl - Adding Integrator [org.hibernate.cache.internal.CollectionCacheInvalidator].
2017-08-15T21:32:22,280 [main] DEBUG service.spi.ServiceBinding - Overriding existing service binding [org.hibernate.secure.spi.JaccService]
2017-08-15T21:32:22,281 [main] DEBUG hibernate.cfg.Configuration - Building session factory using provided StandardServiceRegistry
2017-08-15T21:32:22,311 [main] DEBUG cache.internal.RegionFactoryInitiator - Cache region factory : org.hibernate.cache.internal.NoCachingRegionFactory
2017-08-15T21:32:22,327 [main] INFO annotations.common.Version - HCANN000001: Hibernate Commons Annotations {5.0.1.Final}
2017-08-15T21:32:22,369 [main] DEBUG hibernate.type.BasicTypeRegistry - Adding type registration boolean -> org.hibernate.type.BooleanType@3738449f
2017-08-15T21:32:22,369 [main] DEBUG hibernate.type.BasicTypeRegistry - Adding type registration boolean -> org.hibernate.type.BooleanType@3738449f
2017-08-15T21:32:22,370 [main] DEBUG hibernate.type.BasicTypeRegistry - Adding type registration java.lang.Boolean -> org.hibernate.type.BooleanType@3738449f
2017-08-15T21:32:22,373 [main] DEBUG hibernate.type.BasicTypeRegistry - Adding type registration numeric_boolean -> org.hibernate.type.NumericBooleanType@1eb5174b
2017-08-15T21:32:22,376 [main] DEBUG hibernate.type.BasicTypeRegistry - Adding type registration true_false -> org.hibernate.type.TrueFalseType@2bfc268b
2017-08-15T21:32:22,382 [main] DEBUG hibernate.type.BasicTypeRegistry - Adding type registration yes_no -> org.hibernate.type.YesNoType@41e1e210
2017-08-15T21:32:22,385 [main] DEBUG hibernate.type.BasicTypeRegistry - Adding type registration byte -> org.hibernate.type.ByteType@272ed83b
2017-08-15T21:32:22,385 [main] DEBUG hibernate.type.BasicTypeRegistry - Adding type registration byte -> org.hibernate.type.ByteType@272ed83b
2017-08-15T21:32:22,385 [main] DEBUG hibernate.type.BasicTypeRegistry - Adding type registration java.lang.Byte -> org.hibernate.type.ByteType@272ed83b
2017-08-15T21:32:22,387 [main] DEBUG hibernate.type.BasicTypeRegistry - Adding type registration character -> org.hibernate.type.CharacterType@66498326
2017-08-15T21:32:22,388 [main] DEBUG hibernate.type.BasicTypeRegistry - Adding type registration char -> org.hibernate.type.CharacterType@66498326
2017-08-15T21:32:22,388 [main] DEBUG hibernate.type.BasicTypeRegistry - Adding type registration java.lang.Character -> org.hibernate.type.CharacterType@66498326
2017-08-15T21:32:22,391 [main] DEBUG hibernate.type.BasicTypeRegistry - Adding type registration short -> org.hibernate.type.ShortType@1613674b
2017-08-15T21:32:22,392 [main] DEBUG hibernate.type.BasicTypeRegistry - Adding type registration short -> org.hibernate.type.ShortType@1613674b
2017-08-15T21:32:22,392 [main] DEBUG hibernate.type.BasicTypeRegistry - Adding type registration java.lang.Short -> org.hibernate.type.ShortType@1613674b
2017-08-15T21:32:22,394 [main] DEBUG hibernate.type.BasicTypeRegistry - Adding type registration integer -> org.hibernate.type.IntegerType@34f5090e
2017-08-15T21:32:22,394 [main] DEBUG hibernate.type.BasicTypeRegistry - Adding type registration int -> org.hibernate.type.IntegerType@34f5090e
2017-08-15T21:32:22,395 [main] DEBUG hibernate.type.BasicTypeRegistry - Adding type registration java.lang.Integer -> org.hibernate.type.IntegerType@34f5090e
2017-08-15T21:32:22,398 [main] DEBUG hibernate.type.BasicTypeRegistry - Adding type registration long -> org.hibernate.type.LongType@702b8b12
2017-08-15T21:32:22,399 [main] DEBUG hibernate.type.BasicTypeRegistry - Adding type registration long -> org.hibernate.type.LongType@702b8b12
2017-08-15T21:32:22,399 [main] DEBUG hibernate.type.BasicTypeRegistry - Adding type registration java.lang.Long -> org.hibernate.type.LongType@702b8b12
2017-08-15T21:32:22,402 [main] DEBUG hibernate.type.BasicTypeRegistry - Adding type registration float -> org.hibernate.type.FloatType@48974e45
2017-08-15T21:32:22,402 [main] DEBUG hibernate.type.BasicTypeRegistry - Adding type registration float -> org.hibernate.type.FloatType@48974e45
2017-08-15T21:32:22,403 [main] DEBUG hibernate.type.BasicTypeRegistry - Adding type registration java.lang.Float -> org.hibernate.type.FloatType@48974e45
2017-08-15T21:32:22,405 [main] DEBUG hibernate.type.BasicTypeRegistry - Adding type registration double -> org.hibernate.type.DoubleType@20f5239f
2017-08-15T21:32:22,406 [main] DEBUG hibernate.type.BasicTypeRegistry - Adding type registration double -> org.hibernate.type.DoubleType@20f5239f
2017-08-15T21:32:22,406 [main] DEBUG hibernate.type.BasicTypeRegistry - Adding type registration java.lang.Double -> org.hibernate.type.DoubleType@20f5239f
2017-08-15T21:32:22,409 [main] DEBUG hibernate.type.BasicTypeRegistry - Adding type registration big_decimal -> org.hibernate.type.BigDecimalType@446293d
2017-08-15T21:32:22,409 [main] DEBUG hibernate.type.BasicTypeRegistry - Adding type registration java.math.BigDecimal -> org.hibernate.type.BigDecimalType@446293d
2017-08-15T21:32:22,412 [main] DEBUG hibernate.type.BasicTypeRegistry - Adding type registration big_integer -> org.hibernate.type.BigIntegerType@15aab8c6
2017-08-15T21:32:22,412 [main] DEBUG hibernate.type.BasicTypeRegistry - Adding type registration java.math.BigInteger -> org.hibernate.type.BigIntegerType@15aab8c6
2017-08-15T21:32:22,415 [main] DEBUG hibernate.type.BasicTypeRegistry - Adding type registration string -> org.hibernate.type.StringType@6babf3bf
2017-08-15T21:32:22,416 [main] DEBUG hibernate.type.BasicTypeRegistry - Adding type registration java.lang.String -> org.hibernate.type.StringType@6babf3bf
2017-08-15T21:32:22,418 [main] DEBUG hibernate.type.BasicTypeRegistry - Adding type registration nstring -> org.hibernate.type.StringNVarcharType@3fb1549b
2017-08-15T21:32:22,420 [main] DEBUG hibernate.type.BasicTypeRegistry - Adding type registration ncharacter -> org.hibernate.type.CharacterNCharType@2053d869
2017-08-15T21:32:22,423 [main] DEBUG hibernate.type.BasicTypeRegistry - Adding type registration url -> org.hibernate.type.UrlType@3c73951
2017-08-15T21:32:22,425 [main] DEBUG hibernate.type.BasicTypeRegistry - Adding type registration java.net.URL -> org.hibernate.type.UrlType@3c73951
2017-08-15T21:32:22,431 [main] DEBUG hibernate.type.BasicTypeRegistry - Adding type registration Duration -> org.hibernate.type.DurationType@10d307f1
2017-08-15T21:32:22,431 [main] DEBUG hibernate.type.BasicTypeRegistry - Adding type registration java.time.Duration -> org.hibernate.type.DurationType@10d307f1
2017-08-15T21:32:22,470 [main] DEBUG hibernate.type.BasicTypeRegistry - Adding type registration Instant -> org.hibernate.type.InstantType@3bf9ce3e
2017-08-15T21:32:22,471 [main] DEBUG hibernate.type.BasicTypeRegistry - Adding type registration java.time.Instant -> org.hibernate.type.InstantType@3bf9ce3e
2017-08-15T21:32:22,474 [main] DEBUG hibernate.type.BasicTypeRegistry - Adding type registration LocalDateTime -> org.hibernate.type.LocalDateTimeType@53fdffa1
2017-08-15T21:32:22,475 [main] DEBUG hibernate.type.BasicTypeRegistry - Adding type registration java.time.LocalDateTime -> org.hibernate.type.LocalDateTimeType@53fdffa1
2017-08-15T21:32:22,479 [main] DEBUG hibernate.type.BasicTypeRegistry - Adding type registration LocalDate -> org.hibernate.type.LocalDateType@47faa49c
2017-08-15T21:32:22,480 [main] DEBUG hibernate.type.BasicTypeRegistry - Adding type registration java.time.LocalDate -> org.hibernate.type.LocalDateType@47faa49c
2017-08-15T21:32:22,484 [main] DEBUG hibernate.type.BasicTypeRegistry - Adding type registration LocalTime -> org.hibernate.type.LocalTimeType@2b91004a
2017-08-15T21:32:22,485 [main] DEBUG hibernate.type.BasicTypeRegistry - Adding type registration java.time.LocalTime -> org.hibernate.type.LocalTimeType@2b91004a
2017-08-15T21:32:22,489 [main] DEBUG hibernate.type.BasicTypeRegistry - Adding type registration OffsetDateTime -> org.hibernate.type.OffsetDateTimeType@7205765b
2017-08-15T21:32:22,489 [main] DEBUG hibernate.type.BasicTypeRegistry - Adding type registration java.time.OffsetDateTime -> org.hibernate.type.OffsetDateTimeType@7205765b
2017-08-15T21:32:22,493 [main] DEBUG hibernate.type.BasicTypeRegistry - Adding type registration OffsetTime -> org.hibernate.type.OffsetTimeType@3f6b0be5
2017-08-15T21:32:22,493 [main] DEBUG hibernate.type.BasicTypeRegistry - Adding type registration java.time.OffsetTime -> org.hibernate.type.OffsetTimeType@3f6b0be5
2017-08-15T21:32:22,505 [main] DEBUG hibernate.type.BasicTypeRegistry - Adding type registration ZonedDateTime -> org.hibernate.type.ZonedDateTimeType@543588e6
2017-08-15T21:32:22,505 [main] DEBUG hibernate.type.BasicTypeRegistry - Adding type registration java.time.ZonedDateTime -> org.hibernate.type.ZonedDateTimeType@543588e6
2017-08-15T21:32:22,510 [main] DEBUG hibernate.type.BasicTypeRegistry - Adding type registration date -> org.hibernate.type.DateType@7bd4937b
2017-08-15T21:32:22,510 [main] DEBUG hibernate.type.BasicTypeRegistry - Adding type registration java.sql.Date -> org.hibernate.type.DateType@7bd4937b
2017-08-15T21:32:22,514 [main] DEBUG hibernate.type.BasicTypeRegistry - Adding type registration time -> org.hibernate.type.TimeType@741a8937
2017-08-15T21:32:22,514 [main] DEBUG hibernate.type.BasicTypeRegistry - Adding type registration java.sql.Time -> org.hibernate.type.TimeType@741a8937
2017-08-15T21:32:22,517 [main] DEBUG hibernate.type.BasicTypeRegistry - Adding type registration timestamp -> org.hibernate.type.TimestampType@bae7dc0
2017-08-15T21:32:22,518 [main] DEBUG hibernate.type.BasicTypeRegistry - Adding type registration java.sql.Timestamp -> org.hibernate.type.TimestampType@bae7dc0
2017-08-15T21:32:22,518 [main] DEBUG hibernate.type.BasicTypeRegistry - Adding type registration java.util.Date -> org.hibernate.type.TimestampType@bae7dc0
2017-08-15T21:32:22,522 [main] DEBUG hibernate.type.BasicTypeRegistry - Adding type registration dbtimestamp -> org.hibernate.type.DbTimestampType@1b2abca6
2017-08-15T21:32:22,525 [main] DEBUG hibernate.type.BasicTypeRegistry - Adding type registration calendar -> org.hibernate.type.CalendarType@342c38f8
2017-08-15T21:32:22,526 [main] DEBUG hibernate.type.BasicTypeRegistry - Adding type registration java.util.Calendar -> org.hibernate.type.CalendarType@342c38f8
2017-08-15T21:32:22,526 [main] DEBUG hibernate.type.BasicTypeRegistry - Adding type registration java.util.GregorianCalendar -> org.hibernate.type.CalendarType@342c38f8
2017-08-15T21:32:22,528 [main] DEBUG hibernate.type.BasicTypeRegistry - Adding type registration calendar_date -> org.hibernate.type.CalendarDateType@485966cc
2017-08-15T21:32:22,530 [main] DEBUG hibernate.type.BasicTypeRegistry - Adding type registration locale -> org.hibernate.type.LocaleType@7c711375
2017-08-15T21:32:22,531 [main] DEBUG hibernate.type.BasicTypeRegistry - Adding type registration java.util.Locale -> org.hibernate.type.LocaleType@7c711375
2017-08-15T21:32:22,535 [main] DEBUG hibernate.type.BasicTypeRegistry - Adding type registration currency -> org.hibernate.type.CurrencyType@6e0f5f7f
2017-08-15T21:32:22,537 [main] DEBUG hibernate.type.BasicTypeRegistry - Adding type registration java.util.Currency -> org.hibernate.type.CurrencyType@6e0f5f7f
2017-08-15T21:32:22,541 [main] DEBUG hibernate.type.BasicTypeRegistry - Adding type registration timezone -> org.hibernate.type.TimeZoneType@3c7f66c4
2017-08-15T21:32:22,542 [main] DEBUG hibernate.type.BasicTypeRegistry - Adding type registration java.util.TimeZone -> org.hibernate.type.TimeZoneType@3c7f66c4
2017-08-15T21:32:22,547 [main] DEBUG hibernate.type.BasicTypeRegistry - Adding type registration class -> org.hibernate.type.ClassType@ffaa6af
2017-08-15T21:32:22,548 [main] DEBUG hibernate.type.BasicTypeRegistry - Adding type registration java.lang.Class -> org.hibernate.type.ClassType@ffaa6af
2017-08-15T21:32:22,551 [main] DEBUG hibernate.type.BasicTypeRegistry - Adding type registration uuid-binary -> org.hibernate.type.UUIDBinaryType@32502377
2017-08-15T21:32:22,552 [main] DEBUG hibernate.type.BasicTypeRegistry - Adding type registration java.util.UUID -> org.hibernate.type.UUIDBinaryType@32502377
2017-08-15T21:32:22,553 [main] DEBUG hibernate.type.BasicTypeRegistry - Adding type registration uuid-char -> org.hibernate.type.UUIDCharType@66f57048
2017-08-15T21:32:22,555 [main] DEBUG hibernate.type.BasicTypeRegistry - Adding type registration binary -> org.hibernate.type.BinaryType@437da279
2017-08-15T21:32:22,556 [main] DEBUG hibernate.type.BasicTypeRegistry - Adding type registration byte[] -> org.hibernate.type.BinaryType@437da279
2017-08-15T21:32:22,556 [main] DEBUG hibernate.type.BasicTypeRegistry - Adding type registration [B -> org.hibernate.type.BinaryType@437da279
2017-08-15T21:32:22,558 [main] DEBUG hibernate.type.BasicTypeRegistry - Adding type registration wrapper-binary -> org.hibernate.type.WrapperBinaryType@290222c1
2017-08-15T21:32:22,559 [main] DEBUG hibernate.type.BasicTypeRegistry - Adding type registration Byte[] -> org.hibernate.type.WrapperBinaryType@290222c1
2017-08-15T21:32:22,559 [main] DEBUG hibernate.type.BasicTypeRegistry - Adding type registration [Ljava.lang.Byte; -> org.hibernate.type.WrapperBinaryType@290222c1
2017-08-15T21:32:22,564 [main] DEBUG hibernate.type.BasicTypeRegistry - Adding type registration row_version -> org.hibernate.type.RowVersionType@27462a88
2017-08-15T21:32:22,566 [main] DEBUG hibernate.type.BasicTypeRegistry - Adding type registration image -> org.hibernate.type.ImageType@201a4587
2017-08-15T21:32:22,568 [main] DEBUG hibernate.type.BasicTypeRegistry - Adding type registration characters -> org.hibernate.type.CharArrayType@47d9a273
2017-08-15T21:32:22,569 [main] DEBUG hibernate.type.BasicTypeRegistry - Adding type registration char[] -> org.hibernate.type.CharArrayType@47d9a273
2017-08-15T21:32:22,569 [main] DEBUG hibernate.type.BasicTypeRegistry - Adding type registration [C -> org.hibernate.type.CharArrayType@47d9a273
2017-08-15T21:32:22,573 [main] DEBUG hibernate.type.BasicTypeRegistry - Adding type registration wrapper-characters -> org.hibernate.type.CharacterArrayType@2dc54ad4
2017-08-15T21:32:22,573 [main] DEBUG hibernate.type.BasicTypeRegistry - Adding type registration [Ljava.lang.Character; -> org.hibernate.type.CharacterArrayType@2dc54ad4
2017-08-15T21:32:22,574 [main] DEBUG hibernate.type.BasicTypeRegistry - Adding type registration Character[] -> org.hibernate.type.CharacterArrayType@2dc54ad4
2017-08-15T21:32:22,576 [main] DEBUG hibernate.type.BasicTypeRegistry - Adding type registration text -> org.hibernate.type.TextType@428640fa
2017-08-15T21:32:22,580 [main] DEBUG hibernate.type.BasicTypeRegistry - Adding type registration ntext -> org.hibernate.type.NTextType@4efac082
2017-08-15T21:32:22,593 [main] DEBUG hibernate.type.BasicTypeRegistry - Adding type registration blob -> org.hibernate.type.BlobType@121314f7
2017-08-15T21:32:22,596 [main] DEBUG hibernate.type.BasicTypeRegistry - Adding type registration java.sql.Blob -> org.hibernate.type.BlobType@121314f7
2017-08-15T21:32:22,598 [main] DEBUG hibernate.type.BasicTypeRegistry - Adding type registration materialized_blob -> org.hibernate.type.MaterializedBlobType@576d5deb
2017-08-15T21:32:22,608 [main] DEBUG hibernate.type.BasicTypeRegistry - Adding type registration clob -> org.hibernate.type.ClobType@41a0aa7d
2017-08-15T21:32:22,609 [main] DEBUG hibernate.type.BasicTypeRegistry - Adding type registration java.sql.Clob -> org.hibernate.type.ClobType@41a0aa7d
2017-08-15T21:32:22,616 [main] DEBUG hibernate.type.BasicTypeRegistry - Adding type registration nclob -> org.hibernate.type.NClobType@d86a6f
2017-08-15T21:32:22,616 [main] DEBUG hibernate.type.BasicTypeRegistry - Adding type registration java.sql.NClob -> org.hibernate.type.NClobType@d86a6f
2017-08-15T21:32:22,617 [main] DEBUG hibernate.type.BasicTypeRegistry - Adding type registration materialized_clob -> org.hibernate.type.MaterializedClobType@3646a422
2017-08-15T21:32:22,618 [main] DEBUG hibernate.type.BasicTypeRegistry - Adding type registration materialized_nclob -> org.hibernate.type.MaterializedNClobType@2e385cce
2017-08-15T21:32:22,622 [main] DEBUG hibernate.type.BasicTypeRegistry - Adding type registration serializable -> org.hibernate.type.SerializableType@26d9b808
2017-08-15T21:32:22,629 [main] DEBUG hibernate.type.BasicTypeRegistry - Adding type registration object -> org.hibernate.type.ObjectType@1530c739
2017-08-15T21:32:22,629 [main] DEBUG hibernate.type.BasicTypeRegistry - Adding type registration java.lang.Object -> org.hibernate.type.ObjectType@1530c739
2017-08-15T21:32:22,631 [main] DEBUG hibernate.type.BasicTypeRegistry - Adding type registration imm_date -> org.hibernate.type.AdaptedImmutableType@6e9175d8
2017-08-15T21:32:22,633 [main] DEBUG hibernate.type.BasicTypeRegistry - Adding type registration imm_time -> org.hibernate.type.AdaptedImmutableType@7d0b7e3c
2017-08-15T21:32:22,634 [main] DEBUG hibernate.type.BasicTypeRegistry - Adding type registration imm_timestamp -> org.hibernate.type.AdaptedImmutableType@15bb5034
2017-08-15T21:32:22,634 [main] DEBUG hibernate.type.BasicTypeRegistry - Adding type registration imm_dbtimestamp -> org.hibernate.type.AdaptedImmutableType@4b741d6d
2017-08-15T21:32:22,634 [main] DEBUG hibernate.type.BasicTypeRegistry - Adding type registration imm_calendar -> org.hibernate.type.AdaptedImmutableType@2eae8e6e
2017-08-15T21:32:22,635 [main] DEBUG hibernate.type.BasicTypeRegistry - Adding type registration imm_calendar_date -> org.hibernate.type.AdaptedImmutableType@8f2ef19
2017-08-15T21:32:22,635 [main] DEBUG hibernate.type.BasicTypeRegistry - Adding type registration imm_binary -> org.hibernate.type.AdaptedImmutableType@470734c3
2017-08-15T21:32:22,635 [main] DEBUG hibernate.type.BasicTypeRegistry - Adding type registration imm_serializable -> org.hibernate.type.AdaptedImmutableType@2cf3d63b
2017-08-15T21:32:22,659 [main] WARN orm.connections.pooling - HHH10001002: Using Hibernate built-in connection pool (not for production use!)
2017-08-15T21:32:22,682 [main] INFO orm.connections.pooling - HHH10001005: using driver [org.hsqldb.jdbcDriver] at URL [jdbc:hsqldb:mem:DBNAME]
2017-08-15T21:32:22,683 [main] INFO orm.connections.pooling - HHH10001001: Connection properties: {user=sa, password=}
2017-08-15T21:32:22,683 [main] INFO orm.connections.pooling - HHH10001003: Autocommit mode: false
2017-08-15T21:32:22,688 [main] DEBUG connections.internal.DriverManagerConnectionProviderImpl - Initializing Connection pool with 1 Connections
2017-08-15T21:32:22,689 [main] INFO connections.internal.DriverManagerConnectionProviderImpl - HHH000115: Hibernate connection pool size: 1 (min=1)
2017-08-15T21:32:23,347 [main] DEBUG env.internal.JdbcEnvironmentInitiator - Database ->
       name : HSQL Database Engine
    version : 2.4.0
      major : 2
      minor : 4
2017-08-15T21:32:23,347 [main] DEBUG env.internal.JdbcEnvironmentInitiator - Driver ->
       name : HSQL Database Engine Driver
    version : 2.4.0
      major : 2
      minor : 4
2017-08-15T21:32:23,347 [main] DEBUG env.internal.JdbcEnvironmentInitiator - JDBC version : 4.2
2017-08-15T21:32:23,374 [main] INFO hibernate.dialect.Dialect - HHH000400: Using dialect: org.hibernate.dialect.HSQLDialect
2017-08-15T21:32:23,428 [main] DEBUG env.spi.IdentifierHelperBuilder - JDBC driver metadata reported database stores quoted identifiers in neither upper, lower nor mixed case
2017-08-15T21:32:23,709 [main] DEBUG factory.internal.DefaultIdentifierGeneratorFactory - Registering IdentifierGenerator strategy [uuid2] -> [org.hibernate.id.UUIDGenerator]
2017-08-15T21:32:23,711 [main] DEBUG factory.internal.DefaultIdentifierGeneratorFactory - Registering IdentifierGenerator strategy [guid] -> [org.hibernate.id.GUIDGenerator]
2017-08-15T21:32:23,712 [main] DEBUG factory.internal.DefaultIdentifierGeneratorFactory - Registering IdentifierGenerator strategy [uuid] -> [org.hibernate.id.UUIDHexGenerator]
2017-08-15T21:32:23,713 [main] DEBUG factory.internal.DefaultIdentifierGeneratorFactory - Registering IdentifierGenerator strategy [uuid.hex] -> [org.hibernate.id.UUIDHexGenerator]
2017-08-15T21:32:23,715 [main] DEBUG factory.internal.DefaultIdentifierGeneratorFactory - Registering IdentifierGenerator strategy [assigned] -> [org.hibernate.id.Assigned]
2017-08-15T21:32:23,717 [main] DEBUG factory.internal.DefaultIdentifierGeneratorFactory - Registering IdentifierGenerator strategy [identity] -> [org.hibernate.id.IdentityGenerator]
2017-08-15T21:32:23,718 [main] DEBUG factory.internal.DefaultIdentifierGeneratorFactory - Registering IdentifierGenerator strategy [select] -> [org.hibernate.id.SelectGenerator]
2017-08-15T21:32:23,720 [main] DEBUG factory.internal.DefaultIdentifierGeneratorFactory - Registering IdentifierGenerator strategy [sequence] -> [org.hibernate.id.enhanced.SequenceStyleGenerator]
2017-08-15T21:32:23,722 [main] DEBUG factory.internal.DefaultIdentifierGeneratorFactory - Registering IdentifierGenerator strategy [seqhilo] -> [org.hibernate.id.SequenceHiLoGenerator]
2017-08-15T21:32:23,723 [main] DEBUG factory.internal.DefaultIdentifierGeneratorFactory - Registering IdentifierGenerator strategy [increment] -> [org.hibernate.id.IncrementGenerator]
2017-08-15T21:32:23,724 [main] DEBUG factory.internal.DefaultIdentifierGeneratorFactory - Registering IdentifierGenerator strategy [foreign] -> [org.hibernate.id.ForeignGenerator]
2017-08-15T21:32:23,726 [main] DEBUG factory.internal.DefaultIdentifierGeneratorFactory - Registering IdentifierGenerator strategy [sequence-identity] -> [org.hibernate.id.SequenceIdentityGenerator]
2017-08-15T21:32:23,726 [main] DEBUG factory.internal.DefaultIdentifierGeneratorFactory - Registering IdentifierGenerator strategy [enhanced-sequence] -> [org.hibernate.id.enhanced.SequenceStyleGenerator]
2017-08-15T21:32:23,728 [main] DEBUG factory.internal.DefaultIdentifierGeneratorFactory - Registering IdentifierGenerator strategy [enhanced-table] -> [org.hibernate.id.enhanced.TableGenerator]
2017-08-15T21:32:23,791 [main] DEBUG model.relational.Namespace - Created database namespace [logicalName=Name{catalog=null, schema=timetable}, physicalName=Name{catalog=null, schema=timetable}]
2017-08-15T21:32:23,926 [main] DEBUG hibernate.internal.SessionFactoryImpl - Building session factory
2017-08-15T21:32:23,929 [main] DEBUG hibernate.cfg.Settings - SessionFactory name : null
2017-08-15T21:32:23,931 [main] DEBUG hibernate.cfg.Settings - Automatic flush during beforeCompletion(): enabled
2017-08-15T21:32:23,932 [main] DEBUG hibernate.cfg.Settings - Automatic session close at end of transaction: disabled
2017-08-15T21:32:23,932 [main] DEBUG hibernate.cfg.Settings - Statistics: disabled
2017-08-15T21:32:23,933 [main] DEBUG hibernate.cfg.Settings - Deleted entity synthetic identifier rollback: disabled
2017-08-15T21:32:23,934 [main] DEBUG hibernate.cfg.Settings - Default entity-mode: pojo
2017-08-15T21:32:23,934 [main] DEBUG hibernate.cfg.Settings - Check Nullability in Core (should be disabled when Bean Validation is on): enabled
2017-08-15T21:32:23,935 [main] DEBUG hibernate.cfg.Settings - Allow initialization of lazy state outside session : disabled
2017-08-15T21:32:23,936 [main] DEBUG hibernate.cfg.Settings - Using BatchFetchStyle : LEGACY
2017-08-15T21:32:23,939 [main] DEBUG hibernate.cfg.Settings - Default batch fetch size: -1
2017-08-15T21:32:23,939 [main] DEBUG hibernate.cfg.Settings - Maximum outer join fetch depth: null
2017-08-15T21:32:23,940 [main] DEBUG hibernate.cfg.Settings - Default null ordering: NONE
2017-08-15T21:32:23,940 [main] DEBUG hibernate.cfg.Settings - Order SQL updates by primary key: disabled
2017-08-15T21:32:23,940 [main] DEBUG hibernate.cfg.Settings - Order SQL inserts for batching: disabled
2017-08-15T21:32:23,941 [main] DEBUG hibernate.cfg.Settings - multi-tenancy strategy : NONE
2017-08-15T21:32:23,941 [main] DEBUG hibernate.cfg.Settings - JTA Track by Thread: enabled
2017-08-15T21:32:23,941 [main] DEBUG hibernate.cfg.Settings - Query language substitutions: {}
2017-08-15T21:32:23,942 [main] DEBUG hibernate.cfg.Settings - JPA query language strict compliance: disabled
2017-08-15T21:32:23,942 [main] DEBUG hibernate.cfg.Settings - Named query checking : enabled
2017-08-15T21:32:23,942 [main] DEBUG hibernate.cfg.Settings - Second-level cache: disabled
2017-08-15T21:32:23,943 [main] DEBUG hibernate.cfg.Settings - Second-level query cache: disabled
2017-08-15T21:32:23,944 [main] DEBUG hibernate.cfg.Settings - Second-level query cache factory: org.hibernate.cache.internal.StandardQueryCacheFactory@5cde6747
2017-08-15T21:32:23,945 [main] DEBUG hibernate.cfg.Settings - Second-level cache region prefix: null
2017-08-15T21:32:23,945 [main] DEBUG hibernate.cfg.Settings - Optimize second-level cache for minimal puts: disabled
2017-08-15T21:32:23,946 [main] DEBUG hibernate.cfg.Settings - Structured second-level cache entries: disabled
2017-08-15T21:32:23,947 [main] DEBUG hibernate.cfg.Settings - Second-level cache direct-reference entries: disabled
2017-08-15T21:32:23,948 [main] DEBUG hibernate.cfg.Settings - Automatic eviction of collection cache: disabled
2017-08-15T21:32:23,949 [main] DEBUG hibernate.cfg.Settings - JDBC batch size: 15
2017-08-15T21:32:23,950 [main] DEBUG hibernate.cfg.Settings - JDBC batch updates for versioned data: enabled
2017-08-15T21:32:23,951 [main] DEBUG hibernate.cfg.Settings - Scrollable result sets: enabled
2017-08-15T21:32:23,952 [main] DEBUG hibernate.cfg.Settings - Wrap result sets: disabled
2017-08-15T21:32:23,953 [main] DEBUG hibernate.cfg.Settings - JDBC3 getGeneratedKeys(): enabled
2017-08-15T21:32:23,955 [main] DEBUG hibernate.cfg.Settings - JDBC result set fetch size: null
2017-08-15T21:32:23,956 [main] DEBUG hibernate.cfg.Settings - Connection release mode: AFTER_TRANSACTION
2017-08-15T21:32:23,957 [main] DEBUG hibernate.cfg.Settings - Generate SQL with comments: disabled
2017-08-15T21:32:24,135 [main] DEBUG hibernate.internal.SessionFactoryImpl - Session factory constructed with filter configurations : {}
2017-08-15T21:32:24,139 [main] DEBUG hibernate.internal.SessionFactoryImpl - Instantiating session factory with properties: {sun.desktop=windows, awt.toolkit=sun.awt.windows.WToolkit, dialect=org.hibernate.dialect.HSQLDialect, file.encoding.pkg=sun.io, java.specification.version=1.8, sun.cpu.isalist=amd64, sun.jnu.encoding=Cp1251, hibernate.dialect=org.hibernate.dialect.HSQLDialect, java.class.path=D:\work\java\tt\target\test-classes;D:\work\java\tt\target\classes;D:\work\java\timetable\jdatepicker-1.3.4.jar;D:\work\java\timetable\multiSpanCellTable.jar;C:\Users\hello\.m2\repository\org\hibernate\hibernate-core\5.2.10.Final\hibernate-core-5.2.10.Final.jar;C:\Users\hello\.m2\repository\org\jboss\logging\jboss-logging\3.3.0.Final\jboss-logging-3.3.0.Final.jar;C:\Users\hello\.m2\repository\org\hibernate\javax\persistence\hibernate-jpa-2.1-api\1.0.0.Final\hibernate-jpa-2.1-api-1.0.0.Final.jar;C:\Users\hello\.m2\repository\org\javassist\javassist\3.20.0-GA\javassist-3.20.0-GA.jar;C:\Users\hello\.m2\repository\antlr\antlr\2.7.7\antlr-2.7.7.jar;C:\Users\hello\.m2\repository\org\jboss\spec\javax\transaction\jboss-transaction-api_1.2_spec\1.0.1.Final\jboss-transaction-api_1.2_spec-1.0.1.Final.jar;C:\Users\hello\.m2\repository\org\jboss\jandex\2.0.3.Final\jandex-2.0.3.Final.jar;C:\Users\hello\.m2\repository\com\fasterxml\classmate\1.3.0\classmate-1.3.0.jar;C:\Users\hello\.m2\repository\dom4j\dom4j\1.6.1\dom4j-1.6.1.jar;C:\Users\hello\.m2\repository\org\hibernate\common\hibernate-commons-annotations\5.0.1.Final\hibernate-commons-annotations-5.0.1.Final.jar;C:\Users\hello\.m2\repository\org\hibernate\hibernate-entitymanager\5.2.10.Final\hibernate-entitymanager-5.2.10.Final.jar;C:\Users\hello\.m2\repository\net\bytebuddy\byte-buddy\1.6.6\byte-buddy-1.6.6.jar;C:\Users\hello\.m2\repository\mysql\mysql-connector-java\5.1.23\mysql-connector-java-5.1.23.jar;C:\Users\hello\.m2\repository\org\apache\logging\log4j\log4j-core\2.8.2\log4j-core-2.8.2.jar;C:\Users\hello\.m2\repository\org\apache\logging\log4j\log4j-api\2.8.2\log4j-api-2.8.2.jar;C:\Users\hello\.m2\repository\org\dbunit\dbunit\2.5.3\dbunit-2.5.3.jar;C:\Users\hello\.m2\repository\org\slf4j\slf4j-api\1.7.21\slf4j-api-1.7.21.jar;C:\Users\hello\.m2\repository\commons-collections\commons-collections\3.2.2\commons-collections-3.2.2.jar;C:\Users\hello\.m2\repository\org\apache\poi\poi-ooxml\3.14\poi-ooxml-3.14.jar;C:\Users\hello\.m2\repository\org\apache\poi\poi\3.14\poi-3.14.jar;C:\Users\hello\.m2\repository\commons-codec\commons-codec\1.10\commons-codec-1.10.jar;C:\Users\hello\.m2\repository\org\apache\poi\poi-ooxml-schemas\3.14\poi-ooxml-schemas-3.14.jar;C:\Users\hello\.m2\repository\org\apache\xmlbeans\xmlbeans\2.6.0\xmlbeans-2.6.0.jar;C:\Users\hello\.m2\repository\stax\stax-api\1.0.1\stax-api-1.0.1.jar;C:\Users\hello\.m2\repository\com\github\virtuald\curvesapi\1.03\curvesapi-1.03.jar;C:\Users\hello\.m2\repository\org\hsqldb\hsqldb\2.4.0\hsqldb-2.4.0.jar;C:\Users\hello\.m2\repository\junit\junit\4.12\junit-4.12.jar;C:\Users\hello\.m2\repository\org\hamcrest\hamcrest-core\1.3\hamcrest-core-1.3.jar;/C:/Users/hello/eclipse/jee-neon/eclipse/configuration/org.eclipse.osgi/390/0/.cp/;/C:/Users/hello/eclipse/jee-neon/eclipse/configuration/org.eclipse.osgi/389/0/.cp/, java.vm.vendor=Oracle Corporation, sun.arch.data.model=64, hbm2ddl.auto=create-drop, user.variant=, java.vendor.url=http://java.oracle.com/, user.timezone=Europe/Minsk, user.country.format=BY, os.name=Windows 8.1, java.vm.specification.version=1.8, sun.java.launcher=SUN_STANDARD, user.country=US, sun.boot.library.path=C:\Program Files\Java\jdk1.8.0_112\jre\bin, sun.java.command=org.eclipse.jdt.internal.junit.runner.RemoteTestRunner -version 3 -port 52347 -testLoaderClass org.eclipse.jdt.internal.junit4.runner.JUnit4TestLoader -loaderpluginname org.eclipse.jdt.junit4.runtime -classNames by.bsac.timetable.dao.impl.RecordDAOImplTest, sun.cpu.endian=little, user.home=C:\Users\hello, user.language=en, java.specification.vendor=Oracle Corporation, java.home=C:\Program Files\Java\jdk1.8.0_112\jre, file.separator=\, line.separator=
, java.vm.specification.vendor=Oracle Corporation, java.specification.name=Java Platform API Specification, java.awt.graphicsenv=sun.awt.Win32GraphicsEnvironment, sun.boot.class.path=C:\Program Files\Java\jdk1.8.0_112\jre\lib\resources.jar;C:\Program Files\Java\jdk1.8.0_112\jre\lib\rt.jar;C:\Program Files\Java\jdk1.8.0_112\jre\lib\sunrsasign.jar;C:\Program Files\Java\jdk1.8.0_112\jre\lib\jsse.jar;C:\Program Files\Java\jdk1.8.0_112\jre\lib\jce.jar;C:\Program Files\Java\jdk1.8.0_112\jre\lib\charsets.jar;C:\Program Files\Java\jdk1.8.0_112\jre\lib\jfr.jar;C:\Program Files\Java\jdk1.8.0_112\jre\classes, hibernate.hbm2ddl.auto=create-drop, user.script=, connection.password=, sun.management.compiler=HotSpot 64-Bit Tiered Compilers, java.runtime.version=1.8.0_112-b15, user.name=hello, hibernate.cache.use_query_cache=false, path.separator=;, hibernate.connection.username=sa, os.version=6.3, java.endorsed.dirs=C:\Program Files\Java\jdk1.8.0_112\jre\lib\endorsed, java.runtime.name=Java(TM) SE Runtime Environment, hibernate.connection.url=jdbc:hsqldb:mem:DBNAME, connection.pool_size=1, file.encoding=UTF-8, java.vm.name=Java HotSpot(TM) 64-Bit Server VM, hibernate.show_sql=true, hibernate.connection.driver_class=org.hsqldb.jdbcDriver, java.vendor.url.bug=http://bugreport.sun.com/bugreport/, java.io.tmpdir=C:\Users\hello\AppData\Local\Temp\, java.version=1.8.0_112, user.dir=D:\work\java\tt, os.arch=amd64, connection.username=sa, java.vm.specification.name=Java Virtual Machine Specification, hibernate.default_schema=timetable, user.language.format=be, hibernate.connection.password=****, java.awt.printerjob=sun.awt.windows.WPrinterJob, sun.os.patch.level=, connection.driver_class=org.hsqldb.jdbcDriver, hibernate.boot.CfgXmlAccessService.key=org.hibernate.boot.cfgxml.spi.LoadedConfig@704f1591, hibernate.cache.use_second_level_cache=false, java.library.path=C:\Program Files\Java\jdk1.8.0_112\bin;C:\Windows\Sun\Java\bin;C:\Windows\system32;C:\Windows;C:/Program Files/Java/jre1.8.0_131/bin/server;C:/Program Files/Java/jre1.8.0_131/bin;C:/Program Files/Java/jre1.8.0_131/lib/amd64;C:\ProgramData\Oracle\Java\javapath;C:\Program Files\Broadcom\Broadcom 802.11;C:\Windows\system32;C:\Windows;C:\Windows\System32\Wbem;C:\Windows\System32\WindowsPowerShell\v1.0\;C:\Program Files (x86)\ATI Technologies\ATI.ACE\Core-Static;C:\Program Files\Java\jdk1.8.0_112\bin;D:\FCIV\;C:\Program Files (x86)\Skype\Phone\;C:\Program Files\PuTTY\;C:\Program Files (x86)\Nmap;C:\Users\hello\AppData\Local\atom\bin;C:\Users\hello\Desktop;;., java.vendor=Oracle Corporation, java.vm.info=mixed mode, java.vm.version=25.112-b15, hibernate.bytecode.use_reflection_optimizer=false, sun.io.unicode.encoding=UnicodeLittle, java.ext.dirs=C:\Program Files\Java\jdk1.8.0_112\jre\lib\ext;C:\Windows\Sun\Java\lib\ext, hibernate.connection.pool_size=1, connection.url=jdbc:hsqldb:mem:DBNAME, java.class.version=52.0}
2017-08-15T21:32:24,174 [main] DEBUG secure.spi.JaccIntegrator - Skipping JACC integration as it was not enabled
2017-08-15T21:32:24,190 [main] DEBUG hibernate.internal.SessionFactoryImpl - Instantiated session factory
2017-08-15T21:32:24,323 [main] INFO schema.internal.SchemaCreatorImpl - HHH000476: Executing import script 'org.hibernate.tool.schema.internal.exec.ScriptSourceInputNonExistentImpl@328cf0e1'
2017-08-15T21:32:24,328 [main] DEBUG platform.internal.JtaPlatformInitiator - No JtaPlatform was specified, checking resolver
2017-08-15T21:32:24,331 [main] DEBUG platform.internal.JtaPlatformResolverInitiator - No JtaPlatformResolver was specified, using default [org.hibernate.engine.transaction.jta.platform.internal.StandardJtaPlatformResolver]
2017-08-15T21:32:24,348 [main] DEBUG platform.internal.StandardJtaPlatformResolver - Could not resolve JtaPlatform, using default [org.hibernate.engine.transaction.jta.platform.internal.NoJtaPlatform]
2017-08-15T21:32:24,350 [main] DEBUG query.spi.NamedQueryRepository - Checking 0 named HQL queries
2017-08-15T21:32:24,351 [main] DEBUG query.spi.NamedQueryRepository - Checking 0 named SQL queries
2017-08-15T21:32:24,356 [main] DEBUG hibernate.internal.SessionFactoryRegistry - Initializing SessionFactoryRegistry : org.hibernate.internal.SessionFactoryRegistry@10993713
2017-08-15T21:32:24,360 [main] DEBUG hibernate.internal.SessionFactoryRegistry - Registering SessionFactory: f98a5e08-d33b-4261-9707-a6ee76af6b33 (<unnamed>)
2017-08-15T21:32:24,360 [main] DEBUG hibernate.internal.SessionFactoryRegistry - Not binding SessionFactory to JNDI, no JNDI name configured
2017-08-15T21:32:24,361 [main] DEBUG integrator.internal.IntegratorServiceImpl - Adding Integrator [org.hibernate.cfg.beanvalidation.BeanValidationIntegrator].
2017-08-15T21:32:24,361 [main] DEBUG integrator.internal.IntegratorServiceImpl - Adding Integrator [org.hibernate.secure.spi.JaccIntegrator].
2017-08-15T21:32:24,361 [main] DEBUG integrator.internal.IntegratorServiceImpl - Adding Integrator [org.hibernate.cache.internal.CollectionCacheInvalidator].
2017-08-15T21:32:24,375 [main] INFO dao.util.HSQLServerUtil - HSQLDB server shutting down...
2017-08-15T21:32:47,384 [main] DEBUG org.jboss.logging - Logging Provider: org.jboss.logging.Log4j2LoggerProvider
2017-08-15T21:32:47,468 [main] DEBUG integrator.internal.IntegratorServiceImpl - Adding Integrator [org.hibernate.cfg.beanvalidation.BeanValidationIntegrator].
2017-08-15T21:32:47,473 [main] DEBUG integrator.internal.IntegratorServiceImpl - Adding Integrator [org.hibernate.secure.spi.JaccIntegrator].
2017-08-15T21:32:47,483 [main] DEBUG integrator.internal.IntegratorServiceImpl - Adding Integrator [org.hibernate.cache.internal.CollectionCacheInvalidator].
2017-08-15T21:32:47,918 [main] INFO org.hibernate.Version - HHH000412: Hibernate Core {5.2.10.Final}
2017-08-15T21:32:47,923 [main] INFO hibernate.cfg.Environment - HHH000206: hibernate.properties not found
2017-08-15T21:32:47,977 [main] DEBUG internal.stax.LocalXmlResourceResolver - Interpreting public/system identifier : [null] - [hibernate-configuration-3.0.dtd]
2017-08-15T21:32:47,983 [main] DEBUG cfgxml.internal.JaxbCfgProcessor - cfg.xml document did not define namespaces; wrapping in custom event reader to introduce namespace information
2017-08-15T21:32:48,378 [main] DEBUG integrator.internal.IntegratorServiceImpl - Adding Integrator [org.hibernate.cfg.beanvalidation.BeanValidationIntegrator].
2017-08-15T21:32:48,379 [main] DEBUG integrator.internal.IntegratorServiceImpl - Adding Integrator [org.hibernate.secure.spi.JaccIntegrator].
2017-08-15T21:32:48,380 [main] DEBUG integrator.internal.IntegratorServiceImpl - Adding Integrator [org.hibernate.cache.internal.CollectionCacheInvalidator].
2017-08-15T21:32:48,403 [main] DEBUG service.spi.ServiceBinding - Overriding existing service binding [org.hibernate.secure.spi.JaccService]
2017-08-15T21:32:48,404 [main] DEBUG hibernate.cfg.Configuration - Building session factory using provided StandardServiceRegistry
2017-08-15T21:32:48,433 [main] DEBUG cache.internal.RegionFactoryInitiator - Cache region factory : org.hibernate.cache.internal.NoCachingRegionFactory
2017-08-15T21:32:48,449 [main] INFO annotations.common.Version - HCANN000001: Hibernate Commons Annotations {5.0.1.Final}
2017-08-15T21:32:48,490 [main] DEBUG hibernate.type.BasicTypeRegistry - Adding type registration boolean -> org.hibernate.type.BooleanType@3738449f
2017-08-15T21:32:48,492 [main] DEBUG hibernate.type.BasicTypeRegistry - Adding type registration boolean -> org.hibernate.type.BooleanType@3738449f
2017-08-15T21:32:48,492 [main] DEBUG hibernate.type.BasicTypeRegistry - Adding type registration java.lang.Boolean -> org.hibernate.type.BooleanType@3738449f
2017-08-15T21:32:48,494 [main] DEBUG hibernate.type.BasicTypeRegistry - Adding type registration numeric_boolean -> org.hibernate.type.NumericBooleanType@1eb5174b
2017-08-15T21:32:48,497 [main] DEBUG hibernate.type.BasicTypeRegistry - Adding type registration true_false -> org.hibernate.type.TrueFalseType@2bfc268b
2017-08-15T21:32:48,501 [main] DEBUG hibernate.type.BasicTypeRegistry - Adding type registration yes_no -> org.hibernate.type.YesNoType@41e1e210
2017-08-15T21:32:48,504 [main] DEBUG hibernate.type.BasicTypeRegistry - Adding type registration byte -> org.hibernate.type.ByteType@272ed83b
2017-08-15T21:32:48,504 [main] DEBUG hibernate.type.BasicTypeRegistry - Adding type registration byte -> org.hibernate.type.ByteType@272ed83b
2017-08-15T21:32:48,505 [main] DEBUG hibernate.type.BasicTypeRegistry - Adding type registration java.lang.Byte -> org.hibernate.type.ByteType@272ed83b
2017-08-15T21:32:48,507 [main] DEBUG hibernate.type.BasicTypeRegistry - Adding type registration character -> org.hibernate.type.CharacterType@66498326
2017-08-15T21:32:48,507 [main] DEBUG hibernate.type.BasicTypeRegistry - Adding type registration char -> org.hibernate.type.CharacterType@66498326
2017-08-15T21:32:48,508 [main] DEBUG hibernate.type.BasicTypeRegistry - Adding type registration java.lang.Character -> org.hibernate.type.CharacterType@66498326
2017-08-15T21:32:48,511 [main] DEBUG hibernate.type.BasicTypeRegistry - Adding type registration short -> org.hibernate.type.ShortType@1613674b
2017-08-15T21:32:48,512 [main] DEBUG hibernate.type.BasicTypeRegistry - Adding type registration short -> org.hibernate.type.ShortType@1613674b
2017-08-15T21:32:48,512 [main] DEBUG hibernate.type.BasicTypeRegistry - Adding type registration java.lang.Short -> org.hibernate.type.ShortType@1613674b
2017-08-15T21:32:48,515 [main] DEBUG hibernate.type.BasicTypeRegistry - Adding type registration integer -> org.hibernate.type.IntegerType@34f5090e
2017-08-15T21:32:48,516 [main] DEBUG hibernate.type.BasicTypeRegistry - Adding type registration int -> org.hibernate.type.IntegerType@34f5090e
2017-08-15T21:32:48,516 [main] DEBUG hibernate.type.BasicTypeRegistry - Adding type registration java.lang.Integer -> org.hibernate.type.IntegerType@34f5090e
2017-08-15T21:32:48,519 [main] DEBUG hibernate.type.BasicTypeRegistry - Adding type registration long -> org.hibernate.type.LongType@702b8b12
2017-08-15T21:32:48,520 [main] DEBUG hibernate.type.BasicTypeRegistry - Adding type registration long -> org.hibernate.type.LongType@702b8b12
2017-08-15T21:32:48,520 [main] DEBUG hibernate.type.BasicTypeRegistry - Adding type registration java.lang.Long -> org.hibernate.type.LongType@702b8b12
2017-08-15T21:32:48,523 [main] DEBUG hibernate.type.BasicTypeRegistry - Adding type registration float -> org.hibernate.type.FloatType@48974e45
2017-08-15T21:32:48,523 [main] DEBUG hibernate.type.BasicTypeRegistry - Adding type registration float -> org.hibernate.type.FloatType@48974e45
2017-08-15T21:32:48,524 [main] DEBUG hibernate.type.BasicTypeRegistry - Adding type registration java.lang.Float -> org.hibernate.type.FloatType@48974e45
2017-08-15T21:32:48,527 [main] DEBUG hibernate.type.BasicTypeRegistry - Adding type registration double -> org.hibernate.type.DoubleType@20f5239f
2017-08-15T21:32:48,528 [main] DEBUG hibernate.type.BasicTypeRegistry - Adding type registration double -> org.hibernate.type.DoubleType@20f5239f
2017-08-15T21:32:48,528 [main] DEBUG hibernate.type.BasicTypeRegistry - Adding type registration java.lang.Double -> org.hibernate.type.DoubleType@20f5239f
2017-08-15T21:32:48,532 [main] DEBUG hibernate.type.BasicTypeRegistry - Adding type registration big_decimal -> org.hibernate.type.BigDecimalType@446293d
2017-08-15T21:32:48,535 [main] DEBUG hibernate.type.BasicTypeRegistry - Adding type registration java.math.BigDecimal -> org.hibernate.type.BigDecimalType@446293d
2017-08-15T21:32:48,538 [main] DEBUG hibernate.type.BasicTypeRegistry - Adding type registration big_integer -> org.hibernate.type.BigIntegerType@15aab8c6
2017-08-15T21:32:48,539 [main] DEBUG hibernate.type.BasicTypeRegistry - Adding type registration java.math.BigInteger -> org.hibernate.type.BigIntegerType@15aab8c6
2017-08-15T21:32:48,542 [main] DEBUG hibernate.type.BasicTypeRegistry - Adding type registration string -> org.hibernate.type.StringType@6babf3bf
2017-08-15T21:32:48,542 [main] DEBUG hibernate.type.BasicTypeRegistry - Adding type registration java.lang.String -> org.hibernate.type.StringType@6babf3bf
2017-08-15T21:32:48,545 [main] DEBUG hibernate.type.BasicTypeRegistry - Adding type registration nstring -> org.hibernate.type.StringNVarcharType@3fb1549b
2017-08-15T21:32:48,548 [main] DEBUG hibernate.type.BasicTypeRegistry - Adding type registration ncharacter -> org.hibernate.type.CharacterNCharType@2053d869
2017-08-15T21:32:48,551 [main] DEBUG hibernate.type.BasicTypeRegistry - Adding type registration url -> org.hibernate.type.UrlType@3c73951
2017-08-15T21:32:48,553 [main] DEBUG hibernate.type.BasicTypeRegistry - Adding type registration java.net.URL -> org.hibernate.type.UrlType@3c73951
2017-08-15T21:32:48,561 [main] DEBUG hibernate.type.BasicTypeRegistry - Adding type registration Duration -> org.hibernate.type.DurationType@10d307f1
2017-08-15T21:32:48,562 [main] DEBUG hibernate.type.BasicTypeRegistry - Adding type registration java.time.Duration -> org.hibernate.type.DurationType@10d307f1
2017-08-15T21:32:48,597 [main] DEBUG hibernate.type.BasicTypeRegistry - Adding type registration Instant -> org.hibernate.type.InstantType@3bf9ce3e
2017-08-15T21:32:48,598 [main] DEBUG hibernate.type.BasicTypeRegistry - Adding type registration java.time.Instant -> org.hibernate.type.InstantType@3bf9ce3e
2017-08-15T21:32:48,601 [main] DEBUG hibernate.type.BasicTypeRegistry - Adding type registration LocalDateTime -> org.hibernate.type.LocalDateTimeType@53fdffa1
2017-08-15T21:32:48,602 [main] DEBUG hibernate.type.BasicTypeRegistry - Adding type registration java.time.LocalDateTime -> org.hibernate.type.LocalDateTimeType@53fdffa1
2017-08-15T21:32:48,605 [main] DEBUG hibernate.type.BasicTypeRegistry - Adding type registration LocalDate -> org.hibernate.type.LocalDateType@47faa49c
2017-08-15T21:32:48,605 [main] DEBUG hibernate.type.BasicTypeRegistry - Adding type registration java.time.LocalDate -> org.hibernate.type.LocalDateType@47faa49c
2017-08-15T21:32:48,609 [main] DEBUG hibernate.type.BasicTypeRegistry - Adding type registration LocalTime -> org.hibernate.type.LocalTimeType@2b91004a
2017-08-15T21:32:48,610 [main] DEBUG hibernate.type.BasicTypeRegistry - Adding type registration java.time.LocalTime -> org.hibernate.type.LocalTimeType@2b91004a
2017-08-15T21:32:48,613 [main] DEBUG hibernate.type.BasicTypeRegistry - Adding type registration OffsetDateTime -> org.hibernate.type.OffsetDateTimeType@7205765b
2017-08-15T21:32:48,614 [main] DEBUG hibernate.type.BasicTypeRegistry - Adding type registration java.time.OffsetDateTime -> org.hibernate.type.OffsetDateTimeType@7205765b
2017-08-15T21:32:48,617 [main] DEBUG hibernate.type.BasicTypeRegistry - Adding type registration OffsetTime -> org.hibernate.type.OffsetTimeType@3f6b0be5
2017-08-15T21:32:48,618 [main] DEBUG hibernate.type.BasicTypeRegistry - Adding type registration java.time.OffsetTime -> org.hibernate.type.OffsetTimeType@3f6b0be5
2017-08-15T21:32:48,628 [main] DEBUG hibernate.type.BasicTypeRegistry - Adding type registration ZonedDateTime -> org.hibernate.type.ZonedDateTimeType@543588e6
2017-08-15T21:32:48,628 [main] DEBUG hibernate.type.BasicTypeRegistry - Adding type registration java.time.ZonedDateTime -> org.hibernate.type.ZonedDateTimeType@543588e6
2017-08-15T21:32:48,632 [main] DEBUG hibernate.type.BasicTypeRegistry - Adding type registration date -> org.hibernate.type.DateType@7bd4937b
2017-08-15T21:32:48,632 [main] DEBUG hibernate.type.BasicTypeRegistry - Adding type registration java.sql.Date -> org.hibernate.type.DateType@7bd4937b
2017-08-15T21:32:48,635 [main] DEBUG hibernate.type.BasicTypeRegistry - Adding type registration time -> org.hibernate.type.TimeType@741a8937
2017-08-15T21:32:48,636 [main] DEBUG hibernate.type.BasicTypeRegistry - Adding type registration java.sql.Time -> org.hibernate.type.TimeType@741a8937
2017-08-15T21:32:48,638 [main] DEBUG hibernate.type.BasicTypeRegistry - Adding type registration timestamp -> org.hibernate.type.TimestampType@bae7dc0
2017-08-15T21:32:48,639 [main] DEBUG hibernate.type.BasicTypeRegistry - Adding type registration java.sql.Timestamp -> org.hibernate.type.TimestampType@bae7dc0
2017-08-15T21:32:48,640 [main] DEBUG hibernate.type.BasicTypeRegistry - Adding type registration java.util.Date -> org.hibernate.type.TimestampType@bae7dc0
2017-08-15T21:32:48,644 [main] DEBUG hibernate.type.BasicTypeRegistry - Adding type registration dbtimestamp -> org.hibernate.type.DbTimestampType@1b2abca6
2017-08-15T21:32:48,647 [main] DEBUG hibernate.type.BasicTypeRegistry - Adding type registration calendar -> org.hibernate.type.CalendarType@342c38f8
2017-08-15T21:32:48,648 [main] DEBUG hibernate.type.BasicTypeRegistry - Adding type registration java.util.Calendar -> org.hibernate.type.CalendarType@342c38f8
2017-08-15T21:32:48,648 [main] DEBUG hibernate.type.BasicTypeRegistry - Adding type registration java.util.GregorianCalendar -> org.hibernate.type.CalendarType@342c38f8
2017-08-15T21:32:48,650 [main] DEBUG hibernate.type.BasicTypeRegistry - Adding type registration calendar_date -> org.hibernate.type.CalendarDateType@485966cc
2017-08-15T21:32:48,652 [main] DEBUG hibernate.type.BasicTypeRegistry - Adding type registration locale -> org.hibernate.type.LocaleType@7c711375
2017-08-15T21:32:48,654 [main] DEBUG hibernate.type.BasicTypeRegistry - Adding type registration java.util.Locale -> org.hibernate.type.LocaleType@7c711375
2017-08-15T21:32:48,659 [main] DEBUG hibernate.type.BasicTypeRegistry - Adding type registration currency -> org.hibernate.type.CurrencyType@6e0f5f7f
2017-08-15T21:32:48,660 [main] DEBUG hibernate.type.BasicTypeRegistry - Adding type registration java.util.Currency -> org.hibernate.type.CurrencyType@6e0f5f7f
2017-08-15T21:32:48,665 [main] DEBUG hibernate.type.BasicTypeRegistry - Adding type registration timezone -> org.hibernate.type.TimeZoneType@3c7f66c4
2017-08-15T21:32:48,666 [main] DEBUG hibernate.type.BasicTypeRegistry - Adding type registration java.util.TimeZone -> org.hibernate.type.TimeZoneType@3c7f66c4
2017-08-15T21:32:48,668 [main] DEBUG hibernate.type.BasicTypeRegistry - Adding type registration class -> org.hibernate.type.ClassType@ffaa6af
2017-08-15T21:32:48,668 [main] DEBUG hibernate.type.BasicTypeRegistry - Adding type registration java.lang.Class -> org.hibernate.type.ClassType@ffaa6af
2017-08-15T21:32:48,672 [main] DEBUG hibernate.type.BasicTypeRegistry - Adding type registration uuid-binary -> org.hibernate.type.UUIDBinaryType@32502377
2017-08-15T21:32:48,672 [main] DEBUG hibernate.type.BasicTypeRegistry - Adding type registration java.util.UUID -> org.hibernate.type.UUIDBinaryType@32502377
2017-08-15T21:32:48,674 [main] DEBUG hibernate.type.BasicTypeRegistry - Adding type registration uuid-char -> org.hibernate.type.UUIDCharType@66f57048
2017-08-15T21:32:48,677 [main] DEBUG hibernate.type.BasicTypeRegistry - Adding type registration binary -> org.hibernate.type.BinaryType@437da279
2017-08-15T21:32:48,677 [main] DEBUG hibernate.type.BasicTypeRegistry - Adding type registration byte[] -> org.hibernate.type.BinaryType@437da279
