2017-08-25T00:09:23,594 [main] DEBUG dao.Impl.AbstractHibernateDAO - getAll
2017-08-25T00:09:24,449 [main] ERROR dao.Impl.AbstractHibernateDAO - org.hibernate.exception.SQLGrammarException: could not prepare statement
javax.persistence.PersistenceException: org.hibernate.exception.SQLGrammarException: could not prepare statement
	at org.hibernate.jpa.spi.AbstractEntityManagerImpl.convert(AbstractEntityManagerImpl.java:1763) ~[hibernate-entitymanager-4.3.11.Final.jar:4.3.11.Final]
	at org.hibernate.jpa.spi.AbstractEntityManagerImpl.convert(AbstractEntityManagerImpl.java:1677) ~[hibernate-entitymanager-4.3.11.Final.jar:4.3.11.Final]
	at org.hibernate.jpa.internal.QueryImpl.getResultList(QueryImpl.java:458) ~[hibernate-entitymanager-4.3.11.Final.jar:4.3.11.Final]
	at by.bsac.timetable.dao.Impl.AbstractHibernateDAO.getAll(AbstractHibernateDAO.java:69) [classes/:?]
	at sun.reflect.NativeMethodAccessorImpl.invoke0(Native Method) ~[?:1.8.0_112]
	at sun.reflect.NativeMethodAccessorImpl.invoke(NativeMethodAccessorImpl.java:62) ~[?:1.8.0_112]
	at sun.reflect.DelegatingMethodAccessorImpl.invoke(DelegatingMethodAccessorImpl.java:43) ~[?:1.8.0_112]
	at java.lang.reflect.Method.invoke(Method.java:498) ~[?:1.8.0_112]
	at org.springframework.aop.support.AopUtils.invokeJoinpointUsingReflection(AopUtils.java:333) [spring-aop-4.3.10.RELEASE.jar:4.3.10.RELEASE]
	at org.springframework.aop.framework.ReflectiveMethodInvocation.invokeJoinpoint(ReflectiveMethodInvocation.java:190) [spring-aop-4.3.10.RELEASE.jar:4.3.10.RELEASE]
	at org.springframework.aop.framework.ReflectiveMethodInvocation.proceed(ReflectiveMethodInvocation.java:157) [spring-aop-4.3.10.RELEASE.jar:4.3.10.RELEASE]
	at org.springframework.dao.support.PersistenceExceptionTranslationInterceptor.invoke(PersistenceExceptionTranslationInterceptor.java:136) [spring-tx-4.3.10.RELEASE.jar:4.3.10.RELEASE]
	at org.springframework.aop.framework.ReflectiveMethodInvocation.proceed(ReflectiveMethodInvocation.java:179) [spring-aop-4.3.10.RELEASE.jar:4.3.10.RELEASE]
	at org.springframework.transaction.interceptor.TransactionInterceptor$1.proceedWithInvocation(TransactionInterceptor.java:99) [spring-tx-4.3.10.RELEASE.jar:4.3.10.RELEASE]
	at org.springframework.transaction.interceptor.TransactionAspectSupport.invokeWithinTransaction(TransactionAspectSupport.java:282) [spring-tx-4.3.10.RELEASE.jar:4.3.10.RELEASE]
	at org.springframework.transaction.interceptor.TransactionInterceptor.invoke(TransactionInterceptor.java:96) [spring-tx-4.3.10.RELEASE.jar:4.3.10.RELEASE]
	at org.springframework.aop.framework.ReflectiveMethodInvocation.proceed(ReflectiveMethodInvocation.java:179) [spring-aop-4.3.10.RELEASE.jar:4.3.10.RELEASE]
	at org.springframework.aop.framework.JdkDynamicAopProxy.invoke(JdkDynamicAopProxy.java:213) [spring-aop-4.3.10.RELEASE.jar:4.3.10.RELEASE]
	at com.sun.proxy.$Proxy40.getAll(Unknown Source) [?:?]
	at dao.Impl.ChairDAOImplTest.test(ChairDAOImplTest.java:32) [test-classes/:?]
	at sun.reflect.NativeMethodAccessorImpl.invoke0(Native Method) ~[?:1.8.0_112]
	at sun.reflect.NativeMethodAccessorImpl.invoke(NativeMethodAccessorImpl.java:62) ~[?:1.8.0_112]
	at sun.reflect.DelegatingMethodAccessorImpl.invoke(DelegatingMethodAccessorImpl.java:43) ~[?:1.8.0_112]
	at java.lang.reflect.Method.invoke(Method.java:498) ~[?:1.8.0_112]
	at org.junit.runners.model.FrameworkMethod$1.runReflectiveCall(FrameworkMethod.java:50) [junit-4.12.jar:4.12]
	at org.junit.internal.runners.model.ReflectiveCallable.run(ReflectiveCallable.java:12) [junit-4.12.jar:4.12]
	at org.junit.runners.model.FrameworkMethod.invokeExplosively(FrameworkMethod.java:47) [junit-4.12.jar:4.12]
	at org.junit.internal.runners.statements.InvokeMethod.evaluate(InvokeMethod.java:17) [junit-4.12.jar:4.12]
	at org.springframework.test.context.junit4.statements.RunBeforeTestMethodCallbacks.evaluate(RunBeforeTestMethodCallbacks.java:75) [spring-test-4.3.10.RELEASE.jar:4.3.10.RELEASE]
	at org.springframework.test.context.junit4.statements.RunAfterTestMethodCallbacks.evaluate(RunAfterTestMethodCallbacks.java:86) [spring-test-4.3.10.RELEASE.jar:4.3.10.RELEASE]
	at org.springframework.test.context.junit4.statements.SpringRepeat.evaluate(SpringRepeat.java:84) [spring-test-4.3.10.RELEASE.jar:4.3.10.RELEASE]
	at org.junit.runners.ParentRunner.runLeaf(ParentRunner.java:325) [junit-4.12.jar:4.12]
	at org.springframework.test.context.junit4.SpringJUnit4ClassRunner.runChild(SpringJUnit4ClassRunner.java:252) [spring-test-4.3.10.RELEASE.jar:4.3.10.RELEASE]
	at org.springframework.test.context.junit4.SpringJUnit4ClassRunner.runChild(SpringJUnit4ClassRunner.java:94) [spring-test-4.3.10.RELEASE.jar:4.3.10.RELEASE]
	at org.junit.runners.ParentRunner$3.run(ParentRunner.java:290) [junit-4.12.jar:4.12]
	at org.junit.runners.ParentRunner$1.schedule(ParentRunner.java:71) [junit-4.12.jar:4.12]
	at org.junit.runners.ParentRunner.runChildren(ParentRunner.java:288) [junit-4.12.jar:4.12]
	at org.junit.runners.ParentRunner.access$000(ParentRunner.java:58) [junit-4.12.jar:4.12]
	at org.junit.runners.ParentRunner$2.evaluate(ParentRunner.java:268) [junit-4.12.jar:4.12]
	at org.springframework.test.context.junit4.statements.RunBeforeTestClassCallbacks.evaluate(RunBeforeTestClassCallbacks.java:61) [spring-test-4.3.10.RELEASE.jar:4.3.10.RELEASE]
	at org.springframework.test.context.junit4.statements.RunAfterTestClassCallbacks.evaluate(RunAfterTestClassCallbacks.java:70) [spring-test-4.3.10.RELEASE.jar:4.3.10.RELEASE]
	at org.junit.runners.ParentRunner.run(ParentRunner.java:363) [junit-4.12.jar:4.12]
	at org.springframework.test.context.junit4.SpringJUnit4ClassRunner.run(SpringJUnit4ClassRunner.java:191) [spring-test-4.3.10.RELEASE.jar:4.3.10.RELEASE]
	at org.eclipse.jdt.internal.junit4.runner.JUnit4TestReference.run(JUnit4TestReference.java:86) [.cp/:?]
	at org.eclipse.jdt.internal.junit.runner.TestExecution.run(TestExecution.java:38) [.cp/:?]
	at org.eclipse.jdt.internal.junit.runner.RemoteTestRunner.runTests(RemoteTestRunner.java:459) [.cp/:?]
	at org.eclipse.jdt.internal.junit.runner.RemoteTestRunner.runTests(RemoteTestRunner.java:678) [.cp/:?]
	at org.eclipse.jdt.internal.junit.runner.RemoteTestRunner.run(RemoteTestRunner.java:382) [.cp/:?]
	at org.eclipse.jdt.internal.junit.runner.RemoteTestRunner.main(RemoteTestRunner.java:192) [.cp/:?]
Caused by: org.hibernate.exception.SQLGrammarException: could not prepare statement
	at org.hibernate.exception.internal.SQLStateConversionDelegate.convert(SQLStateConversionDelegate.java:123) ~[hibernate-core-4.3.11.Final.jar:4.3.11.Final]
	at org.hibernate.exception.internal.StandardSQLExceptionConverter.convert(StandardSQLExceptionConverter.java:49) ~[hibernate-core-4.3.11.Final.jar:4.3.11.Final]
	at org.hibernate.engine.jdbc.spi.SqlExceptionHelper.convert(SqlExceptionHelper.java:126) ~[hibernate-core-4.3.11.Final.jar:4.3.11.Final]
	at org.hibernate.engine.jdbc.internal.StatementPreparerImpl$StatementPreparationTemplate.prepareStatement(StatementPreparerImpl.java:196) ~[hibernate-core-4.3.11.Final.jar:4.3.11.Final]
	at org.hibernate.engine.jdbc.internal.StatementPreparerImpl.prepareQueryStatement(StatementPreparerImpl.java:160) ~[hibernate-core-4.3.11.Final.jar:4.3.11.Final]
	at org.hibernate.loader.Loader.prepareQueryStatement(Loader.java:1885) ~[hibernate-core-4.3.11.Final.jar:4.3.11.Final]
	at org.hibernate.loader.Loader.executeQueryStatement(Loader.java:1862) ~[hibernate-core-4.3.11.Final.jar:4.3.11.Final]
	at org.hibernate.loader.Loader.executeQueryStatement(Loader.java:1839) ~[hibernate-core-4.3.11.Final.jar:4.3.11.Final]
	at org.hibernate.loader.Loader.doQuery(Loader.java:910) ~[hibernate-core-4.3.11.Final.jar:4.3.11.Final]
	at org.hibernate.loader.Loader.doQueryAndInitializeNonLazyCollections(Loader.java:355) ~[hibernate-core-4.3.11.Final.jar:4.3.11.Final]
	at org.hibernate.loader.Loader.doList(Loader.java:2554) ~[hibernate-core-4.3.11.Final.jar:4.3.11.Final]
	at org.hibernate.loader.Loader.doList(Loader.java:2540) ~[hibernate-core-4.3.11.Final.jar:4.3.11.Final]
	at org.hibernate.loader.Loader.listIgnoreQueryCache(Loader.java:2370) ~[hibernate-core-4.3.11.Final.jar:4.3.11.Final]
	at org.hibernate.loader.Loader.list(Loader.java:2365) ~[hibernate-core-4.3.11.Final.jar:4.3.11.Final]
	at org.hibernate.loader.hql.QueryLoader.list(QueryLoader.java:497) ~[hibernate-core-4.3.11.Final.jar:4.3.11.Final]
	at org.hibernate.hql.internal.ast.QueryTranslatorImpl.list(QueryTranslatorImpl.java:387) ~[hibernate-core-4.3.11.Final.jar:4.3.11.Final]
	at org.hibernate.engine.query.spi.HQLQueryPlan.performList(HQLQueryPlan.java:236) ~[hibernate-core-4.3.11.Final.jar:4.3.11.Final]
	at org.hibernate.internal.SessionImpl.list(SessionImpl.java:1300) ~[hibernate-core-4.3.11.Final.jar:4.3.11.Final]
	at org.hibernate.internal.QueryImpl.list(QueryImpl.java:103) ~[hibernate-core-4.3.11.Final.jar:4.3.11.Final]
	at org.hibernate.jpa.internal.QueryImpl.list(QueryImpl.java:573) ~[hibernate-entitymanager-4.3.11.Final.jar:4.3.11.Final]
	at org.hibernate.jpa.internal.QueryImpl.getResultList(QueryImpl.java:449) ~[hibernate-entitymanager-4.3.11.Final.jar:4.3.11.Final]
	... 46 more
Caused by: org.h2.jdbc.JdbcSQLException: Table "TIMETABLE" not found; SQL statement:
select chair0_.id_chair as id_chair1_1_, chair0_.name_chair as name_cha2_1_ from timetable.timetable.chair chair0_ [42102-196]
	at org.h2.message.DbException.getJdbcSQLException(DbException.java:345) ~[h2-1.4.196.jar:1.4.196]
	at org.h2.message.DbException.get(DbException.java:179) ~[h2-1.4.196.jar:1.4.196]
	at org.h2.message.DbException.get(DbException.java:155) ~[h2-1.4.196.jar:1.4.196]
	at org.h2.schema.Schema.getTableOrView(Schema.java:456) ~[h2-1.4.196.jar:1.4.196]
	at org.h2.command.Parser.readTableOrView(Parser.java:5535) ~[h2-1.4.196.jar:1.4.196]
	at org.h2.command.Parser.readTableFilter(Parser.java:1266) ~[h2-1.4.196.jar:1.4.196]
	at org.h2.command.Parser.parseSelectSimpleFromPart(Parser.java:1946) ~[h2-1.4.196.jar:1.4.196]
	at org.h2.command.Parser.parseSelectSimple(Parser.java:2095) ~[h2-1.4.196.jar:1.4.196]
	at org.h2.command.Parser.parseSelectSub(Parser.java:1940) ~[h2-1.4.196.jar:1.4.196]
	at org.h2.command.Parser.parseSelectUnion(Parser.java:1755) ~[h2-1.4.196.jar:1.4.196]
	at org.h2.command.Parser.parseSelect(Parser.java:1743) ~[h2-1.4.196.jar:1.4.196]
	at org.h2.command.Parser.parsePrepared(Parser.java:449) ~[h2-1.4.196.jar:1.4.196]
	at org.h2.command.Parser.parse(Parser.java:321) ~[h2-1.4.196.jar:1.4.196]
	at org.h2.command.Parser.parse(Parser.java:293) ~[h2-1.4.196.jar:1.4.196]
	at org.h2.command.Parser.prepareCommand(Parser.java:258) ~[h2-1.4.196.jar:1.4.196]
	at org.h2.engine.Session.prepareLocal(Session.java:578) ~[h2-1.4.196.jar:1.4.196]
	at org.h2.engine.Session.prepareCommand(Session.java:519) ~[h2-1.4.196.jar:1.4.196]
	at org.h2.jdbc.JdbcConnection.prepareCommand(JdbcConnection.java:1204) ~[h2-1.4.196.jar:1.4.196]
	at org.h2.jdbc.JdbcPreparedStatement.<init>(JdbcPreparedStatement.java:73) ~[h2-1.4.196.jar:1.4.196]
	at org.h2.jdbc.JdbcConnection.prepareStatement(JdbcConnection.java:288) ~[h2-1.4.196.jar:1.4.196]
	at org.hibernate.engine.jdbc.internal.StatementPreparerImpl$5.doPrepare(StatementPreparerImpl.java:162) ~[hibernate-core-4.3.11.Final.jar:4.3.11.Final]
	at org.hibernate.engine.jdbc.internal.StatementPreparerImpl$StatementPreparationTemplate.prepareStatement(StatementPreparerImpl.java:186) ~[hibernate-core-4.3.11.Final.jar:4.3.11.Final]
	at org.hibernate.engine.jdbc.internal.StatementPreparerImpl.prepareQueryStatement(StatementPreparerImpl.java:160) ~[hibernate-core-4.3.11.Final.jar:4.3.11.Final]
	at org.hibernate.loader.Loader.prepareQueryStatement(Loader.java:1885) ~[hibernate-core-4.3.11.Final.jar:4.3.11.Final]
	at org.hibernate.loader.Loader.executeQueryStatement(Loader.java:1862) ~[hibernate-core-4.3.11.Final.jar:4.3.11.Final]
	at org.hibernate.loader.Loader.executeQueryStatement(Loader.java:1839) ~[hibernate-core-4.3.11.Final.jar:4.3.11.Final]
	at org.hibernate.loader.Loader.doQuery(Loader.java:910) ~[hibernate-core-4.3.11.Final.jar:4.3.11.Final]
	at org.hibernate.loader.Loader.doQueryAndInitializeNonLazyCollections(Loader.java:355) ~[hibernate-core-4.3.11.Final.jar:4.3.11.Final]
	at org.hibernate.loader.Loader.doList(Loader.java:2554) ~[hibernate-core-4.3.11.Final.jar:4.3.11.Final]
	at org.hibernate.loader.Loader.doList(Loader.java:2540) ~[hibernate-core-4.3.11.Final.jar:4.3.11.Final]
	at org.hibernate.loader.Loader.listIgnoreQueryCache(Loader.java:2370) ~[hibernate-core-4.3.11.Final.jar:4.3.11.Final]
	at org.hibernate.loader.Loader.list(Loader.java:2365) ~[hibernate-core-4.3.11.Final.jar:4.3.11.Final]
	at org.hibernate.loader.hql.QueryLoader.list(QueryLoader.java:497) ~[hibernate-core-4.3.11.Final.jar:4.3.11.Final]
	at org.hibernate.hql.internal.ast.QueryTranslatorImpl.list(QueryTranslatorImpl.java:387) ~[hibernate-core-4.3.11.Final.jar:4.3.11.Final]
	at org.hibernate.engine.query.spi.HQLQueryPlan.performList(HQLQueryPlan.java:236) ~[hibernate-core-4.3.11.Final.jar:4.3.11.Final]
	at org.hibernate.internal.SessionImpl.list(SessionImpl.java:1300) ~[hibernate-core-4.3.11.Final.jar:4.3.11.Final]
	at org.hibernate.internal.QueryImpl.list(QueryImpl.java:103) ~[hibernate-core-4.3.11.Final.jar:4.3.11.Final]
	at org.hibernate.jpa.internal.QueryImpl.list(QueryImpl.java:573) ~[hibernate-entitymanager-4.3.11.Final.jar:4.3.11.Final]
	at org.hibernate.jpa.internal.QueryImpl.getResultList(QueryImpl.java:449) ~[hibernate-entitymanager-4.3.11.Final.jar:4.3.11.Final]
	... 46 more
2017-08-25T00:12:41,995 [main] DEBUG dao.Impl.AbstractHibernateDAO - getAll
2017-08-25T00:12:42,414 [main] ERROR dao.Impl.AbstractHibernateDAO - org.hibernate.exception.GenericJDBCException: could not prepare statement
javax.persistence.PersistenceException: org.hibernate.exception.GenericJDBCException: could not prepare statement
	at org.hibernate.jpa.spi.AbstractEntityManagerImpl.convert(AbstractEntityManagerImpl.java:1763) ~[hibernate-entitymanager-4.3.11.Final.jar:4.3.11.Final]
	at org.hibernate.jpa.spi.AbstractEntityManagerImpl.convert(AbstractEntityManagerImpl.java:1677) ~[hibernate-entitymanager-4.3.11.Final.jar:4.3.11.Final]
	at org.hibernate.jpa.internal.QueryImpl.getResultList(QueryImpl.java:458) ~[hibernate-entitymanager-4.3.11.Final.jar:4.3.11.Final]
	at by.bsac.timetable.dao.Impl.AbstractHibernateDAO.getAll(AbstractHibernateDAO.java:69) [classes/:?]
	at sun.reflect.NativeMethodAccessorImpl.invoke0(Native Method) ~[?:1.8.0_112]
	at sun.reflect.NativeMethodAccessorImpl.invoke(NativeMethodAccessorImpl.java:62) ~[?:1.8.0_112]
	at sun.reflect.DelegatingMethodAccessorImpl.invoke(DelegatingMethodAccessorImpl.java:43) ~[?:1.8.0_112]
	at java.lang.reflect.Method.invoke(Method.java:498) ~[?:1.8.0_112]
	at org.springframework.aop.support.AopUtils.invokeJoinpointUsingReflection(AopUtils.java:333) [spring-aop-4.3.10.RELEASE.jar:4.3.10.RELEASE]
	at org.springframework.aop.framework.ReflectiveMethodInvocation.invokeJoinpoint(ReflectiveMethodInvocation.java:190) [spring-aop-4.3.10.RELEASE.jar:4.3.10.RELEASE]
	at org.springframework.aop.framework.ReflectiveMethodInvocation.proceed(ReflectiveMethodInvocation.java:157) [spring-aop-4.3.10.RELEASE.jar:4.3.10.RELEASE]
	at org.springframework.dao.support.PersistenceExceptionTranslationInterceptor.invoke(PersistenceExceptionTranslationInterceptor.java:136) [spring-tx-4.3.10.RELEASE.jar:4.3.10.RELEASE]
	at org.springframework.aop.framework.ReflectiveMethodInvocation.proceed(ReflectiveMethodInvocation.java:179) [spring-aop-4.3.10.RELEASE.jar:4.3.10.RELEASE]
	at org.springframework.transaction.interceptor.TransactionInterceptor$1.proceedWithInvocation(TransactionInterceptor.java:99) [spring-tx-4.3.10.RELEASE.jar:4.3.10.RELEASE]
	at org.springframework.transaction.interceptor.TransactionAspectSupport.invokeWithinTransaction(TransactionAspectSupport.java:282) [spring-tx-4.3.10.RELEASE.jar:4.3.10.RELEASE]
	at org.springframework.transaction.interceptor.TransactionInterceptor.invoke(TransactionInterceptor.java:96) [spring-tx-4.3.10.RELEASE.jar:4.3.10.RELEASE]
	at org.springframework.aop.framework.ReflectiveMethodInvocation.proceed(ReflectiveMethodInvocation.java:179) [spring-aop-4.3.10.RELEASE.jar:4.3.10.RELEASE]
	at org.springframework.aop.framework.JdkDynamicAopProxy.invoke(JdkDynamicAopProxy.java:213) [spring-aop-4.3.10.RELEASE.jar:4.3.10.RELEASE]
	at com.sun.proxy.$Proxy41.getAll(Unknown Source) [?:?]
	at dao.Impl.ChairDAOImplTest.test(ChairDAOImplTest.java:32) [test-classes/:?]
	at sun.reflect.NativeMethodAccessorImpl.invoke0(Native Method) ~[?:1.8.0_112]
	at sun.reflect.NativeMethodAccessorImpl.invoke(NativeMethodAccessorImpl.java:62) ~[?:1.8.0_112]
	at sun.reflect.DelegatingMethodAccessorImpl.invoke(DelegatingMethodAccessorImpl.java:43) ~[?:1.8.0_112]
	at java.lang.reflect.Method.invoke(Method.java:498) ~[?:1.8.0_112]
	at org.junit.runners.model.FrameworkMethod$1.runReflectiveCall(FrameworkMethod.java:50) [junit-4.12.jar:4.12]
	at org.junit.internal.runners.model.ReflectiveCallable.run(ReflectiveCallable.java:12) [junit-4.12.jar:4.12]
	at org.junit.runners.model.FrameworkMethod.invokeExplosively(FrameworkMethod.java:47) [junit-4.12.jar:4.12]
	at org.junit.internal.runners.statements.InvokeMethod.evaluate(InvokeMethod.java:17) [junit-4.12.jar:4.12]
	at org.springframework.test.context.junit4.statements.RunBeforeTestMethodCallbacks.evaluate(RunBeforeTestMethodCallbacks.java:75) [spring-test-4.3.10.RELEASE.jar:4.3.10.RELEASE]
	at org.springframework.test.context.junit4.statements.RunAfterTestMethodCallbacks.evaluate(RunAfterTestMethodCallbacks.java:86) [spring-test-4.3.10.RELEASE.jar:4.3.10.RELEASE]
	at org.springframework.test.context.junit4.statements.SpringRepeat.evaluate(SpringRepeat.java:84) [spring-test-4.3.10.RELEASE.jar:4.3.10.RELEASE]
	at org.junit.runners.ParentRunner.runLeaf(ParentRunner.java:325) [junit-4.12.jar:4.12]
	at org.springframework.test.context.junit4.SpringJUnit4ClassRunner.runChild(SpringJUnit4ClassRunner.java:252) [spring-test-4.3.10.RELEASE.jar:4.3.10.RELEASE]
	at org.springframework.test.context.junit4.SpringJUnit4ClassRunner.runChild(SpringJUnit4ClassRunner.java:94) [spring-test-4.3.10.RELEASE.jar:4.3.10.RELEASE]
	at org.junit.runners.ParentRunner$3.run(ParentRunner.java:290) [junit-4.12.jar:4.12]
	at org.junit.runners.ParentRunner$1.schedule(ParentRunner.java:71) [junit-4.12.jar:4.12]
	at org.junit.runners.ParentRunner.runChildren(ParentRunner.java:288) [junit-4.12.jar:4.12]
	at org.junit.runners.ParentRunner.access$000(ParentRunner.java:58) [junit-4.12.jar:4.12]
	at org.junit.runners.ParentRunner$2.evaluate(ParentRunner.java:268) [junit-4.12.jar:4.12]
	at org.springframework.test.context.junit4.statements.RunBeforeTestClassCallbacks.evaluate(RunBeforeTestClassCallbacks.java:61) [spring-test-4.3.10.RELEASE.jar:4.3.10.RELEASE]
	at org.springframework.test.context.junit4.statements.RunAfterTestClassCallbacks.evaluate(RunAfterTestClassCallbacks.java:70) [spring-test-4.3.10.RELEASE.jar:4.3.10.RELEASE]
	at org.junit.runners.ParentRunner.run(ParentRunner.java:363) [junit-4.12.jar:4.12]
	at org.springframework.test.context.junit4.SpringJUnit4ClassRunner.run(SpringJUnit4ClassRunner.java:191) [spring-test-4.3.10.RELEASE.jar:4.3.10.RELEASE]
	at org.eclipse.jdt.internal.junit4.runner.JUnit4TestReference.run(JUnit4TestReference.java:86) [.cp/:?]
	at org.eclipse.jdt.internal.junit.runner.TestExecution.run(TestExecution.java:38) [.cp/:?]
	at org.eclipse.jdt.internal.junit.runner.RemoteTestRunner.runTests(RemoteTestRunner.java:459) [.cp/:?]
	at org.eclipse.jdt.internal.junit.runner.RemoteTestRunner.runTests(RemoteTestRunner.java:678) [.cp/:?]
	at org.eclipse.jdt.internal.junit.runner.RemoteTestRunner.run(RemoteTestRunner.java:382) [.cp/:?]
	at org.eclipse.jdt.internal.junit.runner.RemoteTestRunner.main(RemoteTestRunner.java:192) [.cp/:?]
Caused by: org.hibernate.exception.GenericJDBCException: could not prepare statement
	at org.hibernate.exception.internal.StandardSQLExceptionConverter.convert(StandardSQLExceptionConverter.java:54) ~[hibernate-core-4.3.11.Final.jar:4.3.11.Final]
	at org.hibernate.engine.jdbc.spi.SqlExceptionHelper.convert(SqlExceptionHelper.java:126) ~[hibernate-core-4.3.11.Final.jar:4.3.11.Final]
	at org.hibernate.engine.jdbc.internal.StatementPreparerImpl$StatementPreparationTemplate.prepareStatement(StatementPreparerImpl.java:196) ~[hibernate-core-4.3.11.Final.jar:4.3.11.Final]
	at org.hibernate.engine.jdbc.internal.StatementPreparerImpl.prepareQueryStatement(StatementPreparerImpl.java:160) ~[hibernate-core-4.3.11.Final.jar:4.3.11.Final]
	at org.hibernate.loader.Loader.prepareQueryStatement(Loader.java:1885) ~[hibernate-core-4.3.11.Final.jar:4.3.11.Final]
	at org.hibernate.loader.Loader.executeQueryStatement(Loader.java:1862) ~[hibernate-core-4.3.11.Final.jar:4.3.11.Final]
	at org.hibernate.loader.Loader.executeQueryStatement(Loader.java:1839) ~[hibernate-core-4.3.11.Final.jar:4.3.11.Final]
	at org.hibernate.loader.Loader.doQuery(Loader.java:910) ~[hibernate-core-4.3.11.Final.jar:4.3.11.Final]
	at org.hibernate.loader.Loader.doQueryAndInitializeNonLazyCollections(Loader.java:355) ~[hibernate-core-4.3.11.Final.jar:4.3.11.Final]
	at org.hibernate.loader.Loader.doList(Loader.java:2554) ~[hibernate-core-4.3.11.Final.jar:4.3.11.Final]
	at org.hibernate.loader.Loader.doList(Loader.java:2540) ~[hibernate-core-4.3.11.Final.jar:4.3.11.Final]
	at org.hibernate.loader.Loader.listIgnoreQueryCache(Loader.java:2370) ~[hibernate-core-4.3.11.Final.jar:4.3.11.Final]
	at org.hibernate.loader.Loader.list(Loader.java:2365) ~[hibernate-core-4.3.11.Final.jar:4.3.11.Final]
	at org.hibernate.loader.hql.QueryLoader.list(QueryLoader.java:497) ~[hibernate-core-4.3.11.Final.jar:4.3.11.Final]
	at org.hibernate.hql.internal.ast.QueryTranslatorImpl.list(QueryTranslatorImpl.java:387) ~[hibernate-core-4.3.11.Final.jar:4.3.11.Final]
	at org.hibernate.engine.query.spi.HQLQueryPlan.performList(HQLQueryPlan.java:236) ~[hibernate-core-4.3.11.Final.jar:4.3.11.Final]
	at org.hibernate.internal.SessionImpl.list(SessionImpl.java:1300) ~[hibernate-core-4.3.11.Final.jar:4.3.11.Final]
	at org.hibernate.internal.QueryImpl.list(QueryImpl.java:103) ~[hibernate-core-4.3.11.Final.jar:4.3.11.Final]
	at org.hibernate.jpa.internal.QueryImpl.list(QueryImpl.java:573) ~[hibernate-entitymanager-4.3.11.Final.jar:4.3.11.Final]
	at org.hibernate.jpa.internal.QueryImpl.getResultList(QueryImpl.java:449) ~[hibernate-entitymanager-4.3.11.Final.jar:4.3.11.Final]
	... 46 more
Caused by: org.h2.jdbc.JdbcSQLException: Schema "TIMETABLE" not found; SQL statement:
select chair0_.id_chair as id_chair1_1_, chair0_.name_chair as name_cha2_1_ from timetable.timetable.chair chair0_ [90079-196]
	at org.h2.message.DbException.getJdbcSQLException(DbException.java:345) ~[h2-1.4.196.jar:1.4.196]
	at org.h2.message.DbException.get(DbException.java:179) ~[h2-1.4.196.jar:1.4.196]
	at org.h2.message.DbException.get(DbException.java:155) ~[h2-1.4.196.jar:1.4.196]
	at org.h2.command.Parser.getSchema(Parser.java:688) ~[h2-1.4.196.jar:1.4.196]
	at org.h2.command.Parser.getSchema(Parser.java:694) ~[h2-1.4.196.jar:1.4.196]
	at org.h2.command.Parser.readTableFilter(Parser.java:1224) ~[h2-1.4.196.jar:1.4.196]
	at org.h2.command.Parser.parseSelectSimpleFromPart(Parser.java:1946) ~[h2-1.4.196.jar:1.4.196]
	at org.h2.command.Parser.parseSelectSimple(Parser.java:2095) ~[h2-1.4.196.jar:1.4.196]
	at org.h2.command.Parser.parseSelectSub(Parser.java:1940) ~[h2-1.4.196.jar:1.4.196]
	at org.h2.command.Parser.parseSelectUnion(Parser.java:1755) ~[h2-1.4.196.jar:1.4.196]
	at org.h2.command.Parser.parseSelect(Parser.java:1743) ~[h2-1.4.196.jar:1.4.196]
	at org.h2.command.Parser.parsePrepared(Parser.java:449) ~[h2-1.4.196.jar:1.4.196]
	at org.h2.command.Parser.parse(Parser.java:321) ~[h2-1.4.196.jar:1.4.196]
	at org.h2.command.Parser.parse(Parser.java:293) ~[h2-1.4.196.jar:1.4.196]
	at org.h2.command.Parser.prepareCommand(Parser.java:258) ~[h2-1.4.196.jar:1.4.196]
	at org.h2.engine.Session.prepareLocal(Session.java:578) ~[h2-1.4.196.jar:1.4.196]
	at org.h2.engine.Session.prepareCommand(Session.java:519) ~[h2-1.4.196.jar:1.4.196]
	at org.h2.jdbc.JdbcConnection.prepareCommand(JdbcConnection.java:1204) ~[h2-1.4.196.jar:1.4.196]
	at org.h2.jdbc.JdbcPreparedStatement.<init>(JdbcPreparedStatement.java:73) ~[h2-1.4.196.jar:1.4.196]
	at org.h2.jdbc.JdbcConnection.prepareStatement(JdbcConnection.java:288) ~[h2-1.4.196.jar:1.4.196]
	at org.hibernate.engine.jdbc.internal.StatementPreparerImpl$5.doPrepare(StatementPreparerImpl.java:162) ~[hibernate-core-4.3.11.Final.jar:4.3.11.Final]
	at org.hibernate.engine.jdbc.internal.StatementPreparerImpl$StatementPreparationTemplate.prepareStatement(StatementPreparerImpl.java:186) ~[hibernate-core-4.3.11.Final.jar:4.3.11.Final]
	at org.hibernate.engine.jdbc.internal.StatementPreparerImpl.prepareQueryStatement(StatementPreparerImpl.java:160) ~[hibernate-core-4.3.11.Final.jar:4.3.11.Final]
	at org.hibernate.loader.Loader.prepareQueryStatement(Loader.java:1885) ~[hibernate-core-4.3.11.Final.jar:4.3.11.Final]
	at org.hibernate.loader.Loader.executeQueryStatement(Loader.java:1862) ~[hibernate-core-4.3.11.Final.jar:4.3.11.Final]
	at org.hibernate.loader.Loader.executeQueryStatement(Loader.java:1839) ~[hibernate-core-4.3.11.Final.jar:4.3.11.Final]
	at org.hibernate.loader.Loader.doQuery(Loader.java:910) ~[hibernate-core-4.3.11.Final.jar:4.3.11.Final]
	at org.hibernate.loader.Loader.doQueryAndInitializeNonLazyCollections(Loader.java:355) ~[hibernate-core-4.3.11.Final.jar:4.3.11.Final]
	at org.hibernate.loader.Loader.doList(Loader.java:2554) ~[hibernate-core-4.3.11.Final.jar:4.3.11.Final]
	at org.hibernate.loader.Loader.doList(Loader.java:2540) ~[hibernate-core-4.3.11.Final.jar:4.3.11.Final]
	at org.hibernate.loader.Loader.listIgnoreQueryCache(Loader.java:2370) ~[hibernate-core-4.3.11.Final.jar:4.3.11.Final]
	at org.hibernate.loader.Loader.list(Loader.java:2365) ~[hibernate-core-4.3.11.Final.jar:4.3.11.Final]
	at org.hibernate.loader.hql.QueryLoader.list(QueryLoader.java:497) ~[hibernate-core-4.3.11.Final.jar:4.3.11.Final]
	at org.hibernate.hql.internal.ast.QueryTranslatorImpl.list(QueryTranslatorImpl.java:387) ~[hibernate-core-4.3.11.Final.jar:4.3.11.Final]
	at org.hibernate.engine.query.spi.HQLQueryPlan.performList(HQLQueryPlan.java:236) ~[hibernate-core-4.3.11.Final.jar:4.3.11.Final]
	at org.hibernate.internal.SessionImpl.list(SessionImpl.java:1300) ~[hibernate-core-4.3.11.Final.jar:4.3.11.Final]
	at org.hibernate.internal.QueryImpl.list(QueryImpl.java:103) ~[hibernate-core-4.3.11.Final.jar:4.3.11.Final]
	at org.hibernate.jpa.internal.QueryImpl.list(QueryImpl.java:573) ~[hibernate-entitymanager-4.3.11.Final.jar:4.3.11.Final]
	at org.hibernate.jpa.internal.QueryImpl.getResultList(QueryImpl.java:449) ~[hibernate-entitymanager-4.3.11.Final.jar:4.3.11.Final]
	... 46 more
2017-08-25T00:13:49,627 [main] DEBUG dao.Impl.AbstractHibernateDAO - getAll
2017-08-25T00:13:50,097 [main] ERROR dao.Impl.AbstractHibernateDAO - org.hibernate.exception.GenericJDBCException: could not prepare statement
javax.persistence.PersistenceException: org.hibernate.exception.GenericJDBCException: could not prepare statement
	at org.hibernate.jpa.spi.AbstractEntityManagerImpl.convert(AbstractEntityManagerImpl.java:1763) ~[hibernate-entitymanager-4.3.11.Final.jar:4.3.11.Final]
	at org.hibernate.jpa.spi.AbstractEntityManagerImpl.convert(AbstractEntityManagerImpl.java:1677) ~[hibernate-entitymanager-4.3.11.Final.jar:4.3.11.Final]
	at org.hibernate.jpa.internal.QueryImpl.getResultList(QueryImpl.java:458) ~[hibernate-entitymanager-4.3.11.Final.jar:4.3.11.Final]
	at by.bsac.timetable.dao.Impl.AbstractHibernateDAO.getAll(AbstractHibernateDAO.java:69) [classes/:?]
	at sun.reflect.NativeMethodAccessorImpl.invoke0(Native Method) ~[?:1.8.0_112]
	at sun.reflect.NativeMethodAccessorImpl.invoke(NativeMethodAccessorImpl.java:62) ~[?:1.8.0_112]
	at sun.reflect.DelegatingMethodAccessorImpl.invoke(DelegatingMethodAccessorImpl.java:43) ~[?:1.8.0_112]
	at java.lang.reflect.Method.invoke(Method.java:498) ~[?:1.8.0_112]
	at org.springframework.aop.support.AopUtils.invokeJoinpointUsingReflection(AopUtils.java:333) [spring-aop-4.3.10.RELEASE.jar:4.3.10.RELEASE]
	at org.springframework.aop.framework.ReflectiveMethodInvocation.invokeJoinpoint(ReflectiveMethodInvocation.java:190) [spring-aop-4.3.10.RELEASE.jar:4.3.10.RELEASE]
	at org.springframework.aop.framework.ReflectiveMethodInvocation.proceed(ReflectiveMethodInvocation.java:157) [spring-aop-4.3.10.RELEASE.jar:4.3.10.RELEASE]
	at org.springframework.dao.support.PersistenceExceptionTranslationInterceptor.invoke(PersistenceExceptionTranslationInterceptor.java:136) [spring-tx-4.3.10.RELEASE.jar:4.3.10.RELEASE]
	at org.springframework.aop.framework.ReflectiveMethodInvocation.proceed(ReflectiveMethodInvocation.java:179) [spring-aop-4.3.10.RELEASE.jar:4.3.10.RELEASE]
	at org.springframework.transaction.interceptor.TransactionInterceptor$1.proceedWithInvocation(TransactionInterceptor.java:99) [spring-tx-4.3.10.RELEASE.jar:4.3.10.RELEASE]
	at org.springframework.transaction.interceptor.TransactionAspectSupport.invokeWithinTransaction(TransactionAspectSupport.java:282) [spring-tx-4.3.10.RELEASE.jar:4.3.10.RELEASE]
	at org.springframework.transaction.interceptor.TransactionInterceptor.invoke(TransactionInterceptor.java:96) [spring-tx-4.3.10.RELEASE.jar:4.3.10.RELEASE]
	at org.springframework.aop.framework.ReflectiveMethodInvocation.proceed(ReflectiveMethodInvocation.java:179) [spring-aop-4.3.10.RELEASE.jar:4.3.10.RELEASE]
	at org.springframework.aop.framework.JdkDynamicAopProxy.invoke(JdkDynamicAopProxy.java:213) [spring-aop-4.3.10.RELEASE.jar:4.3.10.RELEASE]
	at com.sun.proxy.$Proxy40.getAll(Unknown Source) [?:?]
	at dao.Impl.ChairDAOImplTest.test(ChairDAOImplTest.java:32) [test-classes/:?]
	at sun.reflect.NativeMethodAccessorImpl.invoke0(Native Method) ~[?:1.8.0_112]
	at sun.reflect.NativeMethodAccessorImpl.invoke(NativeMethodAccessorImpl.java:62) ~[?:1.8.0_112]
	at sun.reflect.DelegatingMethodAccessorImpl.invoke(DelegatingMethodAccessorImpl.java:43) ~[?:1.8.0_112]
	at java.lang.reflect.Method.invoke(Method.java:498) ~[?:1.8.0_112]
	at org.junit.runners.model.FrameworkMethod$1.runReflectiveCall(FrameworkMethod.java:50) [junit-4.12.jar:4.12]
	at org.junit.internal.runners.model.ReflectiveCallable.run(ReflectiveCallable.java:12) [junit-4.12.jar:4.12]
	at org.junit.runners.model.FrameworkMethod.invokeExplosively(FrameworkMethod.java:47) [junit-4.12.jar:4.12]
	at org.junit.internal.runners.statements.InvokeMethod.evaluate(InvokeMethod.java:17) [junit-4.12.jar:4.12]
	at org.springframework.test.context.junit4.statements.RunBeforeTestMethodCallbacks.evaluate(RunBeforeTestMethodCallbacks.java:75) [spring-test-4.3.10.RELEASE.jar:4.3.10.RELEASE]
	at org.springframework.test.context.junit4.statements.RunAfterTestMethodCallbacks.evaluate(RunAfterTestMethodCallbacks.java:86) [spring-test-4.3.10.RELEASE.jar:4.3.10.RELEASE]
	at org.springframework.test.context.junit4.statements.SpringRepeat.evaluate(SpringRepeat.java:84) [spring-test-4.3.10.RELEASE.jar:4.3.10.RELEASE]
	at org.junit.runners.ParentRunner.runLeaf(ParentRunner.java:325) [junit-4.12.jar:4.12]
	at org.springframework.test.context.junit4.SpringJUnit4ClassRunner.runChild(SpringJUnit4ClassRunner.java:252) [spring-test-4.3.10.RELEASE.jar:4.3.10.RELEASE]
	at org.springframework.test.context.junit4.SpringJUnit4ClassRunner.runChild(SpringJUnit4ClassRunner.java:94) [spring-test-4.3.10.RELEASE.jar:4.3.10.RELEASE]
	at org.junit.runners.ParentRunner$3.run(ParentRunner.java:290) [junit-4.12.jar:4.12]
	at org.junit.runners.ParentRunner$1.schedule(ParentRunner.java:71) [junit-4.12.jar:4.12]
	at org.junit.runners.ParentRunner.runChildren(ParentRunner.java:288) [junit-4.12.jar:4.12]
	at org.junit.runners.ParentRunner.access$000(ParentRunner.java:58) [junit-4.12.jar:4.12]
	at org.junit.runners.ParentRunner$2.evaluate(ParentRunner.java:268) [junit-4.12.jar:4.12]
	at org.springframework.test.context.junit4.statements.RunBeforeTestClassCallbacks.evaluate(RunBeforeTestClassCallbacks.java:61) [spring-test-4.3.10.RELEASE.jar:4.3.10.RELEASE]
	at org.springframework.test.context.junit4.statements.RunAfterTestClassCallbacks.evaluate(RunAfterTestClassCallbacks.java:70) [spring-test-4.3.10.RELEASE.jar:4.3.10.RELEASE]
	at org.junit.runners.ParentRunner.run(ParentRunner.java:363) [junit-4.12.jar:4.12]
	at org.springframework.test.context.junit4.SpringJUnit4ClassRunner.run(SpringJUnit4ClassRunner.java:191) [spring-test-4.3.10.RELEASE.jar:4.3.10.RELEASE]
	at org.eclipse.jdt.internal.junit4.runner.JUnit4TestReference.run(JUnit4TestReference.java:86) [.cp/:?]
	at org.eclipse.jdt.internal.junit.runner.TestExecution.run(TestExecution.java:38) [.cp/:?]
	at org.eclipse.jdt.internal.junit.runner.RemoteTestRunner.runTests(RemoteTestRunner.java:459) [.cp/:?]
	at org.eclipse.jdt.internal.junit.runner.RemoteTestRunner.runTests(RemoteTestRunner.java:678) [.cp/:?]
	at org.eclipse.jdt.internal.junit.runner.RemoteTestRunner.run(RemoteTestRunner.java:382) [.cp/:?]
	at org.eclipse.jdt.internal.junit.runner.RemoteTestRunner.main(RemoteTestRunner.java:192) [.cp/:?]
Caused by: org.hibernate.exception.GenericJDBCException: could not prepare statement
	at org.hibernate.exception.internal.StandardSQLExceptionConverter.convert(StandardSQLExceptionConverter.java:54) ~[hibernate-core-4.3.11.Final.jar:4.3.11.Final]
	at org.hibernate.engine.jdbc.spi.SqlExceptionHelper.convert(SqlExceptionHelper.java:126) ~[hibernate-core-4.3.11.Final.jar:4.3.11.Final]
	at org.hibernate.engine.jdbc.internal.StatementPreparerImpl$StatementPreparationTemplate.prepareStatement(StatementPreparerImpl.java:196) ~[hibernate-core-4.3.11.Final.jar:4.3.11.Final]
	at org.hibernate.engine.jdbc.internal.StatementPreparerImpl.prepareQueryStatement(StatementPreparerImpl.java:160) ~[hibernate-core-4.3.11.Final.jar:4.3.11.Final]
	at org.hibernate.loader.Loader.prepareQueryStatement(Loader.java:1885) ~[hibernate-core-4.3.11.Final.jar:4.3.11.Final]
	at org.hibernate.loader.Loader.executeQueryStatement(Loader.java:1862) ~[hibernate-core-4.3.11.Final.jar:4.3.11.Final]
	at org.hibernate.loader.Loader.executeQueryStatement(Loader.java:1839) ~[hibernate-core-4.3.11.Final.jar:4.3.11.Final]
	at org.hibernate.loader.Loader.doQuery(Loader.java:910) ~[hibernate-core-4.3.11.Final.jar:4.3.11.Final]
	at org.hibernate.loader.Loader.doQueryAndInitializeNonLazyCollections(Loader.java:355) ~[hibernate-core-4.3.11.Final.jar:4.3.11.Final]
	at org.hibernate.loader.Loader.doList(Loader.java:2554) ~[hibernate-core-4.3.11.Final.jar:4.3.11.Final]
	at org.hibernate.loader.Loader.doList(Loader.java:2540) ~[hibernate-core-4.3.11.Final.jar:4.3.11.Final]
	at org.hibernate.loader.Loader.listIgnoreQueryCache(Loader.java:2370) ~[hibernate-core-4.3.11.Final.jar:4.3.11.Final]
	at org.hibernate.loader.Loader.list(Loader.java:2365) ~[hibernate-core-4.3.11.Final.jar:4.3.11.Final]
	at org.hibernate.loader.hql.QueryLoader.list(QueryLoader.java:497) ~[hibernate-core-4.3.11.Final.jar:4.3.11.Final]
	at org.hibernate.hql.internal.ast.QueryTranslatorImpl.list(QueryTranslatorImpl.java:387) ~[hibernate-core-4.3.11.Final.jar:4.3.11.Final]
	at org.hibernate.engine.query.spi.HQLQueryPlan.performList(HQLQueryPlan.java:236) ~[hibernate-core-4.3.11.Final.jar:4.3.11.Final]
	at org.hibernate.internal.SessionImpl.list(SessionImpl.java:1300) ~[hibernate-core-4.3.11.Final.jar:4.3.11.Final]
	at org.hibernate.internal.QueryImpl.list(QueryImpl.java:103) ~[hibernate-core-4.3.11.Final.jar:4.3.11.Final]
	at org.hibernate.jpa.internal.QueryImpl.list(QueryImpl.java:573) ~[hibernate-entitymanager-4.3.11.Final.jar:4.3.11.Final]
	at org.hibernate.jpa.internal.QueryImpl.getResultList(QueryImpl.java:449) ~[hibernate-entitymanager-4.3.11.Final.jar:4.3.11.Final]
	... 46 more
Caused by: org.h2.jdbc.JdbcSQLException: Schema "TIMETABLE" not found; SQL statement:
select chair0_.id_chair as id_chair1_1_, chair0_.name_chair as name_cha2_1_ from timetable.timetable.chair chair0_ [90079-196]
	at org.h2.message.DbException.getJdbcSQLException(DbException.java:345) ~[h2-1.4.196.jar:1.4.196]
	at org.h2.message.DbException.get(DbException.java:179) ~[h2-1.4.196.jar:1.4.196]
	at org.h2.message.DbException.get(DbException.java:155) ~[h2-1.4.196.jar:1.4.196]
	at org.h2.command.Parser.getSchema(Parser.java:688) ~[h2-1.4.196.jar:1.4.196]
	at org.h2.command.Parser.getSchema(Parser.java:694) ~[h2-1.4.196.jar:1.4.196]
	at org.h2.command.Parser.readTableFilter(Parser.java:1224) ~[h2-1.4.196.jar:1.4.196]
	at org.h2.command.Parser.parseSelectSimpleFromPart(Parser.java:1946) ~[h2-1.4.196.jar:1.4.196]
	at org.h2.command.Parser.parseSelectSimple(Parser.java:2095) ~[h2-1.4.196.jar:1.4.196]
	at org.h2.command.Parser.parseSelectSub(Parser.java:1940) ~[h2-1.4.196.jar:1.4.196]
	at org.h2.command.Parser.parseSelectUnion(Parser.java:1755) ~[h2-1.4.196.jar:1.4.196]
	at org.h2.command.Parser.parseSelect(Parser.java:1743) ~[h2-1.4.196.jar:1.4.196]
	at org.h2.command.Parser.parsePrepared(Parser.java:449) ~[h2-1.4.196.jar:1.4.196]
	at org.h2.command.Parser.parse(Parser.java:321) ~[h2-1.4.196.jar:1.4.196]
	at org.h2.command.Parser.parse(Parser.java:293) ~[h2-1.4.196.jar:1.4.196]
	at org.h2.command.Parser.prepareCommand(Parser.java:258) ~[h2-1.4.196.jar:1.4.196]
	at org.h2.engine.Session.prepareLocal(Session.java:578) ~[h2-1.4.196.jar:1.4.196]
	at org.h2.engine.Session.prepareCommand(Session.java:519) ~[h2-1.4.196.jar:1.4.196]
	at org.h2.jdbc.JdbcConnection.prepareCommand(JdbcConnection.java:1204) ~[h2-1.4.196.jar:1.4.196]
	at org.h2.jdbc.JdbcPreparedStatement.<init>(JdbcPreparedStatement.java:73) ~[h2-1.4.196.jar:1.4.196]
	at org.h2.jdbc.JdbcConnection.prepareStatement(JdbcConnection.java:288) ~[h2-1.4.196.jar:1.4.196]
	at org.hibernate.engine.jdbc.internal.StatementPreparerImpl$5.doPrepare(StatementPreparerImpl.java:162) ~[hibernate-core-4.3.11.Final.jar:4.3.11.Final]
	at org.hibernate.engine.jdbc.internal.StatementPreparerImpl$StatementPreparationTemplate.prepareStatement(StatementPreparerImpl.java:186) ~[hibernate-core-4.3.11.Final.jar:4.3.11.Final]
	at org.hibernate.engine.jdbc.internal.StatementPreparerImpl.prepareQueryStatement(StatementPreparerImpl.java:160) ~[hibernate-core-4.3.11.Final.jar:4.3.11.Final]
	at org.hibernate.loader.Loader.prepareQueryStatement(Loader.java:1885) ~[hibernate-core-4.3.11.Final.jar:4.3.11.Final]
	at org.hibernate.loader.Loader.executeQueryStatement(Loader.java:1862) ~[hibernate-core-4.3.11.Final.jar:4.3.11.Final]
	at org.hibernate.loader.Loader.executeQueryStatement(Loader.java:1839) ~[hibernate-core-4.3.11.Final.jar:4.3.11.Final]
	at org.hibernate.loader.Loader.doQuery(Loader.java:910) ~[hibernate-core-4.3.11.Final.jar:4.3.11.Final]
	at org.hibernate.loader.Loader.doQueryAndInitializeNonLazyCollections(Loader.java:355) ~[hibernate-core-4.3.11.Final.jar:4.3.11.Final]
	at org.hibernate.loader.Loader.doList(Loader.java:2554) ~[hibernate-core-4.3.11.Final.jar:4.3.11.Final]
	at org.hibernate.loader.Loader.doList(Loader.java:2540) ~[hibernate-core-4.3.11.Final.jar:4.3.11.Final]
	at org.hibernate.loader.Loader.listIgnoreQueryCache(Loader.java:2370) ~[hibernate-core-4.3.11.Final.jar:4.3.11.Final]
	at org.hibernate.loader.Loader.list(Loader.java:2365) ~[hibernate-core-4.3.11.Final.jar:4.3.11.Final]
	at org.hibernate.loader.hql.QueryLoader.list(QueryLoader.java:497) ~[hibernate-core-4.3.11.Final.jar:4.3.11.Final]
	at org.hibernate.hql.internal.ast.QueryTranslatorImpl.list(QueryTranslatorImpl.java:387) ~[hibernate-core-4.3.11.Final.jar:4.3.11.Final]
	at org.hibernate.engine.query.spi.HQLQueryPlan.performList(HQLQueryPlan.java:236) ~[hibernate-core-4.3.11.Final.jar:4.3.11.Final]
	at org.hibernate.internal.SessionImpl.list(SessionImpl.java:1300) ~[hibernate-core-4.3.11.Final.jar:4.3.11.Final]
	at org.hibernate.internal.QueryImpl.list(QueryImpl.java:103) ~[hibernate-core-4.3.11.Final.jar:4.3.11.Final]
	at org.hibernate.jpa.internal.QueryImpl.list(QueryImpl.java:573) ~[hibernate-entitymanager-4.3.11.Final.jar:4.3.11.Final]
	at org.hibernate.jpa.internal.QueryImpl.getResultList(QueryImpl.java:449) ~[hibernate-entitymanager-4.3.11.Final.jar:4.3.11.Final]
	... 46 more
2017-08-25T00:16:15,648 [main] DEBUG dao.Impl.AbstractHibernateDAO - getAll
2017-08-25T00:16:15,884 [main] ERROR dao.Impl.AbstractHibernateDAO - org.hibernate.QueryException: unexpected char: ';' [show tables;]
java.lang.IllegalArgumentException: org.hibernate.QueryException: unexpected char: ';' [show tables;]
	at org.hibernate.jpa.spi.AbstractEntityManagerImpl.convert(AbstractEntityManagerImpl.java:1750) ~[hibernate-entitymanager-4.3.11.Final.jar:4.3.11.Final]
	at org.hibernate.jpa.spi.AbstractEntityManagerImpl.convert(AbstractEntityManagerImpl.java:1677) ~[hibernate-entitymanager-4.3.11.Final.jar:4.3.11.Final]
	at org.hibernate.jpa.spi.AbstractEntityManagerImpl.convert(AbstractEntityManagerImpl.java:1683) ~[hibernate-entitymanager-4.3.11.Final.jar:4.3.11.Final]
	at org.hibernate.jpa.spi.AbstractEntityManagerImpl.createQuery(AbstractEntityManagerImpl.java:331) ~[hibernate-entitymanager-4.3.11.Final.jar:4.3.11.Final]
	at sun.reflect.NativeMethodAccessorImpl.invoke0(Native Method) ~[?:1.8.0_112]
	at sun.reflect.NativeMethodAccessorImpl.invoke(NativeMethodAccessorImpl.java:62) ~[?:1.8.0_112]
	at sun.reflect.DelegatingMethodAccessorImpl.invoke(DelegatingMethodAccessorImpl.java:43) ~[?:1.8.0_112]
	at java.lang.reflect.Method.invoke(Method.java:498) ~[?:1.8.0_112]
	at org.springframework.orm.jpa.SharedEntityManagerCreator$SharedEntityManagerInvocationHandler.invoke(SharedEntityManagerCreator.java:298) ~[spring-orm-4.3.10.RELEASE.jar:4.3.10.RELEASE]
	at com.sun.proxy.$Proxy39.createQuery(Unknown Source) ~[?:?]
	at by.bsac.timetable.dao.Impl.AbstractHibernateDAO.getAll(AbstractHibernateDAO.java:69) [classes/:?]
	at sun.reflect.NativeMethodAccessorImpl.invoke0(Native Method) ~[?:1.8.0_112]
	at sun.reflect.NativeMethodAccessorImpl.invoke(NativeMethodAccessorImpl.java:62) ~[?:1.8.0_112]
	at sun.reflect.DelegatingMethodAccessorImpl.invoke(DelegatingMethodAccessorImpl.java:43) ~[?:1.8.0_112]
	at java.lang.reflect.Method.invoke(Method.java:498) ~[?:1.8.0_112]
	at org.springframework.aop.support.AopUtils.invokeJoinpointUsingReflection(AopUtils.java:333) [spring-aop-4.3.10.RELEASE.jar:4.3.10.RELEASE]
	at org.springframework.aop.framework.ReflectiveMethodInvocation.invokeJoinpoint(ReflectiveMethodInvocation.java:190) [spring-aop-4.3.10.RELEASE.jar:4.3.10.RELEASE]
	at org.springframework.aop.framework.ReflectiveMethodInvocation.proceed(ReflectiveMethodInvocation.java:157) [spring-aop-4.3.10.RELEASE.jar:4.3.10.RELEASE]
	at org.springframework.dao.support.PersistenceExceptionTranslationInterceptor.invoke(PersistenceExceptionTranslationInterceptor.java:136) [spring-tx-4.3.10.RELEASE.jar:4.3.10.RELEASE]
	at org.springframework.aop.framework.ReflectiveMethodInvocation.proceed(ReflectiveMethodInvocation.java:179) [spring-aop-4.3.10.RELEASE.jar:4.3.10.RELEASE]
	at org.springframework.transaction.interceptor.TransactionInterceptor$1.proceedWithInvocation(TransactionInterceptor.java:99) [spring-tx-4.3.10.RELEASE.jar:4.3.10.RELEASE]
	at org.springframework.transaction.interceptor.TransactionAspectSupport.invokeWithinTransaction(TransactionAspectSupport.java:282) [spring-tx-4.3.10.RELEASE.jar:4.3.10.RELEASE]
	at org.springframework.transaction.interceptor.TransactionInterceptor.invoke(TransactionInterceptor.java:96) [spring-tx-4.3.10.RELEASE.jar:4.3.10.RELEASE]
	at org.springframework.aop.framework.ReflectiveMethodInvocation.proceed(ReflectiveMethodInvocation.java:179) [spring-aop-4.3.10.RELEASE.jar:4.3.10.RELEASE]
	at org.springframework.aop.framework.JdkDynamicAopProxy.invoke(JdkDynamicAopProxy.java:213) [spring-aop-4.3.10.RELEASE.jar:4.3.10.RELEASE]
	at com.sun.proxy.$Proxy41.getAll(Unknown Source) [?:?]
	at dao.Impl.ChairDAOImplTest.test(ChairDAOImplTest.java:32) [test-classes/:?]
	at sun.reflect.NativeMethodAccessorImpl.invoke0(Native Method) ~[?:1.8.0_112]
	at sun.reflect.NativeMethodAccessorImpl.invoke(NativeMethodAccessorImpl.java:62) ~[?:1.8.0_112]
	at sun.reflect.DelegatingMethodAccessorImpl.invoke(DelegatingMethodAccessorImpl.java:43) ~[?:1.8.0_112]
	at java.lang.reflect.Method.invoke(Method.java:498) ~[?:1.8.0_112]
	at org.junit.runners.model.FrameworkMethod$1.runReflectiveCall(FrameworkMethod.java:50) [junit-4.12.jar:4.12]
	at org.junit.internal.runners.model.ReflectiveCallable.run(ReflectiveCallable.java:12) [junit-4.12.jar:4.12]
	at org.junit.runners.model.FrameworkMethod.invokeExplosively(FrameworkMethod.java:47) [junit-4.12.jar:4.12]
	at org.junit.internal.runners.statements.InvokeMethod.evaluate(InvokeMethod.java:17) [junit-4.12.jar:4.12]
	at org.springframework.test.context.junit4.statements.RunBeforeTestMethodCallbacks.evaluate(RunBeforeTestMethodCallbacks.java:75) [spring-test-4.3.10.RELEASE.jar:4.3.10.RELEASE]
	at org.springframework.test.context.junit4.statements.RunAfterTestMethodCallbacks.evaluate(RunAfterTestMethodCallbacks.java:86) [spring-test-4.3.10.RELEASE.jar:4.3.10.RELEASE]
	at org.springframework.test.context.junit4.statements.SpringRepeat.evaluate(SpringRepeat.java:84) [spring-test-4.3.10.RELEASE.jar:4.3.10.RELEASE]
	at org.junit.runners.ParentRunner.runLeaf(ParentRunner.java:325) [junit-4.12.jar:4.12]
	at org.springframework.test.context.junit4.SpringJUnit4ClassRunner.runChild(SpringJUnit4ClassRunner.java:252) [spring-test-4.3.10.RELEASE.jar:4.3.10.RELEASE]
	at org.springframework.test.context.junit4.SpringJUnit4ClassRunner.runChild(SpringJUnit4ClassRunner.java:94) [spring-test-4.3.10.RELEASE.jar:4.3.10.RELEASE]
	at org.junit.runners.ParentRunner$3.run(ParentRunner.java:290) [junit-4.12.jar:4.12]
	at org.junit.runners.ParentRunner$1.schedule(ParentRunner.java:71) [junit-4.12.jar:4.12]
	at org.junit.runners.ParentRunner.runChildren(ParentRunner.java:288) [junit-4.12.jar:4.12]
	at org.junit.runners.ParentRunner.access$000(ParentRunner.java:58) [junit-4.12.jar:4.12]
	at org.junit.runners.ParentRunner$2.evaluate(ParentRunner.java:268) [junit-4.12.jar:4.12]
	at org.springframework.test.context.junit4.statements.RunBeforeTestClassCallbacks.evaluate(RunBeforeTestClassCallbacks.java:61) [spring-test-4.3.10.RELEASE.jar:4.3.10.RELEASE]
	at org.springframework.test.context.junit4.statements.RunAfterTestClassCallbacks.evaluate(RunAfterTestClassCallbacks.java:70) [spring-test-4.3.10.RELEASE.jar:4.3.10.RELEASE]
	at org.junit.runners.ParentRunner.run(ParentRunner.java:363) [junit-4.12.jar:4.12]
	at org.springframework.test.context.junit4.SpringJUnit4ClassRunner.run(SpringJUnit4ClassRunner.java:191) [spring-test-4.3.10.RELEASE.jar:4.3.10.RELEASE]
	at org.eclipse.jdt.internal.junit4.runner.JUnit4TestReference.run(JUnit4TestReference.java:86) [.cp/:?]
	at org.eclipse.jdt.internal.junit.runner.TestExecution.run(TestExecution.java:38) [.cp/:?]
	at org.eclipse.jdt.internal.junit.runner.RemoteTestRunner.runTests(RemoteTestRunner.java:459) [.cp/:?]
	at org.eclipse.jdt.internal.junit.runner.RemoteTestRunner.runTests(RemoteTestRunner.java:678) [.cp/:?]
	at org.eclipse.jdt.internal.junit.runner.RemoteTestRunner.run(RemoteTestRunner.java:382) [.cp/:?]
	at org.eclipse.jdt.internal.junit.runner.RemoteTestRunner.main(RemoteTestRunner.java:192) [.cp/:?]
Caused by: org.hibernate.QueryException: unexpected char: ';' [show tables;]
	at org.hibernate.hql.internal.ast.QueryTranslatorImpl.doCompile(QueryTranslatorImpl.java:250) ~[hibernate-core-4.3.11.Final.jar:4.3.11.Final]
	at org.hibernate.hql.internal.ast.QueryTranslatorImpl.compile(QueryTranslatorImpl.java:158) ~[hibernate-core-4.3.11.Final.jar:4.3.11.Final]
	at org.hibernate.engine.query.spi.HQLQueryPlan.<init>(HQLQueryPlan.java:131) ~[hibernate-core-4.3.11.Final.jar:4.3.11.Final]
	at org.hibernate.engine.query.spi.HQLQueryPlan.<init>(HQLQueryPlan.java:93) ~[hibernate-core-4.3.11.Final.jar:4.3.11.Final]
	at org.hibernate.engine.query.spi.QueryPlanCache.getHQLQueryPlan(QueryPlanCache.java:167) ~[hibernate-core-4.3.11.Final.jar:4.3.11.Final]
	at org.hibernate.internal.AbstractSessionImpl.getHQLQueryPlan(AbstractSessionImpl.java:301) ~[hibernate-core-4.3.11.Final.jar:4.3.11.Final]
	at org.hibernate.internal.AbstractSessionImpl.createQuery(AbstractSessionImpl.java:236) ~[hibernate-core-4.3.11.Final.jar:4.3.11.Final]
	at org.hibernate.internal.SessionImpl.createQuery(SessionImpl.java:1836) ~[hibernate-core-4.3.11.Final.jar:4.3.11.Final]
	at org.hibernate.jpa.spi.AbstractEntityManagerImpl.createQuery(AbstractEntityManagerImpl.java:328) ~[hibernate-entitymanager-4.3.11.Final.jar:4.3.11.Final]
	... 52 more
2017-08-25T00:16:42,137 [main] DEBUG dao.Impl.AbstractHibernateDAO - getAll
2017-08-25T00:16:42,310 [main] ERROR dao.Impl.AbstractHibernateDAO - node to traverse cannot be null!
java.lang.IllegalArgumentException: node to traverse cannot be null!
	at org.hibernate.hql.internal.ast.util.NodeTraverser.traverseDepthFirst(NodeTraverser.java:64) ~[hibernate-core-4.3.11.Final.jar:4.3.11.Final]
	at org.hibernate.hql.internal.ast.QueryTranslatorImpl.parse(QueryTranslatorImpl.java:300) ~[hibernate-core-4.3.11.Final.jar:4.3.11.Final]
	at org.hibernate.hql.internal.ast.QueryTranslatorImpl.doCompile(QueryTranslatorImpl.java:203) ~[hibernate-core-4.3.11.Final.jar:4.3.11.Final]
	at org.hibernate.hql.internal.ast.QueryTranslatorImpl.compile(QueryTranslatorImpl.java:158) ~[hibernate-core-4.3.11.Final.jar:4.3.11.Final]
	at org.hibernate.engine.query.spi.HQLQueryPlan.<init>(HQLQueryPlan.java:131) ~[hibernate-core-4.3.11.Final.jar:4.3.11.Final]
	at org.hibernate.engine.query.spi.HQLQueryPlan.<init>(HQLQueryPlan.java:93) ~[hibernate-core-4.3.11.Final.jar:4.3.11.Final]
	at org.hibernate.engine.query.spi.QueryPlanCache.getHQLQueryPlan(QueryPlanCache.java:167) ~[hibernate-core-4.3.11.Final.jar:4.3.11.Final]
	at org.hibernate.internal.AbstractSessionImpl.getHQLQueryPlan(AbstractSessionImpl.java:301) ~[hibernate-core-4.3.11.Final.jar:4.3.11.Final]
	at org.hibernate.internal.AbstractSessionImpl.createQuery(AbstractSessionImpl.java:236) ~[hibernate-core-4.3.11.Final.jar:4.3.11.Final]
	at org.hibernate.internal.SessionImpl.createQuery(SessionImpl.java:1836) ~[hibernate-core-4.3.11.Final.jar:4.3.11.Final]
	at org.hibernate.jpa.spi.AbstractEntityManagerImpl.createQuery(AbstractEntityManagerImpl.java:328) ~[hibernate-entitymanager-4.3.11.Final.jar:4.3.11.Final]
	at sun.reflect.NativeMethodAccessorImpl.invoke0(Native Method) ~[?:1.8.0_112]
	at sun.reflect.NativeMethodAccessorImpl.invoke(NativeMethodAccessorImpl.java:62) ~[?:1.8.0_112]
	at sun.reflect.DelegatingMethodAccessorImpl.invoke(DelegatingMethodAccessorImpl.java:43) ~[?:1.8.0_112]
	at java.lang.reflect.Method.invoke(Method.java:498) ~[?:1.8.0_112]
	at org.springframework.orm.jpa.SharedEntityManagerCreator$SharedEntityManagerInvocationHandler.invoke(SharedEntityManagerCreator.java:298) ~[spring-orm-4.3.10.RELEASE.jar:4.3.10.RELEASE]
	at com.sun.proxy.$Proxy39.createQuery(Unknown Source) ~[?:?]
	at by.bsac.timetable.dao.Impl.AbstractHibernateDAO.getAll(AbstractHibernateDAO.java:69) [classes/:?]
	at sun.reflect.NativeMethodAccessorImpl.invoke0(Native Method) ~[?:1.8.0_112]
	at sun.reflect.NativeMethodAccessorImpl.invoke(NativeMethodAccessorImpl.java:62) ~[?:1.8.0_112]
	at sun.reflect.DelegatingMethodAccessorImpl.invoke(DelegatingMethodAccessorImpl.java:43) ~[?:1.8.0_112]
	at java.lang.reflect.Method.invoke(Method.java:498) ~[?:1.8.0_112]
	at org.springframework.aop.support.AopUtils.invokeJoinpointUsingReflection(AopUtils.java:333) [spring-aop-4.3.10.RELEASE.jar:4.3.10.RELEASE]
	at org.springframework.aop.framework.ReflectiveMethodInvocation.invokeJoinpoint(ReflectiveMethodInvocation.java:190) [spring-aop-4.3.10.RELEASE.jar:4.3.10.RELEASE]
	at org.springframework.aop.framework.ReflectiveMethodInvocation.proceed(ReflectiveMethodInvocation.java:157) [spring-aop-4.3.10.RELEASE.jar:4.3.10.RELEASE]
	at org.springframework.dao.support.PersistenceExceptionTranslationInterceptor.invoke(PersistenceExceptionTranslationInterceptor.java:136) [spring-tx-4.3.10.RELEASE.jar:4.3.10.RELEASE]
	at org.springframework.aop.framework.ReflectiveMethodInvocation.proceed(ReflectiveMethodInvocation.java:179) [spring-aop-4.3.10.RELEASE.jar:4.3.10.RELEASE]
	at org.springframework.transaction.interceptor.TransactionInterceptor$1.proceedWithInvocation(TransactionInterceptor.java:99) [spring-tx-4.3.10.RELEASE.jar:4.3.10.RELEASE]
	at org.springframework.transaction.interceptor.TransactionAspectSupport.invokeWithinTransaction(TransactionAspectSupport.java:282) [spring-tx-4.3.10.RELEASE.jar:4.3.10.RELEASE]
	at org.springframework.transaction.interceptor.TransactionInterceptor.invoke(TransactionInterceptor.java:96) [spring-tx-4.3.10.RELEASE.jar:4.3.10.RELEASE]
	at org.springframework.aop.framework.ReflectiveMethodInvocation.proceed(ReflectiveMethodInvocation.java:179) [spring-aop-4.3.10.RELEASE.jar:4.3.10.RELEASE]
	at org.springframework.aop.framework.JdkDynamicAopProxy.invoke(JdkDynamicAopProxy.java:213) [spring-aop-4.3.10.RELEASE.jar:4.3.10.RELEASE]
	at com.sun.proxy.$Proxy41.getAll(Unknown Source) [?:?]
	at dao.Impl.ChairDAOImplTest.test(ChairDAOImplTest.java:32) [test-classes/:?]
	at sun.reflect.NativeMethodAccessorImpl.invoke0(Native Method) ~[?:1.8.0_112]
	at sun.reflect.NativeMethodAccessorImpl.invoke(NativeMethodAccessorImpl.java:62) ~[?:1.8.0_112]
	at sun.reflect.DelegatingMethodAccessorImpl.invoke(DelegatingMethodAccessorImpl.java:43) ~[?:1.8.0_112]
	at java.lang.reflect.Method.invoke(Method.java:498) ~[?:1.8.0_112]
	at org.junit.runners.model.FrameworkMethod$1.runReflectiveCall(FrameworkMethod.java:50) [junit-4.12.jar:4.12]
	at org.junit.internal.runners.model.ReflectiveCallable.run(ReflectiveCallable.java:12) [junit-4.12.jar:4.12]
	at org.junit.runners.model.FrameworkMethod.invokeExplosively(FrameworkMethod.java:47) [junit-4.12.jar:4.12]
	at org.junit.internal.runners.statements.InvokeMethod.evaluate(InvokeMethod.java:17) [junit-4.12.jar:4.12]
	at org.springframework.test.context.junit4.statements.RunBeforeTestMethodCallbacks.evaluate(RunBeforeTestMethodCallbacks.java:75) [spring-test-4.3.10.RELEASE.jar:4.3.10.RELEASE]
	at org.springframework.test.context.junit4.statements.RunAfterTestMethodCallbacks.evaluate(RunAfterTestMethodCallbacks.java:86) [spring-test-4.3.10.RELEASE.jar:4.3.10.RELEASE]
	at org.springframework.test.context.junit4.statements.SpringRepeat.evaluate(SpringRepeat.java:84) [spring-test-4.3.10.RELEASE.jar:4.3.10.RELEASE]
	at org.junit.runners.ParentRunner.runLeaf(ParentRunner.java:325) [junit-4.12.jar:4.12]
	at org.springframework.test.context.junit4.SpringJUnit4ClassRunner.runChild(SpringJUnit4ClassRunner.java:252) [spring-test-4.3.10.RELEASE.jar:4.3.10.RELEASE]
	at org.springframework.test.context.junit4.SpringJUnit4ClassRunner.runChild(SpringJUnit4ClassRunner.java:94) [spring-test-4.3.10.RELEASE.jar:4.3.10.RELEASE]
	at org.junit.runners.ParentRunner$3.run(ParentRunner.java:290) [junit-4.12.jar:4.12]
	at org.junit.runners.ParentRunner$1.schedule(ParentRunner.java:71) [junit-4.12.jar:4.12]
	at org.junit.runners.ParentRunner.runChildren(ParentRunner.java:288) [junit-4.12.jar:4.12]
	at org.junit.runners.ParentRunner.access$000(ParentRunner.java:58) [junit-4.12.jar:4.12]
	at org.junit.runners.ParentRunner$2.evaluate(ParentRunner.java:268) [junit-4.12.jar:4.12]
	at org.springframework.test.context.junit4.statements.RunBeforeTestClassCallbacks.evaluate(RunBeforeTestClassCallbacks.java:61) [spring-test-4.3.10.RELEASE.jar:4.3.10.RELEASE]
	at org.springframework.test.context.junit4.statements.RunAfterTestClassCallbacks.evaluate(RunAfterTestClassCallbacks.java:70) [spring-test-4.3.10.RELEASE.jar:4.3.10.RELEASE]
	at org.junit.runners.ParentRunner.run(ParentRunner.java:363) [junit-4.12.jar:4.12]
	at org.springframework.test.context.junit4.SpringJUnit4ClassRunner.run(SpringJUnit4ClassRunner.java:191) [spring-test-4.3.10.RELEASE.jar:4.3.10.RELEASE]
	at org.eclipse.jdt.internal.junit4.runner.JUnit4TestReference.run(JUnit4TestReference.java:86) [.cp/:?]
	at org.eclipse.jdt.internal.junit.runner.TestExecution.run(TestExecution.java:38) [.cp/:?]
	at org.eclipse.jdt.internal.junit.runner.RemoteTestRunner.runTests(RemoteTestRunner.java:459) [.cp/:?]
	at org.eclipse.jdt.internal.junit.runner.RemoteTestRunner.runTests(RemoteTestRunner.java:678) [.cp/:?]
	at org.eclipse.jdt.internal.junit.runner.RemoteTestRunner.run(RemoteTestRunner.java:382) [.cp/:?]
	at org.eclipse.jdt.internal.junit.runner.RemoteTestRunner.main(RemoteTestRunner.java:192) [.cp/:?]
