2017-09-13T12:51:56,150 [AWT-EventQueue-0] INFO timetable.listener.AppListener - getFlowList
2017-09-13T12:51:56,197 [AWT-EventQueue-0] INFO timetable.listener.AppListener - getFlowListByName
2017-09-13T12:51:56,197 [AWT-EventQueue-0] INFO timetable.listener.AppListener - addGroup
2017-09-13T12:51:56,197 [AWT-EventQueue-0] INFO timetable.listener.AppListener - updateGroup
2017-09-13T12:51:56,197 [AWT-EventQueue-0] INFO timetable.listener.AppListener - deleteGroup
2017-09-13T12:51:56,197 [AWT-EventQueue-0] INFO timetable.listener.AppListener - getGroupListByFlow
2017-09-13T12:51:56,197 [AWT-EventQueue-0] INFO timetable.listener.AppListener - getGroupListByFacultyAndEduLevel
2017-09-13T12:51:56,197 [AWT-EventQueue-0] INFO timetable.listener.AppListener - getGroupListByName
2017-09-13T12:51:56,197 [AWT-EventQueue-0] INFO timetable.listener.AppListener - addLecturer
2017-09-13T12:51:56,197 [AWT-EventQueue-0] INFO timetable.listener.AppListener - updateLecturer
2017-09-13T12:51:56,197 [AWT-EventQueue-0] INFO timetable.listener.AppListener - deleteLecturer
2017-09-13T12:51:56,197 [AWT-EventQueue-0] INFO timetable.listener.AppListener - changeLecturer
2017-09-13T12:51:56,197 [AWT-EventQueue-0] INFO timetable.listener.AppListener - getLecturerList
2017-09-13T12:51:56,197 [AWT-EventQueue-0] INFO timetable.listener.AppListener - getLecturerListByChair
2017-09-13T12:51:56,197 [AWT-EventQueue-0] INFO timetable.listener.AppListener - getLecturerListByName
2017-09-13T12:51:56,197 [AWT-EventQueue-0] INFO timetable.listener.AppListener - addSubject
2017-09-13T12:51:56,197 [AWT-EventQueue-0] INFO timetable.listener.AppListener - updateSubject
2017-09-13T12:51:56,197 [AWT-EventQueue-0] INFO timetable.listener.AppListener - deleteSubject
2017-09-13T12:51:56,197 [AWT-EventQueue-0] INFO timetable.listener.AppListener - getSubjectListByChairAndEduLevel
2017-09-13T12:51:56,197 [AWT-EventQueue-0] INFO timetable.listener.AppListener - GetSubjectListByName
2017-09-13T12:51:56,197 [AWT-EventQueue-0] INFO timetable.listener.AppListener - commandStore
2017-09-13T12:51:56,197 [AWT-EventQueue-0] INFO timetable.listener.AppListener - org.springframework.beans.factory.config.PropertyPlaceholderConfigurer#0
2017-09-13T12:51:56,197 [AWT-EventQueue-0] INFO timetable.listener.AppListener - dataSource
2017-09-13T12:51:56,197 [AWT-EventQueue-0] INFO timetable.listener.AppListener - myEmf
2017-09-13T12:51:56,197 [AWT-EventQueue-0] INFO timetable.listener.AppListener - org.springframework.transaction.config.internalTransactionalEventListenerFactory
2017-09-13T12:51:56,197 [AWT-EventQueue-0] INFO timetable.listener.AppListener - org.springframework.aop.config.internalAutoProxyCreator
2017-09-13T12:51:56,197 [AWT-EventQueue-0] INFO timetable.listener.AppListener - org.springframework.transaction.annotation.AnnotationTransactionAttributeSource#0
2017-09-13T12:51:56,197 [AWT-EventQueue-0] INFO timetable.listener.AppListener - org.springframework.transaction.interceptor.TransactionInterceptor#0
2017-09-13T12:51:56,197 [AWT-EventQueue-0] INFO timetable.listener.AppListener - org.springframework.transaction.config.internalTransactionAdvisor
2017-09-13T12:51:56,197 [AWT-EventQueue-0] INFO timetable.listener.AppListener - transactionManager
2017-09-13T12:51:56,197 [AWT-EventQueue-0] INFO timetable.listener.AppListener - persistenceExceptionTranslationPostProcessor
2017-09-13T12:51:56,197 [AWT-EventQueue-0] INFO timetable.listener.AppListener - org.springframework.context.annotation.internalConfigurationAnnotationProcessor
2017-09-13T12:51:56,197 [AWT-EventQueue-0] INFO timetable.listener.AppListener - org.springframework.context.annotation.internalAutowiredAnnotationProcessor
2017-09-13T12:51:56,197 [AWT-EventQueue-0] INFO timetable.listener.AppListener - org.springframework.context.annotation.internalRequiredAnnotationProcessor
2017-09-13T12:51:56,197 [AWT-EventQueue-0] INFO timetable.listener.AppListener - org.springframework.context.annotation.internalCommonAnnotationProcessor
2017-09-13T12:51:56,197 [AWT-EventQueue-0] INFO timetable.listener.AppListener - org.springframework.context.annotation.internalPersistenceAnnotationProcessor
2017-09-13T12:51:56,197 [AWT-EventQueue-0] INFO timetable.listener.AppListener - org.springframework.context.event.internalEventListenerProcessor
2017-09-13T12:51:56,197 [AWT-EventQueue-0] INFO timetable.listener.AppListener - org.springframework.context.event.internalEventListenerFactory
2017-09-13T12:51:56,197 [AWT-EventQueue-0] INFO timetable.listener.AppListener - getRecordListByGroupAndReferenceDate
2017-09-13T12:51:56,197 [AWT-EventQueue-0] INFO timetable.listener.AppListener - getSubjectListByName
2017-09-13T12:51:56,197 [AWT-EventQueue-0] INFO timetable.listener.AppListener - chairServiceImpl
2017-09-13T12:51:56,197 [AWT-EventQueue-0] INFO timetable.listener.AppListener - classroomServiceImpl
2017-09-13T12:51:56,197 [AWT-EventQueue-0] INFO timetable.listener.AppListener - facultyServiceImpl
2017-09-13T12:51:56,197 [AWT-EventQueue-0] INFO timetable.listener.AppListener - flowServiceImpl
2017-09-13T12:51:56,197 [AWT-EventQueue-0] INFO timetable.listener.AppListener - groupServiceImpl
2017-09-13T12:51:56,197 [AWT-EventQueue-0] INFO timetable.listener.AppListener - lecturerServiceImpl
2017-09-13T12:51:56,212 [AWT-EventQueue-0] INFO timetable.listener.AppListener - recordServiceImpl
2017-09-13T12:51:56,212 [AWT-EventQueue-0] INFO timetable.listener.AppListener - subjectServiceImpl
2017-09-13T12:51:56,212 [AWT-EventQueue-0] INFO timetable.listener.AppListener - validationServiceImpl
2017-09-13T12:51:56,212 [AWT-EventQueue-0] INFO timetable.listener.AppListener - cancellationDAOImpl
2017-09-13T12:51:56,212 [AWT-EventQueue-0] INFO timetable.listener.AppListener - chairDAOImpl
2017-09-13T12:51:56,212 [AWT-EventQueue-0] INFO timetable.listener.AppListener - classroomDAOImpl
2017-09-13T12:51:56,212 [AWT-EventQueue-0] INFO timetable.listener.AppListener - facultyDAOImpl
2017-09-13T12:51:56,212 [AWT-EventQueue-0] INFO timetable.listener.AppListener - flowDAOImpl
2017-09-13T12:51:56,212 [AWT-EventQueue-0] INFO timetable.listener.AppListener - groupDAOImpl
2017-09-13T12:51:56,212 [AWT-EventQueue-0] INFO timetable.listener.AppListener - lecturerDAOImpl
2017-09-13T12:51:56,212 [AWT-EventQueue-0] INFO timetable.listener.AppListener - recordDAOImpl
2017-09-13T12:51:56,212 [AWT-EventQueue-0] INFO timetable.listener.AppListener - subjectDAOImpl
2017-09-13T12:51:59,525 [AWT-EventQueue-0] DEBUG dao.impl.AbstractHibernateDAO - getAll
2017-09-13T12:52:00,154 [AWT-EventQueue-0] DEBUG dao.impl.GroupDAOImpl - getGroupListByFacultyAndEduLevel: faculty= Faculty [idFaculty=5, nameFaculty=Факультет довузовской подготовки], eduLevel= 1]
2017-09-13T12:52:02,497 [AWT-EventQueue-0] DEBUG dao.impl.GroupDAOImpl - getGroupListByFacultyAndEduLevel: faculty= Faculty [idFaculty=1, nameFaculty=Факультет электросвязи], eduLevel= 1]
2017-09-13T12:52:04,015 [AWT-EventQueue-0] DEBUG dao.impl.RecordDAOImpl - getRecordListByGroupAndDate: group=Group [idGroup=1, faculty=Faculty [idFaculty=1, nameFaculty=Факультет электросвязи], flow=Flow [idFlow=1, name=СТиСП441-442], nameGroup=СТ441, eduLevel=1], dateFrom=Mon Aug 28 00:00:00 MSK 2017,dateTo=Sun Sep 24 00:00:00 MSK 2017
2017-09-13T12:52:08,440 [AWT-EventQueue-0] DEBUG dao.impl.RecordDAOImpl - getRecordListByGroupAndDate: group=Group [idGroup=4, faculty=Faculty [idFaculty=1, nameFaculty=Факультет электросвязи], flow=Flow [idFlow=1, name=СТиСП441-442], nameGroup=СП442, eduLevel=1], dateFrom=Mon Aug 28 00:00:00 MSK 2017,dateTo=Sun Sep 24 00:00:00 MSK 2017
2017-09-13T12:52:11,423 [AWT-EventQueue-0] DEBUG dao.impl.RecordDAOImpl - getRecordListByGroupAndDate: group=Group [idGroup=2, faculty=Faculty [idFaculty=1, nameFaculty=Факультет электросвязи], flow=Flow [idFlow=1, name=СТиСП441-442], nameGroup=СТ442, eduLevel=1], dateFrom=Mon Aug 28 00:00:00 MSK 2017,dateTo=Sun Sep 24 00:00:00 MSK 2017
2017-09-13T12:52:13,778 [AWT-EventQueue-0] DEBUG dao.impl.RecordDAOImpl - getRecordListByGroupAndDate: group=Group [idGroup=3, faculty=Faculty [idFaculty=1, nameFaculty=Факультет электросвязи], flow=Flow [idFlow=1, name=СТиСП441-442], nameGroup=СП441, eduLevel=1], dateFrom=Mon Aug 28 00:00:00 MSK 2017,dateTo=Sun Sep 24 00:00:00 MSK 2017
2017-09-13T12:52:16,083 [AWT-EventQueue-0] DEBUG dao.impl.RecordDAOImpl - getRecordListByGroupAndDate: group=Group [idGroup=1, faculty=Faculty [idFaculty=1, nameFaculty=Факультет электросвязи], flow=Flow [idFlow=1, name=СТиСП441-442], nameGroup=СТ441, eduLevel=1], dateFrom=Mon Aug 28 00:00:00 MSK 2017,dateTo=Sun Sep 24 00:00:00 MSK 2017
2017-09-13T12:52:18,944 [AWT-EventQueue-0] DEBUG dao.impl.AbstractHibernateDAO - getAll
2017-09-13T12:52:19,003 [AWT-EventQueue-0] ERROR timetable.view.MainForm - by.bsac.timetable.service.exception.ServiceValidationException: wrong educationLevel value: 3
by.bsac.timetable.command.exception.CommandException: Ошибка при инициализации: Приложение завершилось с ошибкойby.bsac.timetable.service.exception.ServiceValidationException: wrong educationLevel value: 3
	at by.bsac.timetable.view.util.FormInitializer.initMainForm(FormInitializer.java:70) ~[classes/:?]
	at by.bsac.timetable.view.MainForm.showWindow(MainForm.java:360) [classes/:?]
	at by.bsac.timetable.view.MainForm.access$0(MainForm.java:353) [classes/:?]
	at by.bsac.timetable.view.MainForm$2.actionPerformed(MainForm.java:155) [classes/:?]
	at javax.swing.AbstractButton.fireActionPerformed(Unknown Source) [?:1.8.0_131]
	at javax.swing.AbstractButton$Handler.actionPerformed(Unknown Source) [?:1.8.0_131]
	at javax.swing.DefaultButtonModel.fireActionPerformed(Unknown Source) [?:1.8.0_131]
	at javax.swing.DefaultButtonModel.setPressed(Unknown Source) [?:1.8.0_131]
	at javax.swing.AbstractButton.doClick(Unknown Source) [?:1.8.0_131]
	at javax.swing.plaf.basic.BasicMenuItemUI.doClick(Unknown Source) [?:1.8.0_131]
	at javax.swing.plaf.basic.BasicMenuItemUI$Handler.mouseReleased(Unknown Source) [?:1.8.0_131]
	at java.awt.Component.processMouseEvent(Unknown Source) [?:1.8.0_131]
	at javax.swing.JComponent.processMouseEvent(Unknown Source) [?:1.8.0_131]
	at java.awt.Component.processEvent(Unknown Source) [?:1.8.0_131]
	at java.awt.Container.processEvent(Unknown Source) [?:1.8.0_131]
	at java.awt.Component.dispatchEventImpl(Unknown Source) [?:1.8.0_131]
	at java.awt.Container.dispatchEventImpl(Unknown Source) [?:1.8.0_131]
	at java.awt.Component.dispatchEvent(Unknown Source) [?:1.8.0_131]
	at java.awt.LightweightDispatcher.retargetMouseEvent(Unknown Source) [?:1.8.0_131]
	at java.awt.LightweightDispatcher.processMouseEvent(Unknown Source) [?:1.8.0_131]
	at java.awt.LightweightDispatcher.dispatchEvent(Unknown Source) [?:1.8.0_131]
	at java.awt.Container.dispatchEventImpl(Unknown Source) [?:1.8.0_131]
	at java.awt.Window.dispatchEventImpl(Unknown Source) [?:1.8.0_131]
	at java.awt.Component.dispatchEvent(Unknown Source) [?:1.8.0_131]
	at java.awt.EventQueue.dispatchEventImpl(Unknown Source) [?:1.8.0_131]
	at java.awt.EventQueue.access$500(Unknown Source) [?:1.8.0_131]
	at java.awt.EventQueue$3.run(Unknown Source) [?:1.8.0_131]
	at java.awt.EventQueue$3.run(Unknown Source) [?:1.8.0_131]
	at java.security.AccessController.doPrivileged(Native Method) ~[?:1.8.0_131]
	at java.security.ProtectionDomain$JavaSecurityAccessImpl.doIntersectionPrivilege(Unknown Source) [?:1.8.0_131]
	at java.security.ProtectionDomain$JavaSecurityAccessImpl.doIntersectionPrivilege(Unknown Source) [?:1.8.0_131]
	at java.awt.EventQueue$4.run(Unknown Source) [?:1.8.0_131]
	at java.awt.EventQueue$4.run(Unknown Source) [?:1.8.0_131]
	at java.security.AccessController.doPrivileged(Native Method) ~[?:1.8.0_131]
	at java.security.ProtectionDomain$JavaSecurityAccessImpl.doIntersectionPrivilege(Unknown Source) [?:1.8.0_131]
	at java.awt.EventQueue.dispatchEvent(Unknown Source) [?:1.8.0_131]
	at java.awt.EventDispatchThread.pumpOneEventForFilters(Unknown Source) [?:1.8.0_131]
	at java.awt.EventDispatchThread.pumpEventsForFilter(Unknown Source) [?:1.8.0_131]
	at java.awt.EventDispatchThread.pumpEventsForHierarchy(Unknown Source) [?:1.8.0_131]
	at java.awt.EventDispatchThread.pumpEvents(Unknown Source) [?:1.8.0_131]
	at java.awt.EventDispatchThread.pumpEvents(Unknown Source) [?:1.8.0_131]
	at java.awt.EventDispatchThread.run(Unknown Source) [?:1.8.0_131]
Caused by: by.bsac.timetable.command.exception.CommandException: by.bsac.timetable.service.exception.ServiceValidationException: wrong educationLevel value: 3
	at by.bsac.timetable.command.impl.get.GetGroupListByFacultyAndEduLevel.execute(GetGroupListByFacultyAndEduLevel.java:32) ~[classes/:?]
	at by.bsac.timetable.command.util.CommandFacade.executeCommand(CommandFacade.java:30) ~[classes/:?]
	at by.bsac.timetable.command.util.CommandFacade.getGenericList(CommandFacade.java:48) ~[classes/:?]
	at by.bsac.timetable.command.util.CommandFacade.getGroupListByFacultyAndEduLevel(CommandFacade.java:115) ~[classes/:?]
	at by.bsac.timetable.view.util.FormInitializer.initGroupComboBox(FormInitializer.java:258) ~[classes/:?]
	at by.bsac.timetable.view.util.FormInitializer.initMainForm(FormInitializer.java:56) ~[classes/:?]
	... 41 more
Caused by: by.bsac.timetable.service.exception.ServiceValidationException: wrong educationLevel value: 3
	at by.bsac.timetable.service.impl.ValidationServiceImpl.validateEducationLevel(ValidationServiceImpl.java:264) ~[classes/:?]
	at by.bsac.timetable.service.impl.GroupServiceImpl.getGroupListByFacultyAndEduLevel(GroupServiceImpl.java:113) ~[classes/:?]
	at sun.reflect.NativeMethodAccessorImpl.invoke0(Native Method) ~[?:1.8.0_131]
	at sun.reflect.NativeMethodAccessorImpl.invoke(Unknown Source) ~[?:1.8.0_131]
	at sun.reflect.DelegatingMethodAccessorImpl.invoke(Unknown Source) ~[?:1.8.0_131]
	at java.lang.reflect.Method.invoke(Unknown Source) ~[?:1.8.0_131]
	at org.springframework.aop.support.AopUtils.invokeJoinpointUsingReflection(AopUtils.java:333) ~[spring-aop-4.3.10.RELEASE.jar:4.3.10.RELEASE]
	at org.springframework.aop.framework.ReflectiveMethodInvocation.invokeJoinpoint(ReflectiveMethodInvocation.java:190) ~[spring-aop-4.3.10.RELEASE.jar:4.3.10.RELEASE]
	at org.springframework.aop.framework.ReflectiveMethodInvocation.proceed(ReflectiveMethodInvocation.java:157) ~[spring-aop-4.3.10.RELEASE.jar:4.3.10.RELEASE]
	at org.springframework.transaction.interceptor.TransactionInterceptor$1.proceedWithInvocation(TransactionInterceptor.java:99) ~[spring-tx-4.3.10.RELEASE.jar:4.3.10.RELEASE]
	at org.springframework.transaction.interceptor.TransactionAspectSupport.invokeWithinTransaction(TransactionAspectSupport.java:282) ~[spring-tx-4.3.10.RELEASE.jar:4.3.10.RELEASE]
	at org.springframework.transaction.interceptor.TransactionInterceptor.invoke(TransactionInterceptor.java:96) ~[spring-tx-4.3.10.RELEASE.jar:4.3.10.RELEASE]
	at org.springframework.aop.framework.ReflectiveMethodInvocation.proceed(ReflectiveMethodInvocation.java:179) ~[spring-aop-4.3.10.RELEASE.jar:4.3.10.RELEASE]
	at org.springframework.aop.framework.JdkDynamicAopProxy.invoke(JdkDynamicAopProxy.java:213) ~[spring-aop-4.3.10.RELEASE.jar:4.3.10.RELEASE]
	at com.sun.proxy.$Proxy55.getGroupListByFacultyAndEduLevel(Unknown Source) ~[?:?]
	at by.bsac.timetable.command.impl.get.GetGroupListByFacultyAndEduLevel.execute(GetGroupListByFacultyAndEduLevel.java:29) ~[classes/:?]
	at by.bsac.timetable.command.util.CommandFacade.executeCommand(CommandFacade.java:30) ~[classes/:?]
	at by.bsac.timetable.command.util.CommandFacade.getGenericList(CommandFacade.java:48) ~[classes/:?]
	at by.bsac.timetable.command.util.CommandFacade.getGroupListByFacultyAndEduLevel(CommandFacade.java:115) ~[classes/:?]
	at by.bsac.timetable.view.util.FormInitializer.initGroupComboBox(FormInitializer.java:258) ~[classes/:?]
	at by.bsac.timetable.view.util.FormInitializer.initMainForm(FormInitializer.java:56) ~[classes/:?]
	... 41 more
2017-09-13T12:54:23,607 [AWT-EventQueue-0] INFO timetable.listener.AppListener - 
Managed bean list:
2017-09-13T12:54:23,669 [AWT-EventQueue-0] INFO timetable.listener.AppListener - addRecord
2017-09-13T12:54:23,669 [AWT-EventQueue-0] INFO timetable.listener.AppListener - updateRecord
2017-09-13T12:54:23,669 [AWT-EventQueue-0] INFO timetable.listener.AppListener - cancelRecord
2017-09-13T12:54:23,669 [AWT-EventQueue-0] INFO timetable.listener.AppListener - GetRecordListByGroupAndReferenceDate
2017-09-13T12:54:23,669 [AWT-EventQueue-0] INFO timetable.listener.AppListener - addFaculty
2017-09-13T12:54:23,669 [AWT-EventQueue-0] INFO timetable.listener.AppListener - updateFaculty
2017-09-13T12:54:23,669 [AWT-EventQueue-0] INFO timetable.listener.AppListener - deleteFaculty
2017-09-13T12:54:23,669 [AWT-EventQueue-0] INFO timetable.listener.AppListener - getFacultyList
2017-09-13T12:54:23,669 [AWT-EventQueue-0] INFO timetable.listener.AppListener - addChair
2017-09-13T12:54:23,669 [AWT-EventQueue-0] INFO timetable.listener.AppListener - updateChair
2017-09-13T12:54:23,669 [AWT-EventQueue-0] INFO timetable.listener.AppListener - deleteChair
2017-09-13T12:54:23,669 [AWT-EventQueue-0] INFO timetable.listener.AppListener - getChairList
2017-09-13T12:54:23,669 [AWT-EventQueue-0] INFO timetable.listener.AppListener - addClassroom
2017-09-13T12:54:23,669 [AWT-EventQueue-0] INFO timetable.listener.AppListener - updateClassroom
2017-09-13T12:54:23,669 [AWT-EventQueue-0] INFO timetable.listener.AppListener - deleteClassroom
2017-09-13T12:54:23,669 [AWT-EventQueue-0] INFO timetable.listener.AppListener - changeClassroom
2017-09-13T12:54:23,669 [AWT-EventQueue-0] INFO timetable.listener.AppListener - getClassroomList
2017-09-13T12:54:23,669 [AWT-EventQueue-0] INFO timetable.listener.AppListener - addFlow
2017-09-13T12:54:23,669 [AWT-EventQueue-0] INFO timetable.listener.AppListener - updateFlow
2017-09-13T12:54:23,669 [AWT-EventQueue-0] INFO timetable.listener.AppListener - deleteFlow
2017-09-13T12:54:23,685 [AWT-EventQueue-0] INFO timetable.listener.AppListener - getFlowList
2017-09-13T12:54:23,685 [AWT-EventQueue-0] INFO timetable.listener.AppListener - getFlowListByName
2017-09-13T12:54:23,685 [AWT-EventQueue-0] INFO timetable.listener.AppListener - addGroup
2017-09-13T12:54:23,685 [AWT-EventQueue-0] INFO timetable.listener.AppListener - updateGroup
2017-09-13T12:54:23,685 [AWT-EventQueue-0] INFO timetable.listener.AppListener - deleteGroup
2017-09-13T12:54:23,685 [AWT-EventQueue-0] INFO timetable.listener.AppListener - getGroupListByFlow
2017-09-13T12:54:23,685 [AWT-EventQueue-0] INFO timetable.listener.AppListener - getGroupListByFacultyAndEduLevel
2017-09-13T12:54:23,685 [AWT-EventQueue-0] INFO timetable.listener.AppListener - getGroupListByName
2017-09-13T12:54:23,685 [AWT-EventQueue-0] INFO timetable.listener.AppListener - addLecturer
2017-09-13T12:54:23,685 [AWT-EventQueue-0] INFO timetable.listener.AppListener - updateLecturer
2017-09-13T12:54:23,685 [AWT-EventQueue-0] INFO timetable.listener.AppListener - deleteLecturer
2017-09-13T12:54:23,685 [AWT-EventQueue-0] INFO timetable.listener.AppListener - changeLecturer
2017-09-13T12:54:23,685 [AWT-EventQueue-0] INFO timetable.listener.AppListener - getLecturerList
2017-09-13T12:54:23,685 [AWT-EventQueue-0] INFO timetable.listener.AppListener - getLecturerListByChair
2017-09-13T12:54:23,685 [AWT-EventQueue-0] INFO timetable.listener.AppListener - getLecturerListByName
2017-09-13T12:54:23,685 [AWT-EventQueue-0] INFO timetable.listener.AppListener - addSubject
2017-09-13T12:54:23,685 [AWT-EventQueue-0] INFO timetable.listener.AppListener - updateSubject
2017-09-13T12:54:23,685 [AWT-EventQueue-0] INFO timetable.listener.AppListener - deleteSubject
2017-09-13T12:54:23,685 [AWT-EventQueue-0] INFO timetable.listener.AppListener - getSubjectListByChairAndEduLevel
2017-09-13T12:54:23,685 [AWT-EventQueue-0] INFO timetable.listener.AppListener - GetSubjectListByName
2017-09-13T12:54:23,685 [AWT-EventQueue-0] INFO timetable.listener.AppListener - commandStore
2017-09-13T12:54:23,685 [AWT-EventQueue-0] INFO timetable.listener.AppListener - org.springframework.beans.factory.config.PropertyPlaceholderConfigurer#0
2017-09-13T12:54:23,685 [AWT-EventQueue-0] INFO timetable.listener.AppListener - dataSource
2017-09-13T12:54:23,685 [AWT-EventQueue-0] INFO timetable.listener.AppListener - myEmf
2017-09-13T12:54:23,685 [AWT-EventQueue-0] INFO timetable.listener.AppListener - org.springframework.transaction.config.internalTransactionalEventListenerFactory
2017-09-13T12:54:23,685 [AWT-EventQueue-0] INFO timetable.listener.AppListener - org.springframework.aop.config.internalAutoProxyCreator
2017-09-13T12:54:23,685 [AWT-EventQueue-0] INFO timetable.listener.AppListener - org.springframework.transaction.annotation.AnnotationTransactionAttributeSource#0
2017-09-13T12:54:23,685 [AWT-EventQueue-0] INFO timetable.listener.AppListener - org.springframework.transaction.interceptor.TransactionInterceptor#0
2017-09-13T12:54:23,685 [AWT-EventQueue-0] INFO timetable.listener.AppListener - org.springframework.transaction.config.internalTransactionAdvisor
2017-09-13T12:54:23,685 [AWT-EventQueue-0] INFO timetable.listener.AppListener - transactionManager
2017-09-13T12:54:23,685 [AWT-EventQueue-0] INFO timetable.listener.AppListener - persistenceExceptionTranslationPostProcessor
2017-09-13T12:54:23,685 [AWT-EventQueue-0] INFO timetable.listener.AppListener - org.springframework.context.annotation.internalConfigurationAnnotationProcessor
2017-09-13T12:54:23,685 [AWT-EventQueue-0] INFO timetable.listener.AppListener - org.springframework.context.annotation.internalAutowiredAnnotationProcessor
2017-09-13T12:54:23,685 [AWT-EventQueue-0] INFO timetable.listener.AppListener - org.springframework.context.annotation.internalRequiredAnnotationProcessor
2017-09-13T12:54:23,685 [AWT-EventQueue-0] INFO timetable.listener.AppListener - org.springframework.context.annotation.internalCommonAnnotationProcessor
2017-09-13T12:54:23,685 [AWT-EventQueue-0] INFO timetable.listener.AppListener - org.springframework.context.annotation.internalPersistenceAnnotationProcessor
2017-09-13T12:54:23,685 [AWT-EventQueue-0] INFO timetable.listener.AppListener - org.springframework.context.event.internalEventListenerProcessor
2017-09-13T12:54:23,685 [AWT-EventQueue-0] INFO timetable.listener.AppListener - org.springframework.context.event.internalEventListenerFactory
2017-09-13T12:54:23,685 [AWT-EventQueue-0] INFO timetable.listener.AppListener - getRecordListByGroupAndReferenceDate
2017-09-13T12:54:23,685 [AWT-EventQueue-0] INFO timetable.listener.AppListener - getSubjectListByName
2017-09-13T12:54:23,685 [AWT-EventQueue-0] INFO timetable.listener.AppListener - chairServiceImpl
2017-09-13T12:54:23,685 [AWT-EventQueue-0] INFO timetable.listener.AppListener - classroomServiceImpl
2017-09-13T12:54:23,685 [AWT-EventQueue-0] INFO timetable.listener.AppListener - facultyServiceImpl
2017-09-13T12:54:23,685 [AWT-EventQueue-0] INFO timetable.listener.AppListener - flowServiceImpl
2017-09-13T12:54:23,685 [AWT-EventQueue-0] INFO timetable.listener.AppListener - groupServiceImpl
2017-09-13T12:54:23,685 [AWT-EventQueue-0] INFO timetable.listener.AppListener - lecturerServiceImpl
2017-09-13T12:54:23,685 [AWT-EventQueue-0] INFO timetable.listener.AppListener - recordServiceImpl
2017-09-13T12:54:23,685 [AWT-EventQueue-0] INFO timetable.listener.AppListener - subjectServiceImpl
2017-09-13T12:54:23,685 [AWT-EventQueue-0] INFO timetable.listener.AppListener - validationServiceImpl
2017-09-13T12:54:23,685 [AWT-EventQueue-0] INFO timetable.listener.AppListener - cancellationDAOImpl
2017-09-13T12:54:23,685 [AWT-EventQueue-0] INFO timetable.listener.AppListener - chairDAOImpl
2017-09-13T12:54:23,685 [AWT-EventQueue-0] INFO timetable.listener.AppListener - classroomDAOImpl
2017-09-13T12:54:23,685 [AWT-EventQueue-0] INFO timetable.listener.AppListener - facultyDAOImpl
2017-09-13T12:54:23,685 [AWT-EventQueue-0] INFO timetable.listener.AppListener - flowDAOImpl
2017-09-13T12:54:23,701 [AWT-EventQueue-0] INFO timetable.listener.AppListener - groupDAOImpl
2017-09-13T12:54:23,701 [AWT-EventQueue-0] INFO timetable.listener.AppListener - lecturerDAOImpl
2017-09-13T12:54:23,701 [AWT-EventQueue-0] INFO timetable.listener.AppListener - recordDAOImpl
2017-09-13T12:54:23,701 [AWT-EventQueue-0] INFO timetable.listener.AppListener - subjectDAOImpl
2017-09-13T12:54:25,594 [AWT-EventQueue-0] DEBUG dao.impl.AbstractHibernateDAO - getAll
2017-09-13T12:54:26,255 [AWT-EventQueue-0] DEBUG dao.impl.GroupDAOImpl - getGroupListByFacultyAndEduLevel: faculty= Faculty [idFaculty=5, nameFaculty=Факультет довузовской подготовки], eduLevel= 3]
2017-09-13T12:54:28,826 [AWT-EventQueue-0] DEBUG dao.impl.GroupDAOImpl - getGroupListByFacultyAndEduLevel: faculty= Faculty [idFaculty=1, nameFaculty=Факультет электросвязи], eduLevel= 3]
2017-09-13T12:54:36,849 [AWT-EventQueue-0] DEBUG dao.impl.AbstractHibernateDAO - getAll
2017-09-13T12:54:38,400 [AWT-EventQueue-0] DEBUG dao.impl.AbstractHibernateDAO - getAll
2017-09-13T12:54:38,438 [AWT-EventQueue-0] DEBUG dao.impl.GroupDAOImpl - getGroupListByFacultyAndEduLevel: faculty= Faculty [idFaculty=1, nameFaculty=Факультет электросвязи], eduLevel= 3]
2017-09-13T12:54:40,547 [AWT-EventQueue-0] DEBUG dao.impl.AbstractHibernateDAO - getAll
2017-09-13T12:54:40,646 [AWT-EventQueue-0] DEBUG dao.impl.SubjectDAOImpl - getSubjectListByChairAndEduLevel: chair= Chair [idChair=12, nameChair=Военная кафедра], eduLevel3
2017-09-13T12:54:44,316 [AWT-EventQueue-0] DEBUG dao.impl.SubjectDAOImpl - getSubjectListByChairAndEduLevel: chair= Chair [idChair=11, nameChair=Кафедра экономики и управления], eduLevel3
2017-09-13T12:54:46,190 [AWT-EventQueue-0] DEBUG dao.impl.SubjectDAOImpl - getSubjectListByChairAndEduLevel: chair= Chair [idChair=8, nameChair=Кафедра программного обеспечения сетей телекоммуникаций], eduLevel3
2017-09-13T12:54:47,510 [AWT-EventQueue-0] DEBUG dao.impl.GroupDAOImpl - getGroupListByFacultyAndEduLevel: faculty= Faculty [idFaculty=5, nameFaculty=Факультет довузовской подготовки], eduLevel= 3]
2017-09-13T12:54:49,938 [AWT-EventQueue-0] DEBUG dao.impl.AbstractHibernateDAO - getAll
2017-09-13T12:54:49,975 [AWT-EventQueue-0] DEBUG dao.impl.LecturerDAOImpl - getLecturerListByChair: chair= Chair [idChair=12, nameChair=Военная кафедра]
2017-09-13T12:54:53,028 [AWT-EventQueue-0] DEBUG dao.impl.LecturerDAOImpl - getLecturerListByChair: chair= Chair [idChair=8, nameChair=Кафедра программного обеспечения сетей телекоммуникаций]
2017-09-13T12:54:54,220 [AWT-EventQueue-0] DEBUG view.extra.GroupEditForm - selected lecturer:доцент Боженков В.В.
2017-09-13T12:54:55,187 [AWT-EventQueue-0] WARN view.extra.GroupEditForm - try to dublicete nameLecturer:доцент Боженков В.В.
2017-09-13T12:54:56,453 [AWT-EventQueue-0] WARN view.extra.GroupEditForm - try to dublicete nameLecturer:доцент Боженков В.В.
2017-09-13T12:54:58,280 [AWT-EventQueue-0] DEBUG dao.impl.GroupDAOImpl - getGroupListByFacultyAndEduLevel: faculty= Faculty [idFaculty=1, nameFaculty=Факультет электросвязи], eduLevel= 3]
2017-09-13T12:55:00,642 [AWT-EventQueue-0] DEBUG dao.impl.AbstractHibernateDAO - getAll
2017-09-13T12:55:00,791 [AWT-EventQueue-0] DEBUG dao.impl.GroupDAOImpl - getGroupListByFacultyAndEduLevel: faculty= Faculty [idFaculty=5, nameFaculty=Факультет довузовской подготовки], eduLevel= 1]
2017-09-13T12:55:02,894 [AWT-EventQueue-0] DEBUG dao.impl.AbstractHibernateDAO - getAll
2017-09-13T12:55:02,962 [AWT-EventQueue-0] DEBUG dao.impl.SubjectDAOImpl - getSubjectListByChairAndEduLevel: chair= Chair [idChair=12, nameChair=Военная кафедра], eduLevel1
2017-09-13T12:55:06,351 [AWT-EventQueue-0] DEBUG dao.impl.SubjectDAOImpl - getSubjectListByChairAndEduLevel: chair= Chair [idChair=8, nameChair=Кафедра программного обеспечения сетей телекоммуникаций], eduLevel1
2017-09-13T12:55:07,730 [AWT-EventQueue-0] DEBUG view.extra.GroupEditForm - selected subject:Объектно-ориентированное программирование 
2017-09-13T12:55:08,761 [AWT-EventQueue-0] DEBUG dao.impl.GroupDAOImpl - getGroupListByFacultyAndEduLevel: faculty= Faculty [idFaculty=1, nameFaculty=Факультет электросвязи], eduLevel= 1]
2017-09-13T12:55:12,423 [AWT-EventQueue-0] DEBUG dao.impl.RecordDAOImpl - getRecordListByGroupAndDate: group=Group [idGroup=1, faculty=Faculty [idFaculty=1, nameFaculty=Факультет электросвязи], flow=Flow [idFlow=1, name=СТиСП441-442], nameGroup=СТ441, eduLevel=1], dateFrom=Mon Aug 28 00:00:00 MSK 2017,dateTo=Sun Sep 24 00:00:00 MSK 2017
2017-09-13T12:55:15,824 [AWT-EventQueue-0] DEBUG view.contoller.CellTableMouseClickedEvent - selected row:0
2017-09-13T12:55:15,824 [AWT-EventQueue-0] DEBUG view.contoller.CellTableMouseClickedEvent - column:1
2017-09-13T12:55:15,824 [AWT-EventQueue-0] DEBUG view.contoller.CellTableMouseClickedEvent - selected value:null
2017-09-13T12:55:15,824 [AWT-EventQueue-0] DEBUG view.contoller.CellTableMouseClickedEvent - aPosition: colIndex: 2, rowIndex: 2
2017-09-13T12:55:15,824 [AWT-EventQueue-0] DEBUG view.contoller.CellTableMouseClickedEvent - It isn't a record:
2017-09-13T12:55:16,098 [AWT-EventQueue-0] DEBUG dao.impl.AbstractHibernateDAO - getAll
2017-09-13T12:55:16,130 [AWT-EventQueue-0] DEBUG dao.impl.SubjectDAOImpl - getSubjectListByChairAndEduLevel: chair= Chair [idChair=12, nameChair=Военная кафедра], eduLevel1
2017-09-13T12:55:16,192 [AWT-EventQueue-0] DEBUG dao.impl.LecturerDAOImpl - getLecturerListByChair: chair= Chair [idChair=12, nameChair=Военная кафедра]
2017-09-13T12:55:16,239 [AWT-EventQueue-0] DEBUG dao.impl.AbstractHibernateDAO - getAll
2017-09-13T12:55:23,138 [AWT-EventQueue-0] DEBUG dao.impl.RecordDAOImpl - getRecordListByGroupAndDate: group=Group [idGroup=1, faculty=Faculty [idFaculty=1, nameFaculty=Факультет электросвязи], flow=Flow [idFlow=1, name=СТиСП441-442], nameGroup=СТ441, eduLevel=1], dateFrom=Mon Aug 28 00:00:00 MSK 2017,dateTo=Sun Sep 24 00:00:00 MSK 2017
2017-09-13T21:10:54,095 [AWT-EventQueue-0] INFO timetable.listener.AppListener - 
Managed bean list:
2017-09-13T21:10:54,204 [AWT-EventQueue-0] INFO timetable.listener.AppListener - addRecord
2017-09-13T21:10:54,205 [AWT-EventQueue-0] INFO timetable.listener.AppListener - updateRecord
2017-09-13T21:10:54,205 [AWT-EventQueue-0] INFO timetable.listener.AppListener - cancelRecord
2017-09-13T21:10:54,206 [AWT-EventQueue-0] INFO timetable.listener.AppListener - GetRecordListByGroupAndReferenceDate
2017-09-13T21:10:54,206 [AWT-EventQueue-0] INFO timetable.listener.AppListener - addFaculty
2017-09-13T21:10:54,206 [AWT-EventQueue-0] INFO timetable.listener.AppListener - updateFaculty
2017-09-13T21:10:54,206 [AWT-EventQueue-0] INFO timetable.listener.AppListener - deleteFaculty
2017-09-13T21:10:54,207 [AWT-EventQueue-0] INFO timetable.listener.AppListener - getFacultyList
2017-09-13T21:10:54,207 [AWT-EventQueue-0] INFO timetable.listener.AppListener - addChair
2017-09-13T21:10:54,207 [AWT-EventQueue-0] INFO timetable.listener.AppListener - updateChair
2017-09-13T21:10:54,207 [AWT-EventQueue-0] INFO timetable.listener.AppListener - deleteChair
2017-09-13T21:10:54,208 [AWT-EventQueue-0] INFO timetable.listener.AppListener - getChairList
2017-09-13T21:10:54,208 [AWT-EventQueue-0] INFO timetable.listener.AppListener - addClassroom
2017-09-13T21:10:54,208 [AWT-EventQueue-0] INFO timetable.listener.AppListener - updateClassroom
2017-09-13T21:10:54,208 [AWT-EventQueue-0] INFO timetable.listener.AppListener - deleteClassroom
2017-09-13T21:10:54,209 [AWT-EventQueue-0] INFO timetable.listener.AppListener - changeClassroom
2017-09-13T21:10:54,209 [AWT-EventQueue-0] INFO timetable.listener.AppListener - getClassroomList
2017-09-13T21:10:54,209 [AWT-EventQueue-0] INFO timetable.listener.AppListener - addFlow
2017-09-13T21:10:54,209 [AWT-EventQueue-0] INFO timetable.listener.AppListener - updateFlow
2017-09-13T21:10:54,210 [AWT-EventQueue-0] INFO timetable.listener.AppListener - deleteFlow
2017-09-13T21:10:54,210 [AWT-EventQueue-0] INFO timetable.listener.AppListener - getFlowList
2017-09-13T21:10:54,210 [AWT-EventQueue-0] INFO timetable.listener.AppListener - getFlowListByName
2017-09-13T21:10:54,211 [AWT-EventQueue-0] INFO timetable.listener.AppListener - addGroup
2017-09-13T21:10:54,211 [AWT-EventQueue-0] INFO timetable.listener.AppListener - updateGroup
2017-09-13T21:10:54,211 [AWT-EventQueue-0] INFO timetable.listener.AppListener - deleteGroup
2017-09-13T21:10:54,211 [AWT-EventQueue-0] INFO timetable.listener.AppListener - getGroupListByFlow
2017-09-13T21:10:54,212 [AWT-EventQueue-0] INFO timetable.listener.AppListener - getGroupListByFacultyAndEduLevel
2017-09-13T21:10:54,212 [AWT-EventQueue-0] INFO timetable.listener.AppListener - getGroupListByName
2017-09-13T21:10:54,212 [AWT-EventQueue-0] INFO timetable.listener.AppListener - addLecturer
2017-09-13T21:10:54,213 [AWT-EventQueue-0] INFO timetable.listener.AppListener - updateLecturer
2017-09-13T21:10:54,213 [AWT-EventQueue-0] INFO timetable.listener.AppListener - deleteLecturer
2017-09-13T21:10:54,213 [AWT-EventQueue-0] INFO timetable.listener.AppListener - changeLecturer
2017-09-13T21:10:54,213 [AWT-EventQueue-0] INFO timetable.listener.AppListener - getLecturerList
2017-09-13T21:10:54,214 [AWT-EventQueue-0] INFO timetable.listener.AppListener - getLecturerListByChair
2017-09-13T21:10:54,214 [AWT-EventQueue-0] INFO timetable.listener.AppListener - getLecturerListByName
2017-09-13T21:10:54,214 [AWT-EventQueue-0] INFO timetable.listener.AppListener - addSubject
2017-09-13T21:10:54,214 [AWT-EventQueue-0] INFO timetable.listener.AppListener - updateSubject
2017-09-13T21:10:54,214 [AWT-EventQueue-0] INFO timetable.listener.AppListener - deleteSubject
2017-09-13T21:10:54,215 [AWT-EventQueue-0] INFO timetable.listener.AppListener - getSubjectListByChairAndEduLevel
2017-09-13T21:10:54,215 [AWT-EventQueue-0] INFO timetable.listener.AppListener - GetSubjectListByName
2017-09-13T21:10:54,215 [AWT-EventQueue-0] INFO timetable.listener.AppListener - commandStore
2017-09-13T21:10:54,216 [AWT-EventQueue-0] INFO timetable.listener.AppListener - org.springframework.beans.factory.config.PropertyPlaceholderConfigurer#0
2017-09-13T21:10:54,216 [AWT-EventQueue-0] INFO timetable.listener.AppListener - dataSource
2017-09-13T21:10:54,217 [AWT-EventQueue-0] INFO timetable.listener.AppListener - myEmf
2017-09-13T21:10:54,217 [AWT-EventQueue-0] INFO timetable.listener.AppListener - org.springframework.transaction.config.internalTransactionalEventListenerFactory
2017-09-13T21:10:54,217 [AWT-EventQueue-0] INFO timetable.listener.AppListener - org.springframework.aop.config.internalAutoProxyCreator
2017-09-13T21:10:54,218 [AWT-EventQueue-0] INFO timetable.listener.AppListener - org.springframework.transaction.annotation.AnnotationTransactionAttributeSource#0
2017-09-13T21:10:54,218 [AWT-EventQueue-0] INFO timetable.listener.AppListener - org.springframework.transaction.interceptor.TransactionInterceptor#0
2017-09-13T21:10:54,219 [AWT-EventQueue-0] INFO timetable.listener.AppListener - org.springframework.transaction.config.internalTransactionAdvisor
2017-09-13T21:10:54,219 [AWT-EventQueue-0] INFO timetable.listener.AppListener - transactionManager
2017-09-13T21:10:54,219 [AWT-EventQueue-0] INFO timetable.listener.AppListener - persistenceExceptionTranslationPostProcessor
2017-09-13T21:10:54,219 [AWT-EventQueue-0] INFO timetable.listener.AppListener - org.springframework.context.annotation.internalConfigurationAnnotationProcessor
2017-09-13T21:10:54,220 [AWT-EventQueue-0] INFO timetable.listener.AppListener - org.springframework.context.annotation.internalAutowiredAnnotationProcessor
2017-09-13T21:10:54,220 [AWT-EventQueue-0] INFO timetable.listener.AppListener - org.springframework.context.annotation.internalRequiredAnnotationProcessor
2017-09-13T21:10:54,220 [AWT-EventQueue-0] INFO timetable.listener.AppListener - org.springframework.context.annotation.internalCommonAnnotationProcessor
2017-09-13T21:10:54,221 [AWT-EventQueue-0] INFO timetable.listener.AppListener - org.springframework.context.annotation.internalPersistenceAnnotationProcessor
2017-09-13T21:10:54,221 [AWT-EventQueue-0] INFO timetable.listener.AppListener - org.springframework.context.event.internalEventListenerProcessor
2017-09-13T21:10:54,221 [AWT-EventQueue-0] INFO timetable.listener.AppListener - org.springframework.context.event.internalEventListenerFactory
2017-09-13T21:10:54,222 [AWT-EventQueue-0] INFO timetable.listener.AppListener - getClassroomListByReferenceDate
2017-09-13T21:10:54,222 [AWT-EventQueue-0] INFO timetable.listener.AppListener - getRecordListByGroupAndReferenceDate
2017-09-13T21:10:54,222 [AWT-EventQueue-0] INFO timetable.listener.AppListener - getSubjectListByName
2017-09-13T21:10:54,223 [AWT-EventQueue-0] INFO timetable.listener.AppListener - chairServiceImpl
2017-09-13T21:10:54,223 [AWT-EventQueue-0] INFO timetable.listener.AppListener - classroomServiceImpl
2017-09-13T21:10:54,224 [AWT-EventQueue-0] INFO timetable.listener.AppListener - facultyServiceImpl
2017-09-13T21:10:54,224 [AWT-EventQueue-0] INFO timetable.listener.AppListener - flowServiceImpl
2017-09-13T21:10:54,224 [AWT-EventQueue-0] INFO timetable.listener.AppListener - groupServiceImpl
2017-09-13T21:10:54,224 [AWT-EventQueue-0] INFO timetable.listener.AppListener - lecturerServiceImpl
2017-09-13T21:10:54,224 [AWT-EventQueue-0] INFO timetable.listener.AppListener - recordServiceImpl
2017-09-13T21:10:54,225 [AWT-EventQueue-0] INFO timetable.listener.AppListener - subjectServiceImpl
2017-09-13T21:10:54,225 [AWT-EventQueue-0] INFO timetable.listener.AppListener - validationServiceImpl
2017-09-13T21:10:54,225 [AWT-EventQueue-0] INFO timetable.listener.AppListener - cancellationDAOImpl
2017-09-13T21:10:54,225 [AWT-EventQueue-0] INFO timetable.listener.AppListener - chairDAOImpl
2017-09-13T21:10:54,226 [AWT-EventQueue-0] INFO timetable.listener.AppListener - classroomDAOImpl
2017-09-13T21:10:54,226 [AWT-EventQueue-0] INFO timetable.listener.AppListener - facultyDAOImpl
2017-09-13T21:10:54,226 [AWT-EventQueue-0] INFO timetable.listener.AppListener - flowDAOImpl
2017-09-13T21:10:54,226 [AWT-EventQueue-0] INFO timetable.listener.AppListener - groupDAOImpl
2017-09-13T21:10:54,227 [AWT-EventQueue-0] INFO timetable.listener.AppListener - lecturerDAOImpl
2017-09-13T21:10:54,227 [AWT-EventQueue-0] INFO timetable.listener.AppListener - recordDAOImpl
2017-09-13T21:10:54,227 [AWT-EventQueue-0] INFO timetable.listener.AppListener - subjectDAOImpl
2017-09-13T21:10:57,494 [AWT-EventQueue-0] DEBUG dao.impl.AbstractHibernateDAO - getAll
2017-09-13T21:10:58,579 [AWT-EventQueue-0] DEBUG dao.impl.GroupDAOImpl - getGroupListByFacultyAndEduLevel: faculty= Faculty [idFaculty=5, nameFaculty=Факультет довузовской подготовки], eduLevel= 1]
2017-09-13T21:11:05,064 [AWT-EventQueue-0] DEBUG dao.impl.GroupDAOImpl - getGroupListByFacultyAndEduLevel: faculty= Faculty [idFaculty=1, nameFaculty=Факультет электросвязи], eduLevel= 1]
2017-09-13T21:11:12,306 [AWT-EventQueue-0] DEBUG dao.impl.RecordDAOImpl - getRecordListByGroupAndDate: group=Group [idGroup=1, faculty=Faculty [idFaculty=1, nameFaculty=Факультет электросвязи], flow=Flow [idFlow=1, name=СТиСП441-442], nameGroup=СТ441, eduLevel=1], dateFrom=Mon Aug 28 00:00:00 MSK 2017,dateTo=Sun Sep 24 00:00:00 MSK 2017
2017-09-13T21:11:15,730 [AWT-EventQueue-0] DEBUG view.contoller.CellTableMouseClickedEvent - selected row:0
2017-09-13T21:11:15,730 [AWT-EventQueue-0] DEBUG view.contoller.CellTableMouseClickedEvent - column:1
2017-09-13T21:11:15,737 [AWT-EventQueue-0] DEBUG view.contoller.CellTableMouseClickedEvent - selected value:null
2017-09-13T21:11:15,737 [AWT-EventQueue-0] DEBUG view.contoller.CellTableMouseClickedEvent - aPosition: colIndex: 2, rowIndex: 2
2017-09-13T21:11:15,738 [AWT-EventQueue-0] DEBUG view.contoller.CellTableMouseClickedEvent - It isn't a record:
2017-09-13T21:11:16,022 [AWT-EventQueue-0] DEBUG dao.impl.AbstractHibernateDAO - getAll
2017-09-13T21:11:16,100 [AWT-EventQueue-0] DEBUG dao.impl.SubjectDAOImpl - getSubjectListByChairAndEduLevel: chair= Chair [idChair=12, nameChair=Военная кафедра], eduLevel1
2017-09-13T21:11:16,210 [AWT-EventQueue-0] DEBUG dao.impl.LecturerDAOImpl - getLecturerListByChair: chair= Chair [idChair=12, nameChair=Военная кафедра]
